Instance,Terminal,Layer,X location,Y location,Voltage
FILLER_0_27_181,VPWR,li1,90.1600,84.3200,1.799998
FILLER_0_27_169,VPWR,li1,86.0200,84.3200,1.799998
FILLER_0_27_167,VPWR,li1,82.5700,84.3200,1.799997
FILLER_0_27_163,VPWR,li1,81.4200,84.3200,1.799997
FILLER_0_27_159,VPWR,li1,79.1200,84.3200,1.799997
FILLER_0_27_153,VPWR,li1,76.1300,84.3200,1.799996
FILLER_0_27_149,VPWR,li1,74.5200,84.3200,1.799996
FILLER_0_27_141,VPWR,li1,71.0700,84.3200,1.799995
FILLER_0_27_138,VPWR,li1,69.4600,84.3200,1.799995
FILLER_0_27_113,VPWR,li1,57.9600,84.3200,1.799997
FILLER_0_27_109,VPWR,li1,56.3500,84.3200,1.799997
FILLER_0_27_97,VPWR,li1,52.9000,84.3200,1.799997
FILLER_0_27_85,VPWR,li1,47.3800,84.3200,1.799998
FILLER_0_27_81,VPWR,li1,43.4700,84.3200,1.799998
FILLER_0_27_77,VPWR,li1,41.4000,84.3200,1.799998
FILLER_0_27_65,VPWR,li1,35.8800,84.3200,1.799999
FILLER_0_27_57,VPWR,li1,33.5800,84.3200,1.799999
FILLER_0_27_55,VPWR,li1,31.0500,84.3200,1.799999
FILLER_0_27_47,VPWR,li1,28.9800,84.3200,1.799999
FILLER_0_27_43,VPWR,li1,25.7600,84.3200,1.799999
FILLER_0_27_39,VPWR,li1,23.9200,84.3200,1.799999
FILLER_0_27_33,VPWR,li1,20.9300,84.3200,1.799999
FILLER_0_27_29,VPWR,li1,19.7800,84.3200,1.799999
FILLER_0_27_20,VPWR,li1,16.5600,84.3200,1.799999
FILLER_0_27_15,VPWR,li1,13.1100,84.3200,1.799999
FILLER_0_27_3,VPWR,li1,9.6600,84.3200,1.799999
FILLER_0_26_179,VPWR,li1,89.7000,84.3200,1.799998
FILLER_0_26_167,VPWR,li1,85.1000,84.3200,1.799998
FILLER_0_26_155,VPWR,li1,79.5800,84.3200,1.799997
FILLER_0_26_151,VPWR,li1,75.4400,84.3200,1.799996
FILLER_0_26_147,VPWR,li1,73.6000,84.3200,1.799996
FILLER_0_26_141,VPWR,li1,70.6100,84.3200,1.799995
FILLER_0_26_139,VPWR,li1,69.6900,84.3200,1.799995
FILLER_0_26_135,VPWR,li1,68.0800,84.3200,1.799995
FILLER_0_26_129,VPWR,li1,65.5500,84.3200,1.799995
FILLER_0_26_125,VPWR,li1,63.4800,84.3200,1.799995
FILLER_0_26_109,VPWR,li1,57.5000,84.3200,1.799997
FILLER_0_26_97,VPWR,li1,52.9000,84.3200,1.799997
FILLER_0_26_85,VPWR,li1,47.3800,84.3200,1.799998
FILLER_0_26_83,VPWR,li1,43.9300,84.3200,1.799998
FILLER_0_26_79,VPWR,li1,42.7800,84.3200,1.799998
FILLER_0_26_67,VPWR,li1,39.1000,84.3200,1.799998
FILLER_0_26_58,VPWR,li1,33.1200,84.3200,1.799999
FILLER_0_26_54,VPWR,li1,30.8200,84.3200,1.799999
FILLER_0_26_47,VPWR,li1,27.6000,84.3200,1.799999
FILLER_0_26_43,VPWR,li1,25.7600,84.3200,1.799999
FILLER_0_26_37,VPWR,li1,22.7700,84.3200,1.799999
FILLER_0_26_29,VPWR,li1,20.7000,84.3200,1.799999
FILLER_0_26_25,VPWR,li1,17.7100,84.3200,1.799999
FILLER_0_26_18,VPWR,li1,14.2600,84.3200,1.799999
FILLER_0_26_3,VPWR,li1,8.7400,84.3200,1.799999
FILLER_0_25_189,VPWR,li1,92.6900,78.8800,1.799998
FILLER_0_25_181,VPWR,li1,90.6200,78.8800,1.799998
FILLER_0_25_169,VPWR,li1,86.0200,78.8800,1.799998
FILLER_0_25_160,VPWR,li1,80.9600,78.8800,1.799997
FILLER_0_25_147,VPWR,li1,73.6000,78.8800,1.799996
FILLER_0_25_141,VPWR,li1,71.3000,78.8800,1.799996
FILLER_0_25_133,VPWR,li1,68.0800,78.8800,1.799995
FILLER_0_25_111,VPWR,li1,56.8100,78.8800,1.799995
FILLER_0_25_105,VPWR,li1,55.2000,78.8800,1.799995
FILLER_0_25_93,VPWR,li1,51.0600,78.8800,1.799995
FILLER_0_25_81,VPWR,li1,45.5400,78.8800,1.799995
FILLER_0_25_69,VPWR,li1,40.0200,78.8800,1.799995
FILLER_0_25_57,VPWR,li1,34.5000,78.8800,1.799993
FILLER_0_25_30,VPWR,li1,20.0100,78.8800,1.799989
FILLER_0_25_22,VPWR,li1,17.4800,78.8800,1.799990
FILLER_0_25_19,VPWR,li1,14.4900,78.8800,1.799990
FILLER_0_25_15,VPWR,li1,13.3400,78.8800,1.799990
FILLER_0_25_3,VPWR,li1,9.6600,78.8800,1.799992
FILLER_0_24_179,VPWR,li1,89.7000,78.8800,1.799998
FILLER_0_24_167,VPWR,li1,85.1000,78.8800,1.799998
FILLER_0_24_155,VPWR,li1,79.5800,78.8800,1.799997
FILLER_0_24_152,VPWR,li1,75.6700,78.8800,1.799997
FILLER_0_24_148,VPWR,li1,74.5200,78.8800,1.799997
FILLER_0_24_139,VPWR,li1,69.6900,78.8800,1.799996
FILLER_0_24_134,VPWR,li1,67.8500,78.8800,1.799995
FILLER_0_24_122,VPWR,li1,64.4000,78.8800,1.799995
FILLER_0_24_118,VPWR,li1,60.2600,78.8800,1.799995
FILLER_0_24_106,VPWR,li1,55.2000,78.8800,1.799995
FILLER_0_24_99,VPWR,li1,51.5200,78.8800,1.799995
FILLER_0_24_85,VPWR,li1,47.3800,78.8800,1.799995
FILLER_0_24_76,VPWR,li1,42.3200,78.8800,1.799995
FILLER_0_24_67,VPWR,li1,36.8000,78.8800,1.799995
FILLER_0_24_61,VPWR,li1,34.5000,78.8800,1.799993
FILLER_0_24_57,VPWR,li1,32.2000,78.8800,1.799992
FILLER_0_24_53,VPWR,li1,30.3600,78.8800,1.799991
FILLER_0_24_33,VPWR,li1,21.1600,78.8800,1.799989
FILLER_0_24_29,VPWR,li1,19.3200,78.8800,1.799989
FILLER_0_24_7,VPWR,li1,8.9700,78.8800,1.799992
FILLER_0_23_189,VPWR,li1,92.6900,73.4400,1.799995
FILLER_0_23_181,VPWR,li1,90.6200,73.4400,1.799995
FILLER_0_23_169,VPWR,li1,86.0200,73.4400,1.799995
FILLER_0_23_167,VPWR,li1,82.5700,73.4400,1.799995
FILLER_0_23_161,VPWR,li1,80.9600,73.4400,1.799995
FILLER_0_23_148,VPWR,li1,74.0600,73.4400,1.799996
FILLER_0_23_143,VPWR,li1,71.9900,73.4400,1.799996
FILLER_0_23_135,VPWR,li1,67.8500,73.4400,1.799997
FILLER_0_23_129,VPWR,li1,66.2400,73.4400,1.799997
FILLER_0_23_117,VPWR,li1,62.1000,73.4400,1.799997
FILLER_0_23_113,VPWR,li1,57.9600,73.4400,1.799997
FILLER_0_23_111,VPWR,li1,56.8100,73.4400,1.799997
FILLER_0_23_99,VPWR,li1,51.5200,73.4400,1.799996
FILLER_0_23_94,VPWR,li1,49.4500,73.4400,1.799996
FILLER_0_23_85,VPWR,li1,45.5400,73.4400,1.799996
FILLER_0_23_73,VPWR,li1,41.8600,73.4400,1.799995
FILLER_0_23_61,VPWR,li1,36.3400,73.4400,1.799996
FILLER_0_23_57,VPWR,li1,32.2000,73.4400,1.799996
FILLER_0_23_53,VPWR,li1,30.5900,73.4400,1.799996
FILLER_0_23_45,VPWR,li1,26.6800,73.4400,1.799996
FILLER_0_23_39,VPWR,li1,24.3800,73.4400,1.799996
FILLER_0_23_27,VPWR,li1,20.7000,73.4400,1.799996
FILLER_0_23_15,VPWR,li1,15.1800,73.4400,1.799996
FILLER_0_23_7,VPWR,li1,10.1200,73.4400,1.799997
FILLER_0_23_3,VPWR,li1,7.3600,73.4400,1.799997
FILLER_0_22_183,VPWR,li1,89.9300,73.4400,1.799995
FILLER_0_22_158,VPWR,li1,79.1200,73.4400,1.799996
FILLER_0_22_153,VPWR,li1,76.5900,73.4400,1.799996
FILLER_0_22_141,VPWR,li1,73.1400,73.4400,1.799996
FILLER_0_22_139,VPWR,li1,69.6900,73.4400,1.799997
FILLER_0_22_127,VPWR,li1,66.7000,73.4400,1.799997
FILLER_0_22_120,VPWR,li1,61.1800,73.4400,1.799997
FILLER_0_22_108,VPWR,li1,57.9600,73.4400,1.799997
FILLER_0_22_96,VPWR,li1,52.4400,73.4400,1.799997
FILLER_0_22_93,VPWR,li1,48.5300,73.4400,1.799996
FILLER_0_22_85,VPWR,li1,46.4600,73.4400,1.799996
FILLER_0_22_80,VPWR,li1,43.2400,73.4400,1.799995
FILLER_0_22_55,VPWR,li1,31.7400,73.4400,1.799996
FILLER_0_22_50,VPWR,li1,29.2100,73.4400,1.799996
FILLER_0_22_42,VPWR,li1,26.6800,73.4400,1.799996
FILLER_0_22_38,VPWR,li1,23.4600,73.4400,1.799996
FILLER_0_22_34,VPWR,li1,21.6200,73.4400,1.799996
FILLER_0_22_29,VPWR,li1,19.5500,73.4400,1.799996
FILLER_0_22_27,VPWR,li1,18.1700,73.4400,1.799996
FILLER_0_22_23,VPWR,li1,16.5600,73.4400,1.799996
FILLER_0_22_13,VPWR,li1,11.9600,73.4400,1.799997
FILLER_0_22_7,VPWR,li1,8.9700,73.4400,1.799997
FILLER_0_22_3,VPWR,li1,7.8200,73.4400,1.799997
FILLER_0_21_189,VPWR,li1,92.6900,68.0000,1.799992
FILLER_0_21_179,VPWR,li1,88.3200,68.0000,1.799992
FILLER_0_21_175,VPWR,li1,86.4800,68.0000,1.799992
FILLER_0_21_169,VPWR,li1,84.1800,68.0000,1.799992
FILLER_0_21_164,VPWR,li1,81.8800,68.0000,1.799990
FILLER_0_21_135,VPWR,li1,68.3100,68.0000,1.799991
FILLER_0_21_122,VPWR,li1,63.4800,68.0000,1.799993
FILLER_0_21_118,VPWR,li1,60.2600,68.0000,1.799994
FILLER_0_21_104,VPWR,li1,55.2000,68.0000,1.799994
FILLER_0_21_100,VPWR,li1,51.9800,68.0000,1.799993
FILLER_0_21_93,VPWR,li1,49.2200,68.0000,1.799993
FILLER_0_21_81,VPWR,li1,45.5400,68.0000,1.799993
FILLER_0_21_77,VPWR,li1,41.4000,68.0000,1.799993
FILLER_0_21_73,VPWR,li1,39.5600,68.0000,1.799993
FILLER_0_21_69,VPWR,li1,37.7200,68.0000,1.799993
FILLER_0_21_65,VPWR,li1,35.6500,68.0000,1.799993
FILLER_0_21_53,VPWR,li1,30.5900,68.0000,1.799990
FILLER_0_21_23,VPWR,li1,16.3300,68.0000,1.799993
FILLER_0_21_17,VPWR,li1,14.7200,68.0000,1.799993
FILLER_0_21_3,VPWR,li1,9.6600,68.0000,1.799995
FILLER_0_20_185,VPWR,li1,91.0800,68.0000,1.799992
FILLER_0_20_181,VPWR,li1,89.2400,68.0000,1.799992
FILLER_0_20_177,VPWR,li1,87.4000,68.0000,1.799992
FILLER_0_20_153,VPWR,li1,76.1300,68.0000,1.799989
FILLER_0_20_141,VPWR,li1,73.1400,68.0000,1.799989
FILLER_0_20_136,VPWR,li1,69.0000,68.0000,1.799991
FILLER_0_20_132,VPWR,li1,66.7000,68.0000,1.799992
FILLER_0_20_128,VPWR,li1,64.6300,68.0000,1.799993
FILLER_0_20_116,VPWR,li1,61.6400,68.0000,1.799994
FILLER_0_20_104,VPWR,li1,56.1200,68.0000,1.799994
FILLER_0_20_97,VPWR,li1,50.6000,68.0000,1.799993
FILLER_0_20_85,VPWR,li1,47.3800,68.0000,1.799993
FILLER_0_20_82,VPWR,li1,43.7000,68.0000,1.799993
FILLER_0_20_78,VPWR,li1,41.8600,68.0000,1.799993
FILLER_0_20_74,VPWR,li1,40.0200,68.0000,1.799993
FILLER_0_20_70,VPWR,li1,38.1800,68.0000,1.799993
FILLER_0_20_64,VPWR,li1,35.6500,68.0000,1.799993
FILLER_0_20_59,VPWR,li1,33.1200,68.0000,1.799992
FILLER_0_20_33,VPWR,li1,21.3900,68.0000,1.799990
FILLER_0_20_29,VPWR,li1,19.0900,68.0000,1.799991
FILLER_0_20_27,VPWR,li1,18.1700,68.0000,1.799991
FILLER_0_20_15,VPWR,li1,15.1800,68.0000,1.799993
FILLER_0_20_3,VPWR,li1,9.6600,68.0000,1.799995
FILLER_0_19_166,VPWR,li1,82.3400,62.5600,1.799994
FILLER_0_19_152,VPWR,li1,78.2000,62.5600,1.799994
FILLER_0_19_140,VPWR,li1,72.6800,62.5600,1.799994
FILLER_0_19_135,VPWR,li1,68.0800,62.5600,1.799995
FILLER_0_19_123,VPWR,li1,64.8600,62.5600,1.799995
FILLER_0_19_117,VPWR,li1,60.2600,62.5600,1.799996
FILLER_0_19_113,VPWR,li1,57.9600,62.5600,1.799995
FILLER_0_19_105,VPWR,li1,54.2800,62.5600,1.799994
FILLER_0_19_93,VPWR,li1,49.6800,62.5600,1.799993
FILLER_0_19_72,VPWR,li1,38.8700,62.5600,1.799992
FILLER_0_19_68,VPWR,li1,37.2600,62.5600,1.799992
FILLER_0_19_63,VPWR,li1,34.7300,62.5600,1.799992
FILLER_0_19_54,VPWR,li1,30.8200,62.5600,1.799992
FILLER_0_19_42,VPWR,li1,27.6000,62.5600,1.799993
FILLER_0_19_30,VPWR,li1,22.0800,62.5600,1.799994
FILLER_0_19_22,VPWR,li1,16.3300,62.5600,1.799996
FILLER_0_19_15,VPWR,li1,12.8800,62.5600,1.799996
FILLER_0_19_3,VPWR,li1,9.6600,62.5600,1.799997
FILLER_0_18_186,VPWR,li1,91.3100,62.5600,1.799992
FILLER_0_18_182,VPWR,li1,90.1600,62.5600,1.799992
FILLER_0_18_178,VPWR,li1,87.8600,62.5600,1.799992
FILLER_0_18_169,VPWR,li1,83.4900,62.5600,1.799994
FILLER_0_18_165,VPWR,li1,82.3400,62.5600,1.799994
FILLER_0_18_154,VPWR,li1,77.7400,62.5600,1.799994
FILLER_0_18_150,VPWR,li1,74.9800,62.5600,1.799994
FILLER_0_18_141,VPWR,li1,71.3000,62.5600,1.799994
FILLER_0_18_136,VPWR,li1,69.0000,62.5600,1.799995
FILLER_0_18_132,VPWR,li1,66.7000,62.5600,1.799995
FILLER_0_18_123,VPWR,li1,62.7900,62.5600,1.799995
FILLER_0_18_119,VPWR,li1,60.7200,62.5600,1.799995
FILLER_0_18_115,VPWR,li1,58.8800,62.5600,1.799996
FILLER_0_18_107,VPWR,li1,56.5800,62.5600,1.799995
FILLER_0_18_97,VPWR,li1,51.9800,62.5600,1.799993
FILLER_0_18_85,VPWR,li1,47.3800,62.5600,1.799992
FILLER_0_18_76,VPWR,li1,42.3200,62.5600,1.799991
FILLER_0_18_52,VPWR,li1,30.3600,62.5600,1.799992
FILLER_0_18_41,VPWR,li1,25.7600,62.5600,1.799993
FILLER_0_18_37,VPWR,li1,23.0000,62.5600,1.799994
FILLER_0_18_33,VPWR,li1,21.1600,62.5600,1.799994
FILLER_0_18_27,VPWR,li1,18.1700,62.5600,1.799995
FILLER_0_18_21,VPWR,li1,16.5600,62.5600,1.799995
FILLER_0_18_17,VPWR,li1,13.8000,62.5600,1.799996
FILLER_0_18_10,VPWR,li1,10.5800,62.5600,1.799997
FILLER_0_18_7,VPWR,li1,8.9700,62.5600,1.799997
FILLER_0_18_3,VPWR,li1,7.8200,62.5600,1.799997
FILLER_0_17_189,VPWR,li1,92.6900,57.1200,1.799982
FILLER_0_17_181,VPWR,li1,90.6200,57.1200,1.799982
FILLER_0_17_169,VPWR,li1,86.0200,57.1200,1.799982
FILLER_0_17_164,VPWR,li1,81.4200,57.1200,1.799975
FILLER_0_17_154,VPWR,li1,77.0500,57.1200,1.799967
FILLER_0_17_146,VPWR,li1,72.9100,57.1200,1.799960
FILLER_0_17_124,VPWR,li1,63.0200,57.1200,1.799966
FILLER_0_17_106,VPWR,li1,54.5100,57.1200,1.799975
FILLER_0_17_102,VPWR,li1,53.3600,57.1200,1.799975
FILLER_0_17_57,VPWR,li1,32.2000,57.1200,1.799990
FILLER_0_17_52,VPWR,li1,30.3600,57.1200,1.799990
FILLER_0_17_40,VPWR,li1,26.6800,57.1200,1.799991
FILLER_0_17_35,VPWR,li1,22.0800,57.1200,1.799993
FILLER_0_17_23,VPWR,li1,18.8600,57.1200,1.799994
FILLER_0_17_19,VPWR,li1,14.7200,57.1200,1.799995
FILLER_0_17_15,VPWR,li1,12.6500,57.1200,1.799996
FILLER_0_17_3,VPWR,li1,9.6600,57.1200,1.799997
FILLER_0_16_179,VPWR,li1,89.7000,57.1200,1.799982
FILLER_0_16_166,VPWR,li1,83.2600,57.1200,1.799978
FILLER_0_16_162,VPWR,li1,80.5000,57.1200,1.799971
FILLER_0_16_151,VPWR,li1,76.3600,57.1200,1.799963
FILLER_0_16_147,VPWR,li1,73.6000,57.1200,1.799960
FILLER_0_16_116,VPWR,li1,59.1100,57.1200,1.799974
FILLER_0_16_112,VPWR,li1,57.5000,57.1200,1.799975
FILLER_0_16_108,VPWR,li1,55.6600,57.1200,1.799975
FILLER_0_16_98,VPWR,li1,50.8300,57.1200,1.799977
FILLER_0_16_92,VPWR,li1,49.2200,57.1200,1.799977
FILLER_0_16_79,VPWR,li1,42.5500,57.1200,1.799981
FILLER_0_16_67,VPWR,li1,39.1000,57.1200,1.799983
FILLER_0_16_63,VPWR,li1,34.7300,57.1200,1.799989
FILLER_0_16_54,VPWR,li1,31.0500,57.1200,1.799990
FILLER_0_16_42,VPWR,li1,27.6000,57.1200,1.799991
FILLER_0_16_37,VPWR,li1,23.0000,57.1200,1.799992
FILLER_0_16_29,VPWR,li1,20.7000,57.1200,1.799993
FILLER_0_16_27,VPWR,li1,18.1700,57.1200,1.799994
FILLER_0_16_15,VPWR,li1,15.1800,57.1200,1.799995
FILLER_0_16_3,VPWR,li1,9.6600,57.1200,1.799997
FILLER_0_15_189,VPWR,li1,92.6900,51.6800,1.799993
FILLER_0_15_177,VPWR,li1,89.7000,51.6800,1.799993
FILLER_0_15_169,VPWR,li1,83.9500,51.6800,1.799993
FILLER_0_15_165,VPWR,li1,82.1100,51.6800,1.799992
FILLER_0_15_153,VPWR,li1,78.6600,51.6800,1.799990
FILLER_0_15_141,VPWR,li1,73.1400,51.6800,1.799986
FILLER_0_15_137,VPWR,li1,69.0000,51.6800,1.799983
FILLER_0_15_125,VPWR,li1,65.7800,51.6800,1.799982
FILLER_0_15_121,VPWR,li1,61.6400,51.6800,1.799978
FILLER_0_15_107,VPWR,li1,55.4300,51.6800,1.799964
FILLER_0_15_103,VPWR,li1,53.3600,51.6800,1.799959
FILLER_0_15_91,VPWR,li1,50.1400,51.6800,1.799949
FILLER_0_15_87,VPWR,li1,46.0000,51.6800,1.799957
FILLER_0_15_82,VPWR,li1,43.4700,51.6800,1.799966
FILLER_0_15_76,VPWR,li1,41.8600,51.6800,1.799966
FILLER_0_15_72,VPWR,li1,39.1000,51.6800,1.799975
FILLER_0_15_66,VPWR,li1,36.1100,51.6800,1.799981
FILLER_0_15_60,VPWR,li1,34.5000,51.6800,1.799981
FILLER_0_15_55,VPWR,li1,31.0500,51.6800,1.799982
FILLER_0_15_49,VPWR,li1,29.4400,51.6800,1.799983
FILLER_0_15_37,VPWR,li1,25.3000,51.6800,1.799983
FILLER_0_15_15,VPWR,li1,12.8800,51.6800,1.799989
FILLER_0_15_3,VPWR,li1,9.6600,51.6800,1.799992
FILLER_0_14_185,VPWR,li1,91.0800,51.6800,1.799993
FILLER_0_14_177,VPWR,li1,88.7800,51.6800,1.799993
FILLER_0_14_165,VPWR,li1,84.1800,51.6800,1.799993
FILLER_0_14_153,VPWR,li1,78.6600,51.6800,1.799990
FILLER_0_14_141,VPWR,li1,73.1400,51.6800,1.799986
FILLER_0_14_132,VPWR,li1,68.0800,51.6800,1.799983
FILLER_0_14_120,VPWR,li1,63.4800,51.6800,1.799980
FILLER_0_14_108,VPWR,li1,57.9600,51.6800,1.799969
FILLER_0_14_85,VPWR,li1,45.3100,51.6800,1.799962
FILLER_0_14_80,VPWR,li1,42.7800,51.6800,1.799966
FILLER_0_14_72,VPWR,li1,40.4800,51.6800,1.799970
FILLER_0_14_60,VPWR,li1,35.8800,51.6800,1.799981
FILLER_0_14_56,VPWR,li1,31.7400,51.6800,1.799982
FILLER_0_14_49,VPWR,li1,28.2900,51.6800,1.799983
FILLER_0_14_41,VPWR,li1,26.2200,51.6800,1.799983
FILLER_0_14_29,VPWR,li1,21.6200,51.6800,1.799984
FILLER_0_14_27,VPWR,li1,18.1700,51.6800,1.799985
FILLER_0_14_15,VPWR,li1,15.1800,51.6800,1.799987
FILLER_0_14_3,VPWR,li1,9.6600,51.6800,1.799992
FILLER_0_13_189,VPWR,li1,92.6900,46.2400,1.799997
FILLER_0_13_181,VPWR,li1,90.6200,46.2400,1.799997
FILLER_0_13_169,VPWR,li1,86.0200,46.2400,1.799997
FILLER_0_13_166,VPWR,li1,82.3400,46.2400,1.799997
FILLER_0_13_154,VPWR,li1,79.1200,46.2400,1.799996
FILLER_0_13_142,VPWR,li1,73.6000,46.2400,1.799995
FILLER_0_13_130,VPWR,li1,68.0800,46.2400,1.799994
FILLER_0_13_126,VPWR,li1,63.9400,46.2400,1.799994
FILLER_0_13_120,VPWR,li1,61.1800,46.2400,1.799994
FILLER_0_13_117,VPWR,li1,59.5700,46.2400,1.799994
FILLER_0_13_113,VPWR,li1,58.4200,46.2400,1.799994
FILLER_0_13_110,VPWR,li1,56.5800,46.2400,1.799993
FILLER_0_13_98,VPWR,li1,53.3600,46.2400,1.799993
FILLER_0_13_94,VPWR,li1,49.2200,46.2400,1.799992
FILLER_0_13_61,VPWR,li1,33.8100,46.2400,1.799994
FILLER_0_13_57,VPWR,li1,32.6600,46.2400,1.799994
FILLER_0_13_55,VPWR,li1,31.0500,46.2400,1.799994
FILLER_0_13_43,VPWR,li1,28.0600,46.2400,1.799993
FILLER_0_13_19,VPWR,li1,14.4900,46.2400,1.799994
FILLER_0_13_15,VPWR,li1,13.3400,46.2400,1.799994
FILLER_0_13_3,VPWR,li1,9.6600,46.2400,1.799996
FILLER_0_12_178,VPWR,li1,88.7800,46.2400,1.799997
FILLER_0_12_169,VPWR,li1,84.1800,46.2400,1.799997
FILLER_0_12_157,VPWR,li1,80.5000,46.2400,1.799996
FILLER_0_12_145,VPWR,li1,74.9800,46.2400,1.799995
FILLER_0_12_141,VPWR,li1,70.8400,46.2400,1.799994
FILLER_0_12_138,VPWR,li1,69.4600,46.2400,1.799994
FILLER_0_12_115,VPWR,li1,59.1100,46.2400,1.799994
FILLER_0_12_111,VPWR,li1,57.0400,46.2400,1.799993
FILLER_0_12_85,VPWR,li1,44.8500,46.2400,1.799991
FILLER_0_12_83,VPWR,li1,43.9300,46.2400,1.799991
FILLER_0_12_79,VPWR,li1,42.3200,46.2400,1.799992
FILLER_0_12_73,VPWR,li1,39.7900,46.2400,1.799993
FILLER_0_12_58,VPWR,li1,32.6600,46.2400,1.799994
FILLER_0_12_53,VPWR,li1,30.5900,46.2400,1.799994
FILLER_0_12_45,VPWR,li1,28.0600,46.2400,1.799993
FILLER_0_12_33,VPWR,li1,23.4600,46.2400,1.799993
FILLER_0_12_29,VPWR,li1,19.3200,46.2400,1.799992
FILLER_0_12_24,VPWR,li1,17.0200,46.2400,1.799993
FILLER_0_12_3,VPWR,li1,9.6600,46.2400,1.799996
FILLER_0_11_180,VPWR,li1,89.2400,40.8000,1.799999
FILLER_0_11_169,VPWR,li1,85.1000,40.8000,1.799999
FILLER_0_11_160,VPWR,li1,80.9600,40.8000,1.799998
FILLER_0_11_148,VPWR,li1,76.3600,40.8000,1.799997
FILLER_0_11_144,VPWR,li1,72.2200,40.8000,1.799997
FILLER_0_11_138,VPWR,li1,69.6900,40.8000,1.799996
FILLER_0_11_134,VPWR,li1,67.6200,40.8000,1.799996
FILLER_0_11_130,VPWR,li1,65.7800,40.8000,1.799996
FILLER_0_11_117,VPWR,li1,60.0300,40.8000,1.799995
FILLER_0_11_113,VPWR,li1,57.9600,40.8000,1.799994
FILLER_0_11_108,VPWR,li1,55.6600,40.8000,1.799994
FILLER_0_11_104,VPWR,li1,53.8200,40.8000,1.799994
FILLER_0_11_100,VPWR,li1,51.9800,40.8000,1.799994
FILLER_0_11_92,VPWR,li1,48.3000,40.8000,1.799994
FILLER_0_11_89,VPWR,li1,46.6900,40.8000,1.799994
FILLER_0_11_81,VPWR,li1,44.6200,40.8000,1.799994
FILLER_0_11_77,VPWR,li1,41.4000,40.8000,1.799994
FILLER_0_11_55,VPWR,li1,31.0500,40.8000,1.799992
FILLER_0_11_43,VPWR,li1,28.0600,40.8000,1.799991
FILLER_0_11_39,VPWR,li1,23.9200,40.8000,1.799991
FILLER_0_11_35,VPWR,li1,22.0800,40.8000,1.799991
FILLER_0_11_3,VPWR,li1,7.5900,40.8000,1.799993
FILLER_0_10_185,VPWR,li1,90.8500,40.8000,1.799999
FILLER_0_10_177,VPWR,li1,87.6300,40.8000,1.799999
FILLER_0_10_172,VPWR,li1,85.3300,40.8000,1.799999
FILLER_0_10_164,VPWR,li1,82.8000,40.8000,1.799998
FILLER_0_10_152,VPWR,li1,78.2000,40.8000,1.799998
FILLER_0_10_148,VPWR,li1,74.0600,40.8000,1.799997
FILLER_0_10_141,VPWR,li1,70.8400,40.8000,1.799997
FILLER_0_10_136,VPWR,li1,68.5400,40.8000,1.799996
FILLER_0_10_129,VPWR,li1,65.3200,40.8000,1.799996
FILLER_0_10_125,VPWR,li1,63.4800,40.8000,1.799996
FILLER_0_10_102,VPWR,li1,53.1300,40.8000,1.799994
FILLER_0_10_97,VPWR,li1,50.8300,40.8000,1.799994
FILLER_0_10_85,VPWR,li1,47.3800,40.8000,1.799994
FILLER_0_10_82,VPWR,li1,43.7000,40.8000,1.799994
FILLER_0_10_70,VPWR,li1,40.4800,40.8000,1.799994
FILLER_0_10_66,VPWR,li1,36.3400,40.8000,1.799995
FILLER_0_10_61,VPWR,li1,33.8100,40.8000,1.799994
FILLER_0_10_36,VPWR,li1,22.5400,40.8000,1.799991
FILLER_0_10_32,VPWR,li1,20.7000,40.8000,1.799991
FILLER_0_10_27,VPWR,li1,18.1700,40.8000,1.799991
FILLER_0_10_21,VPWR,li1,15.8700,40.8000,1.799992
FILLER_0_10_12,VPWR,li1,11.5000,40.8000,1.799993
FILLER_0_10_9,VPWR,li1,9.8900,40.8000,1.799993
FILLER_0_10_3,VPWR,li1,8.2800,40.8000,1.799993
FILLER_0_9_184,VPWR,li1,91.5400,35.3600,1.799989
FILLER_0_9_176,VPWR,li1,86.7100,35.3600,1.799989
FILLER_0_9_172,VPWR,li1,85.1000,35.3600,1.799989
FILLER_0_9_164,VPWR,li1,81.4200,35.3600,1.799987
FILLER_0_9_152,VPWR,li1,78.2000,35.3600,1.799983
FILLER_0_9_148,VPWR,li1,74.0600,35.3600,1.799978
FILLER_0_9_144,VPWR,li1,72.2200,35.3600,1.799976
FILLER_0_9_141,VPWR,li1,70.6100,35.3600,1.799974
FILLER_0_9_137,VPWR,li1,69.4600,35.3600,1.799974
FILLER_0_9_133,VPWR,li1,67.1600,35.3600,1.799971
FILLER_0_9_111,VPWR,li1,56.8100,35.3600,1.799975
FILLER_0_9_104,VPWR,li1,53.8200,35.3600,1.799977
FILLER_0_9_91,VPWR,li1,49.2200,35.3600,1.799979
FILLER_0_9_79,VPWR,li1,44.6200,35.3600,1.799982
FILLER_0_9_75,VPWR,li1,40.4800,35.3600,1.799984
FILLER_0_9_69,VPWR,li1,37.9500,35.3600,1.799985
FILLER_0_9_57,VPWR,li1,34.5000,35.3600,1.799985
FILLER_0_9_34,VPWR,li1,21.6200,35.3600,1.799981
FILLER_0_9_11,VPWR,li1,11.2700,35.3600,1.799989
FILLER_0_9_3,VPWR,li1,8.7400,35.3600,1.799989
FILLER_0_8_185,VPWR,li1,90.8500,35.3600,1.799989
FILLER_0_8_179,VPWR,li1,88.7800,35.3600,1.799989
FILLER_0_8_175,VPWR,li1,86.4800,35.3600,1.799989
FILLER_0_8_170,VPWR,li1,84.4100,35.3600,1.799989
FILLER_0_8_162,VPWR,li1,81.8800,35.3600,1.799987
FILLER_0_8_158,VPWR,li1,78.6600,35.3600,1.799983
FILLER_0_8_145,VPWR,li1,72.4500,35.3600,1.799976
FILLER_0_8_141,VPWR,li1,70.8400,35.3600,1.799974
FILLER_0_8_136,VPWR,li1,68.5400,35.3600,1.799971
FILLER_0_8_132,VPWR,li1,66.7000,35.3600,1.799969
FILLER_0_8_107,VPWR,li1,55.2000,35.3600,1.799976
FILLER_0_8_99,VPWR,li1,52.4400,35.3600,1.799977
FILLER_0_8_95,VPWR,li1,49.6800,35.3600,1.799979
FILLER_0_8_85,VPWR,li1,45.5400,35.3600,1.799981
FILLER_0_8_81,VPWR,li1,43.0100,35.3600,1.799982
FILLER_0_8_69,VPWR,li1,40.0200,35.3600,1.799984
FILLER_0_8_61,VPWR,li1,34.0400,35.3600,1.799985
FILLER_0_8_54,VPWR,li1,30.8200,35.3600,1.799984
FILLER_0_8_29,VPWR,li1,19.3200,35.3600,1.799982
FILLER_0_8_27,VPWR,li1,18.1700,35.3600,1.799983
FILLER_0_8_23,VPWR,li1,16.5600,35.3600,1.799984
FILLER_0_8_15,VPWR,li1,13.8000,35.3600,1.799986
FILLER_0_8_3,VPWR,li1,9.6600,35.3600,1.799989
FILLER_0_7_188,VPWR,li1,92.4600,29.9200,1.799997
FILLER_0_7_169,VPWR,li1,83.7200,29.9200,1.799996
FILLER_0_7_165,VPWR,li1,82.1100,29.9200,1.799996
FILLER_0_7_161,VPWR,li1,79.8100,29.9200,1.799995
FILLER_0_7_133,VPWR,li1,67.1600,29.9200,1.799995
FILLER_0_7_128,VPWR,li1,65.0900,29.9200,1.799996
FILLER_0_7_124,VPWR,li1,63.0200,29.9200,1.799997
FILLER_0_7_120,VPWR,li1,61.1800,29.9200,1.799997
FILLER_0_7_113,VPWR,li1,57.9600,29.9200,1.799998
FILLER_0_7_109,VPWR,li1,55.8900,29.9200,1.799998
FILLER_0_7_101,VPWR,li1,53.8200,29.9200,1.799998
FILLER_0_7_97,VPWR,li1,50.6000,29.9200,1.799998
FILLER_0_7_93,VPWR,li1,48.5300,29.9200,1.799998
FILLER_0_7_81,VPWR,li1,45.5400,29.9200,1.799999
FILLER_0_7_69,VPWR,li1,40.0200,29.9200,1.799999
FILLER_0_7_57,VPWR,li1,34.5000,29.9200,1.799999
FILLER_0_7_53,VPWR,li1,30.5900,29.9200,1.799999
FILLER_0_7_46,VPWR,li1,27.1400,29.9200,1.800000
FILLER_0_7_42,VPWR,li1,25.3000,29.9200,1.800000
FILLER_0_7_27,VPWR,li1,18.1700,29.9200,1.800000
FILLER_0_7_15,VPWR,li1,15.1800,29.9200,1.800000
FILLER_0_7_3,VPWR,li1,9.6600,29.9200,1.800000
FILLER_0_6_183,VPWR,li1,90.3900,29.9200,1.799997
FILLER_0_6_179,VPWR,li1,88.3200,29.9200,1.799997
FILLER_0_6_175,VPWR,li1,86.4800,29.9200,1.799997
FILLER_0_6_171,VPWR,li1,84.6400,29.9200,1.799996
FILLER_0_6_167,VPWR,li1,82.8000,29.9200,1.799996
FILLER_0_6_159,VPWR,li1,80.0400,29.9200,1.799995
FILLER_0_6_155,VPWR,li1,77.2800,29.9200,1.799994
FILLER_0_6_151,VPWR,li1,75.4400,29.9200,1.799994
FILLER_0_6_141,VPWR,li1,72.2200,29.9200,1.799993
FILLER_0_6_129,VPWR,li1,65.0900,29.9200,1.799996
FILLER_0_6_124,VPWR,li1,63.2500,29.9200,1.799997
FILLER_0_6_112,VPWR,li1,59.8000,29.9200,1.799997
FILLER_0_6_108,VPWR,li1,55.6600,29.9200,1.799998
FILLER_0_6_102,VPWR,li1,52.6700,29.9200,1.799998
FILLER_0_6_98,VPWR,li1,51.5200,29.9200,1.799998
FILLER_0_6_93,VPWR,li1,48.9900,29.9200,1.799998
FILLER_0_6_85,VPWR,li1,46.4600,29.9200,1.799998
FILLER_0_6_76,VPWR,li1,42.3200,29.9200,1.799999
FILLER_0_6_72,VPWR,li1,39.1000,29.9200,1.799999
FILLER_0_6_64,VPWR,li1,36.8000,29.9200,1.799999
FILLER_0_6_52,VPWR,li1,32.2000,29.9200,1.799999
FILLER_0_6_48,VPWR,li1,28.0600,29.9200,1.799999
FILLER_0_6_44,VPWR,li1,26.2200,29.9200,1.800000
FILLER_0_6_29,VPWR,li1,20.2400,29.9200,1.800000
FILLER_0_6_27,VPWR,li1,18.1700,29.9200,1.800000
FILLER_0_6_23,VPWR,li1,16.5600,29.9200,1.800000
FILLER_0_6_19,VPWR,li1,14.7200,29.9200,1.800000
FILLER_0_6_3,VPWR,li1,8.7400,29.9200,1.800000
FILLER_0_5_187,VPWR,li1,92.2300,24.4800,1.799999
FILLER_0_5_183,VPWR,li1,90.1600,24.4800,1.799999
FILLER_0_5_177,VPWR,li1,87.8600,24.4800,1.799999
FILLER_0_5_165,VPWR,li1,82.1100,24.4800,1.799999
FILLER_0_5_161,VPWR,li1,80.0400,24.4800,1.799999
FILLER_0_5_153,VPWR,li1,77.2800,24.4800,1.799998
FILLER_0_5_141,VPWR,li1,73.1400,24.4800,1.799998
FILLER_0_5_137,VPWR,li1,69.0000,24.4800,1.799998
FILLER_0_5_133,VPWR,li1,67.1600,24.4800,1.799997
FILLER_0_5_125,VPWR,li1,64.4000,24.4800,1.799997
FILLER_0_5_113,VPWR,li1,60.2600,24.4800,1.799997
FILLER_0_5_106,VPWR,li1,55.6600,24.4800,1.799995
FILLER_0_5_102,VPWR,li1,52.9000,24.4800,1.799994
FILLER_0_5_74,VPWR,li1,39.7900,24.4800,1.799994
FILLER_0_5_65,VPWR,li1,35.6500,24.4800,1.799996
FILLER_0_5_57,VPWR,li1,33.5800,24.4800,1.799996
FILLER_0_5_55,VPWR,li1,31.0500,24.4800,1.799996
FILLER_0_5_47,VPWR,li1,28.9800,24.4800,1.799997
FILLER_0_5_35,VPWR,li1,24.3800,24.4800,1.799997
FILLER_0_5_23,VPWR,li1,18.8600,24.4800,1.799998
FILLER_0_5_19,VPWR,li1,14.7200,24.4800,1.799998
FILLER_0_5_9,VPWR,li1,9.8900,24.4800,1.799998
FILLER_0_5_3,VPWR,li1,8.2800,24.4800,1.799998
FILLER_0_4_182,VPWR,li1,89.7000,24.4800,1.799999
FILLER_0_4_178,VPWR,li1,87.8600,24.4800,1.799999
FILLER_0_4_169,VPWR,li1,84.1800,24.4800,1.799999
FILLER_0_4_165,VPWR,li1,81.8800,24.4800,1.799999
FILLER_0_4_159,VPWR,li1,79.5800,24.4800,1.799999
FILLER_0_4_155,VPWR,li1,77.2800,24.4800,1.799998
FILLER_0_4_148,VPWR,li1,74.0600,24.4800,1.799998
FILLER_0_4_145,VPWR,li1,72.4500,24.4800,1.799998
FILLER_0_4_141,VPWR,li1,71.3000,24.4800,1.799998
FILLER_0_4_139,VPWR,li1,69.6900,24.4800,1.799998
FILLER_0_4_133,VPWR,li1,68.0800,24.4800,1.799998
FILLER_0_4_129,VPWR,li1,65.3200,24.4800,1.799997
FILLER_0_4_122,VPWR,li1,62.1000,24.4800,1.799997
FILLER_0_4_119,VPWR,li1,60.4900,24.4800,1.799997
FILLER_0_4_111,VPWR,li1,58.4200,24.4800,1.799996
FILLER_0_4_106,VPWR,li1,54.9700,24.4800,1.799994
FILLER_0_4_78,VPWR,li1,42.3200,24.4800,1.799993
FILLER_0_4_75,VPWR,li1,40.2500,24.4800,1.799994
FILLER_0_4_71,VPWR,li1,39.1000,24.4800,1.799995
FILLER_0_4_67,VPWR,li1,36.8000,24.4800,1.799996
FILLER_0_4_60,VPWR,li1,33.3500,24.4800,1.799996
FILLER_0_4_48,VPWR,li1,30.3600,24.4800,1.799997
FILLER_0_4_36,VPWR,li1,24.8400,24.4800,1.799997
FILLER_0_4_32,VPWR,li1,20.7000,24.4800,1.799997
FILLER_0_4_27,VPWR,li1,18.1700,24.4800,1.799998
FILLER_0_4_15,VPWR,li1,15.1800,24.4800,1.799998
FILLER_0_4_3,VPWR,li1,9.6600,24.4800,1.799998
FILLER_0_3_180,VPWR,li1,88.7800,19.0400,1.799997
FILLER_0_3_177,VPWR,li1,87.1700,19.0400,1.799997
FILLER_0_3_169,VPWR,li1,85.1000,19.0400,1.799997
FILLER_0_3_162,VPWR,li1,81.4200,19.0400,1.799997
FILLER_0_3_150,VPWR,li1,77.2800,19.0400,1.799996
FILLER_0_3_138,VPWR,li1,71.7600,19.0400,1.799995
FILLER_0_3_134,VPWR,li1,67.6200,19.0400,1.799994
FILLER_0_3_126,VPWR,li1,64.1700,19.0400,1.799993
FILLER_0_3_122,VPWR,li1,62.1000,19.0400,1.799993
FILLER_0_3_118,VPWR,li1,60.2600,19.0400,1.799992
FILLER_0_3_85,VPWR,li1,45.5400,19.0400,1.799986
FILLER_0_3_77,VPWR,li1,41.1700,19.0400,1.799987
FILLER_0_3_69,VPWR,li1,39.1000,19.0400,1.799987
FILLER_0_3_66,VPWR,li1,36.1100,19.0400,1.799991
FILLER_0_3_60,VPWR,li1,34.5000,19.0400,1.799991
FILLER_0_3_54,VPWR,li1,30.8200,19.0400,1.799990
FILLER_0_3_19,VPWR,li1,17.0200,19.0400,1.799993
FILLER_0_3_15,VPWR,li1,12.8800,19.0400,1.799994
FILLER_0_3_3,VPWR,li1,7.5900,19.0400,1.799995
FILLER_0_2_184,VPWR,li1,90.6200,19.0400,1.799997
FILLER_0_2_177,VPWR,li1,87.4000,19.0400,1.799997
FILLER_0_2_165,VPWR,li1,84.1800,19.0400,1.799997
FILLER_0_2_153,VPWR,li1,78.6600,19.0400,1.799996
FILLER_0_2_141,VPWR,li1,73.1400,19.0400,1.799995
FILLER_0_2_139,VPWR,li1,69.6900,19.0400,1.799994
FILLER_0_2_131,VPWR,li1,67.6200,19.0400,1.799994
FILLER_0_2_127,VPWR,li1,64.4000,19.0400,1.799993
FILLER_0_2_123,VPWR,li1,62.5600,19.0400,1.799993
FILLER_0_2_90,VPWR,li1,47.3800,19.0400,1.799986
FILLER_0_2_53,VPWR,li1,31.7400,19.0400,1.799990
FILLER_0_2_41,VPWR,li1,27.1400,19.0400,1.799989
FILLER_0_2_29,VPWR,li1,21.6200,19.0400,1.799990
FILLER_0_2_25,VPWR,li1,17.7100,19.0400,1.799993
FILLER_0_2_19,VPWR,li1,14.4900,19.0400,1.799993
FILLER_0_2_11,VPWR,li1,12.4200,19.0400,1.799994
FILLER_0_2_3,VPWR,li1,8.2800,19.0400,1.799995
FILLER_0_1_189,VPWR,li1,92.6900,13.6000,1.799999
FILLER_0_1_181,VPWR,li1,90.6200,13.6000,1.799999
FILLER_0_1_169,VPWR,li1,86.0200,13.6000,1.799999
FILLER_0_1_164,VPWR,li1,81.8800,13.6000,1.799998
FILLER_0_1_152,VPWR,li1,78.2000,13.6000,1.799998
FILLER_0_1_148,VPWR,li1,74.0600,13.6000,1.799997
FILLER_0_1_145,VPWR,li1,72.4500,13.6000,1.799997
FILLER_0_1_133,VPWR,li1,69.4600,13.6000,1.799997
FILLER_0_1_129,VPWR,li1,65.3200,13.6000,1.799997
FILLER_0_1_125,VPWR,li1,63.4800,13.6000,1.799996
FILLER_0_1_121,VPWR,li1,61.6400,13.6000,1.799996
FILLER_0_1_107,VPWR,li1,55.4300,13.6000,1.799994
FILLER_0_1_97,VPWR,li1,50.6000,13.6000,1.799993
FILLER_0_1_85,VPWR,li1,47.3800,13.6000,1.799994
FILLER_0_1_81,VPWR,li1,43.2400,13.6000,1.799995
FILLER_0_1_69,VPWR,li1,40.0200,13.6000,1.799996
FILLER_0_1_57,VPWR,li1,34.5000,13.6000,1.799998
FILLER_0_1_51,VPWR,li1,29.6700,13.6000,1.799998
FILLER_0_1_39,VPWR,li1,26.2200,13.6000,1.799998
FILLER_0_1_27,VPWR,li1,20.7000,13.6000,1.799998
FILLER_0_1_15,VPWR,li1,15.1800,13.6000,1.799999
FILLER_0_1_3,VPWR,li1,9.6600,13.6000,1.799999
FILLER_0_0_185,VPWR,li1,90.8500,13.6000,1.799999
FILLER_0_0_181,VPWR,li1,89.7000,13.6000,1.799999
FILLER_0_0_169,VPWR,li1,86.0200,13.6000,1.799999
FILLER_0_0_165,VPWR,li1,82.1100,13.6000,1.799998
FILLER_0_0_157,VPWR,li1,79.5800,13.6000,1.799998
FILLER_0_0_149,VPWR,li1,74.2900,13.6000,1.799997
FILLER_0_0_145,VPWR,li1,72.6800,13.6000,1.799997
FILLER_0_0_141,VPWR,li1,70.8400,13.6000,1.799997
FILLER_0_0_137,VPWR,li1,69.2300,13.6000,1.799997
FILLER_0_0_125,VPWR,li1,65.7800,13.6000,1.799997
FILLER_0_0_113,VPWR,li1,60.2600,13.6000,1.799996
FILLER_0_0_89,VPWR,li1,46.9200,13.6000,1.799994
FILLER_0_0_85,VPWR,li1,45.0800,13.6000,1.799995
FILLER_0_0_83,VPWR,li1,43.9300,13.6000,1.799995
FILLER_0_0_77,VPWR,li1,42.3200,13.6000,1.799995
FILLER_0_0_65,VPWR,li1,38.1800,13.6000,1.799996
FILLER_0_0_61,VPWR,li1,34.0400,13.6000,1.799998
FILLER_0_0_57,VPWR,li1,32.2000,13.6000,1.799998
FILLER_0_0_54,VPWR,li1,30.8200,13.6000,1.799998
FILLER_0_0_47,VPWR,li1,27.3700,13.6000,1.799998
FILLER_0_0_41,VPWR,li1,25.7600,13.6000,1.799998
FILLER_0_0_29,VPWR,li1,21.6200,13.6000,1.799998
FILLER_0_0_27,VPWR,li1,18.1700,13.6000,1.799999
FILLER_0_0_15,VPWR,li1,15.1800,13.6000,1.799999
FILLER_0_0_3,VPWR,li1,9.6600,13.6000,1.799999
ANTENNA_6,VPWR,li1,21.6200,24.4800,1.799997
ANTENNA_5,VPWR,li1,66.2400,29.9200,1.799995
ANTENNA_4,VPWR,li1,64.4000,40.8000,1.799996
ANTENNA_3,VPWR,li1,9.6600,62.5600,1.799997
ANTENNA_2,VPWR,li1,81.4200,62.5600,1.799994
ANTENNA_1,VPWR,li1,46.0000,13.6000,1.799994
ANTENNA__370__A,VPWR,li1,13.8000,62.5600,1.799996
ANTENNA_output5_A,VPWR,li1,89.2400,24.4800,1.799999
ANTENNA_output2_A,VPWR,li1,90.6200,46.2400,1.799997
ANTENNA__295__A,VPWR,li1,43.7000,24.4800,1.799993
ANTENNA__306__A,VPWR,li1,51.5200,13.6000,1.799993
ANTENNA__317__A,VPWR,li1,12.8800,68.0000,1.799994
ANTENNA__328__A,VPWR,li1,51.5200,68.0000,1.799993
ANTENNA__329__A,VPWR,li1,79.5800,35.3600,1.799983
ANTENNA__162__A,VPWR,li1,56.1200,24.4800,1.799995
ANTENNA__168__A1_N,VPWR,li1,50.6000,73.4400,1.799996
ANTENNA__171__A1,VPWR,li1,25.7600,73.4400,1.799996
ANTENNA__173__A1,VPWR,li1,50.1400,29.9200,1.799998
ANTENNA_hold1_A,VPWR,li1,31.7400,46.2400,1.799994
ANTENNA__184__A1,VPWR,li1,33.5800,46.2400,1.799994
ANTENNA__216__A,VPWR,li1,61.1800,24.4800,1.799997
ANTENNA__217__A,VPWR,li1,42.7800,68.0000,1.799993
ANTENNA__220__A1,VPWR,li1,60.2600,46.2400,1.799994
ANTENNA__221__B,VPWR,li1,31.2800,78.8800,1.799992
ANTENNA__177__B,VPWR,li1,66.2400,13.6000,1.799997
ANTENNA__195__A,VPWR,li1,56.5800,57.1200,1.799975
ANTENNA__196__B1,VPWR,li1,33.1200,13.6000,1.799998
ANTENNA__199__A1,VPWR,li1,62.5600,13.6000,1.799996
ANTENNA__175__A,VPWR,li1,88.3200,19.0400,1.799997
ANTENNA__279__A,VPWR,li1,56.5800,51.6800,1.799964
ANTENNA__280__A,VPWR,li1,62.1000,73.4400,1.799997
ANTENNA__284__A2,VPWR,li1,23.0000,40.8000,1.799991
ANTENNA__185__B,VPWR,li1,74.9800,35.3600,1.799980
ANTENNA__269__A,VPWR,li1,68.5400,19.0400,1.799994
ANTENNA__270__A,VPWR,li1,79.5800,62.5600,1.799994
ANTENNA__177__C,VPWR,li1,64.4000,13.6000,1.799996
ANTENNA__191__A,VPWR,li1,73.1400,40.8000,1.799997
ANTENNA__192__A,VPWR,li1,24.8400,84.3200,1.799999
ANTENNA__195__B,VPWR,li1,58.4200,57.1200,1.799975
ANTENNA__196__A1,VPWR,li1,34.9600,13.6000,1.799998
ANTENNA__199__A2,VPWR,li1,65.3200,19.0400,1.799993
ANTENNA__176__B1,VPWR,li1,40.9400,24.4800,1.799994
ANTENNA__182__A_N,VPWR,li1,85.5600,68.0000,1.799992
ANTENNA__256__B1,VPWR,li1,79.1200,24.4800,1.799999
ANTENNA__257__A,VPWR,li1,28.0600,29.9200,1.799999
ANTENNA__176__A1,VPWR,li1,40.0200,29.9200,1.799999
ANTENNA__183__D,VPWR,li1,52.9000,40.8000,1.799994
ANTENNA__253__A,VPWR,li1,52.4400,78.8800,1.799995
ANTENNA__254__B1,VPWR,li1,71.7600,13.6000,1.799997
ANTENNA__256__A1,VPWR,li1,80.9600,24.4800,1.799999
ANTENNA__257__B,VPWR,li1,28.9800,29.9200,1.799999
ANTENNA__176__A2,VPWR,li1,36.3400,24.4800,1.799996
ANTENNA__183__A_N,VPWR,li1,47.3800,40.8000,1.799994
ANTENNA__251__A,VPWR,li1,43.7000,57.1200,1.799981
ANTENNA__253__B,VPWR,li1,50.6000,78.8800,1.799995
ANTENNA__254__A1,VPWR,li1,73.6000,13.6000,1.799997
ANTENNA__256__A2,VPWR,li1,80.9600,24.4800,1.799999
ANTENNA__257__C,VPWR,li1,22.0800,29.9200,1.800000
ANTENNA__183__B,VPWR,li1,50.1400,46.2400,1.799992
ANTENNA__247__A,VPWR,li1,71.3000,35.3600,1.799976
ANTENNA__248__A,VPWR,li1,59.8000,62.5600,1.799996
ANTENNA__254__A2,VPWR,li1,73.1400,13.6000,1.799997
ANTENNA__256__A3,VPWR,li1,81.8800,29.9200,1.799996
ANTENNA__257__D,VPWR,li1,18.8600,29.9200,1.800000
ANTENNA__180__A,VPWR,li1,58.8800,40.8000,1.799994
ANTENNA__182__D,VPWR,li1,87.4000,68.0000,1.799992
ANTENNA__243__A,VPWR,li1,56.5800,78.8800,1.799995
ANTENNA__180__B,VPWR,li1,56.5800,40.8000,1.799994
ANTENNA__182__C,VPWR,li1,88.3200,68.0000,1.799992
ANTENNA__238__A,VPWR,li1,43.2400,46.2400,1.799991
ANTENNA__180__D,VPWR,li1,54.7400,40.8000,1.799994
ANTENNA__182__B,VPWR,li1,90.1600,68.0000,1.799992
ANTENNA__234__B1,VPWR,li1,74.5200,29.9200,1.799994
ANTENNA__235__B,VPWR,li1,22.5400,73.4400,1.799996
ANTENNA__180__C,VPWR,li1,66.7000,40.8000,1.799996
ANTENNA__230__A,VPWR,li1,73.1400,24.4800,1.799998
ANTENNA__231__A,VPWR,li1,23.4600,84.3200,1.799999
ANTENNA__234__A1,VPWR,li1,76.3600,29.9200,1.799994
ANTENNA__235__A,VPWR,li1,24.3800,73.4400,1.799996
ANTENNA__181__A,VPWR,li1,37.7200,24.4800,1.799995
ANTENNA__227__B1,VPWR,li1,50.6000,35.3600,1.799978
ANTENNA__228__A,VPWR,li1,64.4000,29.9200,1.799996
ANTENNA__244__A,VPWR,li1,20.2400,46.2400,1.799992
ANTENNA__181__B,VPWR,li1,36.8000,19.0400,1.799989
ANTENNA__223__A,VPWR,li1,68.0800,24.4800,1.799998
ANTENNA__224__A,VPWR,li1,31.7400,84.3200,1.799999
ANTENNA__227__A1,VPWR,li1,43.7000,35.3600,1.799982
ANTENNA__228__B,VPWR,li1,62.1000,29.9200,1.799997
ANTENNA__244__B,VPWR,li1,17.9400,46.2400,1.799993
ANTENNA__177__D,VPWR,li1,56.5800,13.6000,1.799994
ANTENNA__191__B,VPWR,li1,71.7600,46.2400,1.799994
ANTENNA__192__B,VPWR,li1,26.6800,84.3200,1.799999
ANTENNA__195__C,VPWR,li1,54.2800,51.6800,1.799959
ANTENNA__196__A2,VPWR,li1,30.8200,13.6000,1.799998
ANTENNA__199__A3,VPWR,li1,63.4800,19.0400,1.799993
ANTENNA_hold2_A,VPWR,li1,49.2200,40.8000,1.799994
ANTENNA__164__A,VPWR,li1,15.1800,84.3200,1.799999
ANTENNA__165__A,VPWR,li1,89.2400,29.9200,1.799997
ANTENNA__285__A,VPWR,li1,26.2200,29.9200,1.800000
ANTENNA__287__D1,VPWR,li1,72.6800,78.8800,1.799996
ANTENNA__290__A,VPWR,li1,17.4800,73.4400,1.799996
ANTENNA__292__A,VPWR,li1,69.4600,40.8000,1.799996
ANTENNA__163__A,VPWR,li1,51.5200,35.3600,1.799978
ANTENNA__166__A,VPWR,li1,86.0200,35.3600,1.799989
ANTENNA__168__B2,VPWR,li1,52.4400,73.4400,1.799997
ANTENNA__285__B,VPWR,li1,27.1400,29.9200,1.800000
ANTENNA__287__A1,VPWR,li1,74.5200,78.8800,1.799997
ANTENNA__290__B,VPWR,li1,12.8800,73.4400,1.799997
ANTENNA__162__B,VPWR,li1,61.1800,19.0400,1.799993
ANTENNA__165__B,VPWR,li1,90.1600,35.3600,1.799989
ANTENNA__171__B1,VPWR,li1,27.6000,73.4400,1.799996
ANTENNA__286__A_N,VPWR,li1,82.3400,35.3600,1.799987
ANTENNA__287__A2,VPWR,li1,76.3600,84.3200,1.799996
ANTENNA__292__B,VPWR,li1,68.0800,35.3600,1.799971
ANTENNA__294__A1,VPWR,li1,73.1400,73.4400,1.799996
ANTENNA__162__C,VPWR,li1,63.0200,19.0400,1.799993
ANTENNA__167__A,VPWR,li1,67.6200,68.0000,1.799991
ANTENNA__171__A2,VPWR,li1,33.1200,73.4400,1.799996
ANTENNA__173__B1,VPWR,li1,53.8200,24.4800,1.799994
ANTENNA__174__A2,VPWR,li1,51.9800,40.8000,1.799994
ANTENNA__286__B,VPWR,li1,85.5600,35.3600,1.799989
ANTENNA__289__A1,VPWR,li1,54.2800,62.5600,1.799994
ANTENNA__290__C,VPWR,li1,11.9600,73.4400,1.799997
ANTENNA__318__A,VPWR,li1,61.1800,78.8800,1.799994
ANTENNA__319__A,VPWR,li1,12.4200,40.8000,1.799992
ANTENNA__320__A,VPWR,li1,51.5200,57.1200,1.799976
ANTENNA__321__A,VPWR,li1,88.7800,62.5600,1.799992
ANTENNA__322__A,VPWR,li1,34.5000,84.3200,1.799999
ANTENNA__323__A,VPWR,li1,15.1800,19.0400,1.799993
ANTENNA__324__A,VPWR,li1,17.4800,62.5600,1.799995
ANTENNA__325__A,VPWR,li1,27.6000,62.5600,1.799993
ANTENNA__326__A,VPWR,li1,69.0000,84.3200,1.799995
ANTENNA__327__A,VPWR,li1,15.1800,78.8800,1.799990
ANTENNA__307__A,VPWR,li1,52.9000,68.0000,1.799993
ANTENNA__308__A,VPWR,li1,72.6800,62.5600,1.799994
ANTENNA__309__A,VPWR,li1,72.2200,84.3200,1.799996
ANTENNA__310__A,VPWR,li1,84.1800,62.5600,1.799994
ANTENNA__311__A,VPWR,li1,68.5400,40.8000,1.799996
ANTENNA__312__A,VPWR,li1,31.7400,35.3600,1.799984
ANTENNA__313__A,VPWR,li1,85.1000,51.6800,1.799993
ANTENNA__314__A,VPWR,li1,65.7800,68.0000,1.799992
ANTENNA__315__A,VPWR,li1,38.6400,68.0000,1.799993
ANTENNA__316__A,VPWR,li1,77.7400,73.4400,1.799996
ANTENNA__296__A,VPWR,li1,10.1200,19.0400,1.799995
ANTENNA__297__A,VPWR,li1,82.3400,57.1200,1.799975
ANTENNA__298__A,VPWR,li1,56.1200,35.3600,1.799975
ANTENNA__299__A,VPWR,li1,15.6400,24.4800,1.799998
ANTENNA__300__A,VPWR,li1,41.4000,35.3600,1.799984
ANTENNA__301__A,VPWR,li1,40.4800,68.0000,1.799993
ANTENNA__302__A,VPWR,li1,85.5600,46.2400,1.799997
ANTENNA__303__A,VPWR,li1,74.9800,73.4400,1.799996
ANTENNA__304__A,VPWR,li1,55.2000,57.1200,1.799975
ANTENNA__305__A,VPWR,li1,90.6200,24.4800,1.799999
ANTENNA__286__C,VPWR,li1,86.4800,40.8000,1.799999
ANTENNA__288__B,VPWR,li1,78.2000,57.1200,1.799967
ANTENNA__289__A2,VPWR,li1,51.5200,62.5600,1.799993
ANTENNA__294__A2,VPWR,li1,76.3600,78.8800,1.799997
ANTENNA__264__C,VPWR,li1,17.4800,35.3600,1.799983
ANTENNA__268__A2,VPWR,li1,59.8000,84.3200,1.799996
ANTENNA__264__B,VPWR,li1,10.5800,40.8000,1.799993
ANTENNA__260__C,VPWR,li1,75.4400,84.3200,1.799996
ANTENNA__259__A,VPWR,li1,23.4600,40.8000,1.799991
ANTENNA__262__B,VPWR,li1,74.5200,84.3200,1.799996
ANTENNA__263__B,VPWR,li1,88.7800,40.8000,1.799999
ANTENNA__258__B,VPWR,li1,69.4600,35.3600,1.799974
ANTENNA__267__D,VPWR,li1,69.0000,78.8800,1.799995
ANTENNA__274__B,VPWR,li1,74.9800,40.8000,1.799997
ANTENNA__255__B1,VPWR,li1,42.3200,84.3200,1.799998
ANTENNA__246__B1,VPWR,li1,85.5600,29.9200,1.799997
ANTENNA__247__B,VPWR,li1,73.1400,35.3600,1.799978
ANTENNA__248__B,VPWR,li1,61.6400,62.5600,1.799995
ANTENNA__254__A3,VPWR,li1,74.9800,13.6000,1.799997
ANTENNA__256__A4,VPWR,li1,82.8000,24.4800,1.799999
ANTENNA__258__A,VPWR,li1,71.7600,35.3600,1.799976
ANTENNA__267__C,VPWR,li1,69.9200,78.8800,1.799996
ANTENNA__275__B2,VPWR,li1,54.2800,35.3600,1.799976
ANTENNA__276__A1,VPWR,li1,37.2600,40.8000,1.799995
ANTENNA__277__B,VPWR,li1,56.5800,29.9200,1.799998
ANTENNA__241__C,VPWR,li1,35.8800,78.8800,1.799995
ANTENNA__246__A2,VPWR,li1,87.4000,29.9200,1.799997
ANTENNA__237__A,VPWR,li1,15.6400,57.1200,1.799995
ANTENNA__236__C,VPWR,li1,87.8600,19.0400,1.799997
ANTENNA__239__B,VPWR,li1,67.6200,62.5600,1.799995
ANTENNA__240__B,VPWR,li1,22.0800,78.8800,1.799989
ANTENNA__233__A,VPWR,li1,85.5600,24.4800,1.799999
ANTENNA__229__C,VPWR,li1,22.0800,62.5600,1.799994
ANTENNA__230__B,VPWR,li1,78.2000,24.4800,1.799999
ANTENNA__231__B,VPWR,li1,26.6800,84.3200,1.799999
ANTENNA__234__A2,VPWR,li1,78.2000,29.9200,1.799995
ANTENNA__235__C,VPWR,li1,20.7000,73.4400,1.799996
ANTENNA__222__C,VPWR,li1,83.7200,29.9200,1.799996
ANTENNA__223__B,VPWR,li1,69.9200,24.4800,1.799998
ANTENNA__224__B,VPWR,li1,28.5200,84.3200,1.799999
ANTENNA__227__A2,VPWR,li1,46.9200,35.3600,1.799981
ANTENNA__228__C,VPWR,li1,63.9400,29.9200,1.799996
ANTENNA__244__D,VPWR,li1,12.8800,46.2400,1.799994
ANTENNA__205__A,VPWR,li1,41.8600,19.0400,1.799987
ANTENNA__212__A,VPWR,li1,66.2400,24.4800,1.799997
ANTENNA__225__A,VPWR,li1,44.1600,13.6000,1.799995
ANTENNA__232__A,VPWR,li1,42.3200,68.0000,1.799993
ANTENNA__236__A,VPWR,li1,88.7800,24.4800,1.799999
ANTENNA__241__A,VPWR,li1,37.7200,78.8800,1.799995
ANTENNA__249__A,VPWR,li1,14.7200,62.5600,1.799996
ANTENNA__255__C1,VPWR,li1,36.8000,84.3200,1.799999
ANTENNA__260__A,VPWR,li1,80.0400,84.3200,1.799997
ANTENNA__284__B1,VPWR,li1,24.8400,40.8000,1.799991
ANTENNA__188__A,VPWR,li1,51.5200,29.9200,1.799998
ANTENNA__193__B,VPWR,li1,68.5400,73.4400,1.799997
ANTENNA__197__B,VPWR,li1,58.8800,62.5600,1.799996
ANTENNA__200__B,VPWR,li1,74.5200,57.1200,1.799960
ANTENNA__202__A,VPWR,li1,38.1800,62.5600,1.799992
ANTENNA__218__B,VPWR,li1,56.5800,29.9200,1.799998
ANTENNA__264__A,VPWR,li1,15.6400,35.3600,1.799984
ANTENNA__271__A,VPWR,li1,61.1800,68.0000,1.799994
ANTENNA__281__A,VPWR,li1,85.1000,57.1200,1.799982
ANTENNA__184__A2,VPWR,li1,34.5000,46.2400,1.799994
ANTENNA__215__C1,VPWR,li1,69.9200,51.6800,1.799984
ANTENNA__216__B,VPWR,li1,66.2400,24.4800,1.799997
ANTENNA__217__B,VPWR,li1,39.1000,68.0000,1.799993
ANTENNA__220__A2,VPWR,li1,64.8600,46.2400,1.799993
ANTENNA__179__A,VPWR,li1,13.8000,19.0400,1.799994
ANTENNA__200__A_N,VPWR,li1,75.9000,62.5600,1.799994
ANTENNA__203__B,VPWR,li1,42.3200,40.8000,1.799994
ANTENNA__204__B,VPWR,li1,40.0200,51.6800,1.799970
ANTENNA__207__A2,VPWR,li1,57.9600,46.2400,1.799994
ANTENNA__208__C,VPWR,li1,49.2200,73.4400,1.799996
ANTENNA__221__C,VPWR,li1,33.1200,78.8800,1.799993
ANTENNA__187__A1,VPWR,li1,61.6400,62.5600,1.799995
ANTENNA__283__A1,VPWR,li1,32.6600,51.6800,1.799982
ANTENNA__164__B,VPWR,li1,14.2600,84.3200,1.799999
ANTENNA__169__A,VPWR,li1,17.4800,29.9200,1.800000
ANTENNA__163__B,VPWR,li1,54.7400,35.3600,1.799976
ANTENNA__168__B1,VPWR,li1,58.8800,73.4400,1.799998
ANTENNA__172__A,VPWR,li1,15.6400,29.9200,1.800000
ANTENNA__190__B,VPWR,li1,40.9400,68.0000,1.799993
ANTENNA__209__A,VPWR,li1,46.9200,51.6800,1.799957
ANTENNA__222__A,VPWR,li1,87.4000,35.3600,1.799989
ANTENNA__229__A,VPWR,li1,23.9200,62.5600,1.799994
ANTENNA__246__C1,VPWR,li1,91.0800,24.4800,1.799999
ANTENNA__252__A,VPWR,li1,62.5600,51.6800,1.799980
ANTENNA__268__C1,VPWR,li1,64.4000,84.3200,1.799995
ANTENNA__275__C1,VPWR,li1,67.6200,35.3600,1.799971
ANTENNA__278__A,VPWR,li1,81.4200,57.1200,1.799975
ANTENNA__357__D,VPWR,li1,21.6200,40.8000,1.799991
ANTENNA__345__D,VPWR,li1,20.2400,78.8800,1.799989
ANTENNA__342__D,VPWR,li1,30.3600,73.4400,1.799996
ANTENNA_input1_A,VPWR,li1,8.2800,73.4400,1.799997
ANTENNA_clkbuf_0_clk_A,VPWR,li1,43.7000,51.6800,1.799962
hold2,VPWR,li1,46.9200,46.2400,1.799992
hold1,VPWR,li1,35.8800,46.2400,1.799994
clkload2,VPWR,li1,64.1700,62.5600,1.799995
clkload1,VPWR,li1,55.8900,35.3600,1.799976
clkload0,VPWR,li1,33.1200,62.5600,1.799992
clkbuf_2_3__f_clk,VPWR,li1,68.0800,57.1200,1.799951
clkbuf_2_2__f_clk,VPWR,li1,62.1000,35.3600,1.799966
clkbuf_2_1__f_clk,VPWR,li1,35.8800,62.5600,1.799993
clkbuf_2_0__f_clk,VPWR,li1,36.3400,40.8000,1.799995
clkbuf_0_clk,VPWR,li1,50.6000,51.6800,1.799949
ZeroToFiveCounter_9,VPWR,li1,92.2300,51.6800,1.799993
output8,VPWR,li1,92.0000,13.6000,1.799999
output7,VPWR,li1,92.0000,19.0400,1.799997
output6,VPWR,li1,92.0000,24.4800,1.799999
output5,VPWR,li1,92.0000,29.9200,1.799997
output4,VPWR,li1,92.0000,35.3600,1.799989
output3,VPWR,li1,92.0000,40.8000,1.799999
output2,VPWR,li1,92.0000,46.2400,1.799997
input1,VPWR,li1,7.8200,78.8800,1.799992
ZeroToFiveCounter_10,VPWR,li1,92.2300,84.3200,1.799998
ZeroToFiveCounter_16,VPWR,li1,92.2300,57.1200,1.799982
ZeroToFiveCounter_15,VPWR,li1,92.2300,62.5600,1.799992
ZeroToFiveCounter_14,VPWR,li1,92.2300,68.0000,1.799992
ZeroToFiveCounter_13,VPWR,li1,90.8500,73.4400,1.799995
ZeroToFiveCounter_12,VPWR,li1,92.2300,78.8800,1.799998
ZeroToFiveCounter_11,VPWR,li1,92.2300,84.3200,1.799998
TAP_TAPCELL_ROW_27_145,VPWR,li1,83.0300,84.6260,1.799997
TAP_TAPCELL_ROW_27_144,VPWR,li1,70.1500,84.6260,1.799995
TAP_TAPCELL_ROW_27_143,VPWR,li1,57.2700,84.6260,1.799997
TAP_TAPCELL_ROW_27_142,VPWR,li1,44.3900,84.6260,1.799998
TAP_TAPCELL_ROW_27_141,VPWR,li1,31.5100,84.6260,1.799999
TAP_TAPCELL_ROW_27_140,VPWR,li1,18.6300,84.6260,1.799999
TAP_TAPCELL_ROW_26_139,VPWR,li1,70.1500,84.0130,1.799995
TAP_TAPCELL_ROW_26_138,VPWR,li1,44.3900,84.0130,1.799998
TAP_TAPCELL_ROW_26_137,VPWR,li1,18.6300,84.0130,1.799999
TAP_TAPCELL_ROW_25_136,VPWR,li1,83.0300,79.1860,1.799998
TAP_TAPCELL_ROW_25_135,VPWR,li1,57.2700,79.1860,1.799995
TAP_TAPCELL_ROW_25_134,VPWR,li1,31.5100,79.1860,1.799992
TAP_TAPCELL_ROW_24_133,VPWR,li1,70.1500,78.5730,1.799996
TAP_TAPCELL_ROW_24_132,VPWR,li1,44.3900,78.5730,1.799995
TAP_TAPCELL_ROW_24_131,VPWR,li1,18.6300,78.5730,1.799990
TAP_TAPCELL_ROW_23_130,VPWR,li1,83.0300,73.7460,1.799995
TAP_TAPCELL_ROW_23_129,VPWR,li1,57.2700,73.7460,1.799997
TAP_TAPCELL_ROW_23_128,VPWR,li1,31.5100,73.7460,1.799996
TAP_TAPCELL_ROW_22_127,VPWR,li1,70.1500,73.1330,1.799997
TAP_TAPCELL_ROW_22_126,VPWR,li1,44.3900,73.1330,1.799996
TAP_TAPCELL_ROW_22_125,VPWR,li1,18.6300,73.1330,1.799996
TAP_TAPCELL_ROW_21_124,VPWR,li1,83.0300,68.3060,1.799990
TAP_TAPCELL_ROW_21_123,VPWR,li1,57.2700,68.3060,1.799994
TAP_TAPCELL_ROW_21_122,VPWR,li1,31.5100,68.3060,1.799990
TAP_TAPCELL_ROW_20_121,VPWR,li1,70.1500,67.6930,1.799990
TAP_TAPCELL_ROW_20_120,VPWR,li1,44.3900,67.6930,1.799993
TAP_TAPCELL_ROW_20_119,VPWR,li1,18.6300,67.6930,1.799991
TAP_TAPCELL_ROW_19_118,VPWR,li1,83.0300,62.8660,1.799994
TAP_TAPCELL_ROW_19_117,VPWR,li1,57.2700,62.8660,1.799995
TAP_TAPCELL_ROW_19_116,VPWR,li1,31.5100,62.8660,1.799992
TAP_TAPCELL_ROW_18_115,VPWR,li1,70.1500,62.2530,1.799995
TAP_TAPCELL_ROW_18_114,VPWR,li1,44.3900,62.2530,1.799991
TAP_TAPCELL_ROW_18_113,VPWR,li1,18.6300,62.2530,1.799995
TAP_TAPCELL_ROW_17_112,VPWR,li1,83.0300,57.4260,1.799975
TAP_TAPCELL_ROW_17_111,VPWR,li1,57.2700,57.4260,1.799975
TAP_TAPCELL_ROW_17_110,VPWR,li1,31.5100,57.4260,1.799990
TAP_TAPCELL_ROW_16_109,VPWR,li1,70.1500,56.8130,1.799955
TAP_TAPCELL_ROW_16_108,VPWR,li1,44.3900,56.8130,1.799979
TAP_TAPCELL_ROW_16_107,VPWR,li1,18.6300,56.8130,1.799994
TAP_TAPCELL_ROW_15_106,VPWR,li1,83.0300,51.9860,1.799992
TAP_TAPCELL_ROW_15_105,VPWR,li1,57.2700,51.9860,1.799969
TAP_TAPCELL_ROW_15_104,VPWR,li1,31.5100,51.9860,1.799982
TAP_TAPCELL_ROW_14_103,VPWR,li1,70.1500,51.3730,1.799984
TAP_TAPCELL_ROW_14_102,VPWR,li1,44.3900,51.3730,1.799962
TAP_TAPCELL_ROW_14_101,VPWR,li1,18.6300,51.3730,1.799985
TAP_TAPCELL_ROW_13_100,VPWR,li1,83.0300,46.5460,1.799997
TAP_TAPCELL_ROW_13_99,VPWR,li1,57.2700,46.5460,1.799993
TAP_TAPCELL_ROW_13_98,VPWR,li1,31.5100,46.5460,1.799994
TAP_TAPCELL_ROW_12_97,VPWR,li1,70.1500,45.9330,1.799994
TAP_TAPCELL_ROW_12_96,VPWR,li1,44.3900,45.9330,1.799991
TAP_TAPCELL_ROW_12_95,VPWR,li1,18.6300,45.9330,1.799993
TAP_TAPCELL_ROW_11_94,VPWR,li1,83.0300,41.1060,1.799998
TAP_TAPCELL_ROW_11_93,VPWR,li1,57.2700,41.1060,1.799994
TAP_TAPCELL_ROW_11_92,VPWR,li1,31.5100,41.1060,1.799992
TAP_TAPCELL_ROW_10_91,VPWR,li1,70.1500,40.4930,1.799996
TAP_TAPCELL_ROW_10_90,VPWR,li1,44.3900,40.4930,1.799994
TAP_TAPCELL_ROW_10_89,VPWR,li1,18.6300,40.4930,1.799991
TAP_TAPCELL_ROW_9_88,VPWR,li1,83.0300,35.6660,1.799987
TAP_TAPCELL_ROW_9_87,VPWR,li1,57.2700,35.6660,1.799975
TAP_TAPCELL_ROW_9_86,VPWR,li1,31.5100,35.6660,1.799984
TAP_TAPCELL_ROW_8_85,VPWR,li1,70.1500,35.0530,1.799974
TAP_TAPCELL_ROW_8_84,VPWR,li1,44.3900,35.0530,1.799982
TAP_TAPCELL_ROW_8_83,VPWR,li1,18.6300,35.0530,1.799983
TAP_TAPCELL_ROW_7_82,VPWR,li1,83.0300,30.2260,1.799996
TAP_TAPCELL_ROW_7_81,VPWR,li1,57.2700,30.2260,1.799998
TAP_TAPCELL_ROW_7_80,VPWR,li1,31.5100,30.2260,1.799999
TAP_TAPCELL_ROW_6_79,VPWR,li1,70.1500,29.6130,1.799994
TAP_TAPCELL_ROW_6_78,VPWR,li1,44.3900,29.6130,1.799999
TAP_TAPCELL_ROW_6_77,VPWR,li1,18.6300,29.6130,1.800000
TAP_TAPCELL_ROW_5_76,VPWR,li1,83.0300,24.7860,1.799999
TAP_TAPCELL_ROW_5_75,VPWR,li1,57.2700,24.7860,1.799995
TAP_TAPCELL_ROW_5_74,VPWR,li1,31.5100,24.7860,1.799996
TAP_TAPCELL_ROW_4_73,VPWR,li1,70.1500,24.1730,1.799998
TAP_TAPCELL_ROW_4_72,VPWR,li1,44.3900,24.1730,1.799991
TAP_TAPCELL_ROW_4_71,VPWR,li1,18.6300,24.1730,1.799998
TAP_TAPCELL_ROW_3_70,VPWR,li1,83.0300,19.3460,1.799997
TAP_TAPCELL_ROW_3_69,VPWR,li1,57.2700,19.3460,1.799990
TAP_TAPCELL_ROW_3_68,VPWR,li1,31.5100,19.3460,1.799990
TAP_TAPCELL_ROW_2_67,VPWR,li1,70.1500,18.7330,1.799994
TAP_TAPCELL_ROW_2_66,VPWR,li1,44.3900,18.7330,1.799986
TAP_TAPCELL_ROW_2_65,VPWR,li1,18.6300,18.7330,1.799992
TAP_TAPCELL_ROW_1_64,VPWR,li1,83.0300,13.9060,1.799998
TAP_TAPCELL_ROW_1_63,VPWR,li1,57.2700,13.9060,1.799995
TAP_TAPCELL_ROW_1_62,VPWR,li1,31.5100,13.9060,1.799998
TAP_TAPCELL_ROW_0_61,VPWR,li1,83.0300,13.2930,1.799998
TAP_TAPCELL_ROW_0_60,VPWR,li1,70.1500,13.2930,1.799997
TAP_TAPCELL_ROW_0_59,VPWR,li1,57.2700,13.2930,1.799995
TAP_TAPCELL_ROW_0_58,VPWR,li1,44.3900,13.2930,1.799995
TAP_TAPCELL_ROW_0_57,VPWR,li1,31.5100,13.2930,1.799998
TAP_TAPCELL_ROW_0_56,VPWR,li1,18.6300,13.2930,1.799999
PHY_EDGE_ROW_27_Left_55,VPWR,li1,6.2100,84.3200,1.799999
PHY_EDGE_ROW_26_Left_54,VPWR,li1,6.2100,84.3200,1.799999
PHY_EDGE_ROW_25_Left_53,VPWR,li1,6.2100,78.8800,1.799992
PHY_EDGE_ROW_24_Left_52,VPWR,li1,6.2100,78.8800,1.799992
PHY_EDGE_ROW_23_Left_51,VPWR,li1,6.2100,73.4400,1.799997
PHY_EDGE_ROW_22_Left_50,VPWR,li1,6.2100,73.4400,1.799997
PHY_EDGE_ROW_21_Left_49,VPWR,li1,6.2100,68.0000,1.799995
PHY_EDGE_ROW_20_Left_48,VPWR,li1,6.2100,68.0000,1.799995
PHY_EDGE_ROW_19_Left_47,VPWR,li1,6.2100,62.5600,1.799997
PHY_EDGE_ROW_18_Left_46,VPWR,li1,6.2100,62.5600,1.799997
PHY_EDGE_ROW_17_Left_45,VPWR,li1,6.2100,57.1200,1.799997
PHY_EDGE_ROW_16_Left_44,VPWR,li1,6.2100,57.1200,1.799997
PHY_EDGE_ROW_15_Left_43,VPWR,li1,6.2100,51.6800,1.799992
PHY_EDGE_ROW_14_Left_42,VPWR,li1,6.2100,51.6800,1.799992
PHY_EDGE_ROW_13_Left_41,VPWR,li1,6.2100,46.2400,1.799996
PHY_EDGE_ROW_12_Left_40,VPWR,li1,6.2100,46.2400,1.799996
PHY_EDGE_ROW_11_Left_39,VPWR,li1,6.2100,40.8000,1.799993
PHY_EDGE_ROW_10_Left_38,VPWR,li1,6.2100,40.8000,1.799993
PHY_EDGE_ROW_9_Left_37,VPWR,li1,6.2100,35.3600,1.799989
PHY_EDGE_ROW_8_Left_36,VPWR,li1,6.2100,35.3600,1.799989
PHY_EDGE_ROW_7_Left_35,VPWR,li1,6.2100,29.9200,1.800000
PHY_EDGE_ROW_6_Left_34,VPWR,li1,6.2100,29.9200,1.800000
PHY_EDGE_ROW_5_Left_33,VPWR,li1,6.2100,24.4800,1.799998
PHY_EDGE_ROW_4_Left_32,VPWR,li1,6.2100,24.4800,1.799998
PHY_EDGE_ROW_3_Left_31,VPWR,li1,6.2100,19.0400,1.799995
PHY_EDGE_ROW_2_Left_30,VPWR,li1,6.2100,19.0400,1.799995
PHY_EDGE_ROW_1_Left_29,VPWR,li1,6.2100,13.6000,1.799999
PHY_EDGE_ROW_0_Left_28,VPWR,li1,6.2100,13.6000,1.799999
PHY_EDGE_ROW_27_Right_27,VPWR,li1,93.6100,84.3200,1.799998
PHY_EDGE_ROW_26_Right_26,VPWR,li1,93.6100,84.3200,1.799998
PHY_EDGE_ROW_25_Right_25,VPWR,li1,93.6100,78.8800,1.799998
PHY_EDGE_ROW_24_Right_24,VPWR,li1,93.6100,78.8800,1.799998
PHY_EDGE_ROW_23_Right_23,VPWR,li1,93.6100,73.4400,1.799995
PHY_EDGE_ROW_22_Right_22,VPWR,li1,93.6100,73.4400,1.799995
PHY_EDGE_ROW_21_Right_21,VPWR,li1,93.6100,68.0000,1.799992
PHY_EDGE_ROW_20_Right_20,VPWR,li1,93.6100,68.0000,1.799992
PHY_EDGE_ROW_19_Right_19,VPWR,li1,93.6100,62.5600,1.799992
PHY_EDGE_ROW_18_Right_18,VPWR,li1,93.6100,62.5600,1.799992
PHY_EDGE_ROW_17_Right_17,VPWR,li1,93.6100,57.1200,1.799982
PHY_EDGE_ROW_16_Right_16,VPWR,li1,93.6100,57.1200,1.799982
PHY_EDGE_ROW_15_Right_15,VPWR,li1,93.6100,51.6800,1.799993
PHY_EDGE_ROW_14_Right_14,VPWR,li1,93.6100,51.6800,1.799993
PHY_EDGE_ROW_13_Right_13,VPWR,li1,93.6100,46.2400,1.799997
PHY_EDGE_ROW_12_Right_12,VPWR,li1,93.6100,46.2400,1.799997
PHY_EDGE_ROW_11_Right_11,VPWR,li1,93.6100,40.8000,1.799999
PHY_EDGE_ROW_10_Right_10,VPWR,li1,93.6100,40.8000,1.799999
PHY_EDGE_ROW_9_Right_9,VPWR,li1,93.6100,35.3600,1.799989
PHY_EDGE_ROW_8_Right_8,VPWR,li1,93.6100,35.3600,1.799989
PHY_EDGE_ROW_7_Right_7,VPWR,li1,93.6100,29.9200,1.799997
PHY_EDGE_ROW_6_Right_6,VPWR,li1,93.6100,29.9200,1.799997
PHY_EDGE_ROW_5_Right_5,VPWR,li1,93.6100,24.4800,1.799999
PHY_EDGE_ROW_4_Right_4,VPWR,li1,93.6100,24.4800,1.799999
PHY_EDGE_ROW_3_Right_3,VPWR,li1,93.6100,19.0400,1.799997
PHY_EDGE_ROW_2_Right_2,VPWR,li1,93.6100,19.0400,1.799997
PHY_EDGE_ROW_1_Right_1,VPWR,li1,93.6100,13.6000,1.799999
PHY_EDGE_ROW_0_Right_0,VPWR,li1,93.6100,13.6000,1.799999
_370_,VPWR,li1,14.9500,62.5600,1.799996
_361_,VPWR,li1,25.0700,19.0400,1.799989
_360_,VPWR,li1,45.3100,24.4800,1.799991
_359_,VPWR,li1,20.0100,46.2400,1.799992
_358_,VPWR,li1,81.6500,68.0000,1.799990
_357_,VPWR,li1,13.1100,40.8000,1.799992
_356_,VPWR,li1,72.2200,29.9200,1.799993
_355_,VPWR,li1,28.7500,40.8000,1.799991
_354_,VPWR,li1,16.5600,35.3600,1.799984
_353_,VPWR,li1,46.4600,57.1200,1.799977
_352_,VPWR,li1,17.9400,51.6800,1.799985
_351_,VPWR,li1,58.4200,40.8000,1.799994
_350_,VPWR,li1,73.6000,68.0000,1.799989
_349_,VPWR,li1,52.6700,19.0400,1.799985
_348_,VPWR,li1,64.6300,57.1200,1.799959
_347_,VPWR,li1,25.9900,78.8800,1.799989
_346_,VPWR,li1,38.8700,19.0400,1.799987
_345_,VPWR,li1,13.8000,78.8800,1.799990
_344_,VPWR,li1,52.2100,13.6000,1.799992
_343_,VPWR,li1,25.0700,35.3600,1.799980
_342_,VPWR,li1,25.0700,68.0000,1.799988
_341_,VPWR,li1,84.8700,73.4400,1.799995
_340_,VPWR,li1,43.4700,46.2400,1.799991
_339_,VPWR,li1,26.6800,35.3600,1.799980
_338_,VPWR,li1,37.4900,73.4400,1.799995
_337_,VPWR,li1,62.1000,78.8800,1.799994
_336_,VPWR,li1,64.4000,46.2400,1.799993
_335_,VPWR,li1,28.0600,68.0000,1.799988
_334_,VPWR,li1,37.2600,57.1200,1.799985
_333_,VPWR,li1,43.7000,62.5600,1.799991
_332_,VPWR,li1,88.0900,62.5600,1.799992
_331_,VPWR,li1,63.7100,84.3200,1.799995
_330_,VPWR,li1,51.7500,19.0400,1.799985
_329_,VPWR,li1,80.7300,29.9200,1.799995
_328_,VPWR,li1,52.6700,68.0000,1.799993
_327_,VPWR,li1,16.3300,84.3200,1.799999
_326_,VPWR,li1,66.9300,84.3200,1.799995
_325_,VPWR,li1,28.7500,62.5600,1.799993
_324_,VPWR,li1,18.6300,62.5600,1.799995
_323_,VPWR,li1,16.3300,19.0400,1.799993
_322_,VPWR,li1,35.6500,84.3200,1.799999
_321_,VPWR,li1,86.7100,62.5600,1.799994
_320_,VPWR,li1,54.5100,57.1200,1.799975
_319_,VPWR,li1,19.5500,40.8000,1.799991
_318_,VPWR,li1,59.1100,78.8800,1.799995
_317_,VPWR,li1,14.7200,73.4400,1.799996
_316_,VPWR,li1,78.8900,68.0000,1.799990
_315_,VPWR,li1,36.5700,68.0000,1.799993
_314_,VPWR,li1,66.9300,68.0000,1.799992
_313_,VPWR,li1,86.2500,51.6800,1.799993
_312_,VPWR,li1,32.8900,35.3600,1.799985
_311_,VPWR,li1,64.6300,40.8000,1.799996
_310_,VPWR,li1,85.3300,62.5600,1.799994
_309_,VPWR,li1,73.3700,84.3200,1.799996
_308_,VPWR,li1,73.8300,62.5600,1.799994
_307_,VPWR,li1,50.8300,68.0000,1.799993
_306_,VPWR,li1,53.3600,13.6000,1.799992
_305_,VPWR,li1,92.2300,19.0400,1.799997
_304_,VPWR,li1,56.3500,57.1200,1.799975
_303_,VPWR,li1,76.1300,73.4400,1.799996
_302_,VPWR,li1,86.7100,46.2400,1.799997
_301_,VPWR,li1,34.7300,68.0000,1.799993
_300_,VPWR,li1,39.3300,35.3600,1.799985
_299_,VPWR,li1,13.5700,24.4800,1.799998
_298_,VPWR,li1,57.2700,35.3600,1.799975
_297_,VPWR,li1,80.2700,57.1200,1.799971
_296_,VPWR,li1,8.9700,19.0400,1.799995
_295_,VPWR,li1,47.1500,24.4800,1.799992
_294_,VPWR,li1,78.2000,73.4400,1.799996
_293_,VPWR,li1,69.2300,62.5600,1.799995
_292_,VPWR,li1,66.9300,40.8000,1.799996
_291_,VPWR,li1,32.4300,51.6800,1.799982
_290_,VPWR,li1,10.3500,73.4400,1.799997
_289_,VPWR,li1,52.9000,62.5600,1.799993
_288_,VPWR,li1,79.3500,57.1200,1.799971
_287_,VPWR,li1,77.0500,78.8800,1.799997
_286_,VPWR,li1,88.5500,35.3600,1.799989
_285_,VPWR,li1,23.6900,29.9200,1.800000
_284_,VPWR,li1,19.7800,40.8000,1.799991
_283_,VPWR,li1,29.9000,51.6800,1.799983
_282_,VPWR,li1,24.1500,57.1200,1.799992
_281_,VPWR,li1,86.7100,57.1200,1.799982
_280_,VPWR,li1,63.2500,73.4400,1.799997
_279_,VPWR,li1,58.6500,51.6800,1.799969
_278_,VPWR,li1,78.6600,57.1200,1.799967
_277_,VPWR,li1,59.5700,29.9200,1.799998
_276_,VPWR,li1,34.9600,40.8000,1.799994
_275_,VPWR,li1,59.5700,35.3600,1.799974
_274_,VPWR,li1,72.4500,40.8000,1.799997
_273_,VPWR,li1,87.6300,40.8000,1.799999
_272_,VPWR,li1,36.5700,35.3600,1.799987
_271_,VPWR,li1,58.6500,68.0000,1.799994
_270_,VPWR,li1,80.7300,62.5600,1.799994
_269_,VPWR,li1,66.0100,19.0400,1.799993
_268_,VPWR,li1,61.6400,84.3200,1.799995
_267_,VPWR,li1,71.9900,78.8800,1.799996
_266_,VPWR,li1,35.6500,57.1200,1.799989
_265_,VPWR,li1,61.4100,19.0400,1.799993
_264_,VPWR,li1,14.0300,40.8000,1.799992
_263_,VPWR,li1,89.9300,40.8000,1.799999
_262_,VPWR,li1,71.9900,84.3200,1.799996
_261_,VPWR,li1,51.7500,57.1200,1.799976
_260_,VPWR,li1,77.5100,84.3200,1.799996
_259_,VPWR,li1,17.2500,40.8000,1.799992
_258_,VPWR,li1,65.0900,35.3600,1.799969
_257_,VPWR,li1,20.9300,29.9200,1.800000
_256_,VPWR,li1,85.1000,24.4800,1.799999
_255_,VPWR,li1,39.1000,84.3200,1.799998
_254_,VPWR,li1,76.1300,13.6000,1.799998
_253_,VPWR,li1,53.5900,78.8800,1.799995
_252_,VPWR,li1,60.4900,51.6800,1.799978
_251_,VPWR,li1,46.2300,57.1200,1.799977
_250_,VPWR,li1,32.4300,57.1200,1.799990
_249_,VPWR,li1,12.1900,62.5600,1.799996
_248_,VPWR,li1,61.8700,57.1200,1.799966
_247_,VPWR,li1,73.8300,35.3600,1.799978
_246_,VPWR,li1,88.3200,29.9200,1.799997
_245_,VPWR,li1,11.5000,24.4800,1.799998
_244_,VPWR,li1,14.9500,46.2400,1.799994
_243_,VPWR,li1,57.7300,78.8800,1.799995
_242_,VPWR,li1,20.0100,68.0000,1.799990
_241_,VPWR,li1,39.3300,78.8800,1.799995
_240_,VPWR,li1,23.6900,78.8800,1.799989
_239_,VPWR,li1,65.5500,62.5600,1.799995
_238_,VPWR,li1,41.1700,46.2400,1.799992
_237_,VPWR,li1,13.5700,57.1200,1.799996
_236_,VPWR,li1,90.3900,19.0400,1.799997
_235_,VPWR,li1,18.4000,68.0000,1.799991
_234_,VPWR,li1,78.2000,29.9200,1.799995
_233_,VPWR,li1,86.7100,24.4800,1.799999
_232_,VPWR,li1,32.8900,68.0000,1.799992
_231_,VPWR,li1,24.6100,84.3200,1.799999
_230_,VPWR,li1,75.6700,24.4800,1.799998
_229_,VPWR,li1,19.7800,62.5600,1.799995
_228_,VPWR,li1,62.5600,35.3600,1.799966
_227_,VPWR,li1,48.3000,35.3600,1.799979
_226_,VPWR,li1,80.2700,68.0000,1.799990
_225_,VPWR,li1,45.7700,19.0400,1.799986
_224_,VPWR,li1,29.6700,84.3200,1.799999
_223_,VPWR,li1,68.7700,29.9200,1.799994
_222_,VPWR,li1,85.1000,29.9200,1.799996
_221_,VPWR,li1,26.6800,78.8800,1.799989
_220_,VPWR,li1,62.5600,46.2400,1.799994
_219_,VPWR,li1,92.2300,73.4400,1.799995
_218_,VPWR,li1,54.0500,29.9200,1.799998
_217_,VPWR,li1,37.0300,68.0000,1.799993
_216_,VPWR,li1,63.7100,24.4800,1.799997
_215_,VPWR,li1,71.7600,57.1200,1.799955
_214_,VPWR,li1,29.2100,78.8800,1.799991
_213_,VPWR,li1,23.2300,57.1200,1.799992
_212_,VPWR,li1,66.4700,29.9200,1.799995
_211_,VPWR,li1,35.1900,35.3600,1.799987
_210_,VPWR,li1,53.5900,46.2400,1.799993
_209_,VPWR,li1,44.6200,51.6800,1.799962
_208_,VPWR,li1,47.6100,73.4400,1.799996
_207_,VPWR,li1,55.6600,46.2400,1.799993
_206_,VPWR,li1,33.8100,57.1200,1.799990
_205_,VPWR,li1,43.4700,19.0400,1.799986
_204_,VPWR,li1,37.4900,51.6800,1.799975
_203_,VPWR,li1,38.4100,46.2400,1.799993
_202_,VPWR,li1,35.8800,62.5600,1.799993
_201_,VPWR,li1,19.5500,24.4800,1.799998
_200_,VPWR,li1,74.7500,57.1200,1.799963
_199_,VPWR,li1,59.1100,19.0400,1.799992
_198_,VPWR,li1,29.2100,29.9200,1.799999
_197_,VPWR,li1,55.8900,62.5600,1.799994
_196_,VPWR,li1,28.9800,13.6000,1.799998
_195_,VPWR,li1,52.9000,57.1200,1.799976
_194_,VPWR,li1,22.7700,68.0000,1.799989
_193_,VPWR,li1,70.1500,73.4400,1.799997
_192_,VPWR,li1,22.3100,84.3200,1.799999
_191_,VPWR,li1,71.0700,40.8000,1.799997
_190_,VPWR,li1,34.2700,68.0000,1.799992
_189_,VPWR,li1,91.5400,40.8000,1.799999
_188_,VPWR,li1,49.4500,29.9200,1.799998
_187_,VPWR,li1,59.3400,57.1200,1.799974
_186_,VPWR,li1,51.9800,24.4800,1.799994
_185_,VPWR,li1,76.5900,35.3600,1.799980
_184_,VPWR,li1,36.5700,46.2400,1.799994
_183_,VPWR,li1,50.6000,46.2400,1.799992
_182_,VPWR,li1,90.6200,68.0000,1.799992
_181_,VPWR,li1,34.9600,24.4800,1.799996
_180_,VPWR,li1,62.3300,40.8000,1.799996
_179_,VPWR,li1,11.0400,19.0400,1.799995
_178_,VPWR,li1,24.1500,29.9200,1.800000
_177_,VPWR,li1,59.3400,13.6000,1.799996
_176_,VPWR,li1,38.1800,24.4800,1.799995
_175_,VPWR,li1,89.4700,19.0400,1.799997
_174_,VPWR,li1,50.6000,40.8000,1.799994
_173_,VPWR,li1,51.5200,24.4800,1.799993
_172_,VPWR,li1,13.5700,29.9200,1.800000
_171_,VPWR,li1,28.9800,73.4400,1.799996
_170_,VPWR,li1,32.4300,19.0400,1.799990
_169_,VPWR,li1,11.7300,29.9200,1.800000
_168_,VPWR,li1,54.7400,73.4400,1.799997
_167_,VPWR,li1,65.5500,68.0000,1.799992
_166_,VPWR,li1,83.9500,35.3600,1.799989
_165_,VPWR,li1,91.3100,29.9200,1.799997
_164_,VPWR,li1,12.1900,84.3200,1.799999
_163_,VPWR,li1,52.6700,35.3600,1.799977
_162_,VPWR,li1,58.6500,19.0400,1.799990
