
===========================================================================
 report_power
============================================================================
======================= Fastest Corner ===================================

Group                  Internal  Switching    Leakage      Total
                          Power      Power      Power      Power (Watts)
----------------------------------------------------------------
Sequential             1.51e-04   0.00e+00   3.01e-08   1.51e-04  42.8%
Combinational          2.94e-06   1.50e-05   9.95e-10   1.80e-05   5.1%
Clock                  1.07e-04   7.68e-05   1.12e-09   1.83e-04  52.1%
Macro                  0.00e+00   0.00e+00   0.00e+00   0.00e+00   0.0%
Pad                    0.00e+00   0.00e+00   0.00e+00   0.00e+00   0.0%
----------------------------------------------------------------
Total                  2.60e-04   9.18e-05   3.22e-08   3.52e-04 100.0%
                          73.9%      26.1%       0.0%

======================= Slowest Corner ===================================

Group                  Internal  Switching    Leakage      Total
                          Power      Power      Power      Power (Watts)
----------------------------------------------------------------
Sequential             9.93e-05   0.00e+00   6.12e-07   9.99e-05  41.7%
Combinational          1.92e-06   1.01e-05   7.68e-07   1.27e-05   5.3%
Clock                  7.65e-05   5.02e-05   1.11e-07   1.27e-04  53.0%
Macro                  0.00e+00   0.00e+00   0.00e+00   0.00e+00   0.0%
Pad                    0.00e+00   0.00e+00   0.00e+00   0.00e+00   0.0%
----------------------------------------------------------------
Total                  1.78e-04   6.03e-05   1.49e-06   2.39e-04 100.0%
                          74.2%      25.2%       0.6%

======================= Typical Corner ===================================

Group                  Internal  Switching    Leakage      Total
                          Power      Power      Power      Power (Watts)
----------------------------------------------------------------
Sequential             1.29e-04   0.00e+00   2.97e-08   1.29e-04  42.8%
Combinational          2.36e-06   1.28e-05   6.79e-10   1.52e-05   5.0%
Clock                  9.33e-05   6.45e-05   8.46e-10   1.58e-04  52.2%
Macro                  0.00e+00   0.00e+00   0.00e+00   0.00e+00   0.0%
Pad                    0.00e+00   0.00e+00   0.00e+00   0.00e+00   0.0%
----------------------------------------------------------------
Total                  2.25e-04   7.73e-05   3.12e-08   3.02e-04 100.0%
                          74.4%      25.6%       0.0%

