Instance,Terminal,Layer,X location,Y location,Voltage
FILLER_0_27_181,VGND,li1,90.1600,87.0400,0.000001
FILLER_0_27_169,VGND,li1,86.0200,87.0400,0.000002
FILLER_0_27_167,VGND,li1,82.5700,87.0400,0.000002
FILLER_0_27_163,VGND,li1,81.4200,87.0400,0.000002
FILLER_0_27_159,VGND,li1,79.1200,87.0400,0.000003
FILLER_0_27_153,VGND,li1,76.1300,87.0400,0.000003
FILLER_0_27_149,VGND,li1,74.5200,87.0400,0.000003
FILLER_0_27_141,VGND,li1,71.0700,87.0400,0.000003
FILLER_0_27_138,VGND,li1,69.4600,87.0400,0.000003
FILLER_0_27_113,VGND,li1,57.9600,87.0400,0.000003
FILLER_0_27_109,VGND,li1,56.3500,87.0400,0.000003
FILLER_0_27_97,VGND,li1,52.9000,87.0400,0.000003
FILLER_0_27_85,VGND,li1,47.3800,87.0400,0.000002
FILLER_0_27_81,VGND,li1,43.4700,87.0400,0.000001
FILLER_0_27_77,VGND,li1,41.4000,87.0400,0.000001
FILLER_0_27_65,VGND,li1,35.8800,87.0400,0.000001
FILLER_0_27_57,VGND,li1,33.5800,87.0400,0.000001
FILLER_0_27_55,VGND,li1,31.0500,87.0400,0.000001
FILLER_0_27_47,VGND,li1,28.9800,87.0400,0.000001
FILLER_0_27_43,VGND,li1,25.7600,87.0400,0.000001
FILLER_0_27_39,VGND,li1,23.9200,87.0400,0.000001
FILLER_0_27_33,VGND,li1,20.9300,87.0400,0.000000
FILLER_0_27_29,VGND,li1,19.7800,87.0400,0.000000
FILLER_0_27_20,VGND,li1,16.5600,87.0400,0.000000
FILLER_0_27_15,VGND,li1,13.1100,87.0400,0.000000
FILLER_0_27_3,VGND,li1,9.6600,87.0400,0.000000
FILLER_0_26_179,VGND,li1,89.7000,81.6000,0.000001
FILLER_0_26_167,VGND,li1,85.1000,81.6000,0.000002
FILLER_0_26_155,VGND,li1,79.5800,81.6000,0.000002
FILLER_0_26_151,VGND,li1,75.4400,81.6000,0.000003
FILLER_0_26_147,VGND,li1,73.6000,81.6000,0.000003
FILLER_0_26_141,VGND,li1,70.6100,81.6000,0.000004
FILLER_0_26_139,VGND,li1,69.6900,81.6000,0.000004
FILLER_0_26_135,VGND,li1,68.0800,81.6000,0.000004
FILLER_0_26_129,VGND,li1,65.5500,81.6000,0.000004
FILLER_0_26_125,VGND,li1,63.4800,81.6000,0.000004
FILLER_0_26_109,VGND,li1,57.5000,81.6000,0.000005
FILLER_0_26_97,VGND,li1,52.9000,81.6000,0.000005
FILLER_0_26_85,VGND,li1,47.3800,81.6000,0.000004
FILLER_0_26_83,VGND,li1,43.9300,81.6000,0.000004
FILLER_0_26_79,VGND,li1,42.7800,81.6000,0.000004
FILLER_0_26_67,VGND,li1,39.1000,81.6000,0.000004
FILLER_0_26_58,VGND,li1,33.1200,81.6000,0.000005
FILLER_0_26_54,VGND,li1,30.8200,81.6000,0.000006
FILLER_0_26_47,VGND,li1,27.6000,81.6000,0.000007
FILLER_0_26_43,VGND,li1,25.7600,81.6000,0.000008
FILLER_0_26_37,VGND,li1,22.7700,81.6000,0.000007
FILLER_0_26_29,VGND,li1,20.7000,81.6000,0.000006
FILLER_0_26_25,VGND,li1,17.7100,81.6000,0.000005
FILLER_0_26_18,VGND,li1,14.2600,81.6000,0.000004
FILLER_0_26_3,VGND,li1,8.7400,81.6000,0.000004
FILLER_0_25_189,VGND,li1,92.6900,81.6000,0.000001
FILLER_0_25_181,VGND,li1,90.6200,81.6000,0.000001
FILLER_0_25_169,VGND,li1,86.0200,81.6000,0.000002
FILLER_0_25_160,VGND,li1,80.9600,81.6000,0.000002
FILLER_0_25_147,VGND,li1,73.6000,81.6000,0.000003
FILLER_0_25_141,VGND,li1,71.3000,81.6000,0.000004
FILLER_0_25_133,VGND,li1,68.0800,81.6000,0.000004
FILLER_0_25_111,VGND,li1,56.8100,81.6000,0.000005
FILLER_0_25_105,VGND,li1,55.2000,81.6000,0.000005
FILLER_0_25_93,VGND,li1,51.0600,81.6000,0.000004
FILLER_0_25_81,VGND,li1,45.5400,81.6000,0.000004
FILLER_0_25_69,VGND,li1,40.0200,81.6000,0.000004
FILLER_0_25_57,VGND,li1,34.5000,81.6000,0.000005
FILLER_0_25_30,VGND,li1,20.0100,81.6000,0.000006
FILLER_0_25_22,VGND,li1,17.4800,81.6000,0.000005
FILLER_0_25_19,VGND,li1,14.4900,81.6000,0.000004
FILLER_0_25_15,VGND,li1,13.3400,81.6000,0.000004
FILLER_0_25_3,VGND,li1,9.6600,81.6000,0.000004
FILLER_0_24_179,VGND,li1,89.7000,76.1600,0.000000
FILLER_0_24_167,VGND,li1,85.1000,76.1600,0.000000
FILLER_0_24_155,VGND,li1,79.5800,76.1600,0.000000
FILLER_0_24_152,VGND,li1,75.6700,76.1600,0.000001
FILLER_0_24_148,VGND,li1,74.5200,76.1600,0.000001
FILLER_0_24_139,VGND,li1,69.6900,76.1600,0.000001
FILLER_0_24_134,VGND,li1,67.8500,76.1600,0.000001
FILLER_0_24_122,VGND,li1,64.4000,76.1600,0.000001
FILLER_0_24_118,VGND,li1,60.2600,76.1600,0.000001
FILLER_0_24_106,VGND,li1,55.2000,76.1600,0.000001
FILLER_0_24_99,VGND,li1,51.5200,76.1600,0.000001
FILLER_0_24_85,VGND,li1,47.3800,76.1600,0.000001
FILLER_0_24_76,VGND,li1,42.3200,76.1600,0.000001
FILLER_0_24_67,VGND,li1,36.8000,76.1600,0.000002
FILLER_0_24_61,VGND,li1,34.5000,76.1600,0.000002
FILLER_0_24_57,VGND,li1,32.2000,76.1600,0.000003
FILLER_0_24_53,VGND,li1,30.3600,76.1600,0.000003
FILLER_0_24_33,VGND,li1,21.1600,76.1600,0.000004
FILLER_0_24_29,VGND,li1,19.3200,76.1600,0.000005
FILLER_0_24_7,VGND,li1,8.9700,76.1600,0.000007
FILLER_0_23_189,VGND,li1,92.6900,76.1600,0.000000
FILLER_0_23_181,VGND,li1,90.6200,76.1600,0.000000
FILLER_0_23_169,VGND,li1,86.0200,76.1600,0.000000
FILLER_0_23_167,VGND,li1,82.5700,76.1600,0.000000
FILLER_0_23_161,VGND,li1,80.9600,76.1600,0.000000
FILLER_0_23_148,VGND,li1,74.0600,76.1600,0.000001
FILLER_0_23_143,VGND,li1,71.9900,76.1600,0.000001
FILLER_0_23_135,VGND,li1,67.8500,76.1600,0.000001
FILLER_0_23_129,VGND,li1,66.2400,76.1600,0.000001
FILLER_0_23_117,VGND,li1,62.1000,76.1600,0.000001
FILLER_0_23_113,VGND,li1,57.9600,76.1600,0.000001
FILLER_0_23_111,VGND,li1,56.8100,76.1600,0.000001
FILLER_0_23_99,VGND,li1,51.5200,76.1600,0.000001
FILLER_0_23_94,VGND,li1,49.4500,76.1600,0.000001
FILLER_0_23_85,VGND,li1,45.5400,76.1600,0.000001
FILLER_0_23_73,VGND,li1,41.8600,76.1600,0.000001
FILLER_0_23_61,VGND,li1,36.3400,76.1600,0.000002
FILLER_0_23_57,VGND,li1,32.2000,76.1600,0.000003
FILLER_0_23_53,VGND,li1,30.5900,76.1600,0.000003
FILLER_0_23_45,VGND,li1,26.6800,76.1600,0.000004
FILLER_0_23_39,VGND,li1,24.3800,76.1600,0.000004
FILLER_0_23_27,VGND,li1,20.7000,76.1600,0.000004
FILLER_0_23_15,VGND,li1,15.1800,76.1600,0.000006
FILLER_0_23_7,VGND,li1,10.1200,76.1600,0.000006
FILLER_0_23_3,VGND,li1,7.3600,76.1600,0.000007
FILLER_0_22_183,VGND,li1,89.9300,70.7200,0.000007
FILLER_0_22_158,VGND,li1,79.1200,70.7200,0.000011
FILLER_0_22_153,VGND,li1,76.5900,70.7200,0.000011
FILLER_0_22_141,VGND,li1,73.1400,70.7200,0.000011
FILLER_0_22_139,VGND,li1,69.6900,70.7200,0.000008
FILLER_0_22_127,VGND,li1,66.7000,70.7200,0.000007
FILLER_0_22_120,VGND,li1,61.1800,70.7200,0.000006
FILLER_0_22_108,VGND,li1,57.9600,70.7200,0.000006
FILLER_0_22_96,VGND,li1,52.4400,70.7200,0.000007
FILLER_0_22_93,VGND,li1,48.5300,70.7200,0.000007
FILLER_0_22_85,VGND,li1,46.4600,70.7200,0.000007
FILLER_0_22_80,VGND,li1,43.2400,70.7200,0.000007
FILLER_0_22_55,VGND,li1,31.7400,70.7200,0.000009
FILLER_0_22_50,VGND,li1,29.2100,70.7200,0.000009
FILLER_0_22_42,VGND,li1,26.6800,70.7200,0.000010
FILLER_0_22_38,VGND,li1,23.4600,70.7200,0.000009
FILLER_0_22_34,VGND,li1,21.6200,70.7200,0.000008
FILLER_0_22_29,VGND,li1,19.5500,70.7200,0.000007
FILLER_0_22_27,VGND,li1,18.1700,70.7200,0.000007
FILLER_0_22_23,VGND,li1,16.5600,70.7200,0.000006
FILLER_0_22_13,VGND,li1,11.9600,70.7200,0.000005
FILLER_0_22_7,VGND,li1,8.9700,70.7200,0.000005
FILLER_0_22_3,VGND,li1,7.8200,70.7200,0.000005
FILLER_0_21_189,VGND,li1,92.6900,70.7200,0.000007
FILLER_0_21_179,VGND,li1,88.3200,70.7200,0.000007
FILLER_0_21_175,VGND,li1,86.4800,70.7200,0.000008
FILLER_0_21_169,VGND,li1,84.1800,70.7200,0.000010
FILLER_0_21_164,VGND,li1,81.8800,70.7200,0.000010
FILLER_0_21_135,VGND,li1,68.3100,70.7200,0.000008
FILLER_0_21_122,VGND,li1,63.4800,70.7200,0.000006
FILLER_0_21_118,VGND,li1,60.2600,70.7200,0.000006
FILLER_0_21_104,VGND,li1,55.2000,70.7200,0.000007
FILLER_0_21_100,VGND,li1,51.9800,70.7200,0.000007
FILLER_0_21_93,VGND,li1,49.2200,70.7200,0.000007
FILLER_0_21_81,VGND,li1,45.5400,70.7200,0.000007
FILLER_0_21_77,VGND,li1,41.4000,70.7200,0.000007
FILLER_0_21_73,VGND,li1,39.5600,70.7200,0.000007
FILLER_0_21_69,VGND,li1,37.7200,70.7200,0.000009
FILLER_0_21_65,VGND,li1,35.6500,70.7200,0.000009
FILLER_0_21_53,VGND,li1,30.5900,70.7200,0.000009
FILLER_0_21_23,VGND,li1,16.3300,70.7200,0.000006
FILLER_0_21_17,VGND,li1,14.7200,70.7200,0.000005
FILLER_0_21_3,VGND,li1,9.6600,70.7200,0.000005
FILLER_0_20_185,VGND,li1,91.0800,65.2800,0.000008
FILLER_0_20_181,VGND,li1,89.2400,65.2800,0.000008
FILLER_0_20_177,VGND,li1,87.4000,65.2800,0.000008
FILLER_0_20_153,VGND,li1,76.1300,65.2800,0.000008
FILLER_0_20_141,VGND,li1,73.1400,65.2800,0.000007
FILLER_0_20_136,VGND,li1,69.0000,65.2800,0.000006
FILLER_0_20_132,VGND,li1,66.7000,65.2800,0.000005
FILLER_0_20_128,VGND,li1,64.6300,65.2800,0.000004
FILLER_0_20_116,VGND,li1,61.6400,65.2800,0.000005
FILLER_0_20_104,VGND,li1,56.1200,65.2800,0.000005
FILLER_0_20_97,VGND,li1,50.6000,65.2800,0.000006
FILLER_0_20_85,VGND,li1,47.3800,65.2800,0.000006
FILLER_0_20_82,VGND,li1,43.7000,65.2800,0.000006
FILLER_0_20_78,VGND,li1,41.8600,65.2800,0.000007
FILLER_0_20_74,VGND,li1,40.0200,65.2800,0.000007
FILLER_0_20_70,VGND,li1,38.1800,65.2800,0.000007
FILLER_0_20_64,VGND,li1,35.6500,65.2800,0.000009
FILLER_0_20_59,VGND,li1,33.1200,65.2800,0.000011
FILLER_0_20_33,VGND,li1,21.3900,65.2800,0.000008
FILLER_0_20_29,VGND,li1,19.0900,65.2800,0.000007
FILLER_0_20_27,VGND,li1,18.1700,65.2800,0.000007
FILLER_0_20_15,VGND,li1,15.1800,65.2800,0.000006
FILLER_0_20_3,VGND,li1,9.6600,65.2800,0.000005
FILLER_0_19_166,VGND,li1,82.3400,65.2800,0.000010
FILLER_0_19_152,VGND,li1,78.2000,65.2800,0.000009
FILLER_0_19_140,VGND,li1,72.6800,65.2800,0.000007
FILLER_0_19_135,VGND,li1,68.0800,65.2800,0.000006
FILLER_0_19_123,VGND,li1,64.8600,65.2800,0.000004
FILLER_0_19_117,VGND,li1,60.2600,65.2800,0.000005
FILLER_0_19_113,VGND,li1,57.9600,65.2800,0.000005
FILLER_0_19_105,VGND,li1,54.2800,65.2800,0.000005
FILLER_0_19_93,VGND,li1,49.6800,65.2800,0.000006
FILLER_0_19_72,VGND,li1,38.8700,65.2800,0.000007
FILLER_0_19_68,VGND,li1,37.2600,65.2800,0.000009
FILLER_0_19_63,VGND,li1,34.7300,65.2800,0.000011
FILLER_0_19_54,VGND,li1,30.8200,65.2800,0.000011
FILLER_0_19_42,VGND,li1,27.6000,65.2800,0.000012
FILLER_0_19_30,VGND,li1,22.0800,65.2800,0.000009
FILLER_0_19_22,VGND,li1,16.3300,65.2800,0.000006
FILLER_0_19_15,VGND,li1,12.8800,65.2800,0.000005
FILLER_0_19_3,VGND,li1,9.6600,65.2800,0.000005
FILLER_0_18_186,VGND,li1,91.3100,59.8400,0.000015
FILLER_0_18_182,VGND,li1,90.1600,59.8400,0.000015
FILLER_0_18_178,VGND,li1,87.8600,59.8400,0.000015
FILLER_0_18_169,VGND,li1,83.4900,59.8400,0.000022
FILLER_0_18_165,VGND,li1,82.3400,59.8400,0.000025
FILLER_0_18_154,VGND,li1,77.7400,59.8400,0.000031
FILLER_0_18_150,VGND,li1,74.9800,59.8400,0.000034
FILLER_0_18_141,VGND,li1,71.3000,59.8400,0.000041
FILLER_0_18_136,VGND,li1,69.0000,59.8400,0.000044
FILLER_0_18_132,VGND,li1,66.7000,59.8400,0.000039
FILLER_0_18_123,VGND,li1,62.7900,59.8400,0.000031
FILLER_0_18_119,VGND,li1,60.7200,59.8400,0.000032
FILLER_0_18_115,VGND,li1,58.8800,59.8400,0.000033
FILLER_0_18_107,VGND,li1,56.5800,59.8400,0.000034
FILLER_0_18_97,VGND,li1,51.9800,59.8400,0.000036
FILLER_0_18_85,VGND,li1,47.3800,59.8400,0.000038
FILLER_0_18_76,VGND,li1,42.3200,59.8400,0.000038
FILLER_0_18_52,VGND,li1,30.3600,59.8400,0.000040
FILLER_0_18_41,VGND,li1,25.7600,59.8400,0.000033
FILLER_0_18_37,VGND,li1,23.0000,59.8400,0.000029
FILLER_0_18_33,VGND,li1,21.1600,59.8400,0.000027
FILLER_0_18_27,VGND,li1,18.1700,59.8400,0.000020
FILLER_0_18_21,VGND,li1,16.5600,59.8400,0.000020
FILLER_0_18_17,VGND,li1,13.8000,59.8400,0.000014
FILLER_0_18_10,VGND,li1,10.5800,59.8400,0.000014
FILLER_0_18_7,VGND,li1,8.9700,59.8400,0.000014
FILLER_0_18_3,VGND,li1,7.8200,59.8400,0.000014
FILLER_0_17_189,VGND,li1,92.6900,59.8400,0.000015
FILLER_0_17_181,VGND,li1,90.6200,59.8400,0.000015
FILLER_0_17_169,VGND,li1,86.0200,59.8400,0.000019
FILLER_0_17_164,VGND,li1,81.4200,59.8400,0.000025
FILLER_0_17_154,VGND,li1,77.0500,59.8400,0.000031
FILLER_0_17_146,VGND,li1,72.9100,59.8400,0.000037
FILLER_0_17_124,VGND,li1,63.0200,59.8400,0.000031
FILLER_0_17_106,VGND,li1,54.5100,59.8400,0.000035
FILLER_0_17_102,VGND,li1,53.3600,59.8400,0.000036
FILLER_0_17_57,VGND,li1,32.2000,59.8400,0.000042
FILLER_0_17_52,VGND,li1,30.3600,59.8400,0.000040
FILLER_0_17_40,VGND,li1,26.6800,59.8400,0.000033
FILLER_0_17_35,VGND,li1,22.0800,59.8400,0.000027
FILLER_0_17_23,VGND,li1,18.8600,59.8400,0.000023
FILLER_0_17_19,VGND,li1,14.7200,59.8400,0.000018
FILLER_0_17_15,VGND,li1,12.6500,59.8400,0.000014
FILLER_0_17_3,VGND,li1,9.6600,59.8400,0.000014
FILLER_0_16_179,VGND,li1,89.7000,54.4000,0.000002
FILLER_0_16_166,VGND,li1,83.2600,54.4000,0.000002
FILLER_0_16_162,VGND,li1,80.5000,54.4000,0.000003
FILLER_0_16_151,VGND,li1,76.3600,54.4000,0.000003
FILLER_0_16_147,VGND,li1,73.6000,54.4000,0.000003
FILLER_0_16_116,VGND,li1,59.1100,54.4000,0.000004
FILLER_0_16_112,VGND,li1,57.5000,54.4000,0.000004
FILLER_0_16_108,VGND,li1,55.6600,54.4000,0.000004
FILLER_0_16_98,VGND,li1,50.8300,54.4000,0.000004
FILLER_0_16_92,VGND,li1,49.2200,54.4000,0.000004
FILLER_0_16_79,VGND,li1,42.5500,54.4000,0.000003
FILLER_0_16_67,VGND,li1,39.1000,54.4000,0.000003
FILLER_0_16_63,VGND,li1,34.7300,54.4000,0.000003
FILLER_0_16_54,VGND,li1,31.0500,54.4000,0.000004
FILLER_0_16_42,VGND,li1,27.6000,54.4000,0.000004
FILLER_0_16_37,VGND,li1,23.0000,54.4000,0.000005
FILLER_0_16_29,VGND,li1,20.7000,54.4000,0.000006
FILLER_0_16_27,VGND,li1,18.1700,54.4000,0.000006
FILLER_0_16_15,VGND,li1,15.1800,54.4000,0.000005
FILLER_0_16_3,VGND,li1,9.6600,54.4000,0.000004
FILLER_0_15_189,VGND,li1,92.6900,54.4000,0.000002
FILLER_0_15_177,VGND,li1,89.7000,54.4000,0.000002
FILLER_0_15_169,VGND,li1,83.9500,54.4000,0.000002
FILLER_0_15_165,VGND,li1,82.1100,54.4000,0.000003
FILLER_0_15_153,VGND,li1,78.6600,54.4000,0.000003
FILLER_0_15_141,VGND,li1,73.1400,54.4000,0.000003
FILLER_0_15_137,VGND,li1,69.0000,54.4000,0.000004
FILLER_0_15_125,VGND,li1,65.7800,54.4000,0.000004
FILLER_0_15_121,VGND,li1,61.6400,54.4000,0.000004
FILLER_0_15_107,VGND,li1,55.4300,54.4000,0.000004
FILLER_0_15_103,VGND,li1,53.3600,54.4000,0.000004
FILLER_0_15_91,VGND,li1,50.1400,54.4000,0.000004
FILLER_0_15_87,VGND,li1,46.0000,54.4000,0.000003
FILLER_0_15_82,VGND,li1,43.4700,54.4000,0.000003
FILLER_0_15_76,VGND,li1,41.8600,54.4000,0.000003
FILLER_0_15_72,VGND,li1,39.1000,54.4000,0.000003
FILLER_0_15_66,VGND,li1,36.1100,54.4000,0.000003
FILLER_0_15_60,VGND,li1,34.5000,54.4000,0.000003
FILLER_0_15_55,VGND,li1,31.0500,54.4000,0.000004
FILLER_0_15_49,VGND,li1,29.4400,54.4000,0.000004
FILLER_0_15_37,VGND,li1,25.3000,54.4000,0.000005
FILLER_0_15_15,VGND,li1,12.8800,54.4000,0.000004
FILLER_0_15_3,VGND,li1,9.6600,54.4000,0.000004
FILLER_0_14_185,VGND,li1,91.0800,48.9600,0.000005
FILLER_0_14_177,VGND,li1,88.7800,48.9600,0.000005
FILLER_0_14_165,VGND,li1,84.1800,48.9600,0.000008
FILLER_0_14_153,VGND,li1,78.6600,48.9600,0.000011
FILLER_0_14_141,VGND,li1,73.1400,48.9600,0.000014
FILLER_0_14_132,VGND,li1,68.0800,48.9600,0.000016
FILLER_0_14_120,VGND,li1,63.4800,48.9600,0.000019
FILLER_0_14_108,VGND,li1,57.9600,48.9600,0.000034
FILLER_0_14_85,VGND,li1,45.3100,48.9600,0.000043
FILLER_0_14_80,VGND,li1,42.7800,48.9600,0.000037
FILLER_0_14_72,VGND,li1,40.4800,48.9600,0.000025
FILLER_0_14_60,VGND,li1,35.8800,48.9600,0.000024
FILLER_0_14_56,VGND,li1,31.7400,48.9600,0.000022
FILLER_0_14_49,VGND,li1,28.2900,48.9600,0.000021
FILLER_0_14_41,VGND,li1,26.2200,48.9600,0.000020
FILLER_0_14_29,VGND,li1,21.6200,48.9600,0.000017
FILLER_0_14_27,VGND,li1,18.1700,48.9600,0.000015
FILLER_0_14_15,VGND,li1,15.1800,48.9600,0.000012
FILLER_0_14_3,VGND,li1,9.6600,48.9600,0.000010
FILLER_0_13_189,VGND,li1,92.6900,48.9600,0.000005
FILLER_0_13_181,VGND,li1,90.6200,48.9600,0.000005
FILLER_0_13_169,VGND,li1,86.0200,48.9600,0.000007
FILLER_0_13_166,VGND,li1,82.3400,48.9600,0.000009
FILLER_0_13_154,VGND,li1,79.1200,48.9600,0.000011
FILLER_0_13_142,VGND,li1,73.6000,48.9600,0.000014
FILLER_0_13_130,VGND,li1,68.0800,48.9600,0.000016
FILLER_0_13_126,VGND,li1,63.9400,48.9600,0.000019
FILLER_0_13_120,VGND,li1,61.1800,48.9600,0.000025
FILLER_0_13_117,VGND,li1,59.5700,48.9600,0.000030
FILLER_0_13_113,VGND,li1,58.4200,48.9600,0.000030
FILLER_0_13_110,VGND,li1,56.5800,48.9600,0.000034
FILLER_0_13_98,VGND,li1,53.3600,48.9600,0.000042
FILLER_0_13_94,VGND,li1,49.2200,48.9600,0.000053
FILLER_0_13_61,VGND,li1,33.8100,48.9600,0.000023
FILLER_0_13_57,VGND,li1,32.6600,48.9600,0.000022
FILLER_0_13_55,VGND,li1,31.0500,48.9600,0.000021
FILLER_0_13_43,VGND,li1,28.0600,48.9600,0.000021
FILLER_0_13_19,VGND,li1,14.4900,48.9600,0.000010
FILLER_0_13_15,VGND,li1,13.3400,48.9600,0.000010
FILLER_0_13_3,VGND,li1,9.6600,48.9600,0.000010
FILLER_0_12_178,VGND,li1,88.7800,43.5200,0.000003
FILLER_0_12_169,VGND,li1,84.1800,43.5200,0.000005
FILLER_0_12_157,VGND,li1,80.5000,43.5200,0.000005
FILLER_0_12_145,VGND,li1,74.9800,43.5200,0.000007
FILLER_0_12_141,VGND,li1,70.8400,43.5200,0.000008
FILLER_0_12_138,VGND,li1,69.4600,43.5200,0.000009
FILLER_0_12_115,VGND,li1,59.1100,43.5200,0.000013
FILLER_0_12_111,VGND,li1,57.0400,43.5200,0.000014
FILLER_0_12_85,VGND,li1,44.8500,43.5200,0.000022
FILLER_0_12_83,VGND,li1,43.9300,43.5200,0.000022
FILLER_0_12_79,VGND,li1,42.3200,43.5200,0.000024
FILLER_0_12_73,VGND,li1,39.7900,43.5200,0.000025
FILLER_0_12_58,VGND,li1,32.6600,43.5200,0.000031
FILLER_0_12_53,VGND,li1,30.5900,43.5200,0.000029
FILLER_0_12_45,VGND,li1,28.0600,43.5200,0.000027
FILLER_0_12_33,VGND,li1,23.4600,43.5200,0.000022
FILLER_0_12_29,VGND,li1,19.3200,43.5200,0.000020
FILLER_0_12_24,VGND,li1,17.0200,43.5200,0.000018
FILLER_0_12_3,VGND,li1,9.6600,43.5200,0.000014
FILLER_0_11_180,VGND,li1,89.2400,43.5200,0.000003
FILLER_0_11_169,VGND,li1,85.1000,43.5200,0.000004
FILLER_0_11_160,VGND,li1,80.9600,43.5200,0.000005
FILLER_0_11_148,VGND,li1,76.3600,43.5200,0.000007
FILLER_0_11_144,VGND,li1,72.2200,43.5200,0.000008
FILLER_0_11_138,VGND,li1,69.6900,43.5200,0.000009
FILLER_0_11_134,VGND,li1,67.6200,43.5200,0.000010
FILLER_0_11_130,VGND,li1,65.7800,43.5200,0.000010
FILLER_0_11_117,VGND,li1,60.0300,43.5200,0.000011
FILLER_0_11_113,VGND,li1,57.9600,43.5200,0.000013
FILLER_0_11_108,VGND,li1,55.6600,43.5200,0.000014
FILLER_0_11_104,VGND,li1,53.8200,43.5200,0.000015
FILLER_0_11_100,VGND,li1,51.9800,43.5200,0.000017
FILLER_0_11_92,VGND,li1,48.3000,43.5200,0.000020
FILLER_0_11_89,VGND,li1,46.6900,43.5200,0.000020
FILLER_0_11_81,VGND,li1,44.6200,43.5200,0.000022
FILLER_0_11_77,VGND,li1,41.4000,43.5200,0.000024
FILLER_0_11_55,VGND,li1,31.0500,43.5200,0.000029
FILLER_0_11_43,VGND,li1,28.0600,43.5200,0.000027
FILLER_0_11_39,VGND,li1,23.9200,43.5200,0.000024
FILLER_0_11_35,VGND,li1,22.0800,43.5200,0.000022
FILLER_0_11_3,VGND,li1,7.5900,43.5200,0.000014
FILLER_0_10_185,VGND,li1,90.8500,38.0800,0.000008
FILLER_0_10_177,VGND,li1,87.6300,38.0800,0.000011
FILLER_0_10_172,VGND,li1,85.3300,38.0800,0.000012
FILLER_0_10_164,VGND,li1,82.8000,38.0800,0.000015
FILLER_0_10_152,VGND,li1,78.2000,38.0800,0.000017
FILLER_0_10_148,VGND,li1,74.0600,38.0800,0.000022
FILLER_0_10_141,VGND,li1,70.8400,38.0800,0.000025
FILLER_0_10_136,VGND,li1,68.5400,38.0800,0.000027
FILLER_0_10_129,VGND,li1,65.3200,38.0800,0.000029
FILLER_0_10_125,VGND,li1,63.4800,38.0800,0.000036
FILLER_0_10_102,VGND,li1,53.1300,38.0800,0.000028
FILLER_0_10_97,VGND,li1,50.8300,38.0800,0.000026
FILLER_0_10_85,VGND,li1,47.3800,38.0800,0.000024
FILLER_0_10_82,VGND,li1,43.7000,38.0800,0.000021
FILLER_0_10_70,VGND,li1,40.4800,38.0800,0.000016
FILLER_0_10_66,VGND,li1,36.3400,38.0800,0.000018
FILLER_0_10_61,VGND,li1,33.8100,38.0800,0.000019
FILLER_0_10_36,VGND,li1,22.5400,38.0800,0.000020
FILLER_0_10_32,VGND,li1,20.7000,38.0800,0.000019
FILLER_0_10_27,VGND,li1,18.1700,38.0800,0.000017
FILLER_0_10_21,VGND,li1,15.8700,38.0800,0.000016
FILLER_0_10_12,VGND,li1,11.5000,38.0800,0.000012
FILLER_0_10_9,VGND,li1,9.8900,38.0800,0.000012
FILLER_0_10_3,VGND,li1,8.2800,38.0800,0.000012
FILLER_0_9_184,VGND,li1,91.5400,38.0800,0.000008
FILLER_0_9_176,VGND,li1,86.7100,38.0800,0.000011
FILLER_0_9_172,VGND,li1,85.1000,38.0800,0.000012
FILLER_0_9_164,VGND,li1,81.4200,38.0800,0.000015
FILLER_0_9_152,VGND,li1,78.2000,38.0800,0.000017
FILLER_0_9_148,VGND,li1,74.0600,38.0800,0.000022
FILLER_0_9_144,VGND,li1,72.2200,38.0800,0.000023
FILLER_0_9_141,VGND,li1,70.6100,38.0800,0.000025
FILLER_0_9_137,VGND,li1,69.4600,38.0800,0.000025
FILLER_0_9_133,VGND,li1,67.1600,38.0800,0.000027
FILLER_0_9_111,VGND,li1,56.8100,38.0800,0.000033
FILLER_0_9_104,VGND,li1,53.8200,38.0800,0.000031
FILLER_0_9_91,VGND,li1,49.2200,38.0800,0.000026
FILLER_0_9_79,VGND,li1,44.6200,38.0800,0.000021
FILLER_0_9_75,VGND,li1,40.4800,38.0800,0.000016
FILLER_0_9_69,VGND,li1,37.9500,38.0800,0.000018
FILLER_0_9_57,VGND,li1,34.5000,38.0800,0.000019
FILLER_0_9_34,VGND,li1,21.6200,38.0800,0.000019
FILLER_0_9_11,VGND,li1,11.2700,38.0800,0.000012
FILLER_0_9_3,VGND,li1,8.7400,38.0800,0.000012
FILLER_0_8_185,VGND,li1,90.8500,32.6400,0.000003
FILLER_0_8_179,VGND,li1,88.7800,32.6400,0.000003
FILLER_0_8_175,VGND,li1,86.4800,32.6400,0.000003
FILLER_0_8_170,VGND,li1,84.4100,32.6400,0.000004
FILLER_0_8_162,VGND,li1,81.8800,32.6400,0.000005
FILLER_0_8_158,VGND,li1,78.6600,32.6400,0.000005
FILLER_0_8_145,VGND,li1,72.4500,32.6400,0.000007
FILLER_0_8_141,VGND,li1,70.8400,32.6400,0.000006
FILLER_0_8_136,VGND,li1,68.5400,32.6400,0.000005
FILLER_0_8_132,VGND,li1,66.7000,32.6400,0.000004
FILLER_0_8_107,VGND,li1,55.2000,32.6400,0.000004
FILLER_0_8_99,VGND,li1,52.4400,32.6400,0.000004
FILLER_0_8_95,VGND,li1,49.6800,32.6400,0.000003
FILLER_0_8_85,VGND,li1,45.5400,32.6400,0.000003
FILLER_0_8_81,VGND,li1,43.0100,32.6400,0.000003
FILLER_0_8_69,VGND,li1,40.0200,32.6400,0.000003
FILLER_0_8_61,VGND,li1,34.0400,32.6400,0.000005
FILLER_0_8_54,VGND,li1,30.8200,32.6400,0.000005
FILLER_0_8_29,VGND,li1,19.3200,32.6400,0.000005
FILLER_0_8_27,VGND,li1,18.1700,32.6400,0.000005
FILLER_0_8_23,VGND,li1,16.5600,32.6400,0.000004
FILLER_0_8_15,VGND,li1,13.8000,32.6400,0.000003
FILLER_0_8_3,VGND,li1,9.6600,32.6400,0.000003
FILLER_0_7_188,VGND,li1,92.4600,32.6400,0.000003
FILLER_0_7_169,VGND,li1,83.7200,32.6400,0.000004
FILLER_0_7_165,VGND,li1,82.1100,32.6400,0.000005
FILLER_0_7_161,VGND,li1,79.8100,32.6400,0.000005
FILLER_0_7_133,VGND,li1,67.1600,32.6400,0.000005
FILLER_0_7_128,VGND,li1,65.0900,32.6400,0.000004
FILLER_0_7_124,VGND,li1,63.0200,32.6400,0.000004
FILLER_0_7_120,VGND,li1,61.1800,32.6400,0.000004
FILLER_0_7_113,VGND,li1,57.9600,32.6400,0.000004
FILLER_0_7_109,VGND,li1,55.8900,32.6400,0.000004
FILLER_0_7_101,VGND,li1,53.8200,32.6400,0.000004
FILLER_0_7_97,VGND,li1,50.6000,32.6400,0.000004
FILLER_0_7_93,VGND,li1,48.5300,32.6400,0.000003
FILLER_0_7_81,VGND,li1,45.5400,32.6400,0.000003
FILLER_0_7_69,VGND,li1,40.0200,32.6400,0.000003
FILLER_0_7_57,VGND,li1,34.5000,32.6400,0.000005
FILLER_0_7_53,VGND,li1,30.5900,32.6400,0.000005
FILLER_0_7_46,VGND,li1,27.1400,32.6400,0.000006
FILLER_0_7_42,VGND,li1,25.3000,32.6400,0.000007
FILLER_0_7_27,VGND,li1,18.1700,32.6400,0.000005
FILLER_0_7_15,VGND,li1,15.1800,32.6400,0.000003
FILLER_0_7_3,VGND,li1,9.6600,32.6400,0.000003
FILLER_0_6_183,VGND,li1,90.3900,27.2000,0.000000
FILLER_0_6_179,VGND,li1,88.3200,27.2000,0.000000
FILLER_0_6_175,VGND,li1,86.4800,27.2000,0.000001
FILLER_0_6_171,VGND,li1,84.6400,27.2000,0.000001
FILLER_0_6_167,VGND,li1,82.8000,27.2000,0.000001
FILLER_0_6_159,VGND,li1,80.0400,27.2000,0.000001
FILLER_0_6_155,VGND,li1,77.2800,27.2000,0.000001
FILLER_0_6_151,VGND,li1,75.4400,27.2000,0.000001
FILLER_0_6_141,VGND,li1,72.2200,27.2000,0.000001
FILLER_0_6_129,VGND,li1,65.0900,27.2000,0.000001
FILLER_0_6_124,VGND,li1,63.2500,27.2000,0.000002
FILLER_0_6_112,VGND,li1,59.8000,27.2000,0.000002
FILLER_0_6_108,VGND,li1,55.6600,27.2000,0.000003
FILLER_0_6_102,VGND,li1,52.6700,27.2000,0.000004
FILLER_0_6_98,VGND,li1,51.5200,27.2000,0.000004
FILLER_0_6_93,VGND,li1,48.9900,27.2000,0.000004
FILLER_0_6_85,VGND,li1,46.4600,27.2000,0.000005
FILLER_0_6_76,VGND,li1,42.3200,27.2000,0.000005
FILLER_0_6_72,VGND,li1,39.1000,27.2000,0.000003
FILLER_0_6_64,VGND,li1,36.8000,27.2000,0.000003
FILLER_0_6_52,VGND,li1,32.2000,27.2000,0.000002
FILLER_0_6_48,VGND,li1,28.0600,27.2000,0.000002
FILLER_0_6_44,VGND,li1,26.2200,27.2000,0.000002
FILLER_0_6_29,VGND,li1,20.2400,27.2000,0.000001
FILLER_0_6_27,VGND,li1,18.1700,27.2000,0.000001
FILLER_0_6_23,VGND,li1,16.5600,27.2000,0.000001
FILLER_0_6_19,VGND,li1,14.7200,27.2000,0.000001
FILLER_0_6_3,VGND,li1,8.7400,27.2000,0.000001
FILLER_0_5_187,VGND,li1,92.2300,27.2000,0.000000
FILLER_0_5_183,VGND,li1,90.1600,27.2000,0.000000
FILLER_0_5_177,VGND,li1,87.8600,27.2000,0.000000
FILLER_0_5_165,VGND,li1,82.1100,27.2000,0.000001
FILLER_0_5_161,VGND,li1,80.0400,27.2000,0.000001
FILLER_0_5_153,VGND,li1,77.2800,27.2000,0.000001
FILLER_0_5_141,VGND,li1,73.1400,27.2000,0.000001
FILLER_0_5_137,VGND,li1,69.0000,27.2000,0.000001
FILLER_0_5_133,VGND,li1,67.1600,27.2000,0.000001
FILLER_0_5_125,VGND,li1,64.4000,27.2000,0.000002
FILLER_0_5_113,VGND,li1,60.2600,27.2000,0.000002
FILLER_0_5_106,VGND,li1,55.6600,27.2000,0.000003
FILLER_0_5_102,VGND,li1,52.9000,27.2000,0.000004
FILLER_0_5_74,VGND,li1,39.7900,27.2000,0.000003
FILLER_0_5_65,VGND,li1,35.6500,27.2000,0.000003
FILLER_0_5_57,VGND,li1,33.5800,27.2000,0.000003
FILLER_0_5_55,VGND,li1,31.0500,27.2000,0.000002
FILLER_0_5_47,VGND,li1,28.9800,27.2000,0.000002
FILLER_0_5_35,VGND,li1,24.3800,27.2000,0.000002
FILLER_0_5_23,VGND,li1,18.8600,27.2000,0.000001
FILLER_0_5_19,VGND,li1,14.7200,27.2000,0.000001
FILLER_0_5_9,VGND,li1,9.8900,27.2000,0.000001
FILLER_0_5_3,VGND,li1,8.2800,27.2000,0.000001
FILLER_0_4_182,VGND,li1,89.7000,21.7600,0.000002
FILLER_0_4_178,VGND,li1,87.8600,21.7600,0.000002
FILLER_0_4_169,VGND,li1,84.1800,21.7600,0.000002
FILLER_0_4_165,VGND,li1,81.8800,21.7600,0.000002
FILLER_0_4_159,VGND,li1,79.5800,21.7600,0.000002
FILLER_0_4_155,VGND,li1,77.2800,21.7600,0.000003
FILLER_0_4_148,VGND,li1,74.0600,21.7600,0.000003
FILLER_0_4_145,VGND,li1,72.4500,21.7600,0.000003
FILLER_0_4_141,VGND,li1,71.3000,21.7600,0.000003
FILLER_0_4_139,VGND,li1,69.6900,21.7600,0.000003
FILLER_0_4_133,VGND,li1,68.0800,21.7600,0.000003
FILLER_0_4_129,VGND,li1,65.3200,21.7600,0.000004
FILLER_0_4_122,VGND,li1,62.1000,21.7600,0.000005
FILLER_0_4_119,VGND,li1,60.4900,21.7600,0.000006
FILLER_0_4_111,VGND,li1,58.4200,21.7600,0.000007
FILLER_0_4_106,VGND,li1,54.9700,21.7600,0.000008
FILLER_0_4_78,VGND,li1,42.3200,21.7600,0.000007
FILLER_0_4_75,VGND,li1,40.2500,21.7600,0.000006
FILLER_0_4_71,VGND,li1,39.1000,21.7600,0.000006
FILLER_0_4_67,VGND,li1,36.8000,21.7600,0.000007
FILLER_0_4_60,VGND,li1,33.3500,21.7600,0.000007
FILLER_0_4_48,VGND,li1,30.3600,21.7600,0.000008
FILLER_0_4_36,VGND,li1,24.8400,21.7600,0.000009
FILLER_0_4_32,VGND,li1,20.7000,21.7600,0.000007
FILLER_0_4_27,VGND,li1,18.1700,21.7600,0.000006
FILLER_0_4_15,VGND,li1,15.1800,21.7600,0.000005
FILLER_0_4_3,VGND,li1,9.6600,21.7600,0.000004
FILLER_0_3_180,VGND,li1,88.7800,21.7600,0.000002
FILLER_0_3_177,VGND,li1,87.1700,21.7600,0.000002
FILLER_0_3_169,VGND,li1,85.1000,21.7600,0.000002
FILLER_0_3_162,VGND,li1,81.4200,21.7600,0.000002
FILLER_0_3_150,VGND,li1,77.2800,21.7600,0.000003
FILLER_0_3_138,VGND,li1,71.7600,21.7600,0.000003
FILLER_0_3_134,VGND,li1,67.6200,21.7600,0.000004
FILLER_0_3_126,VGND,li1,64.1700,21.7600,0.000004
FILLER_0_3_122,VGND,li1,62.1000,21.7600,0.000005
FILLER_0_3_118,VGND,li1,60.2600,21.7600,0.000006
FILLER_0_3_85,VGND,li1,45.5400,21.7600,0.000009
FILLER_0_3_77,VGND,li1,41.1700,21.7600,0.000007
FILLER_0_3_69,VGND,li1,39.1000,21.7600,0.000006
FILLER_0_3_66,VGND,li1,36.1100,21.7600,0.000007
FILLER_0_3_60,VGND,li1,34.5000,21.7600,0.000007
FILLER_0_3_54,VGND,li1,30.8200,21.7600,0.000008
FILLER_0_3_19,VGND,li1,17.0200,21.7600,0.000006
FILLER_0_3_15,VGND,li1,12.8800,21.7600,0.000004
FILLER_0_3_3,VGND,li1,7.5900,21.7600,0.000004
FILLER_0_2_184,VGND,li1,90.6200,16.3200,0.000001
FILLER_0_2_177,VGND,li1,87.4000,16.3200,0.000002
FILLER_0_2_165,VGND,li1,84.1800,16.3200,0.000002
FILLER_0_2_153,VGND,li1,78.6600,16.3200,0.000003
FILLER_0_2_141,VGND,li1,73.1400,16.3200,0.000003
FILLER_0_2_139,VGND,li1,69.6900,16.3200,0.000004
FILLER_0_2_131,VGND,li1,67.6200,16.3200,0.000004
FILLER_0_2_127,VGND,li1,64.4000,16.3200,0.000004
FILLER_0_2_123,VGND,li1,62.5600,16.3200,0.000006
FILLER_0_2_90,VGND,li1,47.3800,16.3200,0.000009
FILLER_0_2_53,VGND,li1,31.7400,16.3200,0.000006
FILLER_0_2_41,VGND,li1,27.1400,16.3200,0.000005
FILLER_0_2_29,VGND,li1,21.6200,16.3200,0.000004
FILLER_0_2_25,VGND,li1,17.7100,16.3200,0.000003
FILLER_0_2_19,VGND,li1,14.4900,16.3200,0.000002
FILLER_0_2_11,VGND,li1,12.4200,16.3200,0.000002
FILLER_0_2_3,VGND,li1,8.2800,16.3200,0.000002
FILLER_0_1_189,VGND,li1,92.6900,16.3200,0.000001
FILLER_0_1_181,VGND,li1,90.6200,16.3200,0.000001
FILLER_0_1_169,VGND,li1,86.0200,16.3200,0.000002
FILLER_0_1_164,VGND,li1,81.8800,16.3200,0.000002
FILLER_0_1_152,VGND,li1,78.2000,16.3200,0.000003
FILLER_0_1_148,VGND,li1,74.0600,16.3200,0.000003
FILLER_0_1_145,VGND,li1,72.4500,16.3200,0.000003
FILLER_0_1_133,VGND,li1,69.4600,16.3200,0.000004
FILLER_0_1_129,VGND,li1,65.3200,16.3200,0.000004
FILLER_0_1_125,VGND,li1,63.4800,16.3200,0.000004
FILLER_0_1_121,VGND,li1,61.6400,16.3200,0.000006
FILLER_0_1_107,VGND,li1,55.4300,16.3200,0.000009
FILLER_0_1_97,VGND,li1,50.6000,16.3200,0.000010
FILLER_0_1_85,VGND,li1,47.3800,16.3200,0.000009
FILLER_0_1_81,VGND,li1,43.2400,16.3200,0.000008
FILLER_0_1_69,VGND,li1,40.0200,16.3200,0.000007
FILLER_0_1_57,VGND,li1,34.5000,16.3200,0.000006
FILLER_0_1_51,VGND,li1,29.6700,16.3200,0.000005
FILLER_0_1_39,VGND,li1,26.2200,16.3200,0.000005
FILLER_0_1_27,VGND,li1,20.7000,16.3200,0.000004
FILLER_0_1_15,VGND,li1,15.1800,16.3200,0.000002
FILLER_0_1_3,VGND,li1,9.6600,16.3200,0.000002
FILLER_0_0_185,VGND,li1,90.8500,10.8800,0.000001
FILLER_0_0_181,VGND,li1,89.7000,10.8800,0.000001
FILLER_0_0_169,VGND,li1,86.0200,10.8800,0.000001
FILLER_0_0_165,VGND,li1,82.1100,10.8800,0.000001
FILLER_0_0_157,VGND,li1,79.5800,10.8800,0.000001
FILLER_0_0_149,VGND,li1,74.2900,10.8800,0.000002
FILLER_0_0_145,VGND,li1,72.6800,10.8800,0.000002
FILLER_0_0_141,VGND,li1,70.8400,10.8800,0.000002
FILLER_0_0_137,VGND,li1,69.2300,10.8800,0.000002
FILLER_0_0_125,VGND,li1,65.7800,10.8800,0.000002
FILLER_0_0_113,VGND,li1,60.2600,10.8800,0.000004
FILLER_0_0_89,VGND,li1,46.9200,10.8800,0.000005
FILLER_0_0_85,VGND,li1,45.0800,10.8800,0.000004
FILLER_0_0_83,VGND,li1,43.9300,10.8800,0.000003
FILLER_0_0_77,VGND,li1,42.3200,10.8800,0.000003
FILLER_0_0_65,VGND,li1,38.1800,10.8800,0.000002
FILLER_0_0_61,VGND,li1,34.0400,10.8800,0.000002
FILLER_0_0_57,VGND,li1,32.2000,10.8800,0.000002
FILLER_0_0_54,VGND,li1,30.8200,10.8800,0.000002
FILLER_0_0_47,VGND,li1,27.3700,10.8800,0.000001
FILLER_0_0_41,VGND,li1,25.7600,10.8800,0.000001
FILLER_0_0_29,VGND,li1,21.6200,10.8800,0.000001
FILLER_0_0_27,VGND,li1,18.1700,10.8800,0.000001
FILLER_0_0_15,VGND,li1,15.1800,10.8800,0.000001
FILLER_0_0_3,VGND,li1,9.6600,10.8800,0.000001
ANTENNA_6,VGND,li1,21.6200,21.7600,0.000008
ANTENNA_5,VGND,li1,66.2400,32.6400,0.000004
ANTENNA_4,VGND,li1,64.4000,38.0800,0.000029
ANTENNA_3,VGND,li1,9.6600,59.8400,0.000014
ANTENNA_2,VGND,li1,81.4200,65.2800,0.000010
ANTENNA_1,VGND,li1,46.0000,10.8800,0.000004
ANTENNA__370__A,VGND,li1,13.8000,65.2800,0.000005
ANTENNA_output5_A,VGND,li1,89.2400,27.2000,0.000000
ANTENNA_output2_A,VGND,li1,90.6200,43.5200,0.000003
ANTENNA__295__A,VGND,li1,43.7000,21.7600,0.000008
ANTENNA__306__A,VGND,li1,51.5200,16.3200,0.000010
ANTENNA__317__A,VGND,li1,12.8800,70.7200,0.000005
ANTENNA__328__A,VGND,li1,51.5200,65.2800,0.000006
ANTENNA__329__A,VGND,li1,79.5800,32.6400,0.000005
ANTENNA__162__A,VGND,li1,56.1200,21.7600,0.000008
ANTENNA__168__A1_N,VGND,li1,50.6000,76.1600,0.000001
ANTENNA__171__A1,VGND,li1,25.7600,76.1600,0.000004
ANTENNA__173__A1,VGND,li1,50.1400,27.2000,0.000004
ANTENNA_hold1_A,VGND,li1,31.7400,43.5200,0.000029
ANTENNA__184__A1,VGND,li1,33.5800,43.5200,0.000031
ANTENNA__216__A,VGND,li1,61.1800,21.7600,0.000006
ANTENNA__217__A,VGND,li1,42.7800,65.2800,0.000007
ANTENNA__220__A1,VGND,li1,60.2600,48.9600,0.000025
ANTENNA__221__B,VGND,li1,31.2800,76.1600,0.000003
ANTENNA__177__B,VGND,li1,66.2400,16.3200,0.000004
ANTENNA__195__A,VGND,li1,56.5800,54.4000,0.000004
ANTENNA__196__B1,VGND,li1,33.1200,10.8800,0.000002
ANTENNA__199__A1,VGND,li1,62.5600,16.3200,0.000006
ANTENNA__175__A,VGND,li1,88.3200,16.3200,0.000001
ANTENNA__279__A,VGND,li1,56.5800,54.4000,0.000004
ANTENNA__280__A,VGND,li1,62.1000,70.7200,0.000006
ANTENNA__284__A2,VGND,li1,23.0000,43.5200,0.000022
ANTENNA__185__B,VGND,li1,74.9800,38.0800,0.000020
ANTENNA__269__A,VGND,li1,68.5400,21.7600,0.000003
ANTENNA__270__A,VGND,li1,79.5800,59.8400,0.000027
ANTENNA__177__C,VGND,li1,64.4000,16.3200,0.000004
ANTENNA__191__A,VGND,li1,73.1400,43.5200,0.000008
ANTENNA__192__A,VGND,li1,24.8400,87.0400,0.000001
ANTENNA__195__B,VGND,li1,58.4200,54.4000,0.000004
ANTENNA__196__A1,VGND,li1,34.9600,10.8800,0.000002
ANTENNA__199__A2,VGND,li1,65.3200,16.3200,0.000004
ANTENNA__176__B1,VGND,li1,40.9400,21.7600,0.000007
ANTENNA__182__A_N,VGND,li1,85.5600,70.7200,0.000010
ANTENNA__256__B1,VGND,li1,79.1200,27.2000,0.000001
ANTENNA__257__A,VGND,li1,28.0600,32.6400,0.000006
ANTENNA__176__A1,VGND,li1,40.0200,27.2000,0.000004
ANTENNA__183__D,VGND,li1,52.9000,43.5200,0.000017
ANTENNA__253__A,VGND,li1,52.4400,76.1600,0.000001
ANTENNA__254__B1,VGND,li1,71.7600,10.8800,0.000002
ANTENNA__256__A1,VGND,li1,80.9600,27.2000,0.000001
ANTENNA__257__B,VGND,li1,28.9800,27.2000,0.000002
ANTENNA__176__A2,VGND,li1,36.3400,27.2000,0.000003
ANTENNA__183__A_N,VGND,li1,47.3800,43.5200,0.000020
ANTENNA__251__A,VGND,li1,43.7000,54.4000,0.000003
ANTENNA__253__B,VGND,li1,50.6000,76.1600,0.000001
ANTENNA__254__A1,VGND,li1,73.6000,10.8800,0.000002
ANTENNA__256__A2,VGND,li1,80.9600,21.7600,0.000002
ANTENNA__257__C,VGND,li1,22.0800,27.2000,0.000002
ANTENNA__183__B,VGND,li1,50.1400,48.9600,0.000053
ANTENNA__247__A,VGND,li1,71.3000,38.0800,0.000023
ANTENNA__248__A,VGND,li1,59.8000,59.8400,0.000033
ANTENNA__254__A2,VGND,li1,73.1400,16.3200,0.000003
ANTENNA__256__A3,VGND,li1,81.8800,27.2000,0.000001
ANTENNA__257__D,VGND,li1,18.8600,32.6400,0.000005
ANTENNA__180__A,VGND,li1,58.8800,43.5200,0.000013
ANTENNA__182__D,VGND,li1,87.4000,70.7200,0.000008
ANTENNA__243__A,VGND,li1,56.5800,76.1600,0.000001
ANTENNA__180__B,VGND,li1,56.5800,43.5200,0.000014
ANTENNA__182__C,VGND,li1,88.3200,65.2800,0.000008
ANTENNA__238__A,VGND,li1,43.2400,43.5200,0.000022
ANTENNA__180__D,VGND,li1,54.7400,43.5200,0.000015
ANTENNA__182__B,VGND,li1,90.1600,65.2800,0.000008
ANTENNA__234__B1,VGND,li1,74.5200,27.2000,0.000001
ANTENNA__235__B,VGND,li1,22.5400,70.7200,0.000009
ANTENNA__180__C,VGND,li1,66.7000,43.5200,0.000010
ANTENNA__230__A,VGND,li1,73.1400,21.7600,0.000003
ANTENNA__231__A,VGND,li1,23.4600,81.6000,0.000007
ANTENNA__234__A1,VGND,li1,76.3600,27.2000,0.000001
ANTENNA__235__A,VGND,li1,24.3800,70.7200,0.000010
ANTENNA__181__A,VGND,li1,37.7200,21.7600,0.000007
ANTENNA__227__B1,VGND,li1,50.6000,32.6400,0.000004
ANTENNA__228__A,VGND,li1,64.4000,27.2000,0.000002
ANTENNA__244__A,VGND,li1,20.2400,43.5200,0.000020
ANTENNA__181__B,VGND,li1,36.8000,21.7600,0.000007
ANTENNA__223__A,VGND,li1,68.0800,27.2000,0.000001
ANTENNA__224__A,VGND,li1,31.7400,81.6000,0.000006
ANTENNA__227__A1,VGND,li1,43.7000,32.6400,0.000003
ANTENNA__228__B,VGND,li1,62.1000,32.6400,0.000004
ANTENNA__244__B,VGND,li1,17.9400,43.5200,0.000018
ANTENNA__177__D,VGND,li1,56.5800,16.3200,0.000009
ANTENNA__191__B,VGND,li1,71.7600,43.5200,0.000008
ANTENNA__192__B,VGND,li1,26.6800,87.0400,0.000001
ANTENNA__195__C,VGND,li1,54.2800,54.4000,0.000004
ANTENNA__196__A2,VGND,li1,30.8200,16.3200,0.000005
ANTENNA__199__A3,VGND,li1,63.4800,16.3200,0.000004
ANTENNA_hold2_A,VGND,li1,49.2200,43.5200,0.000018
ANTENNA__164__A,VGND,li1,15.1800,81.6000,0.000004
ANTENNA__165__A,VGND,li1,89.2400,27.2000,0.000000
ANTENNA__285__A,VGND,li1,26.2200,32.6400,0.000006
ANTENNA__287__D1,VGND,li1,72.6800,81.6000,0.000003
ANTENNA__290__A,VGND,li1,17.4800,70.7200,0.000006
ANTENNA__292__A,VGND,li1,69.4600,38.0800,0.000025
ANTENNA__163__A,VGND,li1,51.5200,38.0800,0.000028
ANTENNA__166__A,VGND,li1,86.0200,38.0800,0.000011
ANTENNA__168__B2,VGND,li1,52.4400,76.1600,0.000001
ANTENNA__285__B,VGND,li1,27.1400,27.2000,0.000002
ANTENNA__287__A1,VGND,li1,74.5200,81.6000,0.000003
ANTENNA__290__B,VGND,li1,12.8800,70.7200,0.000005
ANTENNA__162__B,VGND,li1,61.1800,21.7600,0.000006
ANTENNA__165__B,VGND,li1,90.1600,32.6400,0.000003
ANTENNA__171__B1,VGND,li1,27.6000,76.1600,0.000003
ANTENNA__286__A_N,VGND,li1,82.3400,38.0800,0.000015
ANTENNA__287__A2,VGND,li1,76.3600,81.6000,0.000003
ANTENNA__292__B,VGND,li1,68.0800,38.0800,0.000027
ANTENNA__294__A1,VGND,li1,73.1400,76.1600,0.000001
ANTENNA__162__C,VGND,li1,63.0200,21.7600,0.000005
ANTENNA__167__A,VGND,li1,67.6200,65.2800,0.000006
ANTENNA__171__A2,VGND,li1,33.1200,76.1600,0.000003
ANTENNA__173__B1,VGND,li1,53.8200,27.2000,0.000003
ANTENNA__174__A2,VGND,li1,51.9800,38.0800,0.000028
ANTENNA__286__B,VGND,li1,85.5600,32.6400,0.000003
ANTENNA__289__A1,VGND,li1,54.2800,59.8400,0.000035
ANTENNA__290__C,VGND,li1,11.9600,76.1600,0.000006
ANTENNA__318__A,VGND,li1,61.1800,76.1600,0.000001
ANTENNA__319__A,VGND,li1,12.4200,38.0800,0.000012
ANTENNA__320__A,VGND,li1,51.5200,54.4000,0.000004
ANTENNA__321__A,VGND,li1,88.7800,59.8400,0.000015
ANTENNA__322__A,VGND,li1,34.5000,81.6000,0.000005
ANTENNA__323__A,VGND,li1,15.1800,16.3200,0.000002
ANTENNA__324__A,VGND,li1,17.4800,65.2800,0.000007
ANTENNA__325__A,VGND,li1,27.6000,59.8400,0.000036
ANTENNA__326__A,VGND,li1,69.0000,81.6000,0.000004
ANTENNA__327__A,VGND,li1,15.1800,81.6000,0.000004
ANTENNA__307__A,VGND,li1,52.9000,70.7200,0.000007
ANTENNA__308__A,VGND,li1,72.6800,59.8400,0.000037
ANTENNA__309__A,VGND,li1,72.2200,87.0400,0.000003
ANTENNA__310__A,VGND,li1,84.1800,59.8400,0.000022
ANTENNA__311__A,VGND,li1,68.5400,43.5200,0.000009
ANTENNA__312__A,VGND,li1,31.7400,32.6400,0.000005
ANTENNA__313__A,VGND,li1,85.1000,54.4000,0.000002
ANTENNA__314__A,VGND,li1,65.7800,70.7200,0.000007
ANTENNA__315__A,VGND,li1,38.6400,70.7200,0.000007
ANTENNA__316__A,VGND,li1,77.7400,70.7200,0.000011
ANTENNA__296__A,VGND,li1,10.1200,16.3200,0.000002
ANTENNA__297__A,VGND,li1,82.3400,59.8400,0.000025
ANTENNA__298__A,VGND,li1,56.1200,32.6400,0.000004
ANTENNA__299__A,VGND,li1,15.6400,27.2000,0.000001
ANTENNA__300__A,VGND,li1,41.4000,38.0800,0.000019
ANTENNA__301__A,VGND,li1,40.4800,70.7200,0.000007
ANTENNA__302__A,VGND,li1,85.5600,43.5200,0.000004
ANTENNA__303__A,VGND,li1,74.9800,76.1600,0.000001
ANTENNA__304__A,VGND,li1,55.2000,59.8400,0.000035
ANTENNA__305__A,VGND,li1,90.6200,21.7600,0.000002
ANTENNA__286__C,VGND,li1,86.4800,38.0800,0.000011
ANTENNA__288__B,VGND,li1,78.2000,54.4000,0.000003
ANTENNA__289__A2,VGND,li1,51.5200,65.2800,0.000006
ANTENNA__294__A2,VGND,li1,76.3600,76.1600,0.000001
ANTENNA__264__C,VGND,li1,17.4800,32.6400,0.000005
ANTENNA__268__A2,VGND,li1,59.8000,81.6000,0.000005
ANTENNA__264__B,VGND,li1,10.5800,38.0800,0.000012
ANTENNA__260__C,VGND,li1,75.4400,87.0400,0.000003
ANTENNA__259__A,VGND,li1,23.4600,38.0800,0.000020
ANTENNA__262__B,VGND,li1,74.5200,81.6000,0.000003
ANTENNA__263__B,VGND,li1,88.7800,38.0800,0.000008
ANTENNA__258__B,VGND,li1,69.4600,32.6400,0.000006
ANTENNA__267__D,VGND,li1,69.0000,76.1600,0.000001
ANTENNA__274__B,VGND,li1,74.9800,38.0800,0.000020
ANTENNA__255__B1,VGND,li1,42.3200,87.0400,0.000001
ANTENNA__246__B1,VGND,li1,85.5600,27.2000,0.000001
ANTENNA__247__B,VGND,li1,73.1400,38.0800,0.000022
ANTENNA__248__B,VGND,li1,61.6400,59.8400,0.000032
ANTENNA__254__A3,VGND,li1,74.9800,16.3200,0.000003
ANTENNA__256__A4,VGND,li1,82.8000,21.7600,0.000002
ANTENNA__258__A,VGND,li1,71.7600,32.6400,0.000007
ANTENNA__267__C,VGND,li1,69.9200,81.6000,0.000004
ANTENNA__275__B2,VGND,li1,54.2800,32.6400,0.000004
ANTENNA__276__A1,VGND,li1,37.2600,38.0800,0.000018
ANTENNA__277__B,VGND,li1,56.5800,32.6400,0.000004
ANTENNA__241__C,VGND,li1,35.8800,76.1600,0.000002
ANTENNA__246__A2,VGND,li1,87.4000,27.2000,0.000000
ANTENNA__237__A,VGND,li1,15.6400,59.8400,0.000018
ANTENNA__236__C,VGND,li1,87.8600,21.7600,0.000002
ANTENNA__239__B,VGND,li1,67.6200,59.8400,0.000044
ANTENNA__240__B,VGND,li1,22.0800,76.1600,0.000004
ANTENNA__233__A,VGND,li1,85.5600,21.7600,0.000002
ANTENNA__229__C,VGND,li1,22.0800,59.8400,0.000027
ANTENNA__230__B,VGND,li1,78.2000,21.7600,0.000002
ANTENNA__231__B,VGND,li1,26.6800,81.6000,0.000007
ANTENNA__234__A2,VGND,li1,78.2000,27.2000,0.000001
ANTENNA__235__C,VGND,li1,20.7000,70.7200,0.000008
ANTENNA__222__C,VGND,li1,83.7200,27.2000,0.000001
ANTENNA__223__B,VGND,li1,69.9200,27.2000,0.000001
ANTENNA__224__B,VGND,li1,28.5200,81.6000,0.000007
ANTENNA__227__A2,VGND,li1,46.9200,32.6400,0.000003
ANTENNA__228__C,VGND,li1,63.9400,32.6400,0.000004
ANTENNA__244__D,VGND,li1,12.8800,43.5200,0.000014
ANTENNA__205__A,VGND,li1,41.8600,21.7600,0.000007
ANTENNA__212__A,VGND,li1,66.2400,27.2000,0.000001
ANTENNA__225__A,VGND,li1,44.1600,16.3200,0.000008
ANTENNA__232__A,VGND,li1,42.3200,70.7200,0.000007
ANTENNA__236__A,VGND,li1,88.7800,21.7600,0.000002
ANTENNA__241__A,VGND,li1,37.7200,76.1600,0.000002
ANTENNA__249__A,VGND,li1,14.7200,59.8400,0.000018
ANTENNA__255__C1,VGND,li1,36.8000,87.0400,0.000001
ANTENNA__260__A,VGND,li1,80.0400,87.0400,0.000002
ANTENNA__284__B1,VGND,li1,24.8400,43.5200,0.000024
ANTENNA__188__A,VGND,li1,51.5200,32.6400,0.000004
ANTENNA__193__B,VGND,li1,68.5400,76.1600,0.000001
ANTENNA__197__B,VGND,li1,58.8800,65.2800,0.000005
ANTENNA__200__B,VGND,li1,74.5200,54.4000,0.000003
ANTENNA__202__A,VGND,li1,38.1800,65.2800,0.000007
ANTENNA__218__B,VGND,li1,56.5800,27.2000,0.000003
ANTENNA__264__A,VGND,li1,15.6400,32.6400,0.000004
ANTENNA__271__A,VGND,li1,61.1800,70.7200,0.000006
ANTENNA__281__A,VGND,li1,85.1000,54.4000,0.000002
ANTENNA__184__A2,VGND,li1,34.5000,48.9600,0.000023
ANTENNA__215__C1,VGND,li1,69.9200,54.4000,0.000004
ANTENNA__216__B,VGND,li1,66.2400,21.7600,0.000004
ANTENNA__217__B,VGND,li1,39.1000,65.2800,0.000007
ANTENNA__220__A2,VGND,li1,64.8600,48.9600,0.000018
ANTENNA__179__A,VGND,li1,13.8000,21.7600,0.000004
ANTENNA__200__A_N,VGND,li1,75.9000,59.8400,0.000034
ANTENNA__203__B,VGND,li1,42.3200,43.5200,0.000024
ANTENNA__204__B,VGND,li1,40.0200,54.4000,0.000003
ANTENNA__207__A2,VGND,li1,57.9600,43.5200,0.000013
ANTENNA__208__C,VGND,li1,49.2200,70.7200,0.000007
ANTENNA__221__C,VGND,li1,33.1200,76.1600,0.000003
ANTENNA__187__A1,VGND,li1,61.6400,65.2800,0.000005
ANTENNA__283__A1,VGND,li1,32.6600,48.9600,0.000022
ANTENNA__164__B,VGND,li1,14.2600,87.0400,0.000000
ANTENNA__169__A,VGND,li1,17.4800,27.2000,0.000001
ANTENNA__163__B,VGND,li1,54.7400,38.0800,0.000031
ANTENNA__168__B1,VGND,li1,58.8800,76.1600,0.000001
ANTENNA__172__A,VGND,li1,15.6400,27.2000,0.000001
ANTENNA__190__B,VGND,li1,40.9400,65.2800,0.000007
ANTENNA__209__A,VGND,li1,46.9200,54.4000,0.000003
ANTENNA__222__A,VGND,li1,87.4000,32.6400,0.000003
ANTENNA__229__A,VGND,li1,23.9200,59.8400,0.000029
ANTENNA__246__C1,VGND,li1,91.0800,27.2000,0.000000
ANTENNA__252__A,VGND,li1,62.5600,54.4000,0.000004
ANTENNA__268__C1,VGND,li1,64.4000,81.6000,0.000004
ANTENNA__275__C1,VGND,li1,67.6200,32.6400,0.000005
ANTENNA__278__A,VGND,li1,81.4200,54.4000,0.000003
ANTENNA__357__D,VGND,li1,21.6200,38.0800,0.000019
ANTENNA__345__D,VGND,li1,20.2400,76.1600,0.000005
ANTENNA__342__D,VGND,li1,30.3600,70.7200,0.000009
ANTENNA_input1_A,VGND,li1,8.2800,76.1600,0.000007
ANTENNA_clkbuf_0_clk_A,VGND,li1,43.7000,48.9600,0.000037
hold2,VGND,li1,46.9200,43.5200,0.000020
hold1,VGND,li1,35.8800,43.5200,0.000034
clkload2,VGND,li1,64.1700,59.8400,0.000031
clkload1,VGND,li1,55.8900,38.0800,0.000033
clkload0,VGND,li1,33.1200,65.2800,0.000011
clkbuf_2_3__f_clk,VGND,li1,68.0800,59.8400,0.000044
clkbuf_2_2__f_clk,VGND,li1,62.1000,38.0800,0.000036
clkbuf_2_1__f_clk,VGND,li1,35.8800,59.8400,0.000047
clkbuf_2_0__f_clk,VGND,li1,36.3400,43.5200,0.000034
clkbuf_0_clk,VGND,li1,50.6000,48.9600,0.000053
ZeroToFiveCounter_9,VGND,li1,92.2300,48.9600,0.000005
output8,VGND,li1,92.0000,10.8800,0.000001
output7,VGND,li1,92.0000,16.3200,0.000001
output6,VGND,li1,92.0000,21.7600,0.000002
output5,VGND,li1,92.0000,27.2000,0.000000
output4,VGND,li1,92.0000,32.6400,0.000003
output3,VGND,li1,92.0000,38.0800,0.000008
output2,VGND,li1,92.0000,43.5200,0.000003
input1,VGND,li1,7.8200,76.1600,0.000007
ZeroToFiveCounter_10,VGND,li1,92.2300,87.0400,0.000001
ZeroToFiveCounter_16,VGND,li1,92.2300,54.4000,0.000002
ZeroToFiveCounter_15,VGND,li1,92.2300,59.8400,0.000015
ZeroToFiveCounter_14,VGND,li1,92.2300,65.2800,0.000008
ZeroToFiveCounter_13,VGND,li1,90.8500,70.7200,0.000007
ZeroToFiveCounter_12,VGND,li1,92.2300,76.1600,0.000000
ZeroToFiveCounter_11,VGND,li1,92.2300,81.6000,0.000001
TAP_TAPCELL_ROW_27_145,VGND,li1,83.0300,86.7480,0.000002
TAP_TAPCELL_ROW_27_144,VGND,li1,70.1500,86.7480,0.000003
TAP_TAPCELL_ROW_27_143,VGND,li1,57.2700,86.7480,0.000003
TAP_TAPCELL_ROW_27_142,VGND,li1,44.3900,86.7480,0.000001
TAP_TAPCELL_ROW_27_141,VGND,li1,31.5100,86.7480,0.000001
TAP_TAPCELL_ROW_27_140,VGND,li1,18.6300,86.7480,0.000000
TAP_TAPCELL_ROW_26_139,VGND,li1,70.1500,81.8910,0.000004
TAP_TAPCELL_ROW_26_138,VGND,li1,44.3900,81.8910,0.000004
TAP_TAPCELL_ROW_26_137,VGND,li1,18.6300,81.8910,0.000006
TAP_TAPCELL_ROW_25_136,VGND,li1,83.0300,81.3080,0.000002
TAP_TAPCELL_ROW_25_135,VGND,li1,57.2700,81.3080,0.000005
TAP_TAPCELL_ROW_25_134,VGND,li1,31.5100,81.3080,0.000006
TAP_TAPCELL_ROW_24_133,VGND,li1,70.1500,76.4510,0.000001
TAP_TAPCELL_ROW_24_132,VGND,li1,44.3900,76.4510,0.000001
TAP_TAPCELL_ROW_24_131,VGND,li1,18.6300,76.4510,0.000005
TAP_TAPCELL_ROW_23_130,VGND,li1,83.0300,75.8680,0.000000
TAP_TAPCELL_ROW_23_129,VGND,li1,57.2700,75.8680,0.000001
TAP_TAPCELL_ROW_23_128,VGND,li1,31.5100,75.8680,0.000003
TAP_TAPCELL_ROW_22_127,VGND,li1,70.1500,71.0110,0.000009
TAP_TAPCELL_ROW_22_126,VGND,li1,44.3900,71.0110,0.000007
TAP_TAPCELL_ROW_22_125,VGND,li1,18.6300,71.0110,0.000007
TAP_TAPCELL_ROW_21_124,VGND,li1,83.0300,70.4280,0.000010
TAP_TAPCELL_ROW_21_123,VGND,li1,57.2700,70.4280,0.000006
TAP_TAPCELL_ROW_21_122,VGND,li1,31.5100,70.4280,0.000009
TAP_TAPCELL_ROW_20_121,VGND,li1,70.1500,65.5710,0.000006
TAP_TAPCELL_ROW_20_120,VGND,li1,44.3900,65.5710,0.000006
TAP_TAPCELL_ROW_20_119,VGND,li1,18.6300,65.5710,0.000007
TAP_TAPCELL_ROW_19_118,VGND,li1,83.0300,64.9880,0.000010
TAP_TAPCELL_ROW_19_117,VGND,li1,57.2700,64.9880,0.000005
TAP_TAPCELL_ROW_19_116,VGND,li1,31.5100,64.9880,0.000011
TAP_TAPCELL_ROW_18_115,VGND,li1,70.1500,60.1310,0.000041
TAP_TAPCELL_ROW_18_114,VGND,li1,44.3900,60.1310,0.000038
TAP_TAPCELL_ROW_18_113,VGND,li1,18.6300,60.1310,0.000023
TAP_TAPCELL_ROW_17_112,VGND,li1,83.0300,59.5480,0.000025
TAP_TAPCELL_ROW_17_111,VGND,li1,57.2700,59.5480,0.000034
TAP_TAPCELL_ROW_17_110,VGND,li1,31.5100,59.5480,0.000040
TAP_TAPCELL_ROW_16_109,VGND,li1,70.1500,54.6910,0.000004
TAP_TAPCELL_ROW_16_108,VGND,li1,44.3900,54.6910,0.000003
TAP_TAPCELL_ROW_16_107,VGND,li1,18.6300,54.6910,0.000006
TAP_TAPCELL_ROW_15_106,VGND,li1,83.0300,54.1080,0.000002
TAP_TAPCELL_ROW_15_105,VGND,li1,57.2700,54.1080,0.000004
TAP_TAPCELL_ROW_15_104,VGND,li1,31.5100,54.1080,0.000004
TAP_TAPCELL_ROW_14_103,VGND,li1,70.1500,49.2510,0.000015
TAP_TAPCELL_ROW_14_102,VGND,li1,44.3900,49.2510,0.000037
TAP_TAPCELL_ROW_14_101,VGND,li1,18.6300,49.2510,0.000015
TAP_TAPCELL_ROW_13_100,VGND,li1,83.0300,48.6680,0.000009
TAP_TAPCELL_ROW_13_99,VGND,li1,57.2700,48.6680,0.000034
TAP_TAPCELL_ROW_13_98,VGND,li1,31.5100,48.6680,0.000021
TAP_TAPCELL_ROW_12_97,VGND,li1,70.1500,43.8110,0.000009
TAP_TAPCELL_ROW_12_96,VGND,li1,44.3900,43.8110,0.000022
TAP_TAPCELL_ROW_12_95,VGND,li1,18.6300,43.8110,0.000018
TAP_TAPCELL_ROW_11_94,VGND,li1,83.0300,43.2280,0.000005
TAP_TAPCELL_ROW_11_93,VGND,li1,57.2700,43.2280,0.000014
TAP_TAPCELL_ROW_11_92,VGND,li1,31.5100,43.2280,0.000029
TAP_TAPCELL_ROW_10_91,VGND,li1,70.1500,38.3710,0.000025
TAP_TAPCELL_ROW_10_90,VGND,li1,44.3900,38.3710,0.000021
TAP_TAPCELL_ROW_10_89,VGND,li1,18.6300,38.3710,0.000017
TAP_TAPCELL_ROW_9_88,VGND,li1,83.0300,37.7880,0.000015
TAP_TAPCELL_ROW_9_87,VGND,li1,57.2700,37.7880,0.000033
TAP_TAPCELL_ROW_9_86,VGND,li1,31.5100,37.7880,0.000020
TAP_TAPCELL_ROW_8_85,VGND,li1,70.1500,32.9310,0.000006
TAP_TAPCELL_ROW_8_84,VGND,li1,44.3900,32.9310,0.000003
TAP_TAPCELL_ROW_8_83,VGND,li1,18.6300,32.9310,0.000005
TAP_TAPCELL_ROW_7_82,VGND,li1,83.0300,32.3480,0.000004
TAP_TAPCELL_ROW_7_81,VGND,li1,57.2700,32.3480,0.000004
TAP_TAPCELL_ROW_7_80,VGND,li1,31.5100,32.3480,0.000005
TAP_TAPCELL_ROW_6_79,VGND,li1,70.1500,27.4910,0.000001
TAP_TAPCELL_ROW_6_78,VGND,li1,44.3900,27.4910,0.000005
TAP_TAPCELL_ROW_6_77,VGND,li1,18.6300,27.4910,0.000001
TAP_TAPCELL_ROW_5_76,VGND,li1,83.0300,26.9080,0.000001
TAP_TAPCELL_ROW_5_75,VGND,li1,57.2700,26.9080,0.000003
TAP_TAPCELL_ROW_5_74,VGND,li1,31.5100,26.9080,0.000002
TAP_TAPCELL_ROW_4_73,VGND,li1,70.1500,22.0510,0.000003
TAP_TAPCELL_ROW_4_72,VGND,li1,44.3900,22.0510,0.000008
TAP_TAPCELL_ROW_4_71,VGND,li1,18.6300,22.0510,0.000006
TAP_TAPCELL_ROW_3_70,VGND,li1,83.0300,21.4680,0.000002
TAP_TAPCELL_ROW_3_69,VGND,li1,57.2700,21.4680,0.000007
TAP_TAPCELL_ROW_3_68,VGND,li1,31.5100,21.4680,0.000008
TAP_TAPCELL_ROW_2_67,VGND,li1,70.1500,16.6110,0.000004
TAP_TAPCELL_ROW_2_66,VGND,li1,44.3900,16.6110,0.000008
TAP_TAPCELL_ROW_2_65,VGND,li1,18.6300,16.6110,0.000003
TAP_TAPCELL_ROW_1_64,VGND,li1,83.0300,16.0280,0.000002
TAP_TAPCELL_ROW_1_63,VGND,li1,57.2700,16.0280,0.000008
TAP_TAPCELL_ROW_1_62,VGND,li1,31.5100,16.0280,0.000006
TAP_TAPCELL_ROW_0_61,VGND,li1,83.0300,11.1710,0.000001
TAP_TAPCELL_ROW_0_60,VGND,li1,70.1500,11.1710,0.000002
TAP_TAPCELL_ROW_0_59,VGND,li1,57.2700,11.1710,0.000004
TAP_TAPCELL_ROW_0_58,VGND,li1,44.3900,11.1710,0.000004
TAP_TAPCELL_ROW_0_57,VGND,li1,31.5100,11.1710,0.000002
TAP_TAPCELL_ROW_0_56,VGND,li1,18.6300,11.1710,0.000001
PHY_EDGE_ROW_27_Left_55,VGND,li1,6.2100,87.0400,0.000000
PHY_EDGE_ROW_26_Left_54,VGND,li1,6.2100,81.6000,0.000004
PHY_EDGE_ROW_25_Left_53,VGND,li1,6.2100,81.6000,0.000004
PHY_EDGE_ROW_24_Left_52,VGND,li1,6.2100,76.1600,0.000007
PHY_EDGE_ROW_23_Left_51,VGND,li1,6.2100,76.1600,0.000007
PHY_EDGE_ROW_22_Left_50,VGND,li1,6.2100,70.7200,0.000005
PHY_EDGE_ROW_21_Left_49,VGND,li1,6.2100,70.7200,0.000005
PHY_EDGE_ROW_20_Left_48,VGND,li1,6.2100,65.2800,0.000005
PHY_EDGE_ROW_19_Left_47,VGND,li1,6.2100,65.2800,0.000005
PHY_EDGE_ROW_18_Left_46,VGND,li1,6.2100,59.8400,0.000014
PHY_EDGE_ROW_17_Left_45,VGND,li1,6.2100,59.8400,0.000014
PHY_EDGE_ROW_16_Left_44,VGND,li1,6.2100,54.4000,0.000004
PHY_EDGE_ROW_15_Left_43,VGND,li1,6.2100,54.4000,0.000004
PHY_EDGE_ROW_14_Left_42,VGND,li1,6.2100,48.9600,0.000010
PHY_EDGE_ROW_13_Left_41,VGND,li1,6.2100,48.9600,0.000010
PHY_EDGE_ROW_12_Left_40,VGND,li1,6.2100,43.5200,0.000014
PHY_EDGE_ROW_11_Left_39,VGND,li1,6.2100,43.5200,0.000014
PHY_EDGE_ROW_10_Left_38,VGND,li1,6.2100,38.0800,0.000012
PHY_EDGE_ROW_9_Left_37,VGND,li1,6.2100,38.0800,0.000012
PHY_EDGE_ROW_8_Left_36,VGND,li1,6.2100,32.6400,0.000003
PHY_EDGE_ROW_7_Left_35,VGND,li1,6.2100,32.6400,0.000003
PHY_EDGE_ROW_6_Left_34,VGND,li1,6.2100,27.2000,0.000001
PHY_EDGE_ROW_5_Left_33,VGND,li1,6.2100,27.2000,0.000001
PHY_EDGE_ROW_4_Left_32,VGND,li1,6.2100,21.7600,0.000004
PHY_EDGE_ROW_3_Left_31,VGND,li1,6.2100,21.7600,0.000004
PHY_EDGE_ROW_2_Left_30,VGND,li1,6.2100,16.3200,0.000002
PHY_EDGE_ROW_1_Left_29,VGND,li1,6.2100,16.3200,0.000002
PHY_EDGE_ROW_0_Left_28,VGND,li1,6.2100,10.8800,0.000001
PHY_EDGE_ROW_27_Right_27,VGND,li1,93.6100,87.0400,0.000001
PHY_EDGE_ROW_26_Right_26,VGND,li1,93.6100,81.6000,0.000001
PHY_EDGE_ROW_25_Right_25,VGND,li1,93.6100,81.6000,0.000001
PHY_EDGE_ROW_24_Right_24,VGND,li1,93.6100,76.1600,0.000000
PHY_EDGE_ROW_23_Right_23,VGND,li1,93.6100,76.1600,0.000000
PHY_EDGE_ROW_22_Right_22,VGND,li1,93.6100,70.7200,0.000007
PHY_EDGE_ROW_21_Right_21,VGND,li1,93.6100,70.7200,0.000007
PHY_EDGE_ROW_20_Right_20,VGND,li1,93.6100,65.2800,0.000008
PHY_EDGE_ROW_19_Right_19,VGND,li1,93.6100,65.2800,0.000008
PHY_EDGE_ROW_18_Right_18,VGND,li1,93.6100,59.8400,0.000015
PHY_EDGE_ROW_17_Right_17,VGND,li1,93.6100,59.8400,0.000015
PHY_EDGE_ROW_16_Right_16,VGND,li1,93.6100,54.4000,0.000002
PHY_EDGE_ROW_15_Right_15,VGND,li1,93.6100,54.4000,0.000002
PHY_EDGE_ROW_14_Right_14,VGND,li1,93.6100,48.9600,0.000005
PHY_EDGE_ROW_13_Right_13,VGND,li1,93.6100,48.9600,0.000005
PHY_EDGE_ROW_12_Right_12,VGND,li1,93.6100,43.5200,0.000003
PHY_EDGE_ROW_11_Right_11,VGND,li1,93.6100,43.5200,0.000003
PHY_EDGE_ROW_10_Right_10,VGND,li1,93.6100,38.0800,0.000008
PHY_EDGE_ROW_9_Right_9,VGND,li1,93.6100,38.0800,0.000008
PHY_EDGE_ROW_8_Right_8,VGND,li1,93.6100,32.6400,0.000003
PHY_EDGE_ROW_7_Right_7,VGND,li1,93.6100,32.6400,0.000003
PHY_EDGE_ROW_6_Right_6,VGND,li1,93.6100,27.2000,0.000000
PHY_EDGE_ROW_5_Right_5,VGND,li1,93.6100,27.2000,0.000000
PHY_EDGE_ROW_4_Right_4,VGND,li1,93.6100,21.7600,0.000002
PHY_EDGE_ROW_3_Right_3,VGND,li1,93.6100,21.7600,0.000002
PHY_EDGE_ROW_2_Right_2,VGND,li1,93.6100,16.3200,0.000001
PHY_EDGE_ROW_1_Right_1,VGND,li1,93.6100,16.3200,0.000001
PHY_EDGE_ROW_0_Right_0,VGND,li1,93.6100,10.8800,0.000001
_370_,VGND,li1,14.9500,65.2800,0.000006
_361_,VGND,li1,25.0700,21.7600,0.000009
_360_,VGND,li1,45.3100,27.2000,0.000005
_359_,VGND,li1,20.0100,48.9600,0.000017
_358_,VGND,li1,81.6500,65.2800,0.000010
_357_,VGND,li1,13.1100,43.5200,0.000014
_356_,VGND,li1,72.2200,32.6400,0.000007
_355_,VGND,li1,28.7500,38.0800,0.000022
_354_,VGND,li1,16.5600,38.0800,0.000016
_353_,VGND,li1,46.4600,59.8400,0.000038
_352_,VGND,li1,17.9400,54.4000,0.000006
_351_,VGND,li1,58.4200,38.0800,0.000035
_350_,VGND,li1,73.6000,70.7200,0.000011
_349_,VGND,li1,52.6700,16.3200,0.000011
_348_,VGND,li1,64.6300,54.4000,0.000004
_347_,VGND,li1,25.9900,81.6000,0.000008
_346_,VGND,li1,38.8700,16.3200,0.000007
_345_,VGND,li1,13.8000,76.1600,0.000006
_344_,VGND,li1,52.2100,10.8800,0.000006
_343_,VGND,li1,25.0700,32.6400,0.000007
_342_,VGND,li1,25.0700,70.7200,0.000010
_341_,VGND,li1,84.8700,70.7200,0.000010
_340_,VGND,li1,43.4700,48.9600,0.000037
_339_,VGND,li1,26.6800,38.0800,0.000022
_338_,VGND,li1,37.4900,70.7200,0.000009
_337_,VGND,li1,62.1000,81.6000,0.000005
_336_,VGND,li1,64.4000,43.5200,0.000010
_335_,VGND,li1,28.0600,65.2800,0.000012
_334_,VGND,li1,37.2600,59.8400,0.000047
_333_,VGND,li1,43.7000,65.2800,0.000006
_332_,VGND,li1,88.0900,65.2800,0.000008
_331_,VGND,li1,63.7100,87.0400,0.000004
_330_,VGND,li1,51.7500,21.7600,0.000010
_329_,VGND,li1,80.7300,32.6400,0.000005
_328_,VGND,li1,52.6700,65.2800,0.000006
_327_,VGND,li1,16.3300,81.6000,0.000005
_326_,VGND,li1,66.9300,81.6000,0.000004
_325_,VGND,li1,28.7500,59.8400,0.000036
_324_,VGND,li1,18.6300,65.2800,0.000007
_323_,VGND,li1,16.3300,16.3200,0.000003
_322_,VGND,li1,35.6500,81.6000,0.000005
_321_,VGND,li1,86.7100,59.8400,0.000019
_320_,VGND,li1,54.5100,54.4000,0.000004
_319_,VGND,li1,19.5500,38.0800,0.000017
_318_,VGND,li1,59.1100,76.1600,0.000001
_317_,VGND,li1,14.7200,70.7200,0.000005
_316_,VGND,li1,78.8900,70.7200,0.000011
_315_,VGND,li1,36.5700,70.7200,0.000009
_314_,VGND,li1,66.9300,70.7200,0.000007
_313_,VGND,li1,86.2500,54.4000,0.000002
_312_,VGND,li1,32.8900,32.6400,0.000005
_311_,VGND,li1,64.6300,43.5200,0.000010
_310_,VGND,li1,85.3300,59.8400,0.000019
_309_,VGND,li1,73.3700,87.0400,0.000003
_308_,VGND,li1,73.8300,59.8400,0.000037
_307_,VGND,li1,50.8300,70.7200,0.000007
_306_,VGND,li1,53.3600,16.3200,0.000011
_305_,VGND,li1,92.2300,21.7600,0.000002
_304_,VGND,li1,56.3500,59.8400,0.000034
_303_,VGND,li1,76.1300,76.1600,0.000001
_302_,VGND,li1,86.7100,43.5200,0.000004
_301_,VGND,li1,34.7300,70.7200,0.000009
_300_,VGND,li1,39.3300,38.0800,0.000016
_299_,VGND,li1,13.5700,27.2000,0.000001
_298_,VGND,li1,57.2700,32.6400,0.000004
_297_,VGND,li1,80.2700,59.8400,0.000027
_296_,VGND,li1,8.9700,21.7600,0.000004
_295_,VGND,li1,47.1500,21.7600,0.000009
_294_,VGND,li1,78.2000,76.1600,0.000000
_293_,VGND,li1,69.2300,65.2800,0.000006
_292_,VGND,li1,66.9300,38.0800,0.000027
_291_,VGND,li1,32.4300,54.4000,0.000004
_290_,VGND,li1,10.3500,70.7200,0.000005
_289_,VGND,li1,52.9000,65.2800,0.000006
_288_,VGND,li1,79.3500,54.4000,0.000003
_287_,VGND,li1,77.0500,81.6000,0.000003
_286_,VGND,li1,88.5500,38.0800,0.000008
_285_,VGND,li1,23.6900,32.6400,0.000007
_284_,VGND,li1,19.7800,43.5200,0.000020
_283_,VGND,li1,29.9000,48.9600,0.000021
_282_,VGND,li1,24.1500,54.4000,0.000005
_281_,VGND,li1,86.7100,54.4000,0.000002
_280_,VGND,li1,63.2500,70.7200,0.000006
_279_,VGND,li1,58.6500,54.4000,0.000004
_278_,VGND,li1,78.6600,59.8400,0.000031
_277_,VGND,li1,59.5700,32.6400,0.000004
_276_,VGND,li1,34.9600,38.0800,0.000019
_275_,VGND,li1,59.5700,32.6400,0.000004
_274_,VGND,li1,72.4500,38.0800,0.000023
_273_,VGND,li1,87.6300,43.5200,0.000003
_272_,VGND,li1,36.5700,32.6400,0.000004
_271_,VGND,li1,58.6500,70.7200,0.000006
_270_,VGND,li1,80.7300,59.8400,0.000027
_269_,VGND,li1,66.0100,21.7600,0.000004
_268_,VGND,li1,61.6400,81.6000,0.000005
_267_,VGND,li1,71.9900,76.1600,0.000001
_266_,VGND,li1,35.6500,54.4000,0.000003
_265_,VGND,li1,61.4100,16.3200,0.000006
_264_,VGND,li1,14.0300,38.0800,0.000012
_263_,VGND,li1,89.9300,38.0800,0.000008
_262_,VGND,li1,71.9900,81.6000,0.000003
_261_,VGND,li1,51.7500,59.8400,0.000036
_260_,VGND,li1,77.5100,87.0400,0.000003
_259_,VGND,li1,17.2500,38.0800,0.000016
_258_,VGND,li1,65.0900,32.6400,0.000004
_257_,VGND,li1,20.9300,32.6400,0.000005
_256_,VGND,li1,85.1000,27.2000,0.000001
_255_,VGND,li1,39.1000,87.0400,0.000001
_254_,VGND,li1,76.1300,10.8800,0.000002
_253_,VGND,li1,53.5900,76.1600,0.000001
_252_,VGND,li1,60.4900,54.4000,0.000004
_251_,VGND,li1,46.2300,54.4000,0.000003
_250_,VGND,li1,32.4300,54.4000,0.000004
_249_,VGND,li1,12.1900,59.8400,0.000014
_248_,VGND,li1,61.8700,59.8400,0.000032
_247_,VGND,li1,73.8300,32.6400,0.000006
_246_,VGND,li1,88.3200,32.6400,0.000003
_245_,VGND,li1,11.5000,27.2000,0.000001
_244_,VGND,li1,14.9500,43.5200,0.000016
_243_,VGND,li1,57.7300,76.1600,0.000001
_242_,VGND,li1,20.0100,65.2800,0.000008
_241_,VGND,li1,39.3300,76.1600,0.000001
_240_,VGND,li1,23.6900,76.1600,0.000004
_239_,VGND,li1,65.5500,59.8400,0.000039
_238_,VGND,li1,41.1700,43.5200,0.000024
_237_,VGND,li1,13.5700,59.8400,0.000014
_236_,VGND,li1,90.3900,21.7600,0.000002
_235_,VGND,li1,18.4000,70.7200,0.000007
_234_,VGND,li1,78.2000,32.6400,0.000006
_233_,VGND,li1,86.7100,21.7600,0.000002
_232_,VGND,li1,32.8900,70.7200,0.000009
_231_,VGND,li1,24.6100,81.6000,0.000008
_230_,VGND,li1,75.6700,21.7600,0.000003
_229_,VGND,li1,19.7800,59.8400,0.000023
_228_,VGND,li1,62.5600,32.6400,0.000004
_227_,VGND,li1,48.3000,32.6400,0.000003
_226_,VGND,li1,80.2700,70.7200,0.000011
_225_,VGND,li1,45.7700,16.3200,0.000009
_224_,VGND,li1,29.6700,81.6000,0.000007
_223_,VGND,li1,68.7700,27.2000,0.000001
_222_,VGND,li1,85.1000,32.6400,0.000003
_221_,VGND,li1,26.6800,76.1600,0.000004
_220_,VGND,li1,62.5600,48.9600,0.000019
_219_,VGND,li1,92.2300,70.7200,0.000007
_218_,VGND,li1,54.0500,27.2000,0.000003
_217_,VGND,li1,37.0300,65.2800,0.000009
_216_,VGND,li1,63.7100,21.7600,0.000005
_215_,VGND,li1,71.7600,54.4000,0.000003
_214_,VGND,li1,29.2100,76.1600,0.000003
_213_,VGND,li1,23.2300,59.8400,0.000029
_212_,VGND,li1,66.4700,27.2000,0.000001
_211_,VGND,li1,35.1900,32.6400,0.000004
_210_,VGND,li1,53.5900,43.5200,0.000017
_209_,VGND,li1,44.6200,54.4000,0.000003
_208_,VGND,li1,47.6100,76.1600,0.000001
_207_,VGND,li1,55.6600,43.5200,0.000014
_206_,VGND,li1,33.8100,54.4000,0.000003
_205_,VGND,li1,43.4700,21.7600,0.000008
_204_,VGND,li1,37.4900,54.4000,0.000003
_203_,VGND,li1,38.4100,43.5200,0.000025
_202_,VGND,li1,35.8800,65.2800,0.000009
_201_,VGND,li1,19.5500,21.7600,0.000007
_200_,VGND,li1,74.7500,59.8400,0.000034
_199_,VGND,li1,59.1100,16.3200,0.000007
_198_,VGND,li1,29.2100,32.6400,0.000006
_197_,VGND,li1,55.8900,65.2800,0.000005
_196_,VGND,li1,28.9800,10.8800,0.000002
_195_,VGND,li1,52.9000,54.4000,0.000004
_194_,VGND,li1,22.7700,65.2800,0.000009
_193_,VGND,li1,70.1500,76.1600,0.000001
_192_,VGND,li1,22.3100,87.0400,0.000000
_191_,VGND,li1,71.0700,43.5200,0.000008
_190_,VGND,li1,34.2700,65.2800,0.000011
_189_,VGND,li1,91.5400,43.5200,0.000003
_188_,VGND,li1,49.4500,32.6400,0.000003
_187_,VGND,li1,59.3400,59.8400,0.000033
_186_,VGND,li1,51.9800,21.7600,0.000010
_185_,VGND,li1,76.5900,32.6400,0.000006
_184_,VGND,li1,36.5700,48.9600,0.000024
_183_,VGND,li1,50.6000,43.5200,0.000018
_182_,VGND,li1,90.6200,70.7200,0.000007
_181_,VGND,li1,34.9600,21.7600,0.000007
_180_,VGND,li1,62.3300,43.5200,0.000010
_179_,VGND,li1,11.0400,21.7600,0.000004
_178_,VGND,li1,24.1500,27.2000,0.000002
_177_,VGND,li1,59.3400,16.3200,0.000007
_176_,VGND,li1,38.1800,27.2000,0.000003
_175_,VGND,li1,89.4700,16.3200,0.000001
_174_,VGND,li1,50.6000,43.5200,0.000018
_173_,VGND,li1,51.5200,27.2000,0.000004
_172_,VGND,li1,13.5700,27.2000,0.000001
_171_,VGND,li1,28.9800,76.1600,0.000003
_170_,VGND,li1,32.4300,21.7600,0.000007
_169_,VGND,li1,11.7300,27.2000,0.000001
_168_,VGND,li1,54.7400,76.1600,0.000001
_167_,VGND,li1,65.5500,65.2800,0.000005
_166_,VGND,li1,83.9500,38.0800,0.000012
_165_,VGND,li1,91.3100,32.6400,0.000003
_164_,VGND,li1,12.1900,81.6000,0.000004
_163_,VGND,li1,52.6700,38.0800,0.000028
_162_,VGND,li1,58.6500,21.7600,0.000007
