
===========================================================================
report_checks -path_delay min (Hold)
============================================================================
======================= Fastest Corner ===================================

Startpoint: A[5] (input port clocked by __VIRTUAL_CLK__)
Endpoint: out[5] (output port clocked by __VIRTUAL_CLK__)
Path Group: __VIRTUAL_CLK__
Path Type: min
Corner: Fastest

Fanout     Cap    Slew   Delay    Time   Description
-----------------------------------------------------------------------------
                  0.00    0.00    0.00   clock __VIRTUAL_CLK__ (rise edge)
                          0.00    0.00   clock network delay (ideal)
                          2.00    2.00 ^ input external delay
     1    0.00    0.02    0.01    2.01 ^ A[5] (in)
                                         A[5] (net)
                  0.02    0.00    2.01 ^ input6/A (sky130_fd_sc_hd__buf_4)
     4    0.05    0.11    0.12    2.12 ^ input6/X (sky130_fd_sc_hd__buf_4)
                                         net6 (net)
                  0.11    0.01    2.13 ^ clone9/A (sky130_fd_sc_hd__clkbuf_16)
     5    0.06    0.06    0.12    2.25 ^ clone9/X (sky130_fd_sc_hd__clkbuf_16)
                                         net37 (net)
                  0.06    0.00    2.26 ^ _391_/A1 (sky130_fd_sc_hd__o211ai_2)
     1    0.03    0.11    0.11    2.37 v _391_/Y (sky130_fd_sc_hd__o211ai_2)
                                         net25 (net)
                  0.11    0.00    2.37 v output25/A (sky130_fd_sc_hd__buf_4)
     1    0.03    0.04    0.14    2.51 v output25/X (sky130_fd_sc_hd__buf_4)
                                         out[5] (net)
                  0.04    0.00    2.51 v out[5] (out)
                                  2.51   data arrival time

                  0.00    0.00    0.00   clock __VIRTUAL_CLK__ (rise edge)
                          0.00    0.00   clock network delay (ideal)
                          0.25    0.25   clock uncertainty
                          0.00    0.25   clock reconvergence pessimism
                         -2.00   -1.75   output external delay
                                 -1.75   data required time
-----------------------------------------------------------------------------
                                 -1.75   data required time
                                 -2.51   data arrival time
-----------------------------------------------------------------------------
                                  4.26   slack (MET)


Startpoint: A[6] (input port clocked by __VIRTUAL_CLK__)
Endpoint: out[6] (output port clocked by __VIRTUAL_CLK__)
Path Group: __VIRTUAL_CLK__
Path Type: min
Corner: Fastest

Fanout     Cap    Slew   Delay    Time   Description
-----------------------------------------------------------------------------
                  0.00    0.00    0.00   clock __VIRTUAL_CLK__ (rise edge)
                          0.00    0.00   clock network delay (ideal)
                          2.00    2.00 ^ input external delay
     1    0.00    0.02    0.01    2.01 ^ A[6] (in)
                                         A[6] (net)
                  0.02    0.00    2.01 ^ input7/A (sky130_fd_sc_hd__clkbuf_8)
    10    0.10    0.14    0.14    2.15 ^ input7/X (sky130_fd_sc_hd__clkbuf_8)
                                         net7 (net)
                  0.14    0.01    2.16 ^ _431_/A1 (sky130_fd_sc_hd__a311o_1)
     1    0.01    0.07    0.13    2.29 ^ _431_/X (sky130_fd_sc_hd__a311o_1)
                                         _122_ (net)
                  0.07    0.00    2.29 ^ _432_/B1 (sky130_fd_sc_hd__a21oi_2)
     1    0.02    0.04    0.04    2.33 v _432_/Y (sky130_fd_sc_hd__a21oi_2)
                                         _123_ (net)
                  0.04    0.00    2.34 v _433_/B1 (sky130_fd_sc_hd__o21ai_2)
     1    0.02    0.09    0.08    2.42 ^ _433_/Y (sky130_fd_sc_hd__o21ai_2)
                                         net26 (net)
                  0.09    0.00    2.42 ^ output26/A (sky130_fd_sc_hd__buf_4)
     1    0.03    0.08    0.11    2.53 ^ output26/X (sky130_fd_sc_hd__buf_4)
                                         out[6] (net)
                  0.08    0.00    2.54 ^ out[6] (out)
                                  2.54   data arrival time

                  0.00    0.00    0.00   clock __VIRTUAL_CLK__ (rise edge)
                          0.00    0.00   clock network delay (ideal)
                          0.25    0.25   clock uncertainty
                          0.00    0.25   clock reconvergence pessimism
                         -2.00   -1.75   output external delay
                                 -1.75   data required time
-----------------------------------------------------------------------------
                                 -1.75   data required time
                                 -2.54   data arrival time
-----------------------------------------------------------------------------
                                  4.29   slack (MET)


Startpoint: opcode[1] (input port clocked by __VIRTUAL_CLK__)
Endpoint: out[7] (output port clocked by __VIRTUAL_CLK__)
Path Group: __VIRTUAL_CLK__
Path Type: min
Corner: Fastest

Fanout     Cap    Slew   Delay    Time   Description
-----------------------------------------------------------------------------
                  0.00    0.00    0.00   clock __VIRTUAL_CLK__ (rise edge)
                          0.00    0.00   clock network delay (ideal)
                          2.00    2.00 ^ input external delay
     1    0.00    0.02    0.01    2.01 ^ opcode[1] (in)
                                         opcode[1] (net)
                  0.02    0.00    2.01 ^ input18/A (sky130_fd_sc_hd__clkbuf_4)
    10    0.07    0.17    0.16    2.17 ^ input18/X (sky130_fd_sc_hd__clkbuf_4)
                                         net18 (net)
                  0.17    0.00    2.18 ^ _256_/B (sky130_fd_sc_hd__nor2_2)
     6    0.06    0.12    0.11    2.28 v _256_/Y (sky130_fd_sc_hd__nor2_2)
                                         _186_ (net)
                  0.12    0.01    2.29 v _475_/A1 (sky130_fd_sc_hd__a21o_1)
     1    0.02    0.06    0.16    2.45 v _475_/X (sky130_fd_sc_hd__a21o_1)
                                         net27 (net)
                  0.06    0.00    2.45 v output27/A (sky130_fd_sc_hd__buf_6)
     1    0.03    0.03    0.10    2.55 v output27/X (sky130_fd_sc_hd__buf_6)
                                         out[7] (net)
                  0.03    0.00    2.55 v out[7] (out)
                                  2.55   data arrival time

                  0.00    0.00    0.00   clock __VIRTUAL_CLK__ (rise edge)
                          0.00    0.00   clock network delay (ideal)
                          0.25    0.25   clock uncertainty
                          0.00    0.25   clock reconvergence pessimism
                         -2.00   -1.75   output external delay
                                 -1.75   data required time
-----------------------------------------------------------------------------
                                 -1.75   data required time
                                 -2.55   data arrival time
-----------------------------------------------------------------------------
                                  4.30   slack (MET)


Startpoint: opcode[1] (input port clocked by __VIRTUAL_CLK__)
Endpoint: out[4] (output port clocked by __VIRTUAL_CLK__)
Path Group: __VIRTUAL_CLK__
Path Type: min
Corner: Fastest

Fanout     Cap    Slew   Delay    Time   Description
-----------------------------------------------------------------------------
                  0.00    0.00    0.00   clock __VIRTUAL_CLK__ (rise edge)
                          0.00    0.00   clock network delay (ideal)
                          2.00    2.00 ^ input external delay
     1    0.00    0.02    0.01    2.01 ^ opcode[1] (in)
                                         opcode[1] (net)
                  0.02    0.00    2.01 ^ input18/A (sky130_fd_sc_hd__clkbuf_4)
    10    0.07    0.17    0.16    2.17 ^ input18/X (sky130_fd_sc_hd__clkbuf_4)
                                         net18 (net)
                  0.17    0.00    2.18 ^ _256_/B (sky130_fd_sc_hd__nor2_2)
     6    0.06    0.12    0.11    2.28 v _256_/Y (sky130_fd_sc_hd__nor2_2)
                                         _186_ (net)
                  0.12    0.01    2.29 v _353_/A1 (sky130_fd_sc_hd__a31o_1)
     1    0.01    0.04    0.15    2.44 v _353_/X (sky130_fd_sc_hd__a31o_1)
                                         net24 (net)
                  0.04    0.00    2.44 v output24/A (sky130_fd_sc_hd__buf_2)
     1    0.03    0.06    0.11    2.56 v output24/X (sky130_fd_sc_hd__buf_2)
                                         out[4] (net)
                  0.06    0.00    2.56 v out[4] (out)
                                  2.56   data arrival time

                  0.00    0.00    0.00   clock __VIRTUAL_CLK__ (rise edge)
                          0.00    0.00   clock network delay (ideal)
                          0.25    0.25   clock uncertainty
                          0.00    0.25   clock reconvergence pessimism
                         -2.00   -1.75   output external delay
                                 -1.75   data required time
-----------------------------------------------------------------------------
                                 -1.75   data required time
                                 -2.56   data arrival time
-----------------------------------------------------------------------------
                                  4.31   slack (MET)


Startpoint: opcode[1] (input port clocked by __VIRTUAL_CLK__)
Endpoint: out[3] (output port clocked by __VIRTUAL_CLK__)
Path Group: __VIRTUAL_CLK__
Path Type: min
Corner: Fastest

Fanout     Cap    Slew   Delay    Time   Description
-----------------------------------------------------------------------------
                  0.00    0.00    0.00   clock __VIRTUAL_CLK__ (rise edge)
                          0.00    0.00   clock network delay (ideal)
                          2.00    2.00 v input external delay
     1    0.00    0.00    0.00    2.00 v opcode[1] (in)
                                         opcode[1] (net)
                  0.00    0.00    2.00 v input18/A (sky130_fd_sc_hd__clkbuf_4)
    10    0.07    0.10    0.13    2.14 v input18/X (sky130_fd_sc_hd__clkbuf_4)
                                         net18 (net)
                  0.10    0.01    2.15 v _266_/B (sky130_fd_sc_hd__and3b_2)
     7    0.05    0.10    0.22    2.36 v _266_/X (sky130_fd_sc_hd__and3b_2)
                                         _196_ (net)
                  0.10    0.01    2.37 v _321_/A1 (sky130_fd_sc_hd__a31o_1)
     1    0.01    0.05    0.16    2.53 v _321_/X (sky130_fd_sc_hd__a31o_1)
                                         net23 (net)
                  0.05    0.00    2.53 v output23/A (sky130_fd_sc_hd__buf_2)
     1    0.03    0.06    0.12    2.65 v output23/X (sky130_fd_sc_hd__buf_2)
                                         out[3] (net)
                  0.06    0.00    2.65 v out[3] (out)
                                  2.65   data arrival time

                  0.00    0.00    0.00   clock __VIRTUAL_CLK__ (rise edge)
                          0.00    0.00   clock network delay (ideal)
                          0.25    0.25   clock uncertainty
                          0.00    0.25   clock reconvergence pessimism
                         -2.00   -1.75   output external delay
                                 -1.75   data required time
-----------------------------------------------------------------------------
                                 -1.75   data required time
                                 -2.65   data arrival time
-----------------------------------------------------------------------------
                                  4.40   slack (MET)


Startpoint: opcode[1] (input port clocked by __VIRTUAL_CLK__)
Endpoint: out[1] (output port clocked by __VIRTUAL_CLK__)
Path Group: __VIRTUAL_CLK__
Path Type: min
Corner: Fastest

Fanout     Cap    Slew   Delay    Time   Description
-----------------------------------------------------------------------------
                  0.00    0.00    0.00   clock __VIRTUAL_CLK__ (rise edge)
                          0.00    0.00   clock network delay (ideal)
                          2.00    2.00 ^ input external delay
     1    0.00    0.02    0.01    2.01 ^ opcode[1] (in)
                                         opcode[1] (net)
                  0.02    0.00    2.01 ^ input18/A (sky130_fd_sc_hd__clkbuf_4)
    10    0.07    0.17    0.16    2.17 ^ input18/X (sky130_fd_sc_hd__clkbuf_4)
                                         net18 (net)
                  0.17    0.00    2.18 ^ _256_/B (sky130_fd_sc_hd__nor2_2)
     6    0.06    0.12    0.11    2.28 v _256_/Y (sky130_fd_sc_hd__nor2_2)
                                         _186_ (net)
                  0.12    0.01    2.29 v _270_/A2 (sky130_fd_sc_hd__a31o_1)
     2    0.03    0.10    0.23    2.52 v _270_/X (sky130_fd_sc_hd__a31o_1)
                                         net21 (net)
                  0.10    0.00    2.52 v output21/A (sky130_fd_sc_hd__buf_2)
     1    0.03    0.06    0.14    2.66 v output21/X (sky130_fd_sc_hd__buf_2)
                                         out[1] (net)
                  0.06    0.00    2.66 v out[1] (out)
                                  2.66   data arrival time

                  0.00    0.00    0.00   clock __VIRTUAL_CLK__ (rise edge)
                          0.00    0.00   clock network delay (ideal)
                          0.25    0.25   clock uncertainty
                          0.00    0.25   clock reconvergence pessimism
                         -2.00   -1.75   output external delay
                                 -1.75   data required time
-----------------------------------------------------------------------------
                                 -1.75   data required time
                                 -2.66   data arrival time
-----------------------------------------------------------------------------
                                  4.41   slack (MET)


Startpoint: opcode[1] (input port clocked by __VIRTUAL_CLK__)
Endpoint: out[2] (output port clocked by __VIRTUAL_CLK__)
Path Group: __VIRTUAL_CLK__
Path Type: min
Corner: Fastest

Fanout     Cap    Slew   Delay    Time   Description
-----------------------------------------------------------------------------
                  0.00    0.00    0.00   clock __VIRTUAL_CLK__ (rise edge)
                          0.00    0.00   clock network delay (ideal)
                          2.00    2.00 v input external delay
     1    0.00    0.00    0.00    2.00 v opcode[1] (in)
                                         opcode[1] (net)
                  0.00    0.00    2.00 v input18/A (sky130_fd_sc_hd__clkbuf_4)
    10    0.07    0.10    0.13    2.14 v input18/X (sky130_fd_sc_hd__clkbuf_4)
                                         net18 (net)
                  0.10    0.01    2.15 v _266_/B (sky130_fd_sc_hd__and3b_2)
     7    0.05    0.10    0.22    2.36 v _266_/X (sky130_fd_sc_hd__and3b_2)
                                         _196_ (net)
                  0.10    0.01    2.37 v _280_/B1 (sky130_fd_sc_hd__o21ai_1)
     1    0.02    0.18    0.16    2.53 ^ _280_/Y (sky130_fd_sc_hd__o21ai_1)
                                         _209_ (net)
                  0.18    0.00    2.53 ^ _292_/A2 (sky130_fd_sc_hd__o21ai_1)
     1    0.02    0.08    0.10    2.63 v _292_/Y (sky130_fd_sc_hd__o21ai_1)
                                         net22 (net)
                  0.08    0.00    2.64 v output22/A (sky130_fd_sc_hd__buf_2)
     1    0.03    0.06    0.13    2.77 v output22/X (sky130_fd_sc_hd__buf_2)
                                         out[2] (net)
                  0.06    0.00    2.77 v out[2] (out)
                                  2.77   data arrival time

                  0.00    0.00    0.00   clock __VIRTUAL_CLK__ (rise edge)
                          0.00    0.00   clock network delay (ideal)
                          0.25    0.25   clock uncertainty
                          0.00    0.25   clock reconvergence pessimism
                         -2.00   -1.75   output external delay
                                 -1.75   data required time
-----------------------------------------------------------------------------
                                 -1.75   data required time
                                 -2.77   data arrival time
-----------------------------------------------------------------------------
                                  4.52   slack (MET)


Startpoint: opcode[0] (input port clocked by __VIRTUAL_CLK__)
Endpoint: out[0] (output port clocked by __VIRTUAL_CLK__)
Path Group: __VIRTUAL_CLK__
Path Type: min
Corner: Fastest

Fanout     Cap    Slew   Delay    Time   Description
-----------------------------------------------------------------------------
                  0.00    0.00    0.00   clock __VIRTUAL_CLK__ (rise edge)
                          0.00    0.00   clock network delay (ideal)
                          2.00    2.00 v input external delay
     1    0.00    0.01    0.00    2.00 v opcode[0] (in)
                                         opcode[0] (net)
                  0.01    0.00    2.00 v input17/A (sky130_fd_sc_hd__buf_4)
     8    0.08    0.07    0.11    2.12 v input17/X (sky130_fd_sc_hd__buf_4)
                                         net17 (net)
                  0.08    0.02    2.13 v _241_/A_N (sky130_fd_sc_hd__and4b_1)
     1    0.01    0.06    0.17    2.30 ^ _241_/X (sky130_fd_sc_hd__and4b_1)
                                         _172_ (net)
                  0.06    0.00    2.30 ^ _244_/B (sky130_fd_sc_hd__or3_1)
     1    0.01    0.09    0.11    2.41 ^ _244_/X (sky130_fd_sc_hd__or3_1)
                                         _175_ (net)
                  0.09    0.00    2.41 ^ _245_/A (sky130_fd_sc_hd__buf_1)
     1    0.03    0.29    0.23    2.64 ^ _245_/X (sky130_fd_sc_hd__buf_1)
                                         net20 (net)
                  0.29    0.00    2.64 ^ output20/A (sky130_fd_sc_hd__buf_2)
     1    0.03    0.13    0.17    2.81 ^ output20/X (sky130_fd_sc_hd__buf_2)
                                         out[0] (net)
                  0.13    0.00    2.81 ^ out[0] (out)
                                  2.81   data arrival time

                  0.00    0.00    0.00   clock __VIRTUAL_CLK__ (rise edge)
                          0.00    0.00   clock network delay (ideal)
                          0.25    0.25   clock uncertainty
                          0.00    0.25   clock reconvergence pessimism
                         -2.00   -1.75   output external delay
                                 -1.75   data required time
-----------------------------------------------------------------------------
                                 -1.75   data required time
                                 -2.81   data arrival time
-----------------------------------------------------------------------------
                                  4.56   slack (MET)



worst slack corner Fastest: 4.2610
======================= Slowest Corner ===================================

Startpoint: A[6] (input port clocked by __VIRTUAL_CLK__)
Endpoint: out[6] (output port clocked by __VIRTUAL_CLK__)
Path Group: __VIRTUAL_CLK__
Path Type: min
Corner: Slowest

Fanout     Cap    Slew   Delay    Time   Description
-----------------------------------------------------------------------------
                  0.00    0.00    0.00   clock __VIRTUAL_CLK__ (rise edge)
                          0.00    0.00   clock network delay (ideal)
                          2.00    2.00 ^ input external delay
     1    0.00    0.05    0.03    2.03 ^ A[6] (in)
                                         A[6] (net)
                  0.05    0.00    2.03 ^ input7/A (sky130_fd_sc_hd__clkbuf_8)
    10    0.10    0.29    0.35    2.38 ^ input7/X (sky130_fd_sc_hd__clkbuf_8)
                                         net7 (net)
                  0.29    0.01    2.39 ^ _431_/A1 (sky130_fd_sc_hd__a311o_1)
     1    0.01    0.16    0.44    2.83 ^ _431_/X (sky130_fd_sc_hd__a311o_1)
                                         _122_ (net)
                  0.16    0.00    2.83 ^ _432_/B1 (sky130_fd_sc_hd__a21oi_2)
     1    0.02    0.10    0.14    2.97 v _432_/Y (sky130_fd_sc_hd__a21oi_2)
                                         _123_ (net)
                  0.10    0.00    2.97 v _433_/B1 (sky130_fd_sc_hd__o21ai_2)
     1    0.02    0.21    0.19    3.16 ^ _433_/Y (sky130_fd_sc_hd__o21ai_2)
                                         net26 (net)
                  0.21    0.00    3.17 ^ output26/A (sky130_fd_sc_hd__buf_4)
     1    0.03    0.17    0.33    3.49 ^ output26/X (sky130_fd_sc_hd__buf_4)
                                         out[6] (net)
                  0.17    0.00    3.49 ^ out[6] (out)
                                  3.49   data arrival time

                  0.00    0.00    0.00   clock __VIRTUAL_CLK__ (rise edge)
                          0.00    0.00   clock network delay (ideal)
                          0.25    0.25   clock uncertainty
                          0.00    0.25   clock reconvergence pessimism
                         -2.00   -1.75   output external delay
                                 -1.75   data required time
-----------------------------------------------------------------------------
                                 -1.75   data required time
                                 -3.49   data arrival time
-----------------------------------------------------------------------------
                                  5.24   slack (MET)


Startpoint: opcode[1] (input port clocked by __VIRTUAL_CLK__)
Endpoint: out[7] (output port clocked by __VIRTUAL_CLK__)
Path Group: __VIRTUAL_CLK__
Path Type: min
Corner: Slowest

Fanout     Cap    Slew   Delay    Time   Description
-----------------------------------------------------------------------------
                  0.00    0.00    0.00   clock __VIRTUAL_CLK__ (rise edge)
                          0.00    0.00   clock network delay (ideal)
                          2.00    2.00 ^ input external delay
     1    0.00    0.03    0.02    2.02 ^ opcode[1] (in)
                                         opcode[1] (net)
                  0.03    0.00    2.02 ^ input18/A (sky130_fd_sc_hd__clkbuf_4)
    10    0.07    0.34    0.40    2.42 ^ input18/X (sky130_fd_sc_hd__clkbuf_4)
                                         net18 (net)
                  0.34    0.00    2.42 ^ _256_/B (sky130_fd_sc_hd__nor2_2)
     6    0.06    0.27    0.33    2.76 v _256_/Y (sky130_fd_sc_hd__nor2_2)
                                         _186_ (net)
                  0.27    0.01    2.76 v _475_/A1 (sky130_fd_sc_hd__a21o_1)
     1    0.02    0.16    0.45    3.21 v _475_/X (sky130_fd_sc_hd__a21o_1)
                                         net27 (net)
                  0.16    0.00    3.21 v output27/A (sky130_fd_sc_hd__buf_6)
     1    0.03    0.08    0.28    3.49 v output27/X (sky130_fd_sc_hd__buf_6)
                                         out[7] (net)
                  0.08    0.00    3.49 v out[7] (out)
                                  3.49   data arrival time

                  0.00    0.00    0.00   clock __VIRTUAL_CLK__ (rise edge)
                          0.00    0.00   clock network delay (ideal)
                          0.25    0.25   clock uncertainty
                          0.00    0.25   clock reconvergence pessimism
                         -2.00   -1.75   output external delay
                                 -1.75   data required time
-----------------------------------------------------------------------------
                                 -1.75   data required time
                                 -3.49   data arrival time
-----------------------------------------------------------------------------
                                  5.24   slack (MET)


Startpoint: A[5] (input port clocked by __VIRTUAL_CLK__)
Endpoint: out[5] (output port clocked by __VIRTUAL_CLK__)
Path Group: __VIRTUAL_CLK__
Path Type: min
Corner: Slowest

Fanout     Cap    Slew   Delay    Time   Description
-----------------------------------------------------------------------------
                  0.00    0.00    0.00   clock __VIRTUAL_CLK__ (rise edge)
                          0.00    0.00   clock network delay (ideal)
                          2.00    2.00 ^ input external delay
     1    0.00    0.04    0.02    2.02 ^ A[5] (in)
                                         A[5] (net)
                  0.04    0.00    2.02 ^ input6/A (sky130_fd_sc_hd__buf_4)
     4    0.05    0.24    0.30    2.32 ^ input6/X (sky130_fd_sc_hd__buf_4)
                                         net6 (net)
                  0.24    0.01    2.33 ^ clone9/A (sky130_fd_sc_hd__clkbuf_16)
     5    0.06    0.11    0.33    2.65 ^ clone9/X (sky130_fd_sc_hd__clkbuf_16)
                                         net37 (net)
                  0.12    0.00    2.65 ^ _391_/A1 (sky130_fd_sc_hd__o211ai_2)
     1    0.03    0.42    0.43    3.08 v _391_/Y (sky130_fd_sc_hd__o211ai_2)
                                         net25 (net)
                  0.42    0.00    3.09 v output25/A (sky130_fd_sc_hd__buf_4)
     1    0.03    0.10    0.44    3.53 v output25/X (sky130_fd_sc_hd__buf_4)
                                         out[5] (net)
                  0.10    0.00    3.53 v out[5] (out)
                                  3.53   data arrival time

                  0.00    0.00    0.00   clock __VIRTUAL_CLK__ (rise edge)
                          0.00    0.00   clock network delay (ideal)
                          0.25    0.25   clock uncertainty
                          0.00    0.25   clock reconvergence pessimism
                         -2.00   -1.75   output external delay
                                 -1.75   data required time
-----------------------------------------------------------------------------
                                 -1.75   data required time
                                 -3.53   data arrival time
-----------------------------------------------------------------------------
                                  5.28   slack (MET)


Startpoint: opcode[1] (input port clocked by __VIRTUAL_CLK__)
Endpoint: out[4] (output port clocked by __VIRTUAL_CLK__)
Path Group: __VIRTUAL_CLK__
Path Type: min
Corner: Slowest

Fanout     Cap    Slew   Delay    Time   Description
-----------------------------------------------------------------------------
                  0.00    0.00    0.00   clock __VIRTUAL_CLK__ (rise edge)
                          0.00    0.00   clock network delay (ideal)
                          2.00    2.00 ^ input external delay
     1    0.00    0.03    0.02    2.02 ^ opcode[1] (in)
                                         opcode[1] (net)
                  0.03    0.00    2.02 ^ input18/A (sky130_fd_sc_hd__clkbuf_4)
    10    0.07    0.34    0.40    2.42 ^ input18/X (sky130_fd_sc_hd__clkbuf_4)
                                         net18 (net)
                  0.34    0.00    2.42 ^ _256_/B (sky130_fd_sc_hd__nor2_2)
     6    0.06    0.27    0.33    2.76 v _256_/Y (sky130_fd_sc_hd__nor2_2)
                                         _186_ (net)
                  0.27    0.01    2.76 v _353_/A1 (sky130_fd_sc_hd__a31o_1)
     1    0.01    0.11    0.44    3.20 v _353_/X (sky130_fd_sc_hd__a31o_1)
                                         net24 (net)
                  0.11    0.00    3.20 v output24/A (sky130_fd_sc_hd__buf_2)
     1    0.03    0.17    0.35    3.55 v output24/X (sky130_fd_sc_hd__buf_2)
                                         out[4] (net)
                  0.17    0.00    3.55 v out[4] (out)
                                  3.55   data arrival time

                  0.00    0.00    0.00   clock __VIRTUAL_CLK__ (rise edge)
                          0.00    0.00   clock network delay (ideal)
                          0.25    0.25   clock uncertainty
                          0.00    0.25   clock reconvergence pessimism
                         -2.00   -1.75   output external delay
                                 -1.75   data required time
-----------------------------------------------------------------------------
                                 -1.75   data required time
                                 -3.55   data arrival time
-----------------------------------------------------------------------------
                                  5.30   slack (MET)


Startpoint: opcode[1] (input port clocked by __VIRTUAL_CLK__)
Endpoint: out[1] (output port clocked by __VIRTUAL_CLK__)
Path Group: __VIRTUAL_CLK__
Path Type: min
Corner: Slowest

Fanout     Cap    Slew   Delay    Time   Description
-----------------------------------------------------------------------------
                  0.00    0.00    0.00   clock __VIRTUAL_CLK__ (rise edge)
                          0.00    0.00   clock network delay (ideal)
                          2.00    2.00 ^ input external delay
     1    0.00    0.03    0.02    2.02 ^ opcode[1] (in)
                                         opcode[1] (net)
                  0.03    0.00    2.02 ^ input18/A (sky130_fd_sc_hd__clkbuf_4)
    10    0.07    0.34    0.40    2.42 ^ input18/X (sky130_fd_sc_hd__clkbuf_4)
                                         net18 (net)
                  0.34    0.00    2.42 ^ _256_/B (sky130_fd_sc_hd__nor2_2)
     6    0.06    0.27    0.33    2.76 v _256_/Y (sky130_fd_sc_hd__nor2_2)
                                         _186_ (net)
                  0.27    0.01    2.76 v _270_/A2 (sky130_fd_sc_hd__a31o_1)
     2    0.03    0.29    0.63    3.39 v _270_/X (sky130_fd_sc_hd__a31o_1)
                                         net21 (net)
                  0.29    0.00    3.39 v output21/A (sky130_fd_sc_hd__buf_2)
     1    0.03    0.17    0.43    3.82 v output21/X (sky130_fd_sc_hd__buf_2)
                                         out[1] (net)
                  0.17    0.00    3.82 v out[1] (out)
                                  3.82   data arrival time

                  0.00    0.00    0.00   clock __VIRTUAL_CLK__ (rise edge)
                          0.00    0.00   clock network delay (ideal)
                          0.25    0.25   clock uncertainty
                          0.00    0.25   clock reconvergence pessimism
                         -2.00   -1.75   output external delay
                                 -1.75   data required time
-----------------------------------------------------------------------------
                                 -1.75   data required time
                                 -3.82   data arrival time
-----------------------------------------------------------------------------
                                  5.57   slack (MET)


Startpoint: opcode[1] (input port clocked by __VIRTUAL_CLK__)
Endpoint: out[3] (output port clocked by __VIRTUAL_CLK__)
Path Group: __VIRTUAL_CLK__
Path Type: min
Corner: Slowest

Fanout     Cap    Slew   Delay    Time   Description
-----------------------------------------------------------------------------
                  0.00    0.00    0.00   clock __VIRTUAL_CLK__ (rise edge)
                          0.00    0.00   clock network delay (ideal)
                          2.00    2.00 v input external delay
     1    0.00    0.02    0.01    2.01 v opcode[1] (in)
                                         opcode[1] (net)
                  0.02    0.00    2.01 v input18/A (sky130_fd_sc_hd__clkbuf_4)
    10    0.07    0.25    0.36    2.37 v input18/X (sky130_fd_sc_hd__clkbuf_4)
                                         net18 (net)
                  0.25    0.01    2.38 v _266_/B (sky130_fd_sc_hd__and3b_2)
     7    0.05    0.27    0.67    3.05 v _266_/X (sky130_fd_sc_hd__and3b_2)
                                         _196_ (net)
                  0.27    0.01    3.06 v _321_/A1 (sky130_fd_sc_hd__a31o_1)
     1    0.01    0.15    0.47    3.53 v _321_/X (sky130_fd_sc_hd__a31o_1)
                                         net23 (net)
                  0.15    0.00    3.53 v output23/A (sky130_fd_sc_hd__buf_2)
     1    0.03    0.17    0.37    3.90 v output23/X (sky130_fd_sc_hd__buf_2)
                                         out[3] (net)
                  0.17    0.00    3.90 v out[3] (out)
                                  3.90   data arrival time

                  0.00    0.00    0.00   clock __VIRTUAL_CLK__ (rise edge)
                          0.00    0.00   clock network delay (ideal)
                          0.25    0.25   clock uncertainty
                          0.00    0.25   clock reconvergence pessimism
                         -2.00   -1.75   output external delay
                                 -1.75   data required time
-----------------------------------------------------------------------------
                                 -1.75   data required time
                                 -3.90   data arrival time
-----------------------------------------------------------------------------
                                  5.65   slack (MET)


Startpoint: opcode[0] (input port clocked by __VIRTUAL_CLK__)
Endpoint: out[0] (output port clocked by __VIRTUAL_CLK__)
Path Group: __VIRTUAL_CLK__
Path Type: min
Corner: Slowest

Fanout     Cap    Slew   Delay    Time   Description
-----------------------------------------------------------------------------
                  0.00    0.00    0.00   clock __VIRTUAL_CLK__ (rise edge)
                          0.00    0.00   clock network delay (ideal)
                          2.00    2.00 v input external delay
     1    0.00    0.02    0.01    2.01 v opcode[0] (in)
                                         opcode[0] (net)
                  0.02    0.00    2.01 v input17/A (sky130_fd_sc_hd__buf_4)
     8    0.08    0.19    0.32    2.33 v input17/X (sky130_fd_sc_hd__buf_4)
                                         net17 (net)
                  0.19    0.02    2.35 v _241_/A_N (sky130_fd_sc_hd__and4b_1)
     1    0.01    0.14    0.56    2.91 ^ _241_/X (sky130_fd_sc_hd__and4b_1)
                                         _172_ (net)
                  0.14    0.00    2.91 ^ _244_/B (sky130_fd_sc_hd__or3_1)
     1    0.01    0.19    0.28    3.19 ^ _244_/X (sky130_fd_sc_hd__or3_1)
                                         _175_ (net)
                  0.19    0.00    3.19 ^ _245_/A (sky130_fd_sc_hd__buf_1)
     1    0.03    0.63    0.57    3.76 ^ _245_/X (sky130_fd_sc_hd__buf_1)
                                         net20 (net)
                  0.63    0.00    3.76 ^ output20/A (sky130_fd_sc_hd__buf_2)
     1    0.03    0.27    0.54    4.30 ^ output20/X (sky130_fd_sc_hd__buf_2)
                                         out[0] (net)
                  0.27    0.00    4.31 ^ out[0] (out)
                                  4.31   data arrival time

                  0.00    0.00    0.00   clock __VIRTUAL_CLK__ (rise edge)
                          0.00    0.00   clock network delay (ideal)
                          0.25    0.25   clock uncertainty
                          0.00    0.25   clock reconvergence pessimism
                         -2.00   -1.75   output external delay
                                 -1.75   data required time
-----------------------------------------------------------------------------
                                 -1.75   data required time
                                 -4.31   data arrival time
-----------------------------------------------------------------------------
                                  6.06   slack (MET)


Startpoint: opcode[1] (input port clocked by __VIRTUAL_CLK__)
Endpoint: out[2] (output port clocked by __VIRTUAL_CLK__)
Path Group: __VIRTUAL_CLK__
Path Type: min
Corner: Slowest

Fanout     Cap    Slew   Delay    Time   Description
-----------------------------------------------------------------------------
                  0.00    0.00    0.00   clock __VIRTUAL_CLK__ (rise edge)
                          0.00    0.00   clock network delay (ideal)
                          2.00    2.00 v input external delay
     1    0.00    0.02    0.01    2.01 v opcode[1] (in)
                                         opcode[1] (net)
                  0.02    0.00    2.01 v input18/A (sky130_fd_sc_hd__clkbuf_4)
    10    0.07    0.25    0.36    2.37 v input18/X (sky130_fd_sc_hd__clkbuf_4)
                                         net18 (net)
                  0.25    0.01    2.38 v _266_/B (sky130_fd_sc_hd__and3b_2)
     7    0.05    0.27    0.67    3.05 v _266_/X (sky130_fd_sc_hd__and3b_2)
                                         _196_ (net)
                  0.27    0.01    3.06 v _280_/B1 (sky130_fd_sc_hd__o21ai_1)
     1    0.02    0.45    0.43    3.49 ^ _280_/Y (sky130_fd_sc_hd__o21ai_1)
                                         _209_ (net)
                  0.45    0.00    3.49 ^ _292_/A2 (sky130_fd_sc_hd__o21ai_1)
     1    0.02    0.31    0.40    3.89 v _292_/Y (sky130_fd_sc_hd__o21ai_1)
                                         net22 (net)
                  0.31    0.00    3.89 v output22/A (sky130_fd_sc_hd__buf_2)
     1    0.03    0.17    0.44    4.33 v output22/X (sky130_fd_sc_hd__buf_2)
                                         out[2] (net)
                  0.17    0.00    4.33 v out[2] (out)
                                  4.33   data arrival time

                  0.00    0.00    0.00   clock __VIRTUAL_CLK__ (rise edge)
                          0.00    0.00   clock network delay (ideal)
                          0.25    0.25   clock uncertainty
                          0.00    0.25   clock reconvergence pessimism
                         -2.00   -1.75   output external delay
                                 -1.75   data required time
-----------------------------------------------------------------------------
                                 -1.75   data required time
                                 -4.33   data arrival time
-----------------------------------------------------------------------------
                                  6.08   slack (MET)



worst slack corner Slowest: 5.2443
======================= Typical Corner ===================================

Startpoint: A[5] (input port clocked by __VIRTUAL_CLK__)
Endpoint: out[5] (output port clocked by __VIRTUAL_CLK__)
Path Group: __VIRTUAL_CLK__
Path Type: min
Corner: Typical

Fanout     Cap    Slew   Delay    Time   Description
-----------------------------------------------------------------------------
                  0.00    0.00    0.00   clock __VIRTUAL_CLK__ (rise edge)
                          0.00    0.00   clock network delay (ideal)
                          2.00    2.00 ^ input external delay
     1    0.00    0.02    0.01    2.01 ^ A[5] (in)
                                         A[5] (net)
                  0.02    0.00    2.01 ^ input6/A (sky130_fd_sc_hd__buf_4)
     4    0.05    0.15    0.17    2.18 ^ input6/X (sky130_fd_sc_hd__buf_4)
                                         net6 (net)
                  0.15    0.01    2.19 ^ clone9/A (sky130_fd_sc_hd__clkbuf_16)
     5    0.06    0.07    0.18    2.37 ^ clone9/X (sky130_fd_sc_hd__clkbuf_16)
                                         net37 (net)
                  0.07    0.00    2.37 ^ _391_/A1 (sky130_fd_sc_hd__o211ai_2)
     1    0.03    0.19    0.19    2.56 v _391_/Y (sky130_fd_sc_hd__o211ai_2)
                                         net25 (net)
                  0.19    0.00    2.56 v output25/A (sky130_fd_sc_hd__buf_4)
     1    0.03    0.06    0.22    2.79 v output25/X (sky130_fd_sc_hd__buf_4)
                                         out[5] (net)
                  0.06    0.00    2.79 v out[5] (out)
                                  2.79   data arrival time

                  0.00    0.00    0.00   clock __VIRTUAL_CLK__ (rise edge)
                          0.00    0.00   clock network delay (ideal)
                          0.25    0.25   clock uncertainty
                          0.00    0.25   clock reconvergence pessimism
                         -2.00   -1.75   output external delay
                                 -1.75   data required time
-----------------------------------------------------------------------------
                                 -1.75   data required time
                                 -2.79   data arrival time
-----------------------------------------------------------------------------
                                  4.54   slack (MET)


Startpoint: A[6] (input port clocked by __VIRTUAL_CLK__)
Endpoint: out[6] (output port clocked by __VIRTUAL_CLK__)
Path Group: __VIRTUAL_CLK__
Path Type: min
Corner: Typical

Fanout     Cap    Slew   Delay    Time   Description
-----------------------------------------------------------------------------
                  0.00    0.00    0.00   clock __VIRTUAL_CLK__ (rise edge)
                          0.00    0.00   clock network delay (ideal)
                          2.00    2.00 ^ input external delay
     1    0.00    0.03    0.02    2.02 ^ A[6] (in)
                                         A[6] (net)
                  0.03    0.00    2.02 ^ input7/A (sky130_fd_sc_hd__clkbuf_8)
    10    0.10    0.19    0.20    2.22 ^ input7/X (sky130_fd_sc_hd__clkbuf_8)
                                         net7 (net)
                  0.19    0.01    2.23 ^ _431_/A1 (sky130_fd_sc_hd__a311o_1)
     1    0.01    0.10    0.22    2.45 ^ _431_/X (sky130_fd_sc_hd__a311o_1)
                                         _122_ (net)
                  0.10    0.00    2.45 ^ _432_/B1 (sky130_fd_sc_hd__a21oi_2)
     1    0.02    0.06    0.07    2.52 v _432_/Y (sky130_fd_sc_hd__a21oi_2)
                                         _123_ (net)
                  0.06    0.00    2.52 v _433_/B1 (sky130_fd_sc_hd__o21ai_2)
     1    0.02    0.13    0.12    2.63 ^ _433_/Y (sky130_fd_sc_hd__o21ai_2)
                                         net26 (net)
                  0.13    0.00    2.64 ^ output26/A (sky130_fd_sc_hd__buf_4)
     1    0.03    0.10    0.18    2.81 ^ output26/X (sky130_fd_sc_hd__buf_4)
                                         out[6] (net)
                  0.10    0.00    2.81 ^ out[6] (out)
                                  2.81   data arrival time

                  0.00    0.00    0.00   clock __VIRTUAL_CLK__ (rise edge)
                          0.00    0.00   clock network delay (ideal)
                          0.25    0.25   clock uncertainty
                          0.00    0.25   clock reconvergence pessimism
                         -2.00   -1.75   output external delay
                                 -1.75   data required time
-----------------------------------------------------------------------------
                                 -1.75   data required time
                                 -2.81   data arrival time
-----------------------------------------------------------------------------
                                  4.56   slack (MET)


Startpoint: opcode[1] (input port clocked by __VIRTUAL_CLK__)
Endpoint: out[7] (output port clocked by __VIRTUAL_CLK__)
Path Group: __VIRTUAL_CLK__
Path Type: min
Corner: Typical

Fanout     Cap    Slew   Delay    Time   Description
-----------------------------------------------------------------------------
                  0.00    0.00    0.00   clock __VIRTUAL_CLK__ (rise edge)
                          0.00    0.00   clock network delay (ideal)
                          2.00    2.00 ^ input external delay
     1    0.00    0.02    0.01    2.01 ^ opcode[1] (in)
                                         opcode[1] (net)
                  0.02    0.00    2.01 ^ input18/A (sky130_fd_sc_hd__clkbuf_4)
    10    0.07    0.22    0.23    2.24 ^ input18/X (sky130_fd_sc_hd__clkbuf_4)
                                         net18 (net)
                  0.22    0.00    2.25 ^ _256_/B (sky130_fd_sc_hd__nor2_2)
     6    0.06    0.15    0.17    2.42 v _256_/Y (sky130_fd_sc_hd__nor2_2)
                                         _186_ (net)
                  0.15    0.01    2.43 v _475_/A1 (sky130_fd_sc_hd__a21o_1)
     1    0.02    0.09    0.24    2.67 v _475_/X (sky130_fd_sc_hd__a21o_1)
                                         net27 (net)
                  0.09    0.00    2.67 v output27/A (sky130_fd_sc_hd__buf_6)
     1    0.03    0.04    0.15    2.82 v output27/X (sky130_fd_sc_hd__buf_6)
                                         out[7] (net)
                  0.04    0.00    2.82 v out[7] (out)
                                  2.82   data arrival time

                  0.00    0.00    0.00   clock __VIRTUAL_CLK__ (rise edge)
                          0.00    0.00   clock network delay (ideal)
                          0.25    0.25   clock uncertainty
                          0.00    0.25   clock reconvergence pessimism
                         -2.00   -1.75   output external delay
                                 -1.75   data required time
-----------------------------------------------------------------------------
                                 -1.75   data required time
                                 -2.82   data arrival time
-----------------------------------------------------------------------------
                                  4.57   slack (MET)


Startpoint: opcode[1] (input port clocked by __VIRTUAL_CLK__)
Endpoint: out[4] (output port clocked by __VIRTUAL_CLK__)
Path Group: __VIRTUAL_CLK__
Path Type: min
Corner: Typical

Fanout     Cap    Slew   Delay    Time   Description
-----------------------------------------------------------------------------
                  0.00    0.00    0.00   clock __VIRTUAL_CLK__ (rise edge)
                          0.00    0.00   clock network delay (ideal)
                          2.00    2.00 ^ input external delay
     1    0.00    0.02    0.01    2.01 ^ opcode[1] (in)
                                         opcode[1] (net)
                  0.02    0.00    2.01 ^ input18/A (sky130_fd_sc_hd__clkbuf_4)
    10    0.07    0.22    0.23    2.24 ^ input18/X (sky130_fd_sc_hd__clkbuf_4)
                                         net18 (net)
                  0.22    0.00    2.25 ^ _256_/B (sky130_fd_sc_hd__nor2_2)
     6    0.06    0.15    0.17    2.42 v _256_/Y (sky130_fd_sc_hd__nor2_2)
                                         _186_ (net)
                  0.15    0.01    2.43 v _353_/A1 (sky130_fd_sc_hd__a31o_1)
     1    0.01    0.06    0.23    2.66 v _353_/X (sky130_fd_sc_hd__a31o_1)
                                         net24 (net)
                  0.06    0.00    2.66 v output24/A (sky130_fd_sc_hd__buf_2)
     1    0.03    0.09    0.18    2.84 v output24/X (sky130_fd_sc_hd__buf_2)
                                         out[4] (net)
                  0.09    0.00    2.84 v out[4] (out)
                                  2.84   data arrival time

                  0.00    0.00    0.00   clock __VIRTUAL_CLK__ (rise edge)
                          0.00    0.00   clock network delay (ideal)
                          0.25    0.25   clock uncertainty
                          0.00    0.25   clock reconvergence pessimism
                         -2.00   -1.75   output external delay
                                 -1.75   data required time
-----------------------------------------------------------------------------
                                 -1.75   data required time
                                 -2.84   data arrival time
-----------------------------------------------------------------------------
                                  4.59   slack (MET)


Startpoint: opcode[1] (input port clocked by __VIRTUAL_CLK__)
Endpoint: out[3] (output port clocked by __VIRTUAL_CLK__)
Path Group: __VIRTUAL_CLK__
Path Type: min
Corner: Typical

Fanout     Cap    Slew   Delay    Time   Description
-----------------------------------------------------------------------------
                  0.00    0.00    0.00   clock __VIRTUAL_CLK__ (rise edge)
                          0.00    0.00   clock network delay (ideal)
                          2.00    2.00 v input external delay
     1    0.00    0.01    0.00    2.00 v opcode[1] (in)
                                         opcode[1] (net)
                  0.01    0.00    2.00 v input18/A (sky130_fd_sc_hd__clkbuf_4)
    10    0.07    0.14    0.20    2.20 v input18/X (sky130_fd_sc_hd__clkbuf_4)
                                         net18 (net)
                  0.14    0.01    2.22 v _266_/B (sky130_fd_sc_hd__and3b_2)
     7    0.05    0.14    0.33    2.54 v _266_/X (sky130_fd_sc_hd__and3b_2)
                                         _196_ (net)
                  0.14    0.01    2.55 v _321_/A1 (sky130_fd_sc_hd__a31o_1)
     1    0.01    0.08    0.25    2.79 v _321_/X (sky130_fd_sc_hd__a31o_1)
                                         net23 (net)
                  0.08    0.00    2.80 v output23/A (sky130_fd_sc_hd__buf_2)
     1    0.03    0.09    0.19    2.98 v output23/X (sky130_fd_sc_hd__buf_2)
                                         out[3] (net)
                  0.09    0.00    2.98 v out[3] (out)
                                  2.98   data arrival time

                  0.00    0.00    0.00   clock __VIRTUAL_CLK__ (rise edge)
                          0.00    0.00   clock network delay (ideal)
                          0.25    0.25   clock uncertainty
                          0.00    0.25   clock reconvergence pessimism
                         -2.00   -1.75   output external delay
                                 -1.75   data required time
-----------------------------------------------------------------------------
                                 -1.75   data required time
                                 -2.98   data arrival time
-----------------------------------------------------------------------------
                                  4.73   slack (MET)


Startpoint: opcode[1] (input port clocked by __VIRTUAL_CLK__)
Endpoint: out[1] (output port clocked by __VIRTUAL_CLK__)
Path Group: __VIRTUAL_CLK__
Path Type: min
Corner: Typical

Fanout     Cap    Slew   Delay    Time   Description
-----------------------------------------------------------------------------
                  0.00    0.00    0.00   clock __VIRTUAL_CLK__ (rise edge)
                          0.00    0.00   clock network delay (ideal)
                          2.00    2.00 ^ input external delay
     1    0.00    0.02    0.01    2.01 ^ opcode[1] (in)
                                         opcode[1] (net)
                  0.02    0.00    2.01 ^ input18/A (sky130_fd_sc_hd__clkbuf_4)
    10    0.07    0.22    0.23    2.24 ^ input18/X (sky130_fd_sc_hd__clkbuf_4)
                                         net18 (net)
                  0.22    0.00    2.25 ^ _256_/B (sky130_fd_sc_hd__nor2_2)
     6    0.06    0.15    0.17    2.42 v _256_/Y (sky130_fd_sc_hd__nor2_2)
                                         _186_ (net)
                  0.15    0.01    2.43 v _270_/A2 (sky130_fd_sc_hd__a31o_1)
     2    0.03    0.15    0.34    2.77 v _270_/X (sky130_fd_sc_hd__a31o_1)
                                         net21 (net)
                  0.15    0.00    2.77 v output21/A (sky130_fd_sc_hd__buf_2)
     1    0.03    0.09    0.22    2.99 v output21/X (sky130_fd_sc_hd__buf_2)
                                         out[1] (net)
                  0.09    0.00    2.99 v out[1] (out)
                                  2.99   data arrival time

                  0.00    0.00    0.00   clock __VIRTUAL_CLK__ (rise edge)
                          0.00    0.00   clock network delay (ideal)
                          0.25    0.25   clock uncertainty
                          0.00    0.25   clock reconvergence pessimism
                         -2.00   -1.75   output external delay
                                 -1.75   data required time
-----------------------------------------------------------------------------
                                 -1.75   data required time
                                 -2.99   data arrival time
-----------------------------------------------------------------------------
                                  4.74   slack (MET)


Startpoint: opcode[1] (input port clocked by __VIRTUAL_CLK__)
Endpoint: out[2] (output port clocked by __VIRTUAL_CLK__)
Path Group: __VIRTUAL_CLK__
Path Type: min
Corner: Typical

Fanout     Cap    Slew   Delay    Time   Description
-----------------------------------------------------------------------------
                  0.00    0.00    0.00   clock __VIRTUAL_CLK__ (rise edge)
                          0.00    0.00   clock network delay (ideal)
                          2.00    2.00 v input external delay
     1    0.00    0.01    0.00    2.00 v opcode[1] (in)
                                         opcode[1] (net)
                  0.01    0.00    2.00 v input18/A (sky130_fd_sc_hd__clkbuf_4)
    10    0.07    0.14    0.20    2.20 v input18/X (sky130_fd_sc_hd__clkbuf_4)
                                         net18 (net)
                  0.14    0.01    2.22 v _266_/B (sky130_fd_sc_hd__and3b_2)
     7    0.05    0.14    0.33    2.54 v _266_/X (sky130_fd_sc_hd__and3b_2)
                                         _196_ (net)
                  0.14    0.01    2.55 v _280_/B1 (sky130_fd_sc_hd__o21ai_1)
     1    0.02    0.26    0.23    2.78 ^ _280_/Y (sky130_fd_sc_hd__o21ai_1)
                                         _209_ (net)
                  0.26    0.00    2.78 ^ _292_/A2 (sky130_fd_sc_hd__o21ai_1)
     1    0.02    0.14    0.18    2.96 v _292_/Y (sky130_fd_sc_hd__o21ai_1)
                                         net22 (net)
                  0.14    0.00    2.97 v output22/A (sky130_fd_sc_hd__buf_2)
     1    0.03    0.09    0.21    3.18 v output22/X (sky130_fd_sc_hd__buf_2)
                                         out[2] (net)
                  0.09    0.00    3.18 v out[2] (out)
                                  3.18   data arrival time

                  0.00    0.00    0.00   clock __VIRTUAL_CLK__ (rise edge)
                          0.00    0.00   clock network delay (ideal)
                          0.25    0.25   clock uncertainty
                          0.00    0.25   clock reconvergence pessimism
                         -2.00   -1.75   output external delay
                                 -1.75   data required time
-----------------------------------------------------------------------------
                                 -1.75   data required time
                                 -3.18   data arrival time
-----------------------------------------------------------------------------
                                  4.93   slack (MET)


Startpoint: opcode[0] (input port clocked by __VIRTUAL_CLK__)
Endpoint: out[0] (output port clocked by __VIRTUAL_CLK__)
Path Group: __VIRTUAL_CLK__
Path Type: min
Corner: Typical

Fanout     Cap    Slew   Delay    Time   Description
-----------------------------------------------------------------------------
                  0.00    0.00    0.00   clock __VIRTUAL_CLK__ (rise edge)
                          0.00    0.00   clock network delay (ideal)
                          2.00    2.00 v input external delay
     1    0.00    0.01    0.00    2.00 v opcode[0] (in)
                                         opcode[0] (net)
                  0.01    0.00    2.00 v input17/A (sky130_fd_sc_hd__buf_4)
     8    0.08    0.10    0.17    2.18 v input17/X (sky130_fd_sc_hd__buf_4)
                                         net17 (net)
                  0.11    0.02    2.20 v _241_/A_N (sky130_fd_sc_hd__and4b_1)
     1    0.01    0.08    0.27    2.47 ^ _241_/X (sky130_fd_sc_hd__and4b_1)
                                         _172_ (net)
                  0.08    0.00    2.47 ^ _244_/B (sky130_fd_sc_hd__or3_1)
     1    0.01    0.12    0.16    2.62 ^ _244_/X (sky130_fd_sc_hd__or3_1)
                                         _175_ (net)
                  0.12    0.00    2.63 ^ _245_/A (sky130_fd_sc_hd__buf_1)
     1    0.03    0.39    0.33    2.95 ^ _245_/X (sky130_fd_sc_hd__buf_1)
                                         net20 (net)
                  0.39    0.00    2.96 ^ output20/A (sky130_fd_sc_hd__buf_2)
     1    0.03    0.17    0.27    3.23 ^ output20/X (sky130_fd_sc_hd__buf_2)
                                         out[0] (net)
                  0.17    0.00    3.23 ^ out[0] (out)
                                  3.23   data arrival time

                  0.00    0.00    0.00   clock __VIRTUAL_CLK__ (rise edge)
                          0.00    0.00   clock network delay (ideal)
                          0.25    0.25   clock uncertainty
                          0.00    0.25   clock reconvergence pessimism
                         -2.00   -1.75   output external delay
                                 -1.75   data required time
-----------------------------------------------------------------------------
                                 -1.75   data required time
                                 -3.23   data arrival time
-----------------------------------------------------------------------------
                                  4.98   slack (MET)



worst slack corner Typical: 4.5379
