
===========================================================================
report_checks -path_delay max (Setup)
============================================================================
======================= Fastest Corner ===================================

Startpoint: A[2] (input port clocked by __VIRTUAL_CLK__)
Endpoint: out[6] (output port clocked by __VIRTUAL_CLK__)
Path Group: __VIRTUAL_CLK__
Path Type: max
Corner: Fastest

Fanout     Cap    Slew   Delay    Time   Description
-----------------------------------------------------------------------------
                  0.00    0.00    0.00   clock __VIRTUAL_CLK__ (rise edge)
                          0.00    0.00   clock network delay (ideal)
                          2.00    2.00 ^ input external delay
     1    0.00    0.01    0.01    2.01 ^ A[2] (in)
                                         A[2] (net)
                  0.01    0.00    2.01 ^ input3/A (sky130_fd_sc_hd__clkbuf_4)
     6    0.06    0.13    0.16    2.17 ^ input3/X (sky130_fd_sc_hd__clkbuf_4)
                                         net3 (net)
                  0.13    0.00    2.17 ^ _275_/A (sky130_fd_sc_hd__buf_12)
    11    0.10    0.09    0.13    2.30 ^ _275_/X (sky130_fd_sc_hd__buf_12)
                                         _204_ (net)
                  0.09    0.00    2.30 ^ _411_/A (sky130_fd_sc_hd__and4_1)
     2    0.02    0.17    0.22    2.52 ^ _411_/X (sky130_fd_sc_hd__and4_1)
                                         _102_ (net)
                  0.17    0.00    2.53 ^ _412_/B (sky130_fd_sc_hd__nor2_2)
     2    0.02    0.07    0.07    2.59 v _412_/Y (sky130_fd_sc_hd__nor2_2)
                                         _103_ (net)
                  0.07    0.00    2.60 v _413_/B (sky130_fd_sc_hd__xnor2_2)
     2    0.01    0.16    0.16    2.75 ^ _413_/Y (sky130_fd_sc_hd__xnor2_2)
                                         _104_ (net)
                  0.16    0.00    2.75 ^ _414_/B1 (sky130_fd_sc_hd__a21o_1)
     2    0.04    0.27    0.23    2.99 ^ _414_/X (sky130_fd_sc_hd__a21o_1)
                                         _105_ (net)
                  0.27    0.00    2.99 ^ _417_/A (sky130_fd_sc_hd__nand3_2)
     3    0.04    0.18    0.18    3.17 v _417_/Y (sky130_fd_sc_hd__nand3_2)
                                         _108_ (net)
                  0.18    0.00    3.17 v _419_/B (sky130_fd_sc_hd__and3_4)
     3    0.03    0.05    0.21    3.38 v _419_/X (sky130_fd_sc_hd__and3_4)
                                         _110_ (net)
                  0.05    0.00    3.38 v _422_/A1 (sky130_fd_sc_hd__o211ai_2)
     2    0.02    0.24    0.24    3.62 ^ _422_/Y (sky130_fd_sc_hd__o211ai_2)
                                         _113_ (net)
                  0.24    0.00    3.62 ^ _423_/C (sky130_fd_sc_hd__and3b_1)
     2    0.03    0.19    0.24    3.86 ^ _423_/X (sky130_fd_sc_hd__and3b_1)
                                         _114_ (net)
                  0.19    0.00    3.86 ^ _425_/A_N (sky130_fd_sc_hd__and2b_1)
     2    0.02    0.07    0.17    4.04 v _425_/X (sky130_fd_sc_hd__and2b_1)
                                         _116_ (net)
                  0.07    0.00    4.04 v _427_/A2 (sky130_fd_sc_hd__o21a_1)
     1    0.02    0.08    0.18    4.21 v _427_/X (sky130_fd_sc_hd__o21a_1)
                                         _118_ (net)
                  0.08    0.00    4.22 v _432_/A1 (sky130_fd_sc_hd__a21oi_2)
     1    0.02    0.16    0.18    4.40 ^ _432_/Y (sky130_fd_sc_hd__a21oi_2)
                                         _123_ (net)
                  0.16    0.00    4.40 ^ _433_/B1 (sky130_fd_sc_hd__o21ai_2)
     1    0.02    0.07    0.06    4.46 v _433_/Y (sky130_fd_sc_hd__o21ai_2)
                                         net26 (net)
                  0.07    0.00    4.46 v output26/A (sky130_fd_sc_hd__buf_4)
     1    0.03    0.04    0.13    4.59 v output26/X (sky130_fd_sc_hd__buf_4)
                                         out[6] (net)
                  0.04    0.00    4.59 v out[6] (out)
                                  4.59   data arrival time

                  0.00   10.00   10.00   clock __VIRTUAL_CLK__ (rise edge)
                          0.00   10.00   clock network delay (ideal)
                         -0.25    9.75   clock uncertainty
                          0.00    9.75   clock reconvergence pessimism
                         -2.00    7.75   output external delay
                                  7.75   data required time
-----------------------------------------------------------------------------
                                  7.75   data required time
                                 -4.59   data arrival time
-----------------------------------------------------------------------------
                                  3.16   slack (MET)


Startpoint: A[2] (input port clocked by __VIRTUAL_CLK__)
Endpoint: out[7] (output port clocked by __VIRTUAL_CLK__)
Path Group: __VIRTUAL_CLK__
Path Type: max
Corner: Fastest

Fanout     Cap    Slew   Delay    Time   Description
-----------------------------------------------------------------------------
                  0.00    0.00    0.00   clock __VIRTUAL_CLK__ (rise edge)
                          0.00    0.00   clock network delay (ideal)
                          2.00    2.00 ^ input external delay
     1    0.00    0.01    0.01    2.01 ^ A[2] (in)
                                         A[2] (net)
                  0.01    0.00    2.01 ^ input3/A (sky130_fd_sc_hd__clkbuf_4)
     6    0.06    0.13    0.16    2.17 ^ input3/X (sky130_fd_sc_hd__clkbuf_4)
                                         net3 (net)
                  0.13    0.00    2.17 ^ _275_/A (sky130_fd_sc_hd__buf_12)
    11    0.10    0.09    0.13    2.30 ^ _275_/X (sky130_fd_sc_hd__buf_12)
                                         _204_ (net)
                  0.09    0.00    2.30 ^ _411_/A (sky130_fd_sc_hd__and4_1)
     2    0.02    0.17    0.22    2.52 ^ _411_/X (sky130_fd_sc_hd__and4_1)
                                         _102_ (net)
                  0.17    0.00    2.53 ^ _412_/B (sky130_fd_sc_hd__nor2_2)
     2    0.02    0.07    0.07    2.59 v _412_/Y (sky130_fd_sc_hd__nor2_2)
                                         _103_ (net)
                  0.07    0.00    2.60 v _455_/A3 (sky130_fd_sc_hd__a31o_1)
     1    0.01    0.06    0.19    2.79 v _455_/X (sky130_fd_sc_hd__a31o_1)
                                         _145_ (net)
                  0.06    0.00    2.79 v _456_/B (sky130_fd_sc_hd__xor2_1)
     1    0.01    0.24    0.22    3.01 ^ _456_/X (sky130_fd_sc_hd__xor2_1)
                                         _146_ (net)
                  0.24    0.00    3.01 ^ _464_/A (sky130_fd_sc_hd__xnor2_1)
     1    0.01    0.08    0.09    3.10 v _464_/Y (sky130_fd_sc_hd__xnor2_1)
                                         _154_ (net)
                  0.08    0.00    3.10 v _465_/B (sky130_fd_sc_hd__xnor2_2)
     1    0.03    0.34    0.30    3.40 ^ _465_/Y (sky130_fd_sc_hd__xnor2_2)
                                         _155_ (net)
                  0.34    0.00    3.40 ^ _466_/B (sky130_fd_sc_hd__xor2_2)
     1    0.03    0.13    0.13    3.53 v _466_/X (sky130_fd_sc_hd__xor2_2)
                                         _156_ (net)
                  0.13    0.00    3.53 v _467_/B (sky130_fd_sc_hd__xnor2_1)
     1    0.02    0.37    0.35    3.88 ^ _467_/Y (sky130_fd_sc_hd__xnor2_1)
                                         _157_ (net)
                  0.37    0.00    3.88 ^ _468_/B (sky130_fd_sc_hd__xnor2_2)
     2    0.02    0.09    0.08    3.96 v _468_/Y (sky130_fd_sc_hd__xnor2_2)
                                         _158_ (net)
                  0.09    0.00    3.96 v _470_/A1 (sky130_fd_sc_hd__o21a_1)
     1    0.02    0.08    0.20    4.16 v _470_/X (sky130_fd_sc_hd__o21a_1)
                                         _160_ (net)
                  0.08    0.00    4.16 v _474_/A2 (sky130_fd_sc_hd__a21o_1)
     1    0.02    0.08    0.19    4.36 v _474_/X (sky130_fd_sc_hd__a21o_1)
                                         _164_ (net)
                  0.08    0.00    4.36 v _475_/B1 (sky130_fd_sc_hd__a21o_1)
     1    0.01    0.06    0.13    4.48 v _475_/X (sky130_fd_sc_hd__a21o_1)
                                         net27 (net)
                  0.06    0.00    4.49 v output27/A (sky130_fd_sc_hd__buf_6)
     1    0.03    0.03    0.11    4.59 v output27/X (sky130_fd_sc_hd__buf_6)
                                         out[7] (net)
                  0.03    0.00    4.59 v out[7] (out)
                                  4.59   data arrival time

                  0.00   10.00   10.00   clock __VIRTUAL_CLK__ (rise edge)
                          0.00   10.00   clock network delay (ideal)
                         -0.25    9.75   clock uncertainty
                          0.00    9.75   clock reconvergence pessimism
                         -2.00    7.75   output external delay
                                  7.75   data required time
-----------------------------------------------------------------------------
                                  7.75   data required time
                                 -4.59   data arrival time
-----------------------------------------------------------------------------
                                  3.16   slack (MET)


Startpoint: A[3] (input port clocked by __VIRTUAL_CLK__)
Endpoint: out[5] (output port clocked by __VIRTUAL_CLK__)
Path Group: __VIRTUAL_CLK__
Path Type: max
Corner: Fastest

Fanout     Cap    Slew   Delay    Time   Description
-----------------------------------------------------------------------------
                  0.00    0.00    0.00   clock __VIRTUAL_CLK__ (rise edge)
                          0.00    0.00   clock network delay (ideal)
                          2.00    2.00 ^ input external delay
     1    0.00    0.02    0.01    2.01 ^ A[3] (in)
                                         A[3] (net)
                  0.02    0.00    2.01 ^ input4/A (sky130_fd_sc_hd__clkbuf_4)
     6    0.06    0.15    0.17    2.18 ^ input4/X (sky130_fd_sc_hd__clkbuf_4)
                                         net4 (net)
                  0.15    0.00    2.18 ^ _296_/A (sky130_fd_sc_hd__buf_6)
    10    0.07    0.11    0.15    2.33 ^ _296_/X (sky130_fd_sc_hd__buf_6)
                                         _224_ (net)
                  0.11    0.00    2.33 ^ _297_/B1 (sky130_fd_sc_hd__a22oi_4)
     2    0.04    0.08    0.08    2.42 v _297_/Y (sky130_fd_sc_hd__a22oi_4)
                                         _225_ (net)
                  0.08    0.00    2.42 v _298_/B (sky130_fd_sc_hd__nor2_2)
     1    0.04    0.35    0.30    2.72 ^ _298_/Y (sky130_fd_sc_hd__nor2_2)
                                         _226_ (net)
                  0.35    0.00    2.72 ^ _299_/A (sky130_fd_sc_hd__xnor2_2)
     2    0.03    0.12    0.13    2.85 v _299_/Y (sky130_fd_sc_hd__xnor2_2)
                                         _227_ (net)
                  0.12    0.00    2.85 v _301_/B (sky130_fd_sc_hd__xnor2_2)
     2    0.01    0.08    0.14    2.99 v _301_/Y (sky130_fd_sc_hd__xnor2_2)
                                         _229_ (net)
                  0.08    0.00    2.99 v _302_/A (sky130_fd_sc_hd__and3_4)
     3    0.04    0.06    0.15    3.14 v _302_/X (sky130_fd_sc_hd__and3_4)
                                         _230_ (net)
                  0.06    0.00    3.15 v _345_/B (sky130_fd_sc_hd__nor3_2)
     1    0.03    0.34    0.31    3.45 ^ _345_/Y (sky130_fd_sc_hd__nor3_2)
                                         _038_ (net)
                  0.34    0.00    3.46 ^ _346_/B (sky130_fd_sc_hd__nor2_2)
     3    0.03    0.11    0.09    3.55 v _346_/Y (sky130_fd_sc_hd__nor2_2)
                                         _039_ (net)
                  0.11    0.00    3.55 v _378_/D (sky130_fd_sc_hd__and4b_2)
     3    0.02    0.06    0.22    3.77 v _378_/X (sky130_fd_sc_hd__and4b_2)
                                         _070_ (net)
                  0.06    0.00    3.77 v _379_/B (sky130_fd_sc_hd__or3b_2)
     1    0.03    0.10    0.34    4.11 v _379_/X (sky130_fd_sc_hd__or3b_2)
                                         _071_ (net)
                  0.10    0.00    4.12 v _391_/B1 (sky130_fd_sc_hd__o211ai_2)
     1    0.02    0.24    0.14    4.25 ^ _391_/Y (sky130_fd_sc_hd__o211ai_2)
                                         net25 (net)
                  0.24    0.00    4.25 ^ output25/A (sky130_fd_sc_hd__buf_4)
     1    0.03    0.08    0.14    4.40 ^ output25/X (sky130_fd_sc_hd__buf_4)
                                         out[5] (net)
                  0.08    0.00    4.40 ^ out[5] (out)
                                  4.40   data arrival time

                  0.00   10.00   10.00   clock __VIRTUAL_CLK__ (rise edge)
                          0.00   10.00   clock network delay (ideal)
                         -0.25    9.75   clock uncertainty
                          0.00    9.75   clock reconvergence pessimism
                         -2.00    7.75   output external delay
                                  7.75   data required time
-----------------------------------------------------------------------------
                                  7.75   data required time
                                 -4.40   data arrival time
-----------------------------------------------------------------------------
                                  3.35   slack (MET)


Startpoint: A[3] (input port clocked by __VIRTUAL_CLK__)
Endpoint: out[4] (output port clocked by __VIRTUAL_CLK__)
Path Group: __VIRTUAL_CLK__
Path Type: max
Corner: Fastest

Fanout     Cap    Slew   Delay    Time   Description
-----------------------------------------------------------------------------
                  0.00    0.00    0.00   clock __VIRTUAL_CLK__ (rise edge)
                          0.00    0.00   clock network delay (ideal)
                          2.00    2.00 ^ input external delay
     1    0.00    0.02    0.01    2.01 ^ A[3] (in)
                                         A[3] (net)
                  0.02    0.00    2.01 ^ input4/A (sky130_fd_sc_hd__clkbuf_4)
     6    0.06    0.15    0.17    2.18 ^ input4/X (sky130_fd_sc_hd__clkbuf_4)
                                         net4 (net)
                  0.15    0.00    2.18 ^ _296_/A (sky130_fd_sc_hd__buf_6)
    10    0.07    0.11    0.15    2.33 ^ _296_/X (sky130_fd_sc_hd__buf_6)
                                         _224_ (net)
                  0.11    0.00    2.33 ^ _297_/B1 (sky130_fd_sc_hd__a22oi_4)
     2    0.04    0.08    0.08    2.42 v _297_/Y (sky130_fd_sc_hd__a22oi_4)
                                         _225_ (net)
                  0.08    0.00    2.42 v _298_/B (sky130_fd_sc_hd__nor2_2)
     1    0.04    0.35    0.30    2.72 ^ _298_/Y (sky130_fd_sc_hd__nor2_2)
                                         _226_ (net)
                  0.35    0.00    2.72 ^ _299_/A (sky130_fd_sc_hd__xnor2_2)
     2    0.03    0.12    0.13    2.85 v _299_/Y (sky130_fd_sc_hd__xnor2_2)
                                         _227_ (net)
                  0.12    0.00    2.85 v _301_/B (sky130_fd_sc_hd__xnor2_2)
     2    0.01    0.16    0.18    3.03 ^ _301_/Y (sky130_fd_sc_hd__xnor2_2)
                                         _229_ (net)
                  0.16    0.00    3.03 ^ rebuffer10/A (sky130_fd_sc_hd__clkbuf_2)
     1    0.02    0.07    0.13    3.16 ^ rebuffer10/X (sky130_fd_sc_hd__clkbuf_2)
                                         net38 (net)
                  0.07    0.00    3.16 ^ _303_/B1 (sky130_fd_sc_hd__a21oi_1)
     1    0.01    0.07    0.05    3.21 v _303_/Y (sky130_fd_sc_hd__a21oi_1)
                                         _231_ (net)
                  0.07    0.00    3.21 v _304_/A (sky130_fd_sc_hd__nor2_2)
     3    0.04    0.28    0.26    3.47 ^ _304_/Y (sky130_fd_sc_hd__nor2_2)
                                         _232_ (net)
                  0.28    0.00    3.47 ^ _306_/A (sky130_fd_sc_hd__nand2_2)
     3    0.03    0.14    0.13    3.60 v _306_/Y (sky130_fd_sc_hd__nand2_2)
                                         _000_ (net)
                  0.14    0.00    3.60 v _347_/A (sky130_fd_sc_hd__xnor2_1)
     1    0.01    0.25    0.27    3.88 ^ _347_/Y (sky130_fd_sc_hd__xnor2_1)
                                         _040_ (net)
                  0.25    0.00    3.88 ^ _352_/A2 (sky130_fd_sc_hd__a211o_1)
     1    0.01    0.06    0.12    4.00 ^ _352_/X (sky130_fd_sc_hd__a211o_1)
                                         _045_ (net)
                  0.06    0.00    4.00 ^ _353_/B1 (sky130_fd_sc_hd__a31o_1)
     1    0.01    0.07    0.09    4.08 ^ _353_/X (sky130_fd_sc_hd__a31o_1)
                                         net24 (net)
                  0.07    0.00    4.08 ^ output24/A (sky130_fd_sc_hd__buf_2)
     1    0.03    0.13    0.15    4.24 ^ output24/X (sky130_fd_sc_hd__buf_2)
                                         out[4] (net)
                  0.13    0.00    4.24 ^ out[4] (out)
                                  4.24   data arrival time

                  0.00   10.00   10.00   clock __VIRTUAL_CLK__ (rise edge)
                          0.00   10.00   clock network delay (ideal)
                         -0.25    9.75   clock uncertainty
                          0.00    9.75   clock reconvergence pessimism
                         -2.00    7.75   output external delay
                                  7.75   data required time
-----------------------------------------------------------------------------
                                  7.75   data required time
                                 -4.24   data arrival time
-----------------------------------------------------------------------------
                                  3.51   slack (MET)


Startpoint: A[3] (input port clocked by __VIRTUAL_CLK__)
Endpoint: out[3] (output port clocked by __VIRTUAL_CLK__)
Path Group: __VIRTUAL_CLK__
Path Type: max
Corner: Fastest

Fanout     Cap    Slew   Delay    Time   Description
-----------------------------------------------------------------------------
                  0.00    0.00    0.00   clock __VIRTUAL_CLK__ (rise edge)
                          0.00    0.00   clock network delay (ideal)
                          2.00    2.00 ^ input external delay
     1    0.00    0.02    0.01    2.01 ^ A[3] (in)
                                         A[3] (net)
                  0.02    0.00    2.01 ^ input4/A (sky130_fd_sc_hd__clkbuf_4)
     6    0.06    0.15    0.17    2.18 ^ input4/X (sky130_fd_sc_hd__clkbuf_4)
                                         net4 (net)
                  0.15    0.00    2.18 ^ _296_/A (sky130_fd_sc_hd__buf_6)
    10    0.07    0.11    0.15    2.33 ^ _296_/X (sky130_fd_sc_hd__buf_6)
                                         _224_ (net)
                  0.11    0.00    2.33 ^ _297_/B1 (sky130_fd_sc_hd__a22oi_4)
     2    0.04    0.08    0.08    2.42 v _297_/Y (sky130_fd_sc_hd__a22oi_4)
                                         _225_ (net)
                  0.08    0.00    2.42 v _298_/B (sky130_fd_sc_hd__nor2_2)
     1    0.04    0.35    0.30    2.72 ^ _298_/Y (sky130_fd_sc_hd__nor2_2)
                                         _226_ (net)
                  0.35    0.00    2.72 ^ _299_/A (sky130_fd_sc_hd__xnor2_2)
     2    0.03    0.12    0.13    2.85 v _299_/Y (sky130_fd_sc_hd__xnor2_2)
                                         _227_ (net)
                  0.12    0.00    2.85 v _301_/B (sky130_fd_sc_hd__xnor2_2)
     2    0.01    0.16    0.18    3.03 ^ _301_/Y (sky130_fd_sc_hd__xnor2_2)
                                         _229_ (net)
                  0.16    0.00    3.03 ^ rebuffer10/A (sky130_fd_sc_hd__clkbuf_2)
     1    0.02    0.07    0.13    3.16 ^ rebuffer10/X (sky130_fd_sc_hd__clkbuf_2)
                                         net38 (net)
                  0.07    0.00    3.16 ^ _303_/B1 (sky130_fd_sc_hd__a21oi_1)
     1    0.01    0.07    0.05    3.21 v _303_/Y (sky130_fd_sc_hd__a21oi_1)
                                         _231_ (net)
                  0.07    0.00    3.21 v _304_/A (sky130_fd_sc_hd__nor2_2)
     3    0.04    0.28    0.26    3.47 ^ _304_/Y (sky130_fd_sc_hd__nor2_2)
                                         _232_ (net)
                  0.28    0.00    3.47 ^ _306_/A (sky130_fd_sc_hd__nand2_2)
     3    0.03    0.14    0.13    3.60 v _306_/Y (sky130_fd_sc_hd__nand2_2)
                                         _000_ (net)
                  0.14    0.00    3.60 v _321_/A3 (sky130_fd_sc_hd__a31o_1)
     1    0.01    0.05    0.22    3.82 v _321_/X (sky130_fd_sc_hd__a31o_1)
                                         net23 (net)
                  0.05    0.00    3.82 v output23/A (sky130_fd_sc_hd__buf_2)
     1    0.03    0.06    0.13    3.95 v output23/X (sky130_fd_sc_hd__buf_2)
                                         out[3] (net)
                  0.06    0.00    3.95 v out[3] (out)
                                  3.95   data arrival time

                  0.00   10.00   10.00   clock __VIRTUAL_CLK__ (rise edge)
                          0.00   10.00   clock network delay (ideal)
                         -0.25    9.75   clock uncertainty
                          0.00    9.75   clock reconvergence pessimism
                         -2.00    7.75   output external delay
                                  7.75   data required time
-----------------------------------------------------------------------------
                                  7.75   data required time
                                 -3.95   data arrival time
-----------------------------------------------------------------------------
                                  3.80   slack (MET)


Startpoint: opcode[2] (input port clocked by __VIRTUAL_CLK__)
Endpoint: out[2] (output port clocked by __VIRTUAL_CLK__)
Path Group: __VIRTUAL_CLK__
Path Type: max
Corner: Fastest

Fanout     Cap    Slew   Delay    Time   Description
-----------------------------------------------------------------------------
                  0.00    0.00    0.00   clock __VIRTUAL_CLK__ (rise edge)
                          0.00    0.00   clock network delay (ideal)
                          2.00    2.00 v input external delay
     1    0.00    0.00    0.00    2.00 v opcode[2] (in)
                                         opcode[2] (net)
                  0.00    0.00    2.00 v input19/A (sky130_fd_sc_hd__clkbuf_4)
     9    0.06    0.09    0.15    2.15 v input19/X (sky130_fd_sc_hd__clkbuf_4)
                                         net19 (net)
                  0.09    0.01    2.16 v _246_/A (sky130_fd_sc_hd__or3b_4)
     1    0.02    0.06    0.30    2.45 v _246_/X (sky130_fd_sc_hd__or3b_4)
                                         _176_ (net)
                  0.06    0.00    2.46 v _247_/A (sky130_fd_sc_hd__buf_6)
     8    0.05    0.04    0.12    2.57 v _247_/X (sky130_fd_sc_hd__buf_6)
                                         _177_ (net)
                  0.04    0.00    2.57 v _249_/A2 (sky130_fd_sc_hd__a21oi_1)
     2    0.02    0.33    0.30    2.87 ^ _249_/Y (sky130_fd_sc_hd__a21oi_1)
                                         _179_ (net)
                  0.33    0.00    2.87 ^ _252_/A2 (sky130_fd_sc_hd__o21a_1)
     3    0.02    0.15    0.17    3.04 ^ _252_/X (sky130_fd_sc_hd__o21a_1)
                                         _182_ (net)
                  0.15    0.00    3.04 ^ _284_/B1_N (sky130_fd_sc_hd__o21bai_4)
     2    0.03    0.17    0.14    3.18 ^ _284_/Y (sky130_fd_sc_hd__o21bai_4)
                                         _213_ (net)
                  0.17    0.00    3.18 ^ _286_/A2 (sky130_fd_sc_hd__o21ai_1)
     1    0.01    0.11    0.09    3.27 v _286_/Y (sky130_fd_sc_hd__o21ai_1)
                                         _215_ (net)
                  0.11    0.00    3.27 v _291_/A2 (sky130_fd_sc_hd__o211a_1)
     1    0.01    0.06    0.21    3.48 v _291_/X (sky130_fd_sc_hd__o211a_1)
                                         _220_ (net)
                  0.06    0.00    3.48 v _292_/B1 (sky130_fd_sc_hd__o21ai_1)
     1    0.02    0.22    0.15    3.62 ^ _292_/Y (sky130_fd_sc_hd__o21ai_1)
                                         net22 (net)
                  0.22    0.00    3.62 ^ output22/A (sky130_fd_sc_hd__buf_2)
     1    0.03    0.13    0.18    3.80 ^ output22/X (sky130_fd_sc_hd__buf_2)
                                         out[2] (net)
                  0.13    0.00    3.80 ^ out[2] (out)
                                  3.80   data arrival time

                  0.00   10.00   10.00   clock __VIRTUAL_CLK__ (rise edge)
                          0.00   10.00   clock network delay (ideal)
                         -0.25    9.75   clock uncertainty
                          0.00    9.75   clock reconvergence pessimism
                         -2.00    7.75   output external delay
                                  7.75   data required time
-----------------------------------------------------------------------------
                                  7.75   data required time
                                 -3.80   data arrival time
-----------------------------------------------------------------------------
                                  3.95   slack (MET)


Startpoint: A[1] (input port clocked by __VIRTUAL_CLK__)
Endpoint: out[1] (output port clocked by __VIRTUAL_CLK__)
Path Group: __VIRTUAL_CLK__
Path Type: max
Corner: Fastest

Fanout     Cap    Slew   Delay    Time   Description
-----------------------------------------------------------------------------
                  0.00    0.00    0.00   clock __VIRTUAL_CLK__ (rise edge)
                          0.00    0.00   clock network delay (ideal)
                          2.00    2.00 ^ input external delay
     1    0.00    0.02    0.01    2.01 ^ A[1] (in)
                                         A[1] (net)
                  0.02    0.00    2.01 ^ input2/A (sky130_fd_sc_hd__clkbuf_4)
     7    0.07    0.16    0.18    2.19 ^ input2/X (sky130_fd_sc_hd__clkbuf_4)
                                         net2 (net)
                  0.16    0.00    2.19 ^ _251_/A (sky130_fd_sc_hd__clkbuf_4)
    10    0.08    0.18    0.23    2.43 ^ _251_/X (sky130_fd_sc_hd__clkbuf_4)
                                         _181_ (net)
                  0.18    0.00    2.43 ^ _258_/A (sky130_fd_sc_hd__and2_2)
     4    0.05    0.19    0.24    2.67 ^ _258_/X (sky130_fd_sc_hd__and2_2)
                                         _188_ (net)
                  0.19    0.00    2.67 ^ _265_/C (sky130_fd_sc_hd__and3_1)
     3    0.03    0.23    0.26    2.93 ^ _265_/X (sky130_fd_sc_hd__and3_1)
                                         _195_ (net)
                  0.23    0.00    2.93 ^ _268_/A_N (sky130_fd_sc_hd__and3b_1)
     1    0.01    0.04    0.13    3.07 v _268_/X (sky130_fd_sc_hd__and3b_1)
                                         _198_ (net)
                  0.04    0.00    3.07 v _269_/C (sky130_fd_sc_hd__or3_1)
     1    0.02    0.09    0.24    3.31 v _269_/X (sky130_fd_sc_hd__or3_1)
                                         _199_ (net)
                  0.09    0.00    3.31 v _270_/B1 (sky130_fd_sc_hd__a31o_1)
     2    0.03    0.10    0.16    3.47 v _270_/X (sky130_fd_sc_hd__a31o_1)
                                         net21 (net)
                  0.10    0.00    3.47 v output21/A (sky130_fd_sc_hd__buf_2)
     1    0.03    0.06    0.15    3.62 v output21/X (sky130_fd_sc_hd__buf_2)
                                         out[1] (net)
                  0.06    0.00    3.62 v out[1] (out)
                                  3.62   data arrival time

                  0.00   10.00   10.00   clock __VIRTUAL_CLK__ (rise edge)
                          0.00   10.00   clock network delay (ideal)
                         -0.25    9.75   clock uncertainty
                          0.00    9.75   clock reconvergence pessimism
                         -2.00    7.75   output external delay
                                  7.75   data required time
-----------------------------------------------------------------------------
                                  7.75   data required time
                                 -3.62   data arrival time
-----------------------------------------------------------------------------
                                  4.13   slack (MET)


Startpoint: opcode[2] (input port clocked by __VIRTUAL_CLK__)
Endpoint: out[0] (output port clocked by __VIRTUAL_CLK__)
Path Group: __VIRTUAL_CLK__
Path Type: max
Corner: Fastest

Fanout     Cap    Slew   Delay    Time   Description
-----------------------------------------------------------------------------
                  0.00    0.00    0.00   clock __VIRTUAL_CLK__ (rise edge)
                          0.00    0.00   clock network delay (ideal)
                          2.00    2.00 v input external delay
     1    0.00    0.00    0.00    2.00 v opcode[2] (in)
                                         opcode[2] (net)
                  0.00    0.00    2.00 v input19/A (sky130_fd_sc_hd__clkbuf_4)
     9    0.06    0.09    0.15    2.15 v input19/X (sky130_fd_sc_hd__clkbuf_4)
                                         net19 (net)
                  0.09    0.01    2.16 v _237_/A_N (sky130_fd_sc_hd__and3b_1)
     1    0.03    0.25    0.32    2.47 ^ _237_/X (sky130_fd_sc_hd__and3b_1)
                                         _168_ (net)
                  0.25    0.00    2.47 ^ _238_/A (sky130_fd_sc_hd__clkbuf_4)
     8    0.07    0.17    0.24    2.71 ^ _238_/X (sky130_fd_sc_hd__clkbuf_4)
                                         _169_ (net)
                  0.17    0.01    2.72 ^ _240_/B1 (sky130_fd_sc_hd__o22a_1)
     1    0.01    0.07    0.12    2.84 ^ _240_/X (sky130_fd_sc_hd__o22a_1)
                                         _171_ (net)
                  0.07    0.00    2.84 ^ _244_/A (sky130_fd_sc_hd__or3_1)
     1    0.01    0.08    0.11    2.96 ^ _244_/X (sky130_fd_sc_hd__or3_1)
                                         _175_ (net)
                  0.08    0.00    2.96 ^ _245_/A (sky130_fd_sc_hd__buf_1)
     1    0.03    0.26    0.23    3.19 ^ _245_/X (sky130_fd_sc_hd__buf_1)
                                         net20 (net)
                  0.26    0.00    3.19 ^ output20/A (sky130_fd_sc_hd__buf_2)
     1    0.03    0.13    0.18    3.37 ^ output20/X (sky130_fd_sc_hd__buf_2)
                                         out[0] (net)
                  0.13    0.00    3.37 ^ out[0] (out)
                                  3.37   data arrival time

                  0.00   10.00   10.00   clock __VIRTUAL_CLK__ (rise edge)
                          0.00   10.00   clock network delay (ideal)
                         -0.25    9.75   clock uncertainty
                          0.00    9.75   clock reconvergence pessimism
                         -2.00    7.75   output external delay
                                  7.75   data required time
-----------------------------------------------------------------------------
                                  7.75   data required time
                                 -3.37   data arrival time
-----------------------------------------------------------------------------
                                  4.38   slack (MET)



worst slack corner Fastest: 3.1557
======================= Slowest Corner ===================================

Startpoint: A[3] (input port clocked by __VIRTUAL_CLK__)
Endpoint: out[7] (output port clocked by __VIRTUAL_CLK__)
Path Group: __VIRTUAL_CLK__
Path Type: max
Corner: Slowest

Fanout     Cap    Slew   Delay    Time   Description
-----------------------------------------------------------------------------
                  0.00    0.00    0.00   clock __VIRTUAL_CLK__ (rise edge)
                          0.00    0.00   clock network delay (ideal)
                          2.00    2.00 ^ input external delay
     1    0.00    0.04    0.02    2.02 ^ A[3] (in)
                                         A[3] (net)
                  0.04    0.00    2.02 ^ input4/A (sky130_fd_sc_hd__clkbuf_4)
     6    0.06    0.30    0.42    2.44 ^ input4/X (sky130_fd_sc_hd__clkbuf_4)
                                         net4 (net)
                  0.30    0.00    2.45 ^ _296_/A (sky130_fd_sc_hd__buf_6)
    10    0.07    0.23    0.42    2.87 ^ _296_/X (sky130_fd_sc_hd__buf_6)
                                         _224_ (net)
                  0.23    0.00    2.87 ^ _410_/A1 (sky130_fd_sc_hd__a22oi_1)
     1    0.01    0.25    0.34    3.21 v _410_/Y (sky130_fd_sc_hd__a22oi_1)
                                         _101_ (net)
                  0.25    0.00    3.21 v _412_/A (sky130_fd_sc_hd__nor2_2)
     2    0.03    0.47    0.53    3.75 ^ _412_/Y (sky130_fd_sc_hd__nor2_2)
                                         _103_ (net)
                  0.47    0.00    3.75 ^ _455_/A3 (sky130_fd_sc_hd__a31o_1)
     1    0.01    0.22    0.57    4.31 ^ _455_/X (sky130_fd_sc_hd__a31o_1)
                                         _145_ (net)
                  0.22    0.00    4.31 ^ _456_/B (sky130_fd_sc_hd__xor2_1)
     1    0.01    0.54    0.60    4.91 ^ _456_/X (sky130_fd_sc_hd__xor2_1)
                                         _146_ (net)
                  0.54    0.00    4.91 ^ _464_/A (sky130_fd_sc_hd__xnor2_1)
     1    0.01    0.21    0.40    5.31 v _464_/Y (sky130_fd_sc_hd__xnor2_1)
                                         _154_ (net)
                  0.21    0.00    5.31 v _465_/B (sky130_fd_sc_hd__xnor2_2)
     1    0.03    0.71    0.69    6.00 ^ _465_/Y (sky130_fd_sc_hd__xnor2_2)
                                         _155_ (net)
                  0.71    0.00    6.00 ^ _466_/B (sky130_fd_sc_hd__xor2_2)
     1    0.03    0.31    0.53    6.53 v _466_/X (sky130_fd_sc_hd__xor2_2)
                                         _156_ (net)
                  0.31    0.00    6.53 v _467_/B (sky130_fd_sc_hd__xnor2_1)
     1    0.02    0.86    0.87    7.40 ^ _467_/Y (sky130_fd_sc_hd__xnor2_1)
                                         _157_ (net)
                  0.86    0.00    7.40 ^ _468_/B (sky130_fd_sc_hd__xnor2_2)
     2    0.02    0.23    0.45    7.85 v _468_/Y (sky130_fd_sc_hd__xnor2_2)
                                         _158_ (net)
                  0.23    0.00    7.85 v _470_/A1 (sky130_fd_sc_hd__o21a_1)
     1    0.02    0.22    0.57    8.42 v _470_/X (sky130_fd_sc_hd__o21a_1)
                                         _160_ (net)
                  0.22    0.00    8.42 v _474_/A2 (sky130_fd_sc_hd__a21o_1)
     1    0.02    0.22    0.55    8.98 v _474_/X (sky130_fd_sc_hd__a21o_1)
                                         _164_ (net)
                  0.22    0.00    8.98 v _475_/B1 (sky130_fd_sc_hd__a21o_1)
     1    0.01    0.15    0.45    9.43 v _475_/X (sky130_fd_sc_hd__a21o_1)
                                         net27 (net)
                  0.15    0.00    9.43 v output27/A (sky130_fd_sc_hd__buf_6)
     1    0.03    0.08    0.30    9.73 v output27/X (sky130_fd_sc_hd__buf_6)
                                         out[7] (net)
                  0.08    0.00    9.73 v out[7] (out)
                                  9.73   data arrival time

                  0.00   10.00   10.00   clock __VIRTUAL_CLK__ (rise edge)
                          0.00   10.00   clock network delay (ideal)
                         -0.25    9.75   clock uncertainty
                          0.00    9.75   clock reconvergence pessimism
                         -2.00    7.75   output external delay
                                  7.75   data required time
-----------------------------------------------------------------------------
                                  7.75   data required time
                                 -9.73   data arrival time
-----------------------------------------------------------------------------
                                 -1.98   slack (VIOLATED)


Startpoint: A[3] (input port clocked by __VIRTUAL_CLK__)
Endpoint: out[6] (output port clocked by __VIRTUAL_CLK__)
Path Group: __VIRTUAL_CLK__
Path Type: max
Corner: Slowest

Fanout     Cap    Slew   Delay    Time   Description
-----------------------------------------------------------------------------
                  0.00    0.00    0.00   clock __VIRTUAL_CLK__ (rise edge)
                          0.00    0.00   clock network delay (ideal)
                          2.00    2.00 ^ input external delay
     1    0.00    0.04    0.02    2.02 ^ A[3] (in)
                                         A[3] (net)
                  0.04    0.00    2.02 ^ input4/A (sky130_fd_sc_hd__clkbuf_4)
     6    0.06    0.30    0.42    2.44 ^ input4/X (sky130_fd_sc_hd__clkbuf_4)
                                         net4 (net)
                  0.30    0.00    2.45 ^ _296_/A (sky130_fd_sc_hd__buf_6)
    10    0.07    0.23    0.42    2.87 ^ _296_/X (sky130_fd_sc_hd__buf_6)
                                         _224_ (net)
                  0.23    0.00    2.87 ^ _410_/A1 (sky130_fd_sc_hd__a22oi_1)
     1    0.01    0.25    0.34    3.21 v _410_/Y (sky130_fd_sc_hd__a22oi_1)
                                         _101_ (net)
                  0.25    0.00    3.21 v _412_/A (sky130_fd_sc_hd__nor2_2)
     2    0.03    0.47    0.53    3.75 ^ _412_/Y (sky130_fd_sc_hd__nor2_2)
                                         _103_ (net)
                  0.47    0.00    3.75 ^ _413_/B (sky130_fd_sc_hd__xnor2_2)
     2    0.01    0.32    0.39    4.14 ^ _413_/Y (sky130_fd_sc_hd__xnor2_2)
                                         _104_ (net)
                  0.32    0.00    4.14 ^ _414_/B1 (sky130_fd_sc_hd__a21o_1)
     2    0.04    0.56    0.62    4.75 ^ _414_/X (sky130_fd_sc_hd__a21o_1)
                                         _105_ (net)
                  0.56    0.00    4.76 ^ _417_/A (sky130_fd_sc_hd__nand3_2)
     3    0.04    0.55    0.67    5.43 v _417_/Y (sky130_fd_sc_hd__nand3_2)
                                         _108_ (net)
                  0.55    0.00    5.43 v _420_/A1 (sky130_fd_sc_hd__a21oi_2)
     2    0.03    0.56    0.75    6.17 ^ _420_/Y (sky130_fd_sc_hd__a21oi_2)
                                         _111_ (net)
                  0.56    0.00    6.18 ^ _422_/A2 (sky130_fd_sc_hd__o211ai_2)
     2    0.02    0.37    0.52    6.70 v _422_/Y (sky130_fd_sc_hd__o211ai_2)
                                         _113_ (net)
                  0.37    0.00    6.70 v _423_/C (sky130_fd_sc_hd__and3b_1)
     2    0.02    0.25    0.71    7.41 v _423_/X (sky130_fd_sc_hd__and3b_1)
                                         _114_ (net)
                  0.25    0.00    7.41 v _425_/A_N (sky130_fd_sc_hd__and2b_1)
     2    0.02    0.28    0.65    8.06 ^ _425_/X (sky130_fd_sc_hd__and2b_1)
                                         _116_ (net)
                  0.28    0.00    8.06 ^ _426_/B (sky130_fd_sc_hd__nand2_1)
     1    0.02    0.36    0.43    8.48 v _426_/Y (sky130_fd_sc_hd__nand2_1)
                                         _117_ (net)
                  0.36    0.00    8.48 v _432_/A2 (sky130_fd_sc_hd__a21oi_2)
     1    0.02    0.36    0.53    9.02 ^ _432_/Y (sky130_fd_sc_hd__a21oi_2)
                                         _123_ (net)
                  0.36    0.00    9.02 ^ _433_/B1 (sky130_fd_sc_hd__o21ai_2)
     1    0.02    0.19    0.31    9.32 v _433_/Y (sky130_fd_sc_hd__o21ai_2)
                                         net26 (net)
                  0.19    0.00    9.32 v output26/A (sky130_fd_sc_hd__buf_4)
     1    0.03    0.10    0.38    9.70 v output26/X (sky130_fd_sc_hd__buf_4)
                                         out[6] (net)
                  0.10    0.00    9.70 v out[6] (out)
                                  9.70   data arrival time

                  0.00   10.00   10.00   clock __VIRTUAL_CLK__ (rise edge)
                          0.00   10.00   clock network delay (ideal)
                         -0.25    9.75   clock uncertainty
                          0.00    9.75   clock reconvergence pessimism
                         -2.00    7.75   output external delay
                                  7.75   data required time
-----------------------------------------------------------------------------
                                  7.75   data required time
                                 -9.70   data arrival time
-----------------------------------------------------------------------------
                                 -1.95   slack (VIOLATED)


Startpoint: A[4] (input port clocked by __VIRTUAL_CLK__)
Endpoint: out[5] (output port clocked by __VIRTUAL_CLK__)
Path Group: __VIRTUAL_CLK__
Path Type: max
Corner: Slowest

Fanout     Cap    Slew   Delay    Time   Description
-----------------------------------------------------------------------------
                  0.00    0.00    0.00   clock __VIRTUAL_CLK__ (rise edge)
                          0.00    0.00   clock network delay (ideal)
                          2.00    2.00 ^ input external delay
     1    0.00    0.03    0.02    2.02 ^ A[4] (in)
                                         A[4] (net)
                  0.03    0.00    2.02 ^ input5/A (sky130_fd_sc_hd__buf_4)
     5    0.07    0.31    0.39    2.41 ^ input5/X (sky130_fd_sc_hd__buf_4)
                                         net5 (net)
                  0.31    0.01    2.41 ^ _322_/A (sky130_fd_sc_hd__buf_12)
     5    0.07    0.14    0.35    2.76 ^ _322_/X (sky130_fd_sc_hd__buf_12)
                                         _015_ (net)
                  0.14    0.01    2.77 ^ _335_/A (sky130_fd_sc_hd__nand4_4)
     3    0.05    0.50    0.46    3.23 v _335_/Y (sky130_fd_sc_hd__nand4_4)
                                         _028_ (net)
                  0.50    0.00    3.23 v _337_/A1 (sky130_fd_sc_hd__a21o_1)
     2    0.02    0.18    0.60    3.83 v _337_/X (sky130_fd_sc_hd__a21o_1)
                                         _030_ (net)
                  0.18    0.00    3.83 v _340_/B (sky130_fd_sc_hd__and3_1)
     2    0.03    0.25    0.58    4.41 v _340_/X (sky130_fd_sc_hd__and3_1)
                                         _033_ (net)
                  0.25    0.00    4.41 v _342_/A (sky130_fd_sc_hd__nor2_2)
     1    0.03    0.56    0.60    5.02 ^ _342_/Y (sky130_fd_sc_hd__nor2_2)
                                         _035_ (net)
                  0.56    0.00    5.02 ^ _343_/B (sky130_fd_sc_hd__xnor2_2)
     2    0.03    0.28    0.45    5.47 v _343_/Y (sky130_fd_sc_hd__xnor2_2)
                                         _036_ (net)
                  0.28    0.00    5.47 v _345_/C (sky130_fd_sc_hd__nor3_2)
     1    0.03    0.78    0.73    6.20 ^ _345_/Y (sky130_fd_sc_hd__nor3_2)
                                         _038_ (net)
                  0.78    0.00    6.20 ^ _346_/B (sky130_fd_sc_hd__nor2_2)
     3    0.03    0.26    0.45    6.65 v _346_/Y (sky130_fd_sc_hd__nor2_2)
                                         _039_ (net)
                  0.26    0.00    6.65 v _378_/D (sky130_fd_sc_hd__and4b_2)
     3    0.02    0.14    0.71    7.36 v _378_/X (sky130_fd_sc_hd__and4b_2)
                                         _070_ (net)
                  0.14    0.00    7.36 v _379_/B (sky130_fd_sc_hd__or3b_2)
     1    0.03    0.29    1.33    8.69 v _379_/X (sky130_fd_sc_hd__or3b_2)
                                         _071_ (net)
                  0.29    0.00    8.69 v _391_/B1 (sky130_fd_sc_hd__o211ai_2)
     1    0.02    0.53    0.35    9.04 ^ _391_/Y (sky130_fd_sc_hd__o211ai_2)
                                         net25 (net)
                  0.53    0.00    9.04 ^ output25/A (sky130_fd_sc_hd__buf_4)
     1    0.03    0.17    0.50    9.54 ^ output25/X (sky130_fd_sc_hd__buf_4)
                                         out[5] (net)
                  0.17    0.00    9.54 ^ out[5] (out)
                                  9.54   data arrival time

                  0.00   10.00   10.00   clock __VIRTUAL_CLK__ (rise edge)
                          0.00   10.00   clock network delay (ideal)
                         -0.25    9.75   clock uncertainty
                          0.00    9.75   clock reconvergence pessimism
                         -2.00    7.75   output external delay
                                  7.75   data required time
-----------------------------------------------------------------------------
                                  7.75   data required time
                                 -9.54   data arrival time
-----------------------------------------------------------------------------
                                 -1.79   slack (VIOLATED)


Startpoint: A[4] (input port clocked by __VIRTUAL_CLK__)
Endpoint: out[4] (output port clocked by __VIRTUAL_CLK__)
Path Group: __VIRTUAL_CLK__
Path Type: max
Corner: Slowest

Fanout     Cap    Slew   Delay    Time   Description
-----------------------------------------------------------------------------
                  0.00    0.00    0.00   clock __VIRTUAL_CLK__ (rise edge)
                          0.00    0.00   clock network delay (ideal)
                          2.00    2.00 ^ input external delay
     1    0.00    0.03    0.02    2.02 ^ A[4] (in)
                                         A[4] (net)
                  0.03    0.00    2.02 ^ input5/A (sky130_fd_sc_hd__buf_4)
     5    0.07    0.31    0.39    2.41 ^ input5/X (sky130_fd_sc_hd__buf_4)
                                         net5 (net)
                  0.31    0.01    2.41 ^ _322_/A (sky130_fd_sc_hd__buf_12)
     5    0.07    0.14    0.35    2.76 ^ _322_/X (sky130_fd_sc_hd__buf_12)
                                         _015_ (net)
                  0.14    0.01    2.77 ^ _335_/A (sky130_fd_sc_hd__nand4_4)
     3    0.05    0.50    0.46    3.23 v _335_/Y (sky130_fd_sc_hd__nand4_4)
                                         _028_ (net)
                  0.50    0.00    3.23 v _337_/A1 (sky130_fd_sc_hd__a21o_1)
     2    0.02    0.18    0.60    3.83 v _337_/X (sky130_fd_sc_hd__a21o_1)
                                         _030_ (net)
                  0.18    0.00    3.83 v _340_/B (sky130_fd_sc_hd__and3_1)
     2    0.03    0.25    0.58    4.41 v _340_/X (sky130_fd_sc_hd__and3_1)
                                         _033_ (net)
                  0.25    0.00    4.41 v _342_/A (sky130_fd_sc_hd__nor2_2)
     1    0.03    0.56    0.60    5.02 ^ _342_/Y (sky130_fd_sc_hd__nor2_2)
                                         _035_ (net)
                  0.56    0.00    5.02 ^ _343_/B (sky130_fd_sc_hd__xnor2_2)
     2    0.03    0.28    0.45    5.47 v _343_/Y (sky130_fd_sc_hd__xnor2_2)
                                         _036_ (net)
                  0.28    0.00    5.47 v _345_/C (sky130_fd_sc_hd__nor3_2)
     1    0.03    0.78    0.73    6.20 ^ _345_/Y (sky130_fd_sc_hd__nor3_2)
                                         _038_ (net)
                  0.78    0.00    6.20 ^ _346_/B (sky130_fd_sc_hd__nor2_2)
     3    0.03    0.26    0.45    6.65 v _346_/Y (sky130_fd_sc_hd__nor2_2)
                                         _039_ (net)
                  0.26    0.00    6.65 v _347_/B (sky130_fd_sc_hd__xnor2_1)
     1    0.01    0.27    0.44    7.09 v _347_/Y (sky130_fd_sc_hd__xnor2_1)
                                         _040_ (net)
                  0.27    0.00    7.09 v _352_/A2 (sky130_fd_sc_hd__a211o_1)
     1    0.01    0.13    0.70    7.79 v _352_/X (sky130_fd_sc_hd__a211o_1)
                                         _045_ (net)
                  0.13    0.00    7.79 v _353_/B1 (sky130_fd_sc_hd__a31o_1)
     1    0.01    0.11    0.42    8.20 v _353_/X (sky130_fd_sc_hd__a31o_1)
                                         net24 (net)
                  0.11    0.00    8.20 v output24/A (sky130_fd_sc_hd__buf_2)
     1    0.03    0.17    0.38    8.58 v output24/X (sky130_fd_sc_hd__buf_2)
                                         out[4] (net)
                  0.17    0.00    8.58 v out[4] (out)
                                  8.58   data arrival time

                  0.00   10.00   10.00   clock __VIRTUAL_CLK__ (rise edge)
                          0.00   10.00   clock network delay (ideal)
                         -0.25    9.75   clock uncertainty
                          0.00    9.75   clock reconvergence pessimism
                         -2.00    7.75   output external delay
                                  7.75   data required time
-----------------------------------------------------------------------------
                                  7.75   data required time
                                 -8.58   data arrival time
-----------------------------------------------------------------------------
                                 -0.83   slack (VIOLATED)


Startpoint: opcode[2] (input port clocked by __VIRTUAL_CLK__)
Endpoint: out[3] (output port clocked by __VIRTUAL_CLK__)
Path Group: __VIRTUAL_CLK__
Path Type: max
Corner: Slowest

Fanout     Cap    Slew   Delay    Time   Description
-----------------------------------------------------------------------------
                  0.00    0.00    0.00   clock __VIRTUAL_CLK__ (rise edge)
                          0.00    0.00   clock network delay (ideal)
                          2.00    2.00 v input external delay
     1    0.00    0.02    0.01    2.01 v opcode[2] (in)
                                         opcode[2] (net)
                  0.02    0.00    2.01 v input19/A (sky130_fd_sc_hd__clkbuf_4)
     9    0.06    0.23    0.39    2.40 v input19/X (sky130_fd_sc_hd__clkbuf_4)
                                         net19 (net)
                  0.23    0.01    2.41 v _246_/A (sky130_fd_sc_hd__or3b_4)
     1    0.02    0.16    0.94    3.35 v _246_/X (sky130_fd_sc_hd__or3b_4)
                                         _176_ (net)
                  0.16    0.00    3.35 v _247_/A (sky130_fd_sc_hd__buf_6)
     8    0.05    0.10    0.32    3.68 v _247_/X (sky130_fd_sc_hd__buf_6)
                                         _177_ (net)
                  0.10    0.00    3.68 v _250_/A (sky130_fd_sc_hd__and3_1)
     2    0.02    0.20    0.45    4.13 v _250_/X (sky130_fd_sc_hd__and3_1)
                                         _180_ (net)
                  0.20    0.00    4.13 v _252_/A1 (sky130_fd_sc_hd__o21a_1)
     3    0.02    0.21    0.55    4.68 v _252_/X (sky130_fd_sc_hd__o21a_1)
                                         _182_ (net)
                  0.21    0.00    4.68 v _284_/B1_N (sky130_fd_sc_hd__o21bai_4)
     2    0.03    0.20    0.48    5.16 v _284_/Y (sky130_fd_sc_hd__o21bai_4)
                                         _213_ (net)
                  0.20    0.00    5.16 v _285_/B (sky130_fd_sc_hd__and2_4)
     3    0.03    0.09    0.42    5.58 v _285_/X (sky130_fd_sc_hd__and2_4)
                                         _214_ (net)
                  0.09    0.00    5.58 v _315_/A2 (sky130_fd_sc_hd__o31ai_1)
     1    0.01    0.84    0.85    6.43 ^ _315_/Y (sky130_fd_sc_hd__o31ai_1)
                                         _009_ (net)
                  0.84    0.00    6.43 ^ _320_/A2 (sky130_fd_sc_hd__o21ai_1)
     1    0.01    0.19    0.40    6.84 v _320_/Y (sky130_fd_sc_hd__o21ai_1)
                                         _014_ (net)
                  0.19    0.00    6.84 v _321_/B1 (sky130_fd_sc_hd__a31o_1)
     1    0.01    0.14    0.48    7.32 v _321_/X (sky130_fd_sc_hd__a31o_1)
                                         net23 (net)
                  0.14    0.00    7.32 v output23/A (sky130_fd_sc_hd__buf_2)
     1    0.03    0.17    0.40    7.72 v output23/X (sky130_fd_sc_hd__buf_2)
                                         out[3] (net)
                  0.17    0.00    7.72 v out[3] (out)
                                  7.72   data arrival time

                  0.00   10.00   10.00   clock __VIRTUAL_CLK__ (rise edge)
                          0.00   10.00   clock network delay (ideal)
                         -0.25    9.75   clock uncertainty
                          0.00    9.75   clock reconvergence pessimism
                         -2.00    7.75   output external delay
                                  7.75   data required time
-----------------------------------------------------------------------------
                                  7.75   data required time
                                 -7.72   data arrival time
-----------------------------------------------------------------------------
                                  0.03   slack (MET)


Startpoint: opcode[2] (input port clocked by __VIRTUAL_CLK__)
Endpoint: out[2] (output port clocked by __VIRTUAL_CLK__)
Path Group: __VIRTUAL_CLK__
Path Type: max
Corner: Slowest

Fanout     Cap    Slew   Delay    Time   Description
-----------------------------------------------------------------------------
                  0.00    0.00    0.00   clock __VIRTUAL_CLK__ (rise edge)
                          0.00    0.00   clock network delay (ideal)
                          2.00    2.00 v input external delay
     1    0.00    0.02    0.01    2.01 v opcode[2] (in)
                                         opcode[2] (net)
                  0.02    0.00    2.01 v input19/A (sky130_fd_sc_hd__clkbuf_4)
     9    0.06    0.23    0.39    2.40 v input19/X (sky130_fd_sc_hd__clkbuf_4)
                                         net19 (net)
                  0.23    0.01    2.41 v _246_/A (sky130_fd_sc_hd__or3b_4)
     1    0.02    0.16    0.94    3.35 v _246_/X (sky130_fd_sc_hd__or3b_4)
                                         _176_ (net)
                  0.16    0.00    3.35 v _247_/A (sky130_fd_sc_hd__buf_6)
     8    0.05    0.10    0.32    3.68 v _247_/X (sky130_fd_sc_hd__buf_6)
                                         _177_ (net)
                  0.10    0.00    3.68 v _249_/A2 (sky130_fd_sc_hd__a21oi_1)
     2    0.02    0.73    0.70    4.37 ^ _249_/Y (sky130_fd_sc_hd__a21oi_1)
                                         _179_ (net)
                  0.73    0.00    4.37 ^ _252_/A2 (sky130_fd_sc_hd__o21a_1)
     3    0.02    0.33    0.63    5.00 ^ _252_/X (sky130_fd_sc_hd__o21a_1)
                                         _182_ (net)
                  0.33    0.00    5.00 ^ _284_/B1_N (sky130_fd_sc_hd__o21bai_4)
     2    0.03    0.36    0.42    5.43 ^ _284_/Y (sky130_fd_sc_hd__o21bai_4)
                                         _213_ (net)
                  0.36    0.00    5.43 ^ _286_/A2 (sky130_fd_sc_hd__o21ai_1)
     1    0.01    0.32    0.34    5.77 v _286_/Y (sky130_fd_sc_hd__o21ai_1)
                                         _215_ (net)
                  0.32    0.00    5.77 v _291_/A2 (sky130_fd_sc_hd__o211a_1)
     1    0.01    0.17    0.62    6.39 v _291_/X (sky130_fd_sc_hd__o211a_1)
                                         _220_ (net)
                  0.17    0.00    6.39 v _292_/B1 (sky130_fd_sc_hd__o21ai_1)
     1    0.02    0.52    0.38    6.77 ^ _292_/Y (sky130_fd_sc_hd__o21ai_1)
                                         net22 (net)
                  0.52    0.00    6.77 ^ output22/A (sky130_fd_sc_hd__buf_2)
     1    0.03    0.28    0.56    7.33 ^ output22/X (sky130_fd_sc_hd__buf_2)
                                         out[2] (net)
                  0.28    0.00    7.33 ^ out[2] (out)
                                  7.33   data arrival time

                  0.00   10.00   10.00   clock __VIRTUAL_CLK__ (rise edge)
                          0.00   10.00   clock network delay (ideal)
                         -0.25    9.75   clock uncertainty
                          0.00    9.75   clock reconvergence pessimism
                         -2.00    7.75   output external delay
                                  7.75   data required time
-----------------------------------------------------------------------------
                                  7.75   data required time
                                 -7.33   data arrival time
-----------------------------------------------------------------------------
                                  0.42   slack (MET)


Startpoint: A[1] (input port clocked by __VIRTUAL_CLK__)
Endpoint: out[1] (output port clocked by __VIRTUAL_CLK__)
Path Group: __VIRTUAL_CLK__
Path Type: max
Corner: Slowest

Fanout     Cap    Slew   Delay    Time   Description
-----------------------------------------------------------------------------
                  0.00    0.00    0.00   clock __VIRTUAL_CLK__ (rise edge)
                          0.00    0.00   clock network delay (ideal)
                          2.00    2.00 ^ input external delay
     1    0.00    0.03    0.02    2.02 ^ A[1] (in)
                                         A[1] (net)
                  0.03    0.00    2.02 ^ input2/A (sky130_fd_sc_hd__clkbuf_4)
     7    0.07    0.34    0.45    2.47 ^ input2/X (sky130_fd_sc_hd__clkbuf_4)
                                         net2 (net)
                  0.34    0.00    2.47 ^ _251_/A (sky130_fd_sc_hd__clkbuf_4)
    10    0.08    0.36    0.61    3.09 ^ _251_/X (sky130_fd_sc_hd__clkbuf_4)
                                         _181_ (net)
                  0.36    0.00    3.09 ^ _258_/A (sky130_fd_sc_hd__and2_2)
     4    0.05    0.40    0.68    3.76 ^ _258_/X (sky130_fd_sc_hd__and2_2)
                                         _188_ (net)
                  0.40    0.00    3.76 ^ _265_/C (sky130_fd_sc_hd__and3_1)
     3    0.03    0.47    0.74    4.51 ^ _265_/X (sky130_fd_sc_hd__and3_1)
                                         _195_ (net)
                  0.47    0.00    4.51 ^ _268_/A_N (sky130_fd_sc_hd__and3b_1)
     1    0.01    0.09    0.54    5.05 v _268_/X (sky130_fd_sc_hd__and3b_1)
                                         _198_ (net)
                  0.09    0.00    5.05 v _269_/C (sky130_fd_sc_hd__or3_1)
     1    0.02    0.26    0.95    5.99 v _269_/X (sky130_fd_sc_hd__or3_1)
                                         _199_ (net)
                  0.26    0.00    5.99 v _270_/B1 (sky130_fd_sc_hd__a31o_1)
     2    0.03    0.26    0.62    6.61 v _270_/X (sky130_fd_sc_hd__a31o_1)
                                         net21 (net)
                  0.26    0.00    6.61 v output21/A (sky130_fd_sc_hd__buf_2)
     1    0.03    0.17    0.46    7.07 v output21/X (sky130_fd_sc_hd__buf_2)
                                         out[1] (net)
                  0.17    0.00    7.07 v out[1] (out)
                                  7.07   data arrival time

                  0.00   10.00   10.00   clock __VIRTUAL_CLK__ (rise edge)
                          0.00   10.00   clock network delay (ideal)
                         -0.25    9.75   clock uncertainty
                          0.00    9.75   clock reconvergence pessimism
                         -2.00    7.75   output external delay
                                  7.75   data required time
-----------------------------------------------------------------------------
                                  7.75   data required time
                                 -7.07   data arrival time
-----------------------------------------------------------------------------
                                  0.68   slack (MET)


Startpoint: opcode[2] (input port clocked by __VIRTUAL_CLK__)
Endpoint: out[0] (output port clocked by __VIRTUAL_CLK__)
Path Group: __VIRTUAL_CLK__
Path Type: max
Corner: Slowest

Fanout     Cap    Slew   Delay    Time   Description
-----------------------------------------------------------------------------
                  0.00    0.00    0.00   clock __VIRTUAL_CLK__ (rise edge)
                          0.00    0.00   clock network delay (ideal)
                          2.00    2.00 ^ input external delay
     1    0.00    0.03    0.02    2.02 ^ opcode[2] (in)
                                         opcode[2] (net)
                  0.03    0.00    2.02 ^ input19/A (sky130_fd_sc_hd__clkbuf_4)
     9    0.07    0.32    0.44    2.45 ^ input19/X (sky130_fd_sc_hd__clkbuf_4)
                                         net19 (net)
                  0.32    0.01    2.46 ^ _237_/A_N (sky130_fd_sc_hd__and3b_1)
     1    0.03    0.31    0.69    3.15 v _237_/X (sky130_fd_sc_hd__and3b_1)
                                         _168_ (net)
                  0.31    0.00    3.16 v _238_/A (sky130_fd_sc_hd__clkbuf_4)
     8    0.07    0.26    0.56    3.71 v _238_/X (sky130_fd_sc_hd__clkbuf_4)
                                         _169_ (net)
                  0.26    0.01    3.72 v _240_/B1 (sky130_fd_sc_hd__o22a_1)
     1    0.01    0.15    0.52    4.24 v _240_/X (sky130_fd_sc_hd__o22a_1)
                                         _171_ (net)
                  0.15    0.00    4.24 v _244_/A (sky130_fd_sc_hd__or3_1)
     1    0.01    0.21    1.02    5.26 v _244_/X (sky130_fd_sc_hd__or3_1)
                                         _175_ (net)
                  0.21    0.00    5.26 v _245_/A (sky130_fd_sc_hd__buf_1)
     1    0.03    0.33    0.47    5.73 v _245_/X (sky130_fd_sc_hd__buf_1)
                                         net20 (net)
                  0.33    0.00    5.73 v output20/A (sky130_fd_sc_hd__buf_2)
     1    0.03    0.17    0.49    6.22 v output20/X (sky130_fd_sc_hd__buf_2)
                                         out[0] (net)
                  0.17    0.00    6.22 v out[0] (out)
                                  6.22   data arrival time

                  0.00   10.00   10.00   clock __VIRTUAL_CLK__ (rise edge)
                          0.00   10.00   clock network delay (ideal)
                         -0.25    9.75   clock uncertainty
                          0.00    9.75   clock reconvergence pessimism
                         -2.00    7.75   output external delay
                                  7.75   data required time
-----------------------------------------------------------------------------
                                  7.75   data required time
                                 -6.22   data arrival time
-----------------------------------------------------------------------------
                                  1.53   slack (MET)



worst slack corner Slowest: -1.9797
======================= Typical Corner ===================================

Startpoint: A[3] (input port clocked by __VIRTUAL_CLK__)
Endpoint: out[7] (output port clocked by __VIRTUAL_CLK__)
Path Group: __VIRTUAL_CLK__
Path Type: max
Corner: Typical

Fanout     Cap    Slew   Delay    Time   Description
-----------------------------------------------------------------------------
                  0.00    0.00    0.00   clock __VIRTUAL_CLK__ (rise edge)
                          0.00    0.00   clock network delay (ideal)
                          2.00    2.00 ^ input external delay
     1    0.00    0.02    0.01    2.01 ^ A[3] (in)
                                         A[3] (net)
                  0.02    0.00    2.01 ^ input4/A (sky130_fd_sc_hd__clkbuf_4)
     6    0.06    0.19    0.25    2.26 ^ input4/X (sky130_fd_sc_hd__clkbuf_4)
                                         net4 (net)
                  0.19    0.00    2.26 ^ _296_/A (sky130_fd_sc_hd__buf_6)
    10    0.07    0.15    0.23    2.49 ^ _296_/X (sky130_fd_sc_hd__buf_6)
                                         _224_ (net)
                  0.15    0.00    2.49 ^ _410_/A1 (sky130_fd_sc_hd__a22oi_1)
     1    0.01    0.12    0.16    2.65 v _410_/Y (sky130_fd_sc_hd__a22oi_1)
                                         _101_ (net)
                  0.12    0.00    2.65 v _412_/A (sky130_fd_sc_hd__nor2_2)
     2    0.03    0.28    0.30    2.95 ^ _412_/Y (sky130_fd_sc_hd__nor2_2)
                                         _103_ (net)
                  0.28    0.00    2.95 ^ _455_/A3 (sky130_fd_sc_hd__a31o_1)
     1    0.01    0.13    0.27    3.22 ^ _455_/X (sky130_fd_sc_hd__a31o_1)
                                         _145_ (net)
                  0.13    0.00    3.22 ^ _456_/B (sky130_fd_sc_hd__xor2_1)
     1    0.02    0.33    0.33    3.55 ^ _456_/X (sky130_fd_sc_hd__xor2_1)
                                         _146_ (net)
                  0.33    0.00    3.55 ^ _464_/A (sky130_fd_sc_hd__xnor2_1)
     1    0.01    0.11    0.18    3.73 v _464_/Y (sky130_fd_sc_hd__xnor2_1)
                                         _154_ (net)
                  0.11    0.00    3.73 v _465_/B (sky130_fd_sc_hd__xnor2_2)
     1    0.03    0.45    0.42    4.14 ^ _465_/Y (sky130_fd_sc_hd__xnor2_2)
                                         _155_ (net)
                  0.45    0.00    4.15 ^ _466_/B (sky130_fd_sc_hd__xor2_2)
     1    0.03    0.18    0.24    4.39 v _466_/X (sky130_fd_sc_hd__xor2_2)
                                         _156_ (net)
                  0.18    0.00    4.39 v _467_/B (sky130_fd_sc_hd__xnor2_1)
     1    0.02    0.52    0.51    4.90 ^ _467_/Y (sky130_fd_sc_hd__xnor2_1)
                                         _157_ (net)
                  0.52    0.00    4.90 ^ _468_/B (sky130_fd_sc_hd__xnor2_2)
     2    0.02    0.13    0.18    5.08 v _468_/Y (sky130_fd_sc_hd__xnor2_2)
                                         _158_ (net)
                  0.13    0.00    5.08 v _470_/A1 (sky130_fd_sc_hd__o21a_1)
     1    0.02    0.12    0.31    5.39 v _470_/X (sky130_fd_sc_hd__o21a_1)
                                         _160_ (net)
                  0.12    0.00    5.39 v _474_/A2 (sky130_fd_sc_hd__a21o_1)
     1    0.02    0.12    0.30    5.68 v _474_/X (sky130_fd_sc_hd__a21o_1)
                                         _164_ (net)
                  0.12    0.00    5.68 v _475_/B1 (sky130_fd_sc_hd__a21o_1)
     1    0.01    0.08    0.24    5.92 v _475_/X (sky130_fd_sc_hd__a21o_1)
                                         net27 (net)
                  0.08    0.00    5.92 v output27/A (sky130_fd_sc_hd__buf_6)
     1    0.03    0.04    0.16    6.08 v output27/X (sky130_fd_sc_hd__buf_6)
                                         out[7] (net)
                  0.04    0.00    6.09 v out[7] (out)
                                  6.09   data arrival time

                  0.00   10.00   10.00   clock __VIRTUAL_CLK__ (rise edge)
                          0.00   10.00   clock network delay (ideal)
                         -0.25    9.75   clock uncertainty
                          0.00    9.75   clock reconvergence pessimism
                         -2.00    7.75   output external delay
                                  7.75   data required time
-----------------------------------------------------------------------------
                                  7.75   data required time
                                 -6.09   data arrival time
-----------------------------------------------------------------------------
                                  1.66   slack (MET)


Startpoint: A[2] (input port clocked by __VIRTUAL_CLK__)
Endpoint: out[6] (output port clocked by __VIRTUAL_CLK__)
Path Group: __VIRTUAL_CLK__
Path Type: max
Corner: Typical

Fanout     Cap    Slew   Delay    Time   Description
-----------------------------------------------------------------------------
                  0.00    0.00    0.00   clock __VIRTUAL_CLK__ (rise edge)
                          0.00    0.00   clock network delay (ideal)
                          2.00    2.00 ^ input external delay
     1    0.00    0.02    0.01    2.01 ^ A[2] (in)
                                         A[2] (net)
                  0.02    0.00    2.01 ^ input3/A (sky130_fd_sc_hd__clkbuf_4)
     6    0.06    0.17    0.23    2.24 ^ input3/X (sky130_fd_sc_hd__clkbuf_4)
                                         net3 (net)
                  0.17    0.00    2.24 ^ _275_/A (sky130_fd_sc_hd__buf_12)
    11    0.10    0.12    0.20    2.44 ^ _275_/X (sky130_fd_sc_hd__buf_12)
                                         _204_ (net)
                  0.12    0.00    2.45 ^ _411_/A (sky130_fd_sc_hd__and4_1)
     2    0.02    0.23    0.34    2.79 ^ _411_/X (sky130_fd_sc_hd__and4_1)
                                         _102_ (net)
                  0.23    0.00    2.79 ^ _412_/B (sky130_fd_sc_hd__nor2_2)
     2    0.02    0.11    0.13    2.92 v _412_/Y (sky130_fd_sc_hd__nor2_2)
                                         _103_ (net)
                  0.11    0.00    2.92 v _413_/B (sky130_fd_sc_hd__xnor2_2)
     2    0.01    0.21    0.23    3.15 ^ _413_/Y (sky130_fd_sc_hd__xnor2_2)
                                         _104_ (net)
                  0.21    0.00    3.15 ^ _414_/B1 (sky130_fd_sc_hd__a21o_1)
     2    0.04    0.35    0.35    3.50 ^ _414_/X (sky130_fd_sc_hd__a21o_1)
                                         _105_ (net)
                  0.35    0.00    3.50 ^ _417_/A (sky130_fd_sc_hd__nand3_2)
     3    0.04    0.26    0.31    3.81 v _417_/Y (sky130_fd_sc_hd__nand3_2)
                                         _108_ (net)
                  0.26    0.00    3.81 v _419_/B (sky130_fd_sc_hd__and3_4)
     3    0.03    0.06    0.32    4.13 v _419_/X (sky130_fd_sc_hd__and3_4)
                                         _110_ (net)
                  0.06    0.00    4.13 v _422_/A1 (sky130_fd_sc_hd__o211ai_2)
     2    0.02    0.33    0.34    4.47 ^ _422_/Y (sky130_fd_sc_hd__o211ai_2)
                                         _113_ (net)
                  0.33    0.00    4.47 ^ _423_/C (sky130_fd_sc_hd__and3b_1)
     2    0.03    0.25    0.38    4.85 ^ _423_/X (sky130_fd_sc_hd__and3b_1)
                                         _114_ (net)
                  0.25    0.00    4.85 ^ _425_/A_N (sky130_fd_sc_hd__and2b_1)
     2    0.02    0.10    0.29    5.14 v _425_/X (sky130_fd_sc_hd__and2b_1)
                                         _116_ (net)
                  0.10    0.00    5.14 v _427_/A2 (sky130_fd_sc_hd__o21a_1)
     1    0.02    0.12    0.27    5.41 v _427_/X (sky130_fd_sc_hd__o21a_1)
                                         _118_ (net)
                  0.12    0.00    5.42 v _432_/A1 (sky130_fd_sc_hd__a21oi_2)
     1    0.02    0.22    0.26    5.68 ^ _432_/Y (sky130_fd_sc_hd__a21oi_2)
                                         _123_ (net)
                  0.22    0.00    5.68 ^ _433_/B1 (sky130_fd_sc_hd__o21ai_2)
     1    0.02    0.10    0.14    5.82 v _433_/Y (sky130_fd_sc_hd__o21ai_2)
                                         net26 (net)
                  0.10    0.00    5.82 v output26/A (sky130_fd_sc_hd__buf_4)
     1    0.03    0.06    0.20    6.02 v output26/X (sky130_fd_sc_hd__buf_4)
                                         out[6] (net)
                  0.06    0.00    6.02 v out[6] (out)
                                  6.02   data arrival time

                  0.00   10.00   10.00   clock __VIRTUAL_CLK__ (rise edge)
                          0.00   10.00   clock network delay (ideal)
                         -0.25    9.75   clock uncertainty
                          0.00    9.75   clock reconvergence pessimism
                         -2.00    7.75   output external delay
                                  7.75   data required time
-----------------------------------------------------------------------------
                                  7.75   data required time
                                 -6.02   data arrival time
-----------------------------------------------------------------------------
                                  1.73   slack (MET)


Startpoint: A[4] (input port clocked by __VIRTUAL_CLK__)
Endpoint: out[5] (output port clocked by __VIRTUAL_CLK__)
Path Group: __VIRTUAL_CLK__
Path Type: max
Corner: Typical

Fanout     Cap    Slew   Delay    Time   Description
-----------------------------------------------------------------------------
                  0.00    0.00    0.00   clock __VIRTUAL_CLK__ (rise edge)
                          0.00    0.00   clock network delay (ideal)
                          2.00    2.00 ^ input external delay
     1    0.00    0.02    0.01    2.01 ^ A[4] (in)
                                         A[4] (net)
                  0.02    0.00    2.01 ^ input5/A (sky130_fd_sc_hd__buf_4)
     5    0.07    0.20    0.22    2.23 ^ input5/X (sky130_fd_sc_hd__buf_4)
                                         net5 (net)
                  0.20    0.01    2.24 ^ _322_/A (sky130_fd_sc_hd__buf_12)
     5    0.07    0.09    0.18    2.42 ^ _322_/X (sky130_fd_sc_hd__buf_12)
                                         _015_ (net)
                  0.09    0.01    2.43 ^ _335_/A (sky130_fd_sc_hd__nand4_4)
     3    0.05    0.24    0.21    2.64 v _335_/Y (sky130_fd_sc_hd__nand4_4)
                                         _028_ (net)
                  0.24    0.00    2.64 v _337_/A1 (sky130_fd_sc_hd__a21o_1)
     2    0.02    0.10    0.30    2.94 v _337_/X (sky130_fd_sc_hd__a21o_1)
                                         _030_ (net)
                  0.10    0.00    2.94 v _340_/B (sky130_fd_sc_hd__and3_1)
     2    0.03    0.13    0.29    3.23 v _340_/X (sky130_fd_sc_hd__and3_1)
                                         _033_ (net)
                  0.13    0.00    3.23 v _342_/A (sky130_fd_sc_hd__nor2_2)
     1    0.03    0.34    0.35    3.58 ^ _342_/Y (sky130_fd_sc_hd__nor2_2)
                                         _035_ (net)
                  0.34    0.00    3.58 ^ _343_/B (sky130_fd_sc_hd__xnor2_2)
     2    0.03    0.14    0.20    3.78 v _343_/Y (sky130_fd_sc_hd__xnor2_2)
                                         _036_ (net)
                  0.14    0.00    3.79 v _345_/C (sky130_fd_sc_hd__nor3_2)
     1    0.03    0.48    0.42    4.21 ^ _345_/Y (sky130_fd_sc_hd__nor3_2)
                                         _038_ (net)
                  0.48    0.00    4.21 ^ _346_/B (sky130_fd_sc_hd__nor2_2)
     3    0.03    0.15    0.19    4.40 v _346_/Y (sky130_fd_sc_hd__nor2_2)
                                         _039_ (net)
                  0.15    0.00    4.40 v _378_/D (sky130_fd_sc_hd__and4b_2)
     3    0.02    0.08    0.34    4.74 v _378_/X (sky130_fd_sc_hd__and4b_2)
                                         _070_ (net)
                  0.08    0.00    4.74 v _379_/B (sky130_fd_sc_hd__or3b_2)
     1    0.03    0.15    0.58    5.33 v _379_/X (sky130_fd_sc_hd__or3b_2)
                                         _071_ (net)
                  0.15    0.00    5.33 v _391_/B1 (sky130_fd_sc_hd__o211ai_2)
     1    0.02    0.33    0.20    5.53 ^ _391_/Y (sky130_fd_sc_hd__o211ai_2)
                                         net25 (net)
                  0.33    0.00    5.53 ^ output25/A (sky130_fd_sc_hd__buf_4)
     1    0.03    0.10    0.25    5.77 ^ output25/X (sky130_fd_sc_hd__buf_4)
                                         out[5] (net)
                  0.10    0.00    5.77 ^ out[5] (out)
                                  5.77   data arrival time

                  0.00   10.00   10.00   clock __VIRTUAL_CLK__ (rise edge)
                          0.00   10.00   clock network delay (ideal)
                         -0.25    9.75   clock uncertainty
                          0.00    9.75   clock reconvergence pessimism
                         -2.00    7.75   output external delay
                                  7.75   data required time
-----------------------------------------------------------------------------
                                  7.75   data required time
                                 -5.77   data arrival time
-----------------------------------------------------------------------------
                                  1.98   slack (MET)


Startpoint: A[2] (input port clocked by __VIRTUAL_CLK__)
Endpoint: out[4] (output port clocked by __VIRTUAL_CLK__)
Path Group: __VIRTUAL_CLK__
Path Type: max
Corner: Typical

Fanout     Cap    Slew   Delay    Time   Description
-----------------------------------------------------------------------------
                  0.00    0.00    0.00   clock __VIRTUAL_CLK__ (rise edge)
                          0.00    0.00   clock network delay (ideal)
                          2.00    2.00 v input external delay
     1    0.00    0.01    0.00    2.00 v A[2] (in)
                                         A[2] (net)
                  0.01    0.00    2.00 v input3/A (sky130_fd_sc_hd__clkbuf_4)
     6    0.05    0.11    0.21    2.21 v input3/X (sky130_fd_sc_hd__clkbuf_4)
                                         net3 (net)
                  0.11    0.00    2.21 v _275_/A (sky130_fd_sc_hd__buf_12)
    11    0.09    0.06    0.20    2.41 v _275_/X (sky130_fd_sc_hd__buf_12)
                                         _204_ (net)
                  0.06    0.01    2.42 v _297_/A1 (sky130_fd_sc_hd__a22oi_4)
     2    0.04    0.35    0.35    2.76 ^ _297_/Y (sky130_fd_sc_hd__a22oi_4)
                                         _225_ (net)
                  0.35    0.00    2.77 ^ _298_/B (sky130_fd_sc_hd__nor2_2)
     1    0.04    0.15    0.20    2.96 v _298_/Y (sky130_fd_sc_hd__nor2_2)
                                         _226_ (net)
                  0.15    0.00    2.97 v _299_/A (sky130_fd_sc_hd__xnor2_2)
     2    0.03    0.38    0.40    3.37 ^ _299_/Y (sky130_fd_sc_hd__xnor2_2)
                                         _227_ (net)
                  0.38    0.00    3.37 ^ _301_/B (sky130_fd_sc_hd__xnor2_2)
     2    0.01    0.22    0.20    3.57 ^ _301_/Y (sky130_fd_sc_hd__xnor2_2)
                                         _229_ (net)
                  0.22    0.00    3.57 ^ rebuffer10/A (sky130_fd_sc_hd__clkbuf_2)
     1    0.02    0.09    0.20    3.77 ^ rebuffer10/X (sky130_fd_sc_hd__clkbuf_2)
                                         net38 (net)
                  0.09    0.00    3.77 ^ _303_/B1 (sky130_fd_sc_hd__a21oi_1)
     1    0.01    0.10    0.08    3.85 v _303_/Y (sky130_fd_sc_hd__a21oi_1)
                                         _231_ (net)
                  0.10    0.00    3.85 v _304_/A (sky130_fd_sc_hd__nor2_2)
     3    0.04    0.39    0.38    4.23 ^ _304_/Y (sky130_fd_sc_hd__nor2_2)
                                         _232_ (net)
                  0.39    0.00    4.23 ^ _306_/A (sky130_fd_sc_hd__nand2_2)
     3    0.03    0.19    0.24    4.47 v _306_/Y (sky130_fd_sc_hd__nand2_2)
                                         _000_ (net)
                  0.19    0.00    4.47 v _347_/A (sky130_fd_sc_hd__xnor2_1)
     1    0.01    0.14    0.26    4.73 v _347_/Y (sky130_fd_sc_hd__xnor2_1)
                                         _040_ (net)
                  0.14    0.00    4.73 v _352_/A2 (sky130_fd_sc_hd__a211o_1)
     1    0.01    0.07    0.36    5.09 v _352_/X (sky130_fd_sc_hd__a211o_1)
                                         _045_ (net)
                  0.07    0.00    5.09 v _353_/B1 (sky130_fd_sc_hd__a31o_1)
     1    0.01    0.06    0.22    5.32 v _353_/X (sky130_fd_sc_hd__a31o_1)
                                         net24 (net)
                  0.06    0.00    5.32 v output24/A (sky130_fd_sc_hd__buf_2)
     1    0.03    0.09    0.20    5.51 v output24/X (sky130_fd_sc_hd__buf_2)
                                         out[4] (net)
                  0.09    0.00    5.51 v out[4] (out)
                                  5.51   data arrival time

                  0.00   10.00   10.00   clock __VIRTUAL_CLK__ (rise edge)
                          0.00   10.00   clock network delay (ideal)
                         -0.25    9.75   clock uncertainty
                          0.00    9.75   clock reconvergence pessimism
                         -2.00    7.75   output external delay
                                  7.75   data required time
-----------------------------------------------------------------------------
                                  7.75   data required time
                                 -5.51   data arrival time
-----------------------------------------------------------------------------
                                  2.24   slack (MET)


Startpoint: A[2] (input port clocked by __VIRTUAL_CLK__)
Endpoint: out[3] (output port clocked by __VIRTUAL_CLK__)
Path Group: __VIRTUAL_CLK__
Path Type: max
Corner: Typical

Fanout     Cap    Slew   Delay    Time   Description
-----------------------------------------------------------------------------
                  0.00    0.00    0.00   clock __VIRTUAL_CLK__ (rise edge)
                          0.00    0.00   clock network delay (ideal)
                          2.00    2.00 v input external delay
     1    0.00    0.01    0.00    2.00 v A[2] (in)
                                         A[2] (net)
                  0.01    0.00    2.00 v input3/A (sky130_fd_sc_hd__clkbuf_4)
     6    0.05    0.11    0.21    2.21 v input3/X (sky130_fd_sc_hd__clkbuf_4)
                                         net3 (net)
                  0.11    0.00    2.21 v _275_/A (sky130_fd_sc_hd__buf_12)
    11    0.09    0.06    0.20    2.41 v _275_/X (sky130_fd_sc_hd__buf_12)
                                         _204_ (net)
                  0.06    0.01    2.42 v _297_/A1 (sky130_fd_sc_hd__a22oi_4)
     2    0.04    0.35    0.35    2.76 ^ _297_/Y (sky130_fd_sc_hd__a22oi_4)
                                         _225_ (net)
                  0.35    0.00    2.77 ^ _298_/B (sky130_fd_sc_hd__nor2_2)
     1    0.04    0.15    0.20    2.96 v _298_/Y (sky130_fd_sc_hd__nor2_2)
                                         _226_ (net)
                  0.15    0.00    2.97 v _299_/A (sky130_fd_sc_hd__xnor2_2)
     2    0.03    0.38    0.40    3.37 ^ _299_/Y (sky130_fd_sc_hd__xnor2_2)
                                         _227_ (net)
                  0.38    0.00    3.37 ^ _301_/B (sky130_fd_sc_hd__xnor2_2)
     2    0.01    0.22    0.20    3.57 ^ _301_/Y (sky130_fd_sc_hd__xnor2_2)
                                         _229_ (net)
                  0.22    0.00    3.57 ^ rebuffer10/A (sky130_fd_sc_hd__clkbuf_2)
     1    0.02    0.09    0.20    3.77 ^ rebuffer10/X (sky130_fd_sc_hd__clkbuf_2)
                                         net38 (net)
                  0.09    0.00    3.77 ^ _303_/B1 (sky130_fd_sc_hd__a21oi_1)
     1    0.01    0.10    0.08    3.85 v _303_/Y (sky130_fd_sc_hd__a21oi_1)
                                         _231_ (net)
                  0.10    0.00    3.85 v _304_/A (sky130_fd_sc_hd__nor2_2)
     3    0.04    0.39    0.38    4.23 ^ _304_/Y (sky130_fd_sc_hd__nor2_2)
                                         _232_ (net)
                  0.39    0.00    4.23 ^ _306_/A (sky130_fd_sc_hd__nand2_2)
     3    0.03    0.19    0.24    4.47 v _306_/Y (sky130_fd_sc_hd__nand2_2)
                                         _000_ (net)
                  0.19    0.00    4.47 v _321_/A3 (sky130_fd_sc_hd__a31o_1)
     1    0.01    0.08    0.33    4.80 v _321_/X (sky130_fd_sc_hd__a31o_1)
                                         net23 (net)
                  0.08    0.00    4.80 v output23/A (sky130_fd_sc_hd__buf_2)
     1    0.03    0.09    0.20    5.00 v output23/X (sky130_fd_sc_hd__buf_2)
                                         out[3] (net)
                  0.09    0.00    5.00 v out[3] (out)
                                  5.00   data arrival time

                  0.00   10.00   10.00   clock __VIRTUAL_CLK__ (rise edge)
                          0.00   10.00   clock network delay (ideal)
                         -0.25    9.75   clock uncertainty
                          0.00    9.75   clock reconvergence pessimism
                         -2.00    7.75   output external delay
                                  7.75   data required time
-----------------------------------------------------------------------------
                                  7.75   data required time
                                 -5.00   data arrival time
-----------------------------------------------------------------------------
                                  2.75   slack (MET)


Startpoint: opcode[2] (input port clocked by __VIRTUAL_CLK__)
Endpoint: out[2] (output port clocked by __VIRTUAL_CLK__)
Path Group: __VIRTUAL_CLK__
Path Type: max
Corner: Typical

Fanout     Cap    Slew   Delay    Time   Description
-----------------------------------------------------------------------------
                  0.00    0.00    0.00   clock __VIRTUAL_CLK__ (rise edge)
                          0.00    0.00   clock network delay (ideal)
                          2.00    2.00 v input external delay
     1    0.00    0.01    0.00    2.00 v opcode[2] (in)
                                         opcode[2] (net)
                  0.01    0.00    2.00 v input19/A (sky130_fd_sc_hd__clkbuf_4)
     9    0.06    0.13    0.22    2.22 v input19/X (sky130_fd_sc_hd__clkbuf_4)
                                         net19 (net)
                  0.13    0.01    2.23 v _246_/A (sky130_fd_sc_hd__or3b_4)
     1    0.02    0.09    0.48    2.71 v _246_/X (sky130_fd_sc_hd__or3b_4)
                                         _176_ (net)
                  0.09    0.00    2.71 v _247_/A (sky130_fd_sc_hd__buf_6)
     8    0.05    0.06    0.18    2.89 v _247_/X (sky130_fd_sc_hd__buf_6)
                                         _177_ (net)
                  0.06    0.00    2.89 v _249_/A2 (sky130_fd_sc_hd__a21oi_1)
     2    0.02    0.46    0.42    3.31 ^ _249_/Y (sky130_fd_sc_hd__a21oi_1)
                                         _179_ (net)
                  0.46    0.00    3.31 ^ _252_/A2 (sky130_fd_sc_hd__o21a_1)
     3    0.02    0.20    0.30    3.61 ^ _252_/X (sky130_fd_sc_hd__o21a_1)
                                         _182_ (net)
                  0.20    0.00    3.61 ^ _284_/B1_N (sky130_fd_sc_hd__o21bai_4)
     2    0.03    0.23    0.22    3.83 ^ _284_/Y (sky130_fd_sc_hd__o21bai_4)
                                         _213_ (net)
                  0.23    0.00    3.83 ^ _286_/A2 (sky130_fd_sc_hd__o21ai_1)
     1    0.01    0.19    0.15    3.99 v _286_/Y (sky130_fd_sc_hd__o21ai_1)
                                         _215_ (net)
                  0.19    0.00    3.99 v _291_/A2 (sky130_fd_sc_hd__o211a_1)
     1    0.01    0.09    0.33    4.32 v _291_/X (sky130_fd_sc_hd__o211a_1)
                                         _220_ (net)
                  0.09    0.00    4.32 v _292_/B1 (sky130_fd_sc_hd__o21ai_1)
     1    0.02    0.31    0.21    4.53 ^ _292_/Y (sky130_fd_sc_hd__o21ai_1)
                                         net22 (net)
                  0.31    0.00    4.53 ^ output22/A (sky130_fd_sc_hd__buf_2)
     1    0.03    0.17    0.29    4.82 ^ output22/X (sky130_fd_sc_hd__buf_2)
                                         out[2] (net)
                  0.17    0.00    4.82 ^ out[2] (out)
                                  4.82   data arrival time

                  0.00   10.00   10.00   clock __VIRTUAL_CLK__ (rise edge)
                          0.00   10.00   clock network delay (ideal)
                         -0.25    9.75   clock uncertainty
                          0.00    9.75   clock reconvergence pessimism
                         -2.00    7.75   output external delay
                                  7.75   data required time
-----------------------------------------------------------------------------
                                  7.75   data required time
                                 -4.82   data arrival time
-----------------------------------------------------------------------------
                                  2.93   slack (MET)


Startpoint: A[1] (input port clocked by __VIRTUAL_CLK__)
Endpoint: out[1] (output port clocked by __VIRTUAL_CLK__)
Path Group: __VIRTUAL_CLK__
Path Type: max
Corner: Typical

Fanout     Cap    Slew   Delay    Time   Description
-----------------------------------------------------------------------------
                  0.00    0.00    0.00   clock __VIRTUAL_CLK__ (rise edge)
                          0.00    0.00   clock network delay (ideal)
                          2.00    2.00 ^ input external delay
     1    0.00    0.02    0.01    2.01 ^ A[1] (in)
                                         A[1] (net)
                  0.02    0.00    2.01 ^ input2/A (sky130_fd_sc_hd__clkbuf_4)
     7    0.07    0.21    0.26    2.27 ^ input2/X (sky130_fd_sc_hd__clkbuf_4)
                                         net2 (net)
                  0.21    0.00    2.28 ^ _251_/A (sky130_fd_sc_hd__clkbuf_4)
    10    0.08    0.23    0.35    2.62 ^ _251_/X (sky130_fd_sc_hd__clkbuf_4)
                                         _181_ (net)
                  0.23    0.00    2.62 ^ _258_/A (sky130_fd_sc_hd__and2_2)
     4    0.05    0.25    0.37    2.99 ^ _258_/X (sky130_fd_sc_hd__and2_2)
                                         _188_ (net)
                  0.25    0.00    2.99 ^ _265_/C (sky130_fd_sc_hd__and3_1)
     3    0.03    0.30    0.40    3.39 ^ _265_/X (sky130_fd_sc_hd__and3_1)
                                         _195_ (net)
                  0.30    0.00    3.39 ^ _268_/A_N (sky130_fd_sc_hd__and3b_1)
     1    0.01    0.05    0.24    3.63 v _268_/X (sky130_fd_sc_hd__and3b_1)
                                         _198_ (net)
                  0.05    0.00    3.63 v _269_/C (sky130_fd_sc_hd__or3_1)
     1    0.02    0.13    0.41    4.04 v _269_/X (sky130_fd_sc_hd__or3_1)
                                         _199_ (net)
                  0.13    0.00    4.04 v _270_/B1 (sky130_fd_sc_hd__a31o_1)
     2    0.03    0.14    0.33    4.37 v _270_/X (sky130_fd_sc_hd__a31o_1)
                                         net21 (net)
                  0.14    0.00    4.37 v output21/A (sky130_fd_sc_hd__buf_2)
     1    0.03    0.09    0.23    4.60 v output21/X (sky130_fd_sc_hd__buf_2)
                                         out[1] (net)
                  0.09    0.00    4.60 v out[1] (out)
                                  4.60   data arrival time

                  0.00   10.00   10.00   clock __VIRTUAL_CLK__ (rise edge)
                          0.00   10.00   clock network delay (ideal)
                         -0.25    9.75   clock uncertainty
                          0.00    9.75   clock reconvergence pessimism
                         -2.00    7.75   output external delay
                                  7.75   data required time
-----------------------------------------------------------------------------
                                  7.75   data required time
                                 -4.60   data arrival time
-----------------------------------------------------------------------------
                                  3.15   slack (MET)


Startpoint: opcode[2] (input port clocked by __VIRTUAL_CLK__)
Endpoint: out[0] (output port clocked by __VIRTUAL_CLK__)
Path Group: __VIRTUAL_CLK__
Path Type: max
Corner: Typical

Fanout     Cap    Slew   Delay    Time   Description
-----------------------------------------------------------------------------
                  0.00    0.00    0.00   clock __VIRTUAL_CLK__ (rise edge)
                          0.00    0.00   clock network delay (ideal)
                          2.00    2.00 ^ input external delay
     1    0.00    0.02    0.01    2.01 ^ opcode[2] (in)
                                         opcode[2] (net)
                  0.02    0.00    2.01 ^ input19/A (sky130_fd_sc_hd__clkbuf_4)
     9    0.07    0.20    0.25    2.26 ^ input19/X (sky130_fd_sc_hd__clkbuf_4)
                                         net19 (net)
                  0.20    0.01    2.27 ^ _237_/A_N (sky130_fd_sc_hd__and3b_1)
     1    0.03    0.16    0.33    2.60 v _237_/X (sky130_fd_sc_hd__and3b_1)
                                         _168_ (net)
                  0.16    0.00    2.61 v _238_/A (sky130_fd_sc_hd__clkbuf_4)
     8    0.07    0.14    0.30    2.91 v _238_/X (sky130_fd_sc_hd__clkbuf_4)
                                         _169_ (net)
                  0.14    0.01    2.91 v _240_/B1 (sky130_fd_sc_hd__o22a_1)
     1    0.01    0.08    0.26    3.17 v _240_/X (sky130_fd_sc_hd__o22a_1)
                                         _171_ (net)
                  0.08    0.00    3.17 v _244_/A (sky130_fd_sc_hd__or3_1)
     1    0.01    0.10    0.45    3.62 v _244_/X (sky130_fd_sc_hd__or3_1)
                                         _175_ (net)
                  0.10    0.00    3.62 v _245_/A (sky130_fd_sc_hd__buf_1)
     1    0.03    0.17    0.24    3.86 v _245_/X (sky130_fd_sc_hd__buf_1)
                                         net20 (net)
                  0.17    0.00    3.86 v output20/A (sky130_fd_sc_hd__buf_2)
     1    0.03    0.09    0.25    4.11 v output20/X (sky130_fd_sc_hd__buf_2)
                                         out[0] (net)
                  0.09    0.00    4.11 v out[0] (out)
                                  4.11   data arrival time

                  0.00   10.00   10.00   clock __VIRTUAL_CLK__ (rise edge)
                          0.00   10.00   clock network delay (ideal)
                         -0.25    9.75   clock uncertainty
                          0.00    9.75   clock reconvergence pessimism
                         -2.00    7.75   output external delay
                                  7.75   data required time
-----------------------------------------------------------------------------
                                  7.75   data required time
                                 -4.11   data arrival time
-----------------------------------------------------------------------------
                                  3.64   slack (MET)



worst slack corner Typical: 1.6649
