
===========================================================================
report_checks -unconstrained
===========================================================================
======================= Fastest Corner ===================================

Startpoint: A[2] (input port clocked by __VIRTUAL_CLK__)
Endpoint: out[6] (output port clocked by __VIRTUAL_CLK__)
Path Group: __VIRTUAL_CLK__
Path Type: max
Corner: Fastest

Fanout     Cap    Slew   Delay    Time   Description
-----------------------------------------------------------------------------
                  0.00    0.00    0.00   clock __VIRTUAL_CLK__ (rise edge)
                          0.00    0.00   clock network delay (ideal)
                          2.00    2.00 ^ input external delay
     1    0.00    0.01    0.01    2.01 ^ A[2] (in)
                                         A[2] (net)
                  0.01    0.00    2.01 ^ input3/A (sky130_fd_sc_hd__clkbuf_4)
     6    0.06    0.13    0.16    2.17 ^ input3/X (sky130_fd_sc_hd__clkbuf_4)
                                         net3 (net)
                  0.13    0.00    2.17 ^ _275_/A (sky130_fd_sc_hd__buf_12)
    11    0.10    0.09    0.13    2.30 ^ _275_/X (sky130_fd_sc_hd__buf_12)
                                         _204_ (net)
                  0.09    0.00    2.30 ^ _411_/A (sky130_fd_sc_hd__and4_1)
     2    0.02    0.17    0.22    2.52 ^ _411_/X (sky130_fd_sc_hd__and4_1)
                                         _102_ (net)
                  0.17    0.00    2.53 ^ _412_/B (sky130_fd_sc_hd__nor2_2)
     2    0.02    0.07    0.07    2.59 v _412_/Y (sky130_fd_sc_hd__nor2_2)
                                         _103_ (net)
                  0.07    0.00    2.60 v _413_/B (sky130_fd_sc_hd__xnor2_2)
     2    0.01    0.16    0.16    2.75 ^ _413_/Y (sky130_fd_sc_hd__xnor2_2)
                                         _104_ (net)
                  0.16    0.00    2.75 ^ _414_/B1 (sky130_fd_sc_hd__a21o_1)
     2    0.04    0.27    0.23    2.99 ^ _414_/X (sky130_fd_sc_hd__a21o_1)
                                         _105_ (net)
                  0.27    0.00    2.99 ^ _417_/A (sky130_fd_sc_hd__nand3_2)
     3    0.04    0.18    0.18    3.17 v _417_/Y (sky130_fd_sc_hd__nand3_2)
                                         _108_ (net)
                  0.18    0.00    3.17 v _419_/B (sky130_fd_sc_hd__and3_4)
     3    0.03    0.05    0.21    3.38 v _419_/X (sky130_fd_sc_hd__and3_4)
                                         _110_ (net)
                  0.05    0.00    3.38 v _422_/A1 (sky130_fd_sc_hd__o211ai_2)
     2    0.02    0.24    0.24    3.62 ^ _422_/Y (sky130_fd_sc_hd__o211ai_2)
                                         _113_ (net)
                  0.24    0.00    3.62 ^ _423_/C (sky130_fd_sc_hd__and3b_1)
     2    0.03    0.19    0.24    3.86 ^ _423_/X (sky130_fd_sc_hd__and3b_1)
                                         _114_ (net)
                  0.19    0.00    3.86 ^ _425_/A_N (sky130_fd_sc_hd__and2b_1)
     2    0.02    0.07    0.17    4.04 v _425_/X (sky130_fd_sc_hd__and2b_1)
                                         _116_ (net)
                  0.07    0.00    4.04 v _427_/A2 (sky130_fd_sc_hd__o21a_1)
     1    0.02    0.08    0.18    4.21 v _427_/X (sky130_fd_sc_hd__o21a_1)
                                         _118_ (net)
                  0.08    0.00    4.22 v _432_/A1 (sky130_fd_sc_hd__a21oi_2)
     1    0.02    0.16    0.18    4.40 ^ _432_/Y (sky130_fd_sc_hd__a21oi_2)
                                         _123_ (net)
                  0.16    0.00    4.40 ^ _433_/B1 (sky130_fd_sc_hd__o21ai_2)
     1    0.02    0.07    0.06    4.46 v _433_/Y (sky130_fd_sc_hd__o21ai_2)
                                         net26 (net)
                  0.07    0.00    4.46 v output26/A (sky130_fd_sc_hd__buf_4)
     1    0.03    0.04    0.13    4.59 v output26/X (sky130_fd_sc_hd__buf_4)
                                         out[6] (net)
                  0.04    0.00    4.59 v out[6] (out)
                                  4.59   data arrival time

                  0.00   10.00   10.00   clock __VIRTUAL_CLK__ (rise edge)
                          0.00   10.00   clock network delay (ideal)
                         -0.25    9.75   clock uncertainty
                          0.00    9.75   clock reconvergence pessimism
                         -2.00    7.75   output external delay
                                  7.75   data required time
-----------------------------------------------------------------------------
                                  7.75   data required time
                                 -4.59   data arrival time
-----------------------------------------------------------------------------
                                  3.16   slack (MET)



======================= Slowest Corner ===================================

Startpoint: A[3] (input port clocked by __VIRTUAL_CLK__)
Endpoint: out[7] (output port clocked by __VIRTUAL_CLK__)
Path Group: __VIRTUAL_CLK__
Path Type: max
Corner: Slowest

Fanout     Cap    Slew   Delay    Time   Description
-----------------------------------------------------------------------------
                  0.00    0.00    0.00   clock __VIRTUAL_CLK__ (rise edge)
                          0.00    0.00   clock network delay (ideal)
                          2.00    2.00 ^ input external delay
     1    0.00    0.04    0.02    2.02 ^ A[3] (in)
                                         A[3] (net)
                  0.04    0.00    2.02 ^ input4/A (sky130_fd_sc_hd__clkbuf_4)
     6    0.06    0.30    0.42    2.44 ^ input4/X (sky130_fd_sc_hd__clkbuf_4)
                                         net4 (net)
                  0.30    0.00    2.45 ^ _296_/A (sky130_fd_sc_hd__buf_6)
    10    0.07    0.23    0.42    2.87 ^ _296_/X (sky130_fd_sc_hd__buf_6)
                                         _224_ (net)
                  0.23    0.00    2.87 ^ _410_/A1 (sky130_fd_sc_hd__a22oi_1)
     1    0.01    0.25    0.34    3.21 v _410_/Y (sky130_fd_sc_hd__a22oi_1)
                                         _101_ (net)
                  0.25    0.00    3.21 v _412_/A (sky130_fd_sc_hd__nor2_2)
     2    0.03    0.47    0.53    3.75 ^ _412_/Y (sky130_fd_sc_hd__nor2_2)
                                         _103_ (net)
                  0.47    0.00    3.75 ^ _455_/A3 (sky130_fd_sc_hd__a31o_1)
     1    0.01    0.22    0.57    4.31 ^ _455_/X (sky130_fd_sc_hd__a31o_1)
                                         _145_ (net)
                  0.22    0.00    4.31 ^ _456_/B (sky130_fd_sc_hd__xor2_1)
     1    0.01    0.54    0.60    4.91 ^ _456_/X (sky130_fd_sc_hd__xor2_1)
                                         _146_ (net)
                  0.54    0.00    4.91 ^ _464_/A (sky130_fd_sc_hd__xnor2_1)
     1    0.01    0.21    0.40    5.31 v _464_/Y (sky130_fd_sc_hd__xnor2_1)
                                         _154_ (net)
                  0.21    0.00    5.31 v _465_/B (sky130_fd_sc_hd__xnor2_2)
     1    0.03    0.71    0.69    6.00 ^ _465_/Y (sky130_fd_sc_hd__xnor2_2)
                                         _155_ (net)
                  0.71    0.00    6.00 ^ _466_/B (sky130_fd_sc_hd__xor2_2)
     1    0.03    0.31    0.53    6.53 v _466_/X (sky130_fd_sc_hd__xor2_2)
                                         _156_ (net)
                  0.31    0.00    6.53 v _467_/B (sky130_fd_sc_hd__xnor2_1)
     1    0.02    0.86    0.87    7.40 ^ _467_/Y (sky130_fd_sc_hd__xnor2_1)
                                         _157_ (net)
                  0.86    0.00    7.40 ^ _468_/B (sky130_fd_sc_hd__xnor2_2)
     2    0.02    0.23    0.45    7.85 v _468_/Y (sky130_fd_sc_hd__xnor2_2)
                                         _158_ (net)
                  0.23    0.00    7.85 v _470_/A1 (sky130_fd_sc_hd__o21a_1)
     1    0.02    0.22    0.57    8.42 v _470_/X (sky130_fd_sc_hd__o21a_1)
                                         _160_ (net)
                  0.22    0.00    8.42 v _474_/A2 (sky130_fd_sc_hd__a21o_1)
     1    0.02    0.22    0.55    8.98 v _474_/X (sky130_fd_sc_hd__a21o_1)
                                         _164_ (net)
                  0.22    0.00    8.98 v _475_/B1 (sky130_fd_sc_hd__a21o_1)
     1    0.01    0.15    0.45    9.43 v _475_/X (sky130_fd_sc_hd__a21o_1)
                                         net27 (net)
                  0.15    0.00    9.43 v output27/A (sky130_fd_sc_hd__buf_6)
     1    0.03    0.08    0.30    9.73 v output27/X (sky130_fd_sc_hd__buf_6)
                                         out[7] (net)
                  0.08    0.00    9.73 v out[7] (out)
                                  9.73   data arrival time

                  0.00   10.00   10.00   clock __VIRTUAL_CLK__ (rise edge)
                          0.00   10.00   clock network delay (ideal)
                         -0.25    9.75   clock uncertainty
                          0.00    9.75   clock reconvergence pessimism
                         -2.00    7.75   output external delay
                                  7.75   data required time
-----------------------------------------------------------------------------
                                  7.75   data required time
                                 -9.73   data arrival time
-----------------------------------------------------------------------------
                                 -1.98   slack (VIOLATED)



======================= Typical Corner ===================================

Startpoint: A[3] (input port clocked by __VIRTUAL_CLK__)
Endpoint: out[7] (output port clocked by __VIRTUAL_CLK__)
Path Group: __VIRTUAL_CLK__
Path Type: max
Corner: Typical

Fanout     Cap    Slew   Delay    Time   Description
-----------------------------------------------------------------------------
                  0.00    0.00    0.00   clock __VIRTUAL_CLK__ (rise edge)
                          0.00    0.00   clock network delay (ideal)
                          2.00    2.00 ^ input external delay
     1    0.00    0.02    0.01    2.01 ^ A[3] (in)
                                         A[3] (net)
                  0.02    0.00    2.01 ^ input4/A (sky130_fd_sc_hd__clkbuf_4)
     6    0.06    0.19    0.25    2.26 ^ input4/X (sky130_fd_sc_hd__clkbuf_4)
                                         net4 (net)
                  0.19    0.00    2.26 ^ _296_/A (sky130_fd_sc_hd__buf_6)
    10    0.07    0.15    0.23    2.49 ^ _296_/X (sky130_fd_sc_hd__buf_6)
                                         _224_ (net)
                  0.15    0.00    2.49 ^ _410_/A1 (sky130_fd_sc_hd__a22oi_1)
     1    0.01    0.12    0.16    2.65 v _410_/Y (sky130_fd_sc_hd__a22oi_1)
                                         _101_ (net)
                  0.12    0.00    2.65 v _412_/A (sky130_fd_sc_hd__nor2_2)
     2    0.03    0.28    0.30    2.95 ^ _412_/Y (sky130_fd_sc_hd__nor2_2)
                                         _103_ (net)
                  0.28    0.00    2.95 ^ _455_/A3 (sky130_fd_sc_hd__a31o_1)
     1    0.01    0.13    0.27    3.22 ^ _455_/X (sky130_fd_sc_hd__a31o_1)
                                         _145_ (net)
                  0.13    0.00    3.22 ^ _456_/B (sky130_fd_sc_hd__xor2_1)
     1    0.02    0.33    0.33    3.55 ^ _456_/X (sky130_fd_sc_hd__xor2_1)
                                         _146_ (net)
                  0.33    0.00    3.55 ^ _464_/A (sky130_fd_sc_hd__xnor2_1)
     1    0.01    0.11    0.18    3.73 v _464_/Y (sky130_fd_sc_hd__xnor2_1)
                                         _154_ (net)
                  0.11    0.00    3.73 v _465_/B (sky130_fd_sc_hd__xnor2_2)
     1    0.03    0.45    0.42    4.14 ^ _465_/Y (sky130_fd_sc_hd__xnor2_2)
                                         _155_ (net)
                  0.45    0.00    4.15 ^ _466_/B (sky130_fd_sc_hd__xor2_2)
     1    0.03    0.18    0.24    4.39 v _466_/X (sky130_fd_sc_hd__xor2_2)
                                         _156_ (net)
                  0.18    0.00    4.39 v _467_/B (sky130_fd_sc_hd__xnor2_1)
     1    0.02    0.52    0.51    4.90 ^ _467_/Y (sky130_fd_sc_hd__xnor2_1)
                                         _157_ (net)
                  0.52    0.00    4.90 ^ _468_/B (sky130_fd_sc_hd__xnor2_2)
     2    0.02    0.13    0.18    5.08 v _468_/Y (sky130_fd_sc_hd__xnor2_2)
                                         _158_ (net)
                  0.13    0.00    5.08 v _470_/A1 (sky130_fd_sc_hd__o21a_1)
     1    0.02    0.12    0.31    5.39 v _470_/X (sky130_fd_sc_hd__o21a_1)
                                         _160_ (net)
                  0.12    0.00    5.39 v _474_/A2 (sky130_fd_sc_hd__a21o_1)
     1    0.02    0.12    0.30    5.68 v _474_/X (sky130_fd_sc_hd__a21o_1)
                                         _164_ (net)
                  0.12    0.00    5.68 v _475_/B1 (sky130_fd_sc_hd__a21o_1)
     1    0.01    0.08    0.24    5.92 v _475_/X (sky130_fd_sc_hd__a21o_1)
                                         net27 (net)
                  0.08    0.00    5.92 v output27/A (sky130_fd_sc_hd__buf_6)
     1    0.03    0.04    0.16    6.08 v output27/X (sky130_fd_sc_hd__buf_6)
                                         out[7] (net)
                  0.04    0.00    6.09 v out[7] (out)
                                  6.09   data arrival time

                  0.00   10.00   10.00   clock __VIRTUAL_CLK__ (rise edge)
                          0.00   10.00   clock network delay (ideal)
                         -0.25    9.75   clock uncertainty
                          0.00    9.75   clock reconvergence pessimism
                         -2.00    7.75   output external delay
                                  7.75   data required time
-----------------------------------------------------------------------------
                                  7.75   data required time
                                 -6.09   data arrival time
-----------------------------------------------------------------------------
                                  1.66   slack (MET)




===========================================================================
report_checks --slack_max -0.01
============================================================================
======================= Fastest Corner ===================================

No paths found.

======================= Slowest Corner ===================================

Startpoint: A[3] (input port clocked by __VIRTUAL_CLK__)
Endpoint: out[7] (output port clocked by __VIRTUAL_CLK__)
Path Group: __VIRTUAL_CLK__
Path Type: max
Corner: Slowest

Fanout     Cap    Slew   Delay    Time   Description
-----------------------------------------------------------------------------
                  0.00    0.00    0.00   clock __VIRTUAL_CLK__ (rise edge)
                          0.00    0.00   clock network delay (ideal)
                          2.00    2.00 ^ input external delay
     1    0.00    0.04    0.02    2.02 ^ A[3] (in)
                                         A[3] (net)
                  0.04    0.00    2.02 ^ input4/A (sky130_fd_sc_hd__clkbuf_4)
     6    0.06    0.30    0.42    2.44 ^ input4/X (sky130_fd_sc_hd__clkbuf_4)
                                         net4 (net)
                  0.30    0.00    2.45 ^ _296_/A (sky130_fd_sc_hd__buf_6)
    10    0.07    0.23    0.42    2.87 ^ _296_/X (sky130_fd_sc_hd__buf_6)
                                         _224_ (net)
                  0.23    0.00    2.87 ^ _410_/A1 (sky130_fd_sc_hd__a22oi_1)
     1    0.01    0.25    0.34    3.21 v _410_/Y (sky130_fd_sc_hd__a22oi_1)
                                         _101_ (net)
                  0.25    0.00    3.21 v _412_/A (sky130_fd_sc_hd__nor2_2)
     2    0.03    0.47    0.53    3.75 ^ _412_/Y (sky130_fd_sc_hd__nor2_2)
                                         _103_ (net)
                  0.47    0.00    3.75 ^ _455_/A3 (sky130_fd_sc_hd__a31o_1)
     1    0.01    0.22    0.57    4.31 ^ _455_/X (sky130_fd_sc_hd__a31o_1)
                                         _145_ (net)
                  0.22    0.00    4.31 ^ _456_/B (sky130_fd_sc_hd__xor2_1)
     1    0.01    0.54    0.60    4.91 ^ _456_/X (sky130_fd_sc_hd__xor2_1)
                                         _146_ (net)
                  0.54    0.00    4.91 ^ _464_/A (sky130_fd_sc_hd__xnor2_1)
     1    0.01    0.21    0.40    5.31 v _464_/Y (sky130_fd_sc_hd__xnor2_1)
                                         _154_ (net)
                  0.21    0.00    5.31 v _465_/B (sky130_fd_sc_hd__xnor2_2)
     1    0.03    0.71    0.69    6.00 ^ _465_/Y (sky130_fd_sc_hd__xnor2_2)
                                         _155_ (net)
                  0.71    0.00    6.00 ^ _466_/B (sky130_fd_sc_hd__xor2_2)
     1    0.03    0.31    0.53    6.53 v _466_/X (sky130_fd_sc_hd__xor2_2)
                                         _156_ (net)
                  0.31    0.00    6.53 v _467_/B (sky130_fd_sc_hd__xnor2_1)
     1    0.02    0.86    0.87    7.40 ^ _467_/Y (sky130_fd_sc_hd__xnor2_1)
                                         _157_ (net)
                  0.86    0.00    7.40 ^ _468_/B (sky130_fd_sc_hd__xnor2_2)
     2    0.02    0.23    0.45    7.85 v _468_/Y (sky130_fd_sc_hd__xnor2_2)
                                         _158_ (net)
                  0.23    0.00    7.85 v _470_/A1 (sky130_fd_sc_hd__o21a_1)
     1    0.02    0.22    0.57    8.42 v _470_/X (sky130_fd_sc_hd__o21a_1)
                                         _160_ (net)
                  0.22    0.00    8.42 v _474_/A2 (sky130_fd_sc_hd__a21o_1)
     1    0.02    0.22    0.55    8.98 v _474_/X (sky130_fd_sc_hd__a21o_1)
                                         _164_ (net)
                  0.22    0.00    8.98 v _475_/B1 (sky130_fd_sc_hd__a21o_1)
     1    0.01    0.15    0.45    9.43 v _475_/X (sky130_fd_sc_hd__a21o_1)
                                         net27 (net)
                  0.15    0.00    9.43 v output27/A (sky130_fd_sc_hd__buf_6)
     1    0.03    0.08    0.30    9.73 v output27/X (sky130_fd_sc_hd__buf_6)
                                         out[7] (net)
                  0.08    0.00    9.73 v out[7] (out)
                                  9.73   data arrival time

                  0.00   10.00   10.00   clock __VIRTUAL_CLK__ (rise edge)
                          0.00   10.00   clock network delay (ideal)
                         -0.25    9.75   clock uncertainty
                          0.00    9.75   clock reconvergence pessimism
                         -2.00    7.75   output external delay
                                  7.75   data required time
-----------------------------------------------------------------------------
                                  7.75   data required time
                                 -9.73   data arrival time
-----------------------------------------------------------------------------
                                 -1.98   slack (VIOLATED)



======================= Typical Corner ===================================

No paths found.


===========================================================================
 report_check_types -max_slew -max_cap -max_fanout -violators
============================================================================
======================= Fastest Corner ===================================

max fanout

Pin                                   Limit Fanout  Slack
---------------------------------------------------------
_275_/X                                  10     11        (VIOLATED)


max slew violations count Fastest: 0
max fanout violations count Fastest: 1
max cap violations count Fastest: 0
======================= Slowest Corner ===================================

max slew

Pin                                    Limit    Slew   Slack
------------------------------------------------------------
_286_/B1                                0.75    0.88   -0.13 (VIOLATED)
_475_/A1                                0.75    0.88   -0.13 (VIOLATED)
_353_/A1                                0.75    0.88   -0.13 (VIOLATED)
_270_/A2                                0.75    0.88   -0.13 (VIOLATED)
_390_/A1                                0.75    0.88   -0.13 (VIOLATED)
_315_/B1                                0.75    0.88   -0.13 (VIOLATED)
_256_/Y                                 0.75    0.88   -0.13 (VIOLATED)
_467_/Y                                 0.75    0.86   -0.11 (VIOLATED)
_468_/B                                 0.75    0.86   -0.11 (VIOLATED)
_315_/Y                                 0.75    0.84   -0.09 (VIOLATED)
_320_/A2                                0.75    0.84   -0.09 (VIOLATED)
_299_/A                                 0.75    0.79   -0.04 (VIOLATED)
_298_/Y                                 0.75    0.79   -0.04 (VIOLATED)
_346_/B                                 0.75    0.78   -0.03 (VIOLATED)
_345_/Y                                 0.75    0.78   -0.03 (VIOLATED)

max fanout

Pin                                   Limit Fanout  Slack
---------------------------------------------------------
_275_/X                                  10     11        (VIOLATED)


max slew violations count Slowest: 15
max fanout violations count Slowest: 1
max cap violations count Slowest: 0
======================= Typical Corner ===================================

max fanout

Pin                                   Limit Fanout  Slack
---------------------------------------------------------
_275_/X                                  10     11        (VIOLATED)


max slew violations count Typical: 0
max fanout violations count Typical: 1
max cap violations count Typical: 0

===========================================================================
report_parasitic_annotation -report_unannotated
============================================================================
Found 0 unannotated drivers.
Found 0 partially unannotated drivers.

===========================================================================
max slew violation count 15
max fanout violation count 1
max cap violation count 0
============================================================================

===========================================================================
check_setup -verbose -unconstrained_endpoints -multiple_clock -no_clock -no_input_delay -loops -generated_clocks
===========================================================================
