
===========================================================================
report_checks -unconstrained
===========================================================================
======================= Typical Corner ===================================

Startpoint: rst (input port clocked by clk)
Endpoint: _346_ (recovery check against rising-edge clock clk)
Path Group: asynchronous
Path Type: max

Fanout     Cap    Slew   Delay    Time   Description
-----------------------------------------------------------------------------
                          0.00    0.00   clock clk (rise edge)
                          0.00    0.00   clock network delay (propagated)
                          2.00    2.00 v input external delay
     1    0.00    0.01    0.00    2.00 v rst (in)
                                         rst (net)
                  0.01    0.00    2.00 v input1/A (sky130_fd_sc_hd__buf_2)
     5    0.02    0.05    0.14    2.14 v input1/X (sky130_fd_sc_hd__buf_2)
                                         net1 (net)
                  0.05    0.00    2.14 v _306_/A (sky130_fd_sc_hd__buf_4)
    10    0.06    0.09    0.21    2.35 v _306_/X (sky130_fd_sc_hd__buf_4)
                                         _160_ (net)
                  0.09    0.00    2.35 v _313_/A (sky130_fd_sc_hd__inv_2)
     1    0.01    0.06    0.09    2.44 ^ _313_/Y (sky130_fd_sc_hd__inv_2)
                                         _044_ (net)
                  0.06    0.00    2.44 ^ _346_/RESET_B (sky130_fd_sc_hd__dfrtp_4)
                                  2.44   data arrival time

                         10.00   10.00   clock clk (rise edge)
                          0.00   10.00   clock source latency
     1    0.01    0.04    0.03   10.03 ^ clk (in)
                                         clk (net)
                  0.04    0.00   10.03 ^ clkbuf_0_clk/A (sky130_fd_sc_hd__clkbuf_16)
     4    0.03    0.05    0.13   10.15 ^ clkbuf_0_clk/X (sky130_fd_sc_hd__clkbuf_16)
                                         clknet_0_clk (net)
                  0.05    0.00   10.15 ^ clkbuf_2_0__f_clk/A (sky130_fd_sc_hd__clkbuf_16)
     9    0.02    0.04    0.12   10.27 ^ clkbuf_2_0__f_clk/X (sky130_fd_sc_hd__clkbuf_16)
                                         clknet_2_0__leaf_clk (net)
                  0.04    0.00   10.27 ^ _346_/CLK (sky130_fd_sc_hd__dfrtp_4)
                         -0.25   10.02   clock uncertainty
                          0.00   10.02   clock reconvergence pessimism
                          0.21   10.23   library recovery time
                                 10.23   data required time
-----------------------------------------------------------------------------
                                 10.23   data required time
                                 -2.44   data arrival time
-----------------------------------------------------------------------------
                                  7.79   slack (MET)


Startpoint: _359_ (rising edge-triggered flip-flop clocked by clk)
Endpoint: seg[0] (output port clocked by clk)
Path Group: clk
Path Type: max

Fanout     Cap    Slew   Delay    Time   Description
-----------------------------------------------------------------------------
                          0.00    0.00   clock clk (rise edge)
                          0.00    0.00   clock source latency
     1    0.01    0.04    0.03    0.03 ^ clk (in)
                                         clk (net)
                  0.04    0.00    0.03 ^ clkbuf_0_clk/A (sky130_fd_sc_hd__clkbuf_16)
     4    0.03    0.05    0.14    0.17 ^ clkbuf_0_clk/X (sky130_fd_sc_hd__clkbuf_16)
                                         clknet_0_clk (net)
                  0.05    0.00    0.17 ^ clkbuf_2_0__f_clk/A (sky130_fd_sc_hd__clkbuf_16)
     9    0.02    0.04    0.13    0.30 ^ clkbuf_2_0__f_clk/X (sky130_fd_sc_hd__clkbuf_16)
                                         clknet_2_0__leaf_clk (net)
                  0.04    0.00    0.30 ^ _359_/CLK (sky130_fd_sc_hd__dfrtp_4)
     7    0.03    0.09    0.54    0.84 v _359_/Q (sky130_fd_sc_hd__dfrtp_4)
                                         decoder.digit[1] (net)
                  0.09    0.00    0.84 v _165_/B (sky130_fd_sc_hd__nor2_1)
     2    0.01    0.12    0.13    0.97 ^ _165_/Y (sky130_fd_sc_hd__nor2_1)
                                         _066_ (net)
                  0.12    0.00    0.97 ^ _166_/B (sky130_fd_sc_hd__nand2_1)
     3    0.01    0.11    0.14    1.11 v _166_/Y (sky130_fd_sc_hd__nand2_1)
                                         _067_ (net)
                  0.11    0.00    1.11 v _167_/B (sky130_fd_sc_hd__nor2_1)
     3    0.01    0.23    0.23    1.35 ^ _167_/Y (sky130_fd_sc_hd__nor2_1)
                                         _068_ (net)
                  0.23    0.00    1.35 ^ _287_/B1 (sky130_fd_sc_hd__a2111o_1)
     2    0.00    0.05    0.16    1.51 ^ _287_/X (sky130_fd_sc_hd__a2111o_1)
                                         net5 (net)
                  0.05    0.00    1.51 ^ _370_/A (sky130_fd_sc_hd__buf_1)
     1    0.00    0.06    0.10    1.61 ^ _370_/X (sky130_fd_sc_hd__buf_1)
                                         net2 (net)
                  0.06    0.00    1.61 ^ output2/A (sky130_fd_sc_hd__buf_2)
     1    0.03    0.17    0.21    1.82 ^ output2/X (sky130_fd_sc_hd__buf_2)
                                         seg[0] (net)
                  0.17    0.00    1.82 ^ seg[0] (out)
                                  1.82   data arrival time

                         10.00   10.00   clock clk (rise edge)
                          0.00   10.00   clock network delay (propagated)
                         -0.25    9.75   clock uncertainty
                          0.00    9.75   clock reconvergence pessimism
                         -2.00    7.75   output external delay
                                  7.75   data required time
-----------------------------------------------------------------------------
                                  7.75   data required time
                                 -1.82   data arrival time
-----------------------------------------------------------------------------
                                  5.93   slack (MET)




===========================================================================
report_checks --slack_max -0.01
============================================================================
======================= Typical Corner ===================================

No paths found.


===========================================================================
 report_check_types -max_slew -max_cap -max_fanout -violators
============================================================================
======================= Typical Corner ===================================


max slew violations count Typical: 0
max fanout violations count Typical: 0
max cap violations count Typical: 0

===========================================================================
report_parasitic_annotation -report_unannotated
============================================================================
Found 11 unannotated drivers.
 ZeroToFiveCounter_10/LO
 ZeroToFiveCounter_11/LO
 ZeroToFiveCounter_12/LO
 ZeroToFiveCounter_13/LO
 ZeroToFiveCounter_14/LO
 ZeroToFiveCounter_15/LO
 ZeroToFiveCounter_16/LO
 ZeroToFiveCounter_9/HI
 clkload0/X
 clkload1/Y
 clkload2/Y
Found 119 partially unannotated drivers.
 clk
 rst
 _162_/X
 _163_/Y
 _164_/Y
 _165_/Y
 _168_/X
 _169_/X
 _175_/Y
 _179_/X
 _180_/X
 _182_/X
 _184_/X
 _189_/X
 _190_/Y
 _192_/X
 _198_/X
 _200_/X
 _201_/X
 _202_/X
 _203_/Y
 _204_/X
 _205_/X
 _208_/X
 _209_/Y
 _210_/X
 _212_/X
 _213_/X
 _214_/Y
 _215_/Y
 _217_/Y
 _220_/Y
 _221_/X
 _224_/Y
 _225_/X
 _227_/Y
 _228_/X
 _230_/X
 _232_/X
 _233_/X
 _234_/X
 _235_/Y
 _236_/X
 _237_/X
 _238_/Y
 _239_/Y
 _240_/X
 _242_/X
 _243_/Y
 _244_/X
 _245_/X
 _246_/Y
 _247_/X
 _250_/X
 _252_/Y
 _254_/X
 _255_/X
 _256_/X
 _257_/X
 _259_/Y
 _261_/X
 _262_/X
 _263_/Y
 _264_/X
 _267_/X
 _268_/Y
 _269_/X
 _270_/Y
 _271_/X
 _272_/X
 _275_/Y
 _280_/Y
 _282_/X
 _285_/Y
 _287_/X
 _288_/Y
 _289_/Y
 _290_/X
 _291_/X
 _293_/X
 _294_/Y
 _295_/X
 _297_/Y
 _304_/Y
 _305_/Y
 _310_/Y
 _312_/Y
 _315_/Y
 _317_/X
 _324_/Y
 _326_/Y
 _327_/Y
 _330_/Q
 _331_/Q
 _332_/Q
 _333_/Q
 _338_/Q
 _339_/Q
 _340_/Q
 _341_/Q
 _342_/Q
 _343_/Q
 _344_/Q
 _345_/Q
 _346_/Q
 _347_/Q
 _348_/Q
 _353_/Q
 _355_/Q
 _356_/Q
 _357_/Q
 _358_/Q
 _359_/Q
 _361_/Q
 _370_/X
 clkbuf_0_clk/X
 clkbuf_2_0__f_clk/X
 hold2/X
 input1/X

===========================================================================
max slew violation count 0
max fanout violation count 0
max cap violation count 0
============================================================================

===========================================================================
check_setup -verbose -unconstrained_endpoints -multiple_clock -no_clock -no_input_delay -loops -generated_clocks
===========================================================================
Warning: There are 8 unconstrained endpoints.
  an[0]
  an[1]
  an[2]
  an[3]
  an[4]
  an[5]
  an[6]
  an[7]
