
===========================================================================
 report_power
============================================================================
======================= Fastest Corner ===================================

Group                  Internal  Switching    Leakage      Total
                          Power      Power      Power      Power (Watts)
----------------------------------------------------------------
Sequential             1.51e-04   0.00e+00   3.01e-08   1.51e-04  44.1%
Combinational          2.89e-06   1.32e-05   9.95e-10   1.61e-05   4.7%
Clock                  1.06e-04   6.87e-05   1.12e-09   1.75e-04  51.2%
Macro                  0.00e+00   0.00e+00   0.00e+00   0.00e+00   0.0%
Pad                    0.00e+00   0.00e+00   0.00e+00   0.00e+00   0.0%
----------------------------------------------------------------
Total                  2.60e-04   8.19e-05   3.22e-08   3.42e-04 100.0%
                          76.0%      23.9%       0.0%

======================= Slowest Corner ===================================

Group                  Internal  Switching    Leakage      Total
                          Power      Power      Power      Power (Watts)
----------------------------------------------------------------
Sequential             9.95e-05   0.00e+00   6.12e-07   1.00e-04  43.0%
Combinational          1.92e-06   8.84e-06   7.68e-07   1.15e-05   5.0%
Clock                  7.61e-05   4.48e-05   1.11e-07   1.21e-04  52.0%
Macro                  0.00e+00   0.00e+00   0.00e+00   0.00e+00   0.0%
Pad                    0.00e+00   0.00e+00   0.00e+00   0.00e+00   0.0%
----------------------------------------------------------------
Total                  1.77e-04   5.36e-05   1.49e-06   2.33e-04 100.0%
                          76.3%      23.1%       0.6%

======================= Typical Corner ===================================

Group                  Internal  Switching    Leakage      Total
                          Power      Power      Power      Power (Watts)
----------------------------------------------------------------
Sequential             1.29e-04   0.00e+00   2.97e-08   1.30e-04  44.1%
Combinational          2.36e-06   1.13e-05   6.79e-10   1.37e-05   4.6%
Clock                  9.31e-05   5.76e-05   8.46e-10   1.51e-04  51.3%
Macro                  0.00e+00   0.00e+00   0.00e+00   0.00e+00   0.0%
Pad                    0.00e+00   0.00e+00   0.00e+00   0.00e+00   0.0%
----------------------------------------------------------------
Total                  2.25e-04   6.89e-05   3.12e-08   2.94e-04 100.0%
                          76.5%      23.5%       0.0%

