
===========================================================================
report_checks -path_delay min (Hold)
============================================================================
======================= Typical Corner ===================================

Startpoint: opcode[0] (input port clocked by __VIRTUAL_CLK__)
Endpoint: out[5] (output port clocked by __VIRTUAL_CLK__)
Path Group: __VIRTUAL_CLK__
Path Type: min

Fanout     Cap    Slew   Delay    Time   Description
-----------------------------------------------------------------------------
                  0.00    0.00    0.00   clock __VIRTUAL_CLK__ (rise edge)
                          0.00    0.00   clock network delay (ideal)
                          2.00    2.00 v input external delay
     1    0.00    0.01    0.00    2.00 v opcode[0] (in)
                                         opcode[0] (net)
                  0.01    0.00    2.00 v input17/A (sky130_fd_sc_hd__buf_4)
     8    0.02    0.05    0.13    2.14 v input17/X (sky130_fd_sc_hd__buf_4)
                                         net17 (net)
                  0.05    0.00    2.14 v _242_/B (sky130_fd_sc_hd__nand3b_4)
     8    0.02    0.08    0.10    2.23 ^ _242_/Y (sky130_fd_sc_hd__nand3b_4)
                                         _173_ (net)
                  0.08    0.00    2.23 ^ _391_/A2 (sky130_fd_sc_hd__o211ai_2)
     1    0.00    0.04    0.07    2.30 v _391_/Y (sky130_fd_sc_hd__o211ai_2)
                                         net25 (net)
                  0.04    0.00    2.30 v output25/A (sky130_fd_sc_hd__buf_4)
     1    0.03    0.06    0.16    2.46 v output25/X (sky130_fd_sc_hd__buf_4)
                                         out[5] (net)
                  0.06    0.00    2.46 v out[5] (out)
                                  2.46   data arrival time

                  0.00    0.00    0.00   clock __VIRTUAL_CLK__ (rise edge)
                          0.00    0.00   clock network delay (ideal)
                          0.25    0.25   clock uncertainty
                          0.00    0.25   clock reconvergence pessimism
                         -2.00   -1.75   output external delay
                                 -1.75   data required time
-----------------------------------------------------------------------------
                                 -1.75   data required time
                                 -2.46   data arrival time
-----------------------------------------------------------------------------
                                  4.21   slack (MET)


Startpoint: opcode[1] (input port clocked by __VIRTUAL_CLK__)
Endpoint: out[6] (output port clocked by __VIRTUAL_CLK__)
Path Group: __VIRTUAL_CLK__
Path Type: min

Fanout     Cap    Slew   Delay    Time   Description
-----------------------------------------------------------------------------
                  0.00    0.00    0.00   clock __VIRTUAL_CLK__ (rise edge)
                          0.00    0.00   clock network delay (ideal)
                          2.00    2.00 ^ input external delay
     1    0.00    0.02    0.01    2.01 ^ opcode[1] (in)
                                         opcode[1] (net)
                  0.02    0.00    2.01 ^ input18/A (sky130_fd_sc_hd__clkbuf_4)
    10    0.02    0.09    0.15    2.16 ^ input18/X (sky130_fd_sc_hd__clkbuf_4)
                                         net18 (net)
                  0.09    0.00    2.16 ^ _398_/B1 (sky130_fd_sc_hd__a311o_1)
     1    0.00    0.07    0.12    2.28 ^ _398_/X (sky130_fd_sc_hd__a311o_1)
                                         _089_ (net)
                  0.07    0.00    2.28 ^ _433_/A2 (sky130_fd_sc_hd__o21ai_2)
     1    0.00    0.02    0.04    2.33 v _433_/Y (sky130_fd_sc_hd__o21ai_2)
                                         net26 (net)
                  0.02    0.00    2.33 v output26/A (sky130_fd_sc_hd__buf_4)
     1    0.03    0.06    0.15    2.48 v output26/X (sky130_fd_sc_hd__buf_4)
                                         out[6] (net)
                  0.06    0.00    2.48 v out[6] (out)
                                  2.48   data arrival time

                  0.00    0.00    0.00   clock __VIRTUAL_CLK__ (rise edge)
                          0.00    0.00   clock network delay (ideal)
                          0.25    0.25   clock uncertainty
                          0.00    0.25   clock reconvergence pessimism
                         -2.00   -1.75   output external delay
                                 -1.75   data required time
-----------------------------------------------------------------------------
                                 -1.75   data required time
                                 -2.48   data arrival time
-----------------------------------------------------------------------------
                                  4.23   slack (MET)


Startpoint: opcode[1] (input port clocked by __VIRTUAL_CLK__)
Endpoint: out[7] (output port clocked by __VIRTUAL_CLK__)
Path Group: __VIRTUAL_CLK__
Path Type: min

Fanout     Cap    Slew   Delay    Time   Description
-----------------------------------------------------------------------------
                  0.00    0.00    0.00   clock __VIRTUAL_CLK__ (rise edge)
                          0.00    0.00   clock network delay (ideal)
                          2.00    2.00 ^ input external delay
     1    0.00    0.02    0.01    2.01 ^ opcode[1] (in)
                                         opcode[1] (net)
                  0.02    0.00    2.01 ^ input18/A (sky130_fd_sc_hd__clkbuf_4)
    10    0.02    0.09    0.15    2.16 ^ input18/X (sky130_fd_sc_hd__clkbuf_4)
                                         net18 (net)
                  0.09    0.00    2.16 ^ _256_/B (sky130_fd_sc_hd__nor2_2)
     6    0.01    0.04    0.06    2.22 v _256_/Y (sky130_fd_sc_hd__nor2_2)
                                         _186_ (net)
                  0.04    0.00    2.22 v _475_/A1 (sky130_fd_sc_hd__a21o_1)
     1    0.00    0.04    0.15    2.36 v _475_/X (sky130_fd_sc_hd__a21o_1)
                                         net27 (net)
                  0.04    0.00    2.36 v output27/A (sky130_fd_sc_hd__buf_6)
     1    0.03    0.04    0.13    2.49 v output27/X (sky130_fd_sc_hd__buf_6)
                                         out[7] (net)
                  0.04    0.00    2.49 v out[7] (out)
                                  2.49   data arrival time

                  0.00    0.00    0.00   clock __VIRTUAL_CLK__ (rise edge)
                          0.00    0.00   clock network delay (ideal)
                          0.25    0.25   clock uncertainty
                          0.00    0.25   clock reconvergence pessimism
                         -2.00   -1.75   output external delay
                                 -1.75   data required time
-----------------------------------------------------------------------------
                                 -1.75   data required time
                                 -2.49   data arrival time
-----------------------------------------------------------------------------
                                  4.24   slack (MET)


Startpoint: opcode[1] (input port clocked by __VIRTUAL_CLK__)
Endpoint: out[4] (output port clocked by __VIRTUAL_CLK__)
Path Group: __VIRTUAL_CLK__
Path Type: min

Fanout     Cap    Slew   Delay    Time   Description
-----------------------------------------------------------------------------
                  0.00    0.00    0.00   clock __VIRTUAL_CLK__ (rise edge)
                          0.00    0.00   clock network delay (ideal)
                          2.00    2.00 ^ input external delay
     1    0.00    0.02    0.01    2.01 ^ opcode[1] (in)
                                         opcode[1] (net)
                  0.02    0.00    2.01 ^ input18/A (sky130_fd_sc_hd__clkbuf_4)
    10    0.02    0.09    0.15    2.16 ^ input18/X (sky130_fd_sc_hd__clkbuf_4)
                                         net18 (net)
                  0.09    0.00    2.16 ^ _256_/B (sky130_fd_sc_hd__nor2_2)
     6    0.01    0.04    0.06    2.22 v _256_/Y (sky130_fd_sc_hd__nor2_2)
                                         _186_ (net)
                  0.04    0.00    2.22 v _353_/A1 (sky130_fd_sc_hd__a31o_1)
     1    0.00    0.03    0.15    2.37 v _353_/X (sky130_fd_sc_hd__a31o_1)
                                         net24 (net)
                  0.03    0.00    2.37 v output24/A (sky130_fd_sc_hd__buf_2)
     1    0.03    0.09    0.16    2.53 v output24/X (sky130_fd_sc_hd__buf_2)
                                         out[4] (net)
                  0.09    0.00    2.53 v out[4] (out)
                                  2.53   data arrival time

                  0.00    0.00    0.00   clock __VIRTUAL_CLK__ (rise edge)
                          0.00    0.00   clock network delay (ideal)
                          0.25    0.25   clock uncertainty
                          0.00    0.25   clock reconvergence pessimism
                         -2.00   -1.75   output external delay
                                 -1.75   data required time
-----------------------------------------------------------------------------
                                 -1.75   data required time
                                 -2.53   data arrival time
-----------------------------------------------------------------------------
                                  4.28   slack (MET)


Startpoint: opcode[1] (input port clocked by __VIRTUAL_CLK__)
Endpoint: out[1] (output port clocked by __VIRTUAL_CLK__)
Path Group: __VIRTUAL_CLK__
Path Type: min

Fanout     Cap    Slew   Delay    Time   Description
-----------------------------------------------------------------------------
                  0.00    0.00    0.00   clock __VIRTUAL_CLK__ (rise edge)
                          0.00    0.00   clock network delay (ideal)
                          2.00    2.00 ^ input external delay
     1    0.00    0.02    0.01    2.01 ^ opcode[1] (in)
                                         opcode[1] (net)
                  0.02    0.00    2.01 ^ input18/A (sky130_fd_sc_hd__clkbuf_4)
    10    0.02    0.09    0.15    2.16 ^ input18/X (sky130_fd_sc_hd__clkbuf_4)
                                         net18 (net)
                  0.09    0.00    2.16 ^ _256_/B (sky130_fd_sc_hd__nor2_2)
     6    0.01    0.04    0.06    2.22 v _256_/Y (sky130_fd_sc_hd__nor2_2)
                                         _186_ (net)
                  0.04    0.00    2.22 v _270_/A2 (sky130_fd_sc_hd__a31o_1)
     2    0.00    0.03    0.19    2.40 v _270_/X (sky130_fd_sc_hd__a31o_1)
                                         net21 (net)
                  0.03    0.00    2.40 v output21/A (sky130_fd_sc_hd__buf_2)
     1    0.03    0.09    0.17    2.57 v output21/X (sky130_fd_sc_hd__buf_2)
                                         out[1] (net)
                  0.09    0.00    2.57 v out[1] (out)
                                  2.57   data arrival time

                  0.00    0.00    0.00   clock __VIRTUAL_CLK__ (rise edge)
                          0.00    0.00   clock network delay (ideal)
                          0.25    0.25   clock uncertainty
                          0.00    0.25   clock reconvergence pessimism
                         -2.00   -1.75   output external delay
                                 -1.75   data required time
-----------------------------------------------------------------------------
                                 -1.75   data required time
                                 -2.57   data arrival time
-----------------------------------------------------------------------------
                                  4.32   slack (MET)


Startpoint: opcode[1] (input port clocked by __VIRTUAL_CLK__)
Endpoint: out[2] (output port clocked by __VIRTUAL_CLK__)
Path Group: __VIRTUAL_CLK__
Path Type: min

Fanout     Cap    Slew   Delay    Time   Description
-----------------------------------------------------------------------------
                  0.00    0.00    0.00   clock __VIRTUAL_CLK__ (rise edge)
                          0.00    0.00   clock network delay (ideal)
                          2.00    2.00 ^ input external delay
     1    0.00    0.02    0.01    2.01 ^ opcode[1] (in)
                                         opcode[1] (net)
                  0.02    0.00    2.01 ^ input18/A (sky130_fd_sc_hd__clkbuf_4)
    10    0.02    0.09    0.15    2.16 ^ input18/X (sky130_fd_sc_hd__clkbuf_4)
                                         net18 (net)
                  0.09    0.00    2.16 ^ _256_/B (sky130_fd_sc_hd__nor2_2)
     6    0.01    0.04    0.06    2.22 v _256_/Y (sky130_fd_sc_hd__nor2_2)
                                         _186_ (net)
                  0.04    0.00    2.22 v _286_/B1 (sky130_fd_sc_hd__o21ai_1)
     1    0.00    0.07    0.06    2.28 ^ _286_/Y (sky130_fd_sc_hd__o21ai_1)
                                         _215_ (net)
                  0.07    0.00    2.28 ^ _291_/A2 (sky130_fd_sc_hd__o211a_1)
     1    0.00    0.04    0.12    2.40 ^ _291_/X (sky130_fd_sc_hd__o211a_1)
                                         _220_ (net)
                  0.04    0.00    2.40 ^ _292_/B1 (sky130_fd_sc_hd__o21ai_1)
     1    0.00    0.03    0.04    2.44 v _292_/Y (sky130_fd_sc_hd__o21ai_1)
                                         net22 (net)
                  0.03    0.00    2.44 v output22/A (sky130_fd_sc_hd__buf_2)
     1    0.03    0.09    0.16    2.60 v output22/X (sky130_fd_sc_hd__buf_2)
                                         out[2] (net)
                  0.09    0.00    2.60 v out[2] (out)
                                  2.60   data arrival time

                  0.00    0.00    0.00   clock __VIRTUAL_CLK__ (rise edge)
                          0.00    0.00   clock network delay (ideal)
                          0.25    0.25   clock uncertainty
                          0.00    0.25   clock reconvergence pessimism
                         -2.00   -1.75   output external delay
                                 -1.75   data required time
-----------------------------------------------------------------------------
                                 -1.75   data required time
                                 -2.60   data arrival time
-----------------------------------------------------------------------------
                                  4.35   slack (MET)


Startpoint: opcode[0] (input port clocked by __VIRTUAL_CLK__)
Endpoint: out[0] (output port clocked by __VIRTUAL_CLK__)
Path Group: __VIRTUAL_CLK__
Path Type: min

Fanout     Cap    Slew   Delay    Time   Description
-----------------------------------------------------------------------------
                  0.00    0.00    0.00   clock __VIRTUAL_CLK__ (rise edge)
                          0.00    0.00   clock network delay (ideal)
                          2.00    2.00 ^ input external delay
     1    0.00    0.02    0.01    2.01 ^ opcode[0] (in)
                                         opcode[0] (net)
                  0.02    0.00    2.01 ^ input17/A (sky130_fd_sc_hd__buf_4)
     8    0.02    0.08    0.12    2.13 ^ input17/X (sky130_fd_sc_hd__buf_4)
                                         net17 (net)
                  0.08    0.00    2.13 ^ _242_/B (sky130_fd_sc_hd__nand3b_4)
     8    0.02    0.09    0.10    2.23 v _242_/Y (sky130_fd_sc_hd__nand3b_4)
                                         _173_ (net)
                  0.09    0.00    2.23 v _243_/B (sky130_fd_sc_hd__nor2_1)
     1    0.00    0.06    0.08    2.31 ^ _243_/Y (sky130_fd_sc_hd__nor2_1)
                                         _174_ (net)
                  0.06    0.00    2.31 ^ _244_/C (sky130_fd_sc_hd__or3_1)
     1    0.00    0.03    0.09    2.39 ^ _244_/X (sky130_fd_sc_hd__or3_1)
                                         _175_ (net)
                  0.03    0.00    2.39 ^ _245_/A (sky130_fd_sc_hd__buf_1)
     1    0.00    0.03    0.07    2.46 ^ _245_/X (sky130_fd_sc_hd__buf_1)
                                         net20 (net)
                  0.03    0.00    2.46 ^ output20/A (sky130_fd_sc_hd__buf_2)
     1    0.03    0.17    0.18    2.64 ^ output20/X (sky130_fd_sc_hd__buf_2)
                                         out[0] (net)
                  0.17    0.00    2.64 ^ out[0] (out)
                                  2.64   data arrival time

                  0.00    0.00    0.00   clock __VIRTUAL_CLK__ (rise edge)
                          0.00    0.00   clock network delay (ideal)
                          0.25    0.25   clock uncertainty
                          0.00    0.25   clock reconvergence pessimism
                         -2.00   -1.75   output external delay
                                 -1.75   data required time
-----------------------------------------------------------------------------
                                 -1.75   data required time
                                 -2.64   data arrival time
-----------------------------------------------------------------------------
                                  4.39   slack (MET)


Startpoint: opcode[1] (input port clocked by __VIRTUAL_CLK__)
Endpoint: out[3] (output port clocked by __VIRTUAL_CLK__)
Path Group: __VIRTUAL_CLK__
Path Type: min

Fanout     Cap    Slew   Delay    Time   Description
-----------------------------------------------------------------------------
                  0.00    0.00    0.00   clock __VIRTUAL_CLK__ (rise edge)
                          0.00    0.00   clock network delay (ideal)
                          2.00    2.00 ^ input external delay
     1    0.00    0.02    0.01    2.01 ^ opcode[1] (in)
                                         opcode[1] (net)
                  0.02    0.00    2.01 ^ input18/A (sky130_fd_sc_hd__clkbuf_4)
    10    0.02    0.09    0.15    2.16 ^ input18/X (sky130_fd_sc_hd__clkbuf_4)
                                         net18 (net)
                  0.09    0.00    2.16 ^ _256_/B (sky130_fd_sc_hd__nor2_2)
     6    0.01    0.04    0.06    2.22 v _256_/Y (sky130_fd_sc_hd__nor2_2)
                                         _186_ (net)
                  0.04    0.00    2.22 v _315_/B1 (sky130_fd_sc_hd__o31ai_1)
     1    0.00    0.05    0.06    2.27 ^ _315_/Y (sky130_fd_sc_hd__o31ai_1)
                                         _009_ (net)
                  0.05    0.00    2.27 ^ _320_/A2 (sky130_fd_sc_hd__o21ai_1)
     1    0.00    0.03    0.05    2.32 v _320_/Y (sky130_fd_sc_hd__o21ai_1)
                                         _014_ (net)
                  0.03    0.00    2.32 v _321_/B1 (sky130_fd_sc_hd__a31o_1)
     1    0.00    0.03    0.16    2.48 v _321_/X (sky130_fd_sc_hd__a31o_1)
                                         net23 (net)
                  0.03    0.00    2.48 v output23/A (sky130_fd_sc_hd__buf_2)
     1    0.03    0.09    0.16    2.64 v output23/X (sky130_fd_sc_hd__buf_2)
                                         out[3] (net)
                  0.09    0.00    2.64 v out[3] (out)
                                  2.64   data arrival time

                  0.00    0.00    0.00   clock __VIRTUAL_CLK__ (rise edge)
                          0.00    0.00   clock network delay (ideal)
                          0.25    0.25   clock uncertainty
                          0.00    0.25   clock reconvergence pessimism
                         -2.00   -1.75   output external delay
                                 -1.75   data required time
-----------------------------------------------------------------------------
                                 -1.75   data required time
                                 -2.64   data arrival time
-----------------------------------------------------------------------------
                                  4.39   slack (MET)



worst slack corner Typical: 4.2059
