
===========================================================================
report_checks -unconstrained
===========================================================================
======================= Typical Corner ===================================

Startpoint: B[0] (input port clocked by __VIRTUAL_CLK__)
Endpoint: out[7] (output port clocked by __VIRTUAL_CLK__)
Path Group: __VIRTUAL_CLK__
Path Type: max

Fanout     Cap    Slew   Delay    Time   Description
-----------------------------------------------------------------------------
                  0.00    0.00    0.00   clock __VIRTUAL_CLK__ (rise edge)
                          0.00    0.00   clock network delay (ideal)
                          2.00    2.00 v input external delay
     1    0.01    0.02    0.01    2.01 v B[0] (in)
                                         B[0] (net)
                  0.02    0.00    2.01 v input9/A (sky130_fd_sc_hd__buf_8)
     6    0.03    0.04    0.12    2.13 v input9/X (sky130_fd_sc_hd__buf_8)
                                         net9 (net)
                  0.04    0.00    2.13 v _234_/A (sky130_fd_sc_hd__buf_12)
     5    0.03    0.03    0.13    2.27 v _234_/X (sky130_fd_sc_hd__buf_12)
                                         _165_ (net)
                  0.03    0.00    2.27 v _336_/B1 (sky130_fd_sc_hd__a22o_4)
     3    0.01    0.05    0.23    2.50 v _336_/X (sky130_fd_sc_hd__a22o_4)
                                         _029_ (net)
                  0.05    0.00    2.50 v _365_/A1 (sky130_fd_sc_hd__a21bo_4)
     2    0.01    0.05    0.23    2.72 v _365_/X (sky130_fd_sc_hd__a21bo_4)
                                         _057_ (net)
                  0.05    0.00    2.72 v _367_/B1 (sky130_fd_sc_hd__a21o_4)
     3    0.01    0.04    0.20    2.92 v _367_/X (sky130_fd_sc_hd__a21o_4)
                                         _059_ (net)
                  0.04    0.00    2.92 v _416_/A2 (sky130_fd_sc_hd__a21bo_4)
     2    0.01    0.04    0.22    3.15 v _416_/X (sky130_fd_sc_hd__a21bo_4)
                                         _107_ (net)
                  0.04    0.00    3.15 v _418_/B1 (sky130_fd_sc_hd__a21o_1)
     2    0.01    0.05    0.17    3.32 v _418_/X (sky130_fd_sc_hd__a21o_1)
                                         _109_ (net)
                  0.05    0.00    3.32 v _419_/A (sky130_fd_sc_hd__and3_4)
     3    0.01    0.04    0.17    3.49 v _419_/X (sky130_fd_sc_hd__and3_4)
                                         _110_ (net)
                  0.04    0.00    3.49 v _421_/C1 (sky130_fd_sc_hd__a211o_4)
     3    0.01    0.07    0.30    3.78 v _421_/X (sky130_fd_sc_hd__a211o_4)
                                         _112_ (net)
                  0.07    0.00    3.78 v _424_/A2 (sky130_fd_sc_hd__a21bo_4)
     2    0.00    0.03    0.22    4.01 v _424_/X (sky130_fd_sc_hd__a21bo_4)
                                         _115_ (net)
                  0.03    0.00    4.01 v _441_/A2 (sky130_fd_sc_hd__a21o_1)
     2    0.00    0.04    0.18    4.19 v _441_/X (sky130_fd_sc_hd__a21o_1)
                                         _131_ (net)
                  0.04    0.00    4.19 v _470_/A2 (sky130_fd_sc_hd__o21a_1)
     1    0.00    0.03    0.16    4.35 v _470_/X (sky130_fd_sc_hd__o21a_1)
                                         _160_ (net)
                  0.03    0.00    4.35 v _474_/A2 (sky130_fd_sc_hd__a21o_1)
     1    0.00    0.03    0.17    4.52 v _474_/X (sky130_fd_sc_hd__a21o_1)
                                         _164_ (net)
                  0.03    0.00    4.52 v _475_/B1 (sky130_fd_sc_hd__a21o_1)
     1    0.00    0.04    0.16    4.68 v _475_/X (sky130_fd_sc_hd__a21o_1)
                                         net27 (net)
                  0.04    0.00    4.68 v output27/A (sky130_fd_sc_hd__buf_6)
     1    0.03    0.04    0.14    4.82 v output27/X (sky130_fd_sc_hd__buf_6)
                                         out[7] (net)
                  0.04    0.00    4.82 v out[7] (out)
                                  4.82   data arrival time

                  0.00   10.00   10.00   clock __VIRTUAL_CLK__ (rise edge)
                          0.00   10.00   clock network delay (ideal)
                         -0.25    9.75   clock uncertainty
                          0.00    9.75   clock reconvergence pessimism
                         -2.00    7.75   output external delay
                                  7.75   data required time
-----------------------------------------------------------------------------
                                  7.75   data required time
                                 -4.82   data arrival time
-----------------------------------------------------------------------------
                                  2.93   slack (MET)




===========================================================================
report_checks --slack_max -0.01
============================================================================
======================= Typical Corner ===================================

No paths found.


===========================================================================
 report_check_types -max_slew -max_cap -max_fanout -violators
============================================================================
======================= Typical Corner ===================================

max fanout

Pin                                   Limit Fanout  Slack
---------------------------------------------------------
_275_/X                                  10     11        (VIOLATED)


max slew violations count Typical: 0
max fanout violations count Typical: 1
max cap violations count Typical: 0

===========================================================================
report_parasitic_annotation -report_unannotated
============================================================================
Found 301 unannotated drivers.
 A[0]
 A[1]
 A[2]
 A[3]
 A[4]
 A[5]
 A[6]
 A[7]
 B[0]
 B[1]
 B[2]
 B[3]
 B[4]
 B[5]
 B[6]
 B[7]
 opcode[0]
 opcode[1]
 opcode[2]
 _234_/X
 _235_/X
 _236_/X
 _237_/X
 _238_/X
 _239_/Y
 _240_/X
 _241_/X
 _242_/Y
 _243_/Y
 _244_/X
 _245_/X
 _246_/X
 _247_/X
 _248_/X
 _249_/Y
 _250_/X
 _251_/X
 _252_/X
 _253_/Y
 _254_/X
 _255_/X
 _256_/Y
 _257_/Y
 _258_/X
 _259_/X
 _260_/X
 _261_/Y
 _262_/X
 _263_/Y
 _264_/X
 _265_/X
 _266_/X
 _267_/X
 _268_/X
 _269_/X
 _270_/X
 _271_/X
 _272_/X
 _273_/X
 _274_/X
 _275_/X
 _276_/Y
 _277_/X
 _278_/Y
 _279_/X
 _280_/Y
 _281_/X
 _282_/Y
 _283_/X
 _284_/Y
 _285_/X
 _286_/Y
 _287_/X
 _288_/Y
 _289_/Y
 _290_/X
 _291_/X
 _292_/Y
 _293_/X
 _294_/Y
 _295_/X
 _296_/X
 _297_/Y
 _298_/Y
 _299_/Y
 _300_/Y
 _301_/Y
 _302_/X
 _303_/Y
 _304_/Y
 _305_/X
 _306_/Y
 _307_/X
 _308_/X
 _309_/Y
 _310_/X
 _311_/X
 _312_/Y
 _313_/Y
 _314_/X
 _315_/Y
 _316_/Y
 _317_/X
 _318_/X
 _319_/X
 _320_/Y
 _321_/X
 _322_/X
 _323_/X
 _324_/X
 _325_/Y
 _326_/Y
 _327_/X
 _328_/X
 _329_/X
 _330_/Y
 _331_/X
 _332_/X
 _333_/Y
 _334_/X
 _335_/Y
 _336_/X
 _337_/X
 _338_/Y
 _339_/Y
 _340_/X
 _341_/Y
 _342_/Y
 _343_/Y
 _344_/X
 _345_/Y
 _346_/Y
 _347_/Y
 _348_/Y
 _349_/X
 _350_/Y
 _351_/X
 _352_/X
 _353_/X
 _354_/X
 _355_/Y
 _356_/X
 _357_/Y
 _358_/Y
 _359_/Y
 _360_/Y
 _361_/X
 _362_/X
 _363_/X
 _364_/Y
 _365_/X
 _366_/Y
 _367_/X
 _368_/Y
 _369_/X
 _370_/Y
 _371_/Y
 _372_/X
 _373_/X
 _374_/Y
 _375_/Y
 _376_/X
 _377_/Y
 _378_/X
 _379_/X
 _380_/Y
 _381_/X
 _382_/Y
 _383_/Y
 _384_/X
 _385_/X
 _386_/X
 _387_/Y
 _388_/X
 _389_/X
 _390_/Y
 _391_/Y
 _392_/X
 _393_/X
 _394_/Y
 _395_/X
 _396_/Y
 _397_/Y
 _398_/X
 _399_/X
 _400_/Y
 _401_/Y
 _402_/Y
 _403_/X
 _404_/X
 _405_/Y
 _406_/X
 _407_/Y
 _408_/X
 _409_/Y
 _410_/Y
 _411_/X
 _412_/Y
 _413_/Y
 _414_/X
 _415_/Y
 _416_/X
 _417_/Y
 _418_/X
 _419_/X
 _420_/Y
 _421_/X
 _422_/Y
 _423_/X
 _424_/X
 _425_/X
 _426_/Y
 _427_/X
 _428_/Y
 _429_/Y
 _430_/X
 _431_/X
 _432_/Y
 _433_/Y
 _434_/X
 _435_/Y
 _436_/X
 _437_/Y
 _438_/X
 _439_/Y
 _440_/Y
 _441_/X
 _442_/X
 _443_/Y
 _444_/Y
 _445_/Y
 _446_/Y
 _447_/X
 _448_/Y
 _449_/X
 _450_/Y
 _451_/X
 _452_/X
 _453_/X
 _454_/Y
 _455_/X
 _456_/X
 _457_/Y
 _458_/Y
 _459_/Y
 _460_/Y
 _461_/X
 _462_/Y
 _463_/Y
 _464_/Y
 _465_/Y
 _466_/X
 _467_/Y
 _468_/Y
 _469_/Y
 _470_/X
 _471_/Y
 _472_/X
 _473_/X
 _474_/X
 _475_/X
 clone11/X
 clone8/X
 clone9/X
 input1/X
 input10/X
 input11/X
 input12/X
 input13/X
 input14/X
 input15/X
 input16/X
 input17/X
 input18/X
 input19/X
 input2/X
 input3/X
 input4/X
 input5/X
 input6/X
 input7/X
 input8/X
 input9/X
 max_cap28/X
 output20/X
 output21/X
 output22/X
 output23/X
 output24/X
 output25/X
 output26/X
 output27/X
 rebuffer1/X
 rebuffer10/X
 rebuffer2/X
 rebuffer3/X
 rebuffer4/X
 rebuffer5/X
 rebuffer6/X
 rebuffer7/X
 rebuffer8/X
Found 0 partially unannotated drivers.

===========================================================================
max slew violation count 0
max fanout violation count 1
max cap violation count 0
============================================================================

===========================================================================
check_setup -verbose -unconstrained_endpoints -multiple_clock -no_clock -no_input_delay -loops -generated_clocks
===========================================================================
