
===========================================================================
report_checks -path_delay max (Setup)
============================================================================
======================= Typical Corner ===================================

Startpoint: B[0] (input port clocked by __VIRTUAL_CLK__)
Endpoint: out[7] (output port clocked by __VIRTUAL_CLK__)
Path Group: __VIRTUAL_CLK__
Path Type: max

Fanout     Cap    Slew   Delay    Time   Description
-----------------------------------------------------------------------------
                  0.00    0.00    0.00   clock __VIRTUAL_CLK__ (rise edge)
                          0.00    0.00   clock network delay (ideal)
                          2.00    2.00 v input external delay
     1    0.01    0.02    0.01    2.01 v B[0] (in)
                                         B[0] (net)
                  0.02    0.00    2.01 v input9/A (sky130_fd_sc_hd__buf_8)
     6    0.03    0.04    0.12    2.13 v input9/X (sky130_fd_sc_hd__buf_8)
                                         net9 (net)
                  0.04    0.00    2.13 v _234_/A (sky130_fd_sc_hd__buf_12)
     5    0.03    0.03    0.13    2.27 v _234_/X (sky130_fd_sc_hd__buf_12)
                                         _165_ (net)
                  0.03    0.00    2.27 v _336_/B1 (sky130_fd_sc_hd__a22o_4)
     3    0.01    0.05    0.23    2.50 v _336_/X (sky130_fd_sc_hd__a22o_4)
                                         _029_ (net)
                  0.05    0.00    2.50 v _365_/A1 (sky130_fd_sc_hd__a21bo_4)
     2    0.01    0.05    0.23    2.72 v _365_/X (sky130_fd_sc_hd__a21bo_4)
                                         _057_ (net)
                  0.05    0.00    2.72 v _367_/B1 (sky130_fd_sc_hd__a21o_4)
     3    0.01    0.04    0.20    2.92 v _367_/X (sky130_fd_sc_hd__a21o_4)
                                         _059_ (net)
                  0.04    0.00    2.92 v _416_/A2 (sky130_fd_sc_hd__a21bo_4)
     2    0.01    0.04    0.22    3.15 v _416_/X (sky130_fd_sc_hd__a21bo_4)
                                         _107_ (net)
                  0.04    0.00    3.15 v _418_/B1 (sky130_fd_sc_hd__a21o_1)
     2    0.01    0.05    0.17    3.32 v _418_/X (sky130_fd_sc_hd__a21o_1)
                                         _109_ (net)
                  0.05    0.00    3.32 v _419_/A (sky130_fd_sc_hd__and3_4)
     3    0.01    0.04    0.17    3.49 v _419_/X (sky130_fd_sc_hd__and3_4)
                                         _110_ (net)
                  0.04    0.00    3.49 v _421_/C1 (sky130_fd_sc_hd__a211o_4)
     3    0.01    0.07    0.30    3.78 v _421_/X (sky130_fd_sc_hd__a211o_4)
                                         _112_ (net)
                  0.07    0.00    3.78 v _424_/A2 (sky130_fd_sc_hd__a21bo_4)
     2    0.00    0.03    0.22    4.01 v _424_/X (sky130_fd_sc_hd__a21bo_4)
                                         _115_ (net)
                  0.03    0.00    4.01 v _441_/A2 (sky130_fd_sc_hd__a21o_1)
     2    0.00    0.04    0.18    4.19 v _441_/X (sky130_fd_sc_hd__a21o_1)
                                         _131_ (net)
                  0.04    0.00    4.19 v _470_/A2 (sky130_fd_sc_hd__o21a_1)
     1    0.00    0.03    0.16    4.35 v _470_/X (sky130_fd_sc_hd__o21a_1)
                                         _160_ (net)
                  0.03    0.00    4.35 v _474_/A2 (sky130_fd_sc_hd__a21o_1)
     1    0.00    0.03    0.17    4.52 v _474_/X (sky130_fd_sc_hd__a21o_1)
                                         _164_ (net)
                  0.03    0.00    4.52 v _475_/B1 (sky130_fd_sc_hd__a21o_1)
     1    0.00    0.04    0.16    4.68 v _475_/X (sky130_fd_sc_hd__a21o_1)
                                         net27 (net)
                  0.04    0.00    4.68 v output27/A (sky130_fd_sc_hd__buf_6)
     1    0.03    0.04    0.14    4.82 v output27/X (sky130_fd_sc_hd__buf_6)
                                         out[7] (net)
                  0.04    0.00    4.82 v out[7] (out)
                                  4.82   data arrival time

                  0.00   10.00   10.00   clock __VIRTUAL_CLK__ (rise edge)
                          0.00   10.00   clock network delay (ideal)
                         -0.25    9.75   clock uncertainty
                          0.00    9.75   clock reconvergence pessimism
                         -2.00    7.75   output external delay
                                  7.75   data required time
-----------------------------------------------------------------------------
                                  7.75   data required time
                                 -4.82   data arrival time
-----------------------------------------------------------------------------
                                  2.93   slack (MET)


Startpoint: B[0] (input port clocked by __VIRTUAL_CLK__)
Endpoint: out[6] (output port clocked by __VIRTUAL_CLK__)
Path Group: __VIRTUAL_CLK__
Path Type: max

Fanout     Cap    Slew   Delay    Time   Description
-----------------------------------------------------------------------------
                  0.00    0.00    0.00   clock __VIRTUAL_CLK__ (rise edge)
                          0.00    0.00   clock network delay (ideal)
                          2.00    2.00 v input external delay
     1    0.01    0.02    0.01    2.01 v B[0] (in)
                                         B[0] (net)
                  0.02    0.00    2.01 v input9/A (sky130_fd_sc_hd__buf_8)
     6    0.03    0.04    0.12    2.13 v input9/X (sky130_fd_sc_hd__buf_8)
                                         net9 (net)
                  0.04    0.00    2.13 v _234_/A (sky130_fd_sc_hd__buf_12)
     5    0.03    0.03    0.13    2.27 v _234_/X (sky130_fd_sc_hd__buf_12)
                                         _165_ (net)
                  0.03    0.00    2.27 v _336_/B1 (sky130_fd_sc_hd__a22o_4)
     3    0.01    0.05    0.23    2.50 v _336_/X (sky130_fd_sc_hd__a22o_4)
                                         _029_ (net)
                  0.05    0.00    2.50 v _365_/A1 (sky130_fd_sc_hd__a21bo_4)
     2    0.01    0.05    0.23    2.72 v _365_/X (sky130_fd_sc_hd__a21bo_4)
                                         _057_ (net)
                  0.05    0.00    2.72 v _367_/B1 (sky130_fd_sc_hd__a21o_4)
     3    0.01    0.04    0.20    2.92 v _367_/X (sky130_fd_sc_hd__a21o_4)
                                         _059_ (net)
                  0.04    0.00    2.92 v _416_/A2 (sky130_fd_sc_hd__a21bo_4)
     2    0.01    0.04    0.22    3.15 v _416_/X (sky130_fd_sc_hd__a21bo_4)
                                         _107_ (net)
                  0.04    0.00    3.15 v _418_/B1 (sky130_fd_sc_hd__a21o_1)
     2    0.01    0.05    0.17    3.32 v _418_/X (sky130_fd_sc_hd__a21o_1)
                                         _109_ (net)
                  0.05    0.00    3.32 v _419_/A (sky130_fd_sc_hd__and3_4)
     3    0.01    0.04    0.17    3.49 v _419_/X (sky130_fd_sc_hd__and3_4)
                                         _110_ (net)
                  0.04    0.00    3.49 v _421_/C1 (sky130_fd_sc_hd__a211o_4)
     3    0.01    0.07    0.30    3.78 v _421_/X (sky130_fd_sc_hd__a211o_4)
                                         _112_ (net)
                  0.07    0.00    3.78 v _424_/A2 (sky130_fd_sc_hd__a21bo_4)
     2    0.00    0.03    0.22    4.01 v _424_/X (sky130_fd_sc_hd__a21bo_4)
                                         _115_ (net)
                  0.03    0.00    4.01 v _425_/B (sky130_fd_sc_hd__and2b_1)
     2    0.00    0.04    0.16    4.17 v _425_/X (sky130_fd_sc_hd__and2b_1)
                                         _116_ (net)
                  0.04    0.00    4.17 v _427_/A2 (sky130_fd_sc_hd__o21a_1)
     1    0.00    0.04    0.18    4.35 v _427_/X (sky130_fd_sc_hd__o21a_1)
                                         _118_ (net)
                  0.04    0.00    4.35 v _432_/A1 (sky130_fd_sc_hd__a21oi_2)
     1    0.00    0.10    0.12    4.47 ^ _432_/Y (sky130_fd_sc_hd__a21oi_2)
                                         _123_ (net)
                  0.10    0.00    4.47 ^ _433_/B1 (sky130_fd_sc_hd__o21ai_2)
     1    0.00    0.04    0.06    4.53 v _433_/Y (sky130_fd_sc_hd__o21ai_2)
                                         net26 (net)
                  0.04    0.00    4.53 v output26/A (sky130_fd_sc_hd__buf_4)
     1    0.03    0.06    0.17    4.70 v output26/X (sky130_fd_sc_hd__buf_4)
                                         out[6] (net)
                  0.06    0.00    4.70 v out[6] (out)
                                  4.70   data arrival time

                  0.00   10.00   10.00   clock __VIRTUAL_CLK__ (rise edge)
                          0.00   10.00   clock network delay (ideal)
                         -0.25    9.75   clock uncertainty
                          0.00    9.75   clock reconvergence pessimism
                         -2.00    7.75   output external delay
                                  7.75   data required time
-----------------------------------------------------------------------------
                                  7.75   data required time
                                 -4.70   data arrival time
-----------------------------------------------------------------------------
                                  3.05   slack (MET)


Startpoint: B[0] (input port clocked by __VIRTUAL_CLK__)
Endpoint: out[5] (output port clocked by __VIRTUAL_CLK__)
Path Group: __VIRTUAL_CLK__
Path Type: max

Fanout     Cap    Slew   Delay    Time   Description
-----------------------------------------------------------------------------
                  0.00    0.00    0.00   clock __VIRTUAL_CLK__ (rise edge)
                          0.00    0.00   clock network delay (ideal)
                          2.00    2.00 v input external delay
     1    0.01    0.02    0.01    2.01 v B[0] (in)
                                         B[0] (net)
                  0.02    0.00    2.01 v input9/A (sky130_fd_sc_hd__buf_8)
     6    0.03    0.04    0.12    2.13 v input9/X (sky130_fd_sc_hd__buf_8)
                                         net9 (net)
                  0.04    0.00    2.13 v _234_/A (sky130_fd_sc_hd__buf_12)
     5    0.03    0.03    0.13    2.27 v _234_/X (sky130_fd_sc_hd__buf_12)
                                         _165_ (net)
                  0.03    0.00    2.27 v _336_/B1 (sky130_fd_sc_hd__a22o_4)
     3    0.01    0.05    0.23    2.50 v _336_/X (sky130_fd_sc_hd__a22o_4)
                                         _029_ (net)
                  0.05    0.00    2.50 v _365_/A1 (sky130_fd_sc_hd__a21bo_4)
     2    0.01    0.05    0.23    2.72 v _365_/X (sky130_fd_sc_hd__a21bo_4)
                                         _057_ (net)
                  0.05    0.00    2.72 v _367_/B1 (sky130_fd_sc_hd__a21o_4)
     3    0.01    0.04    0.20    2.92 v _367_/X (sky130_fd_sc_hd__a21o_4)
                                         _059_ (net)
                  0.04    0.00    2.92 v _369_/A1 (sky130_fd_sc_hd__a21o_1)
     2    0.00    0.04    0.16    3.09 v _369_/X (sky130_fd_sc_hd__a21o_1)
                                         _061_ (net)
                  0.04    0.00    3.09 v _372_/A1 (sky130_fd_sc_hd__a21o_1)
     2    0.01    0.07    0.20    3.29 v _372_/X (sky130_fd_sc_hd__a21o_1)
                                         _064_ (net)
                  0.07    0.00    3.29 v _373_/A1 (sky130_fd_sc_hd__a21o_4)
     2    0.01    0.04    0.23    3.52 v _373_/X (sky130_fd_sc_hd__a21o_4)
                                         _065_ (net)
                  0.04    0.00    3.52 v _376_/A2 (sky130_fd_sc_hd__a21o_1)
     2    0.00    0.04    0.18    3.70 v _376_/X (sky130_fd_sc_hd__a21o_1)
                                         _068_ (net)
                  0.04    0.00    3.70 v _378_/B (sky130_fd_sc_hd__and4b_2)
     3    0.01    0.05    0.22    3.91 v _378_/X (sky130_fd_sc_hd__and4b_2)
                                         _070_ (net)
                  0.05    0.00    3.91 v _379_/B (sky130_fd_sc_hd__or3b_2)
     1    0.00    0.08    0.47    4.38 v _379_/X (sky130_fd_sc_hd__or3b_2)
                                         _071_ (net)
                  0.08    0.00    4.38 v _391_/B1 (sky130_fd_sc_hd__o211ai_2)
     1    0.00    0.11    0.08    4.46 ^ _391_/Y (sky130_fd_sc_hd__o211ai_2)
                                         net25 (net)
                  0.11    0.00    4.46 ^ output25/A (sky130_fd_sc_hd__buf_4)
     1    0.03    0.10    0.19    4.65 ^ output25/X (sky130_fd_sc_hd__buf_4)
                                         out[5] (net)
                  0.10    0.00    4.65 ^ out[5] (out)
                                  4.65   data arrival time

                  0.00   10.00   10.00   clock __VIRTUAL_CLK__ (rise edge)
                          0.00   10.00   clock network delay (ideal)
                         -0.25    9.75   clock uncertainty
                          0.00    9.75   clock reconvergence pessimism
                         -2.00    7.75   output external delay
                                  7.75   data required time
-----------------------------------------------------------------------------
                                  7.75   data required time
                                 -4.65   data arrival time
-----------------------------------------------------------------------------
                                  3.10   slack (MET)


Startpoint: opcode[2] (input port clocked by __VIRTUAL_CLK__)
Endpoint: out[4] (output port clocked by __VIRTUAL_CLK__)
Path Group: __VIRTUAL_CLK__
Path Type: max

Fanout     Cap    Slew   Delay    Time   Description
-----------------------------------------------------------------------------
                  0.00    0.00    0.00   clock __VIRTUAL_CLK__ (rise edge)
                          0.00    0.00   clock network delay (ideal)
                          2.00    2.00 v input external delay
     1    0.00    0.01    0.00    2.00 v opcode[2] (in)
                                         opcode[2] (net)
                  0.01    0.00    2.00 v input19/A (sky130_fd_sc_hd__clkbuf_4)
     9    0.03    0.07    0.16    2.17 v input19/X (sky130_fd_sc_hd__clkbuf_4)
                                         net19 (net)
                  0.07    0.00    2.17 v _246_/A (sky130_fd_sc_hd__or3b_4)
     1    0.00    0.07    0.41    2.58 v _246_/X (sky130_fd_sc_hd__or3b_4)
                                         _176_ (net)
                  0.07    0.00    2.58 v _247_/A (sky130_fd_sc_hd__buf_6)
     8    0.02    0.04    0.15    2.73 v _247_/X (sky130_fd_sc_hd__buf_6)
                                         _177_ (net)
                  0.04    0.00    2.73 v _250_/A (sky130_fd_sc_hd__and3_1)
     2    0.01    0.07    0.18    2.90 v _250_/X (sky130_fd_sc_hd__and3_1)
                                         _180_ (net)
                  0.07    0.00    2.90 v _252_/A1 (sky130_fd_sc_hd__o21a_1)
     3    0.01    0.05    0.21    3.12 v _252_/X (sky130_fd_sc_hd__o21a_1)
                                         _182_ (net)
                  0.05    0.00    3.12 v _284_/B1_N (sky130_fd_sc_hd__o21bai_4)
     2    0.00    0.05    0.17    3.29 v _284_/Y (sky130_fd_sc_hd__o21bai_4)
                                         _213_ (net)
                  0.05    0.00    3.29 v _285_/B (sky130_fd_sc_hd__and2_4)
     3    0.01    0.03    0.17    3.46 v _285_/X (sky130_fd_sc_hd__and2_4)
                                         _214_ (net)
                  0.03    0.00    3.46 v _314_/A2 (sky130_fd_sc_hd__o21a_2)
     3    0.01    0.06    0.23    3.69 v _314_/X (sky130_fd_sc_hd__o21a_2)
                                         _008_ (net)
                  0.06    0.00    3.69 v _329_/B (sky130_fd_sc_hd__or3_1)
     1    0.00    0.06    0.35    4.04 v _329_/X (sky130_fd_sc_hd__or3_1)
                                         _022_ (net)
                  0.06    0.00    4.04 v _353_/A2 (sky130_fd_sc_hd__a31o_1)
     1    0.00    0.03    0.21    4.25 v _353_/X (sky130_fd_sc_hd__a31o_1)
                                         net24 (net)
                  0.03    0.00    4.25 v output24/A (sky130_fd_sc_hd__buf_2)
     1    0.03    0.09    0.18    4.43 v output24/X (sky130_fd_sc_hd__buf_2)
                                         out[4] (net)
                  0.09    0.00    4.43 v out[4] (out)
                                  4.43   data arrival time

                  0.00   10.00   10.00   clock __VIRTUAL_CLK__ (rise edge)
                          0.00   10.00   clock network delay (ideal)
                         -0.25    9.75   clock uncertainty
                          0.00    9.75   clock reconvergence pessimism
                         -2.00    7.75   output external delay
                                  7.75   data required time
-----------------------------------------------------------------------------
                                  7.75   data required time
                                 -4.43   data arrival time
-----------------------------------------------------------------------------
                                  3.32   slack (MET)


Startpoint: opcode[2] (input port clocked by __VIRTUAL_CLK__)
Endpoint: out[3] (output port clocked by __VIRTUAL_CLK__)
Path Group: __VIRTUAL_CLK__
Path Type: max

Fanout     Cap    Slew   Delay    Time   Description
-----------------------------------------------------------------------------
                  0.00    0.00    0.00   clock __VIRTUAL_CLK__ (rise edge)
                          0.00    0.00   clock network delay (ideal)
                          2.00    2.00 v input external delay
     1    0.00    0.01    0.00    2.00 v opcode[2] (in)
                                         opcode[2] (net)
                  0.01    0.00    2.00 v input19/A (sky130_fd_sc_hd__clkbuf_4)
     9    0.03    0.07    0.16    2.17 v input19/X (sky130_fd_sc_hd__clkbuf_4)
                                         net19 (net)
                  0.07    0.00    2.17 v _246_/A (sky130_fd_sc_hd__or3b_4)
     1    0.00    0.07    0.41    2.58 v _246_/X (sky130_fd_sc_hd__or3b_4)
                                         _176_ (net)
                  0.07    0.00    2.58 v _247_/A (sky130_fd_sc_hd__buf_6)
     8    0.02    0.04    0.15    2.73 v _247_/X (sky130_fd_sc_hd__buf_6)
                                         _177_ (net)
                  0.04    0.00    2.73 v _250_/A (sky130_fd_sc_hd__and3_1)
     2    0.01    0.07    0.18    2.90 v _250_/X (sky130_fd_sc_hd__and3_1)
                                         _180_ (net)
                  0.07    0.00    2.90 v _252_/A1 (sky130_fd_sc_hd__o21a_1)
     3    0.01    0.05    0.21    3.12 v _252_/X (sky130_fd_sc_hd__o21a_1)
                                         _182_ (net)
                  0.05    0.00    3.12 v _284_/B1_N (sky130_fd_sc_hd__o21bai_4)
     2    0.00    0.05    0.17    3.29 v _284_/Y (sky130_fd_sc_hd__o21bai_4)
                                         _213_ (net)
                  0.05    0.00    3.29 v _285_/B (sky130_fd_sc_hd__and2_4)
     3    0.01    0.03    0.17    3.46 v _285_/X (sky130_fd_sc_hd__and2_4)
                                         _214_ (net)
                  0.03    0.00    3.46 v _314_/A2 (sky130_fd_sc_hd__o21a_2)
     3    0.01    0.06    0.23    3.69 v _314_/X (sky130_fd_sc_hd__o21a_2)
                                         _008_ (net)
                  0.06    0.00    3.69 v _320_/A1 (sky130_fd_sc_hd__o21ai_1)
     1    0.00    0.10    0.13    3.82 ^ _320_/Y (sky130_fd_sc_hd__o21ai_1)
                                         _014_ (net)
                  0.10    0.00    3.82 ^ _321_/B1 (sky130_fd_sc_hd__a31o_1)
     1    0.00    0.04    0.10    3.92 ^ _321_/X (sky130_fd_sc_hd__a31o_1)
                                         net23 (net)
                  0.04    0.00    3.92 ^ output23/A (sky130_fd_sc_hd__buf_2)
     1    0.03    0.17    0.20    4.12 ^ output23/X (sky130_fd_sc_hd__buf_2)
                                         out[3] (net)
                  0.17    0.00    4.12 ^ out[3] (out)
                                  4.12   data arrival time

                  0.00   10.00   10.00   clock __VIRTUAL_CLK__ (rise edge)
                          0.00   10.00   clock network delay (ideal)
                         -0.25    9.75   clock uncertainty
                          0.00    9.75   clock reconvergence pessimism
                         -2.00    7.75   output external delay
                                  7.75   data required time
-----------------------------------------------------------------------------
                                  7.75   data required time
                                 -4.12   data arrival time
-----------------------------------------------------------------------------
                                  3.63   slack (MET)


Startpoint: opcode[2] (input port clocked by __VIRTUAL_CLK__)
Endpoint: out[2] (output port clocked by __VIRTUAL_CLK__)
Path Group: __VIRTUAL_CLK__
Path Type: max

Fanout     Cap    Slew   Delay    Time   Description
-----------------------------------------------------------------------------
                  0.00    0.00    0.00   clock __VIRTUAL_CLK__ (rise edge)
                          0.00    0.00   clock network delay (ideal)
                          2.00    2.00 v input external delay
     1    0.00    0.01    0.00    2.00 v opcode[2] (in)
                                         opcode[2] (net)
                  0.01    0.00    2.00 v input19/A (sky130_fd_sc_hd__clkbuf_4)
     9    0.03    0.07    0.16    2.17 v input19/X (sky130_fd_sc_hd__clkbuf_4)
                                         net19 (net)
                  0.07    0.00    2.17 v _246_/A (sky130_fd_sc_hd__or3b_4)
     1    0.00    0.07    0.41    2.58 v _246_/X (sky130_fd_sc_hd__or3b_4)
                                         _176_ (net)
                  0.07    0.00    2.58 v _247_/A (sky130_fd_sc_hd__buf_6)
     8    0.02    0.04    0.15    2.73 v _247_/X (sky130_fd_sc_hd__buf_6)
                                         _177_ (net)
                  0.04    0.00    2.73 v _250_/A (sky130_fd_sc_hd__and3_1)
     2    0.01    0.07    0.18    2.90 v _250_/X (sky130_fd_sc_hd__and3_1)
                                         _180_ (net)
                  0.07    0.00    2.90 v _252_/A1 (sky130_fd_sc_hd__o21a_1)
     3    0.01    0.05    0.21    3.12 v _252_/X (sky130_fd_sc_hd__o21a_1)
                                         _182_ (net)
                  0.05    0.00    3.12 v _284_/B1_N (sky130_fd_sc_hd__o21bai_4)
     2    0.00    0.05    0.17    3.29 v _284_/Y (sky130_fd_sc_hd__o21bai_4)
                                         _213_ (net)
                  0.05    0.00    3.29 v _285_/B (sky130_fd_sc_hd__and2_4)
     3    0.01    0.03    0.17    3.46 v _285_/X (sky130_fd_sc_hd__and2_4)
                                         _214_ (net)
                  0.03    0.00    3.46 v _291_/A1 (sky130_fd_sc_hd__o211a_1)
     1    0.00    0.04    0.22    3.68 v _291_/X (sky130_fd_sc_hd__o211a_1)
                                         _220_ (net)
                  0.04    0.00    3.68 v _292_/B1 (sky130_fd_sc_hd__o21ai_1)
     1    0.00    0.08    0.06    3.73 ^ _292_/Y (sky130_fd_sc_hd__o21ai_1)
                                         net22 (net)
                  0.08    0.00    3.73 ^ output22/A (sky130_fd_sc_hd__buf_2)
     1    0.03    0.17    0.22    3.95 ^ output22/X (sky130_fd_sc_hd__buf_2)
                                         out[2] (net)
                  0.17    0.00    3.95 ^ out[2] (out)
                                  3.95   data arrival time

                  0.00   10.00   10.00   clock __VIRTUAL_CLK__ (rise edge)
                          0.00   10.00   clock network delay (ideal)
                         -0.25    9.75   clock uncertainty
                          0.00    9.75   clock reconvergence pessimism
                         -2.00    7.75   output external delay
                                  7.75   data required time
-----------------------------------------------------------------------------
                                  7.75   data required time
                                 -3.95   data arrival time
-----------------------------------------------------------------------------
                                  3.80   slack (MET)


Startpoint: opcode[2] (input port clocked by __VIRTUAL_CLK__)
Endpoint: out[1] (output port clocked by __VIRTUAL_CLK__)
Path Group: __VIRTUAL_CLK__
Path Type: max

Fanout     Cap    Slew   Delay    Time   Description
-----------------------------------------------------------------------------
                  0.00    0.00    0.00   clock __VIRTUAL_CLK__ (rise edge)
                          0.00    0.00   clock network delay (ideal)
                          2.00    2.00 v input external delay
     1    0.00    0.01    0.00    2.00 v opcode[2] (in)
                                         opcode[2] (net)
                  0.01    0.00    2.00 v input19/A (sky130_fd_sc_hd__clkbuf_4)
     9    0.03    0.07    0.16    2.17 v input19/X (sky130_fd_sc_hd__clkbuf_4)
                                         net19 (net)
                  0.07    0.00    2.17 v _246_/A (sky130_fd_sc_hd__or3b_4)
     1    0.00    0.07    0.41    2.58 v _246_/X (sky130_fd_sc_hd__or3b_4)
                                         _176_ (net)
                  0.07    0.00    2.58 v _247_/A (sky130_fd_sc_hd__buf_6)
     8    0.02    0.04    0.15    2.73 v _247_/X (sky130_fd_sc_hd__buf_6)
                                         _177_ (net)
                  0.04    0.00    2.73 v _250_/A (sky130_fd_sc_hd__and3_1)
     2    0.01    0.07    0.18    2.90 v _250_/X (sky130_fd_sc_hd__and3_1)
                                         _180_ (net)
                  0.07    0.00    2.90 v _252_/A1 (sky130_fd_sc_hd__o21a_1)
     3    0.01    0.05    0.21    3.12 v _252_/X (sky130_fd_sc_hd__o21a_1)
                                         _182_ (net)
                  0.05    0.00    3.12 v _255_/A (sky130_fd_sc_hd__or3_1)
     1    0.00    0.06    0.37    3.49 v _255_/X (sky130_fd_sc_hd__or3_1)
                                         _185_ (net)
                  0.06    0.00    3.49 v _270_/A1 (sky130_fd_sc_hd__a31o_1)
     2    0.00    0.04    0.18    3.68 v _270_/X (sky130_fd_sc_hd__a31o_1)
                                         net21 (net)
                  0.04    0.00    3.68 v output21/A (sky130_fd_sc_hd__buf_2)
     1    0.03    0.09    0.18    3.86 v output21/X (sky130_fd_sc_hd__buf_2)
                                         out[1] (net)
                  0.09    0.00    3.86 v out[1] (out)
                                  3.86   data arrival time

                  0.00   10.00   10.00   clock __VIRTUAL_CLK__ (rise edge)
                          0.00   10.00   clock network delay (ideal)
                         -0.25    9.75   clock uncertainty
                          0.00    9.75   clock reconvergence pessimism
                         -2.00    7.75   output external delay
                                  7.75   data required time
-----------------------------------------------------------------------------
                                  7.75   data required time
                                 -3.86   data arrival time
-----------------------------------------------------------------------------
                                  3.89   slack (MET)


Startpoint: opcode[2] (input port clocked by __VIRTUAL_CLK__)
Endpoint: out[0] (output port clocked by __VIRTUAL_CLK__)
Path Group: __VIRTUAL_CLK__
Path Type: max

Fanout     Cap    Slew   Delay    Time   Description
-----------------------------------------------------------------------------
                  0.00    0.00    0.00   clock __VIRTUAL_CLK__ (rise edge)
                          0.00    0.00   clock network delay (ideal)
                          2.00    2.00 ^ input external delay
     1    0.00    0.02    0.01    2.01 ^ opcode[2] (in)
                                         opcode[2] (net)
                  0.02    0.00    2.01 ^ input19/A (sky130_fd_sc_hd__clkbuf_4)
     9    0.03    0.10    0.18    2.18 ^ input19/X (sky130_fd_sc_hd__clkbuf_4)
                                         net19 (net)
                  0.10    0.00    2.18 ^ _237_/A_N (sky130_fd_sc_hd__and3b_1)
     1    0.00    0.03    0.19    2.37 v _237_/X (sky130_fd_sc_hd__and3b_1)
                                         _168_ (net)
                  0.03    0.00    2.37 v _238_/A (sky130_fd_sc_hd__clkbuf_4)
     8    0.02    0.06    0.17    2.54 v _238_/X (sky130_fd_sc_hd__clkbuf_4)
                                         _169_ (net)
                  0.06    0.00    2.54 v _240_/B1 (sky130_fd_sc_hd__o22a_1)
     1    0.00    0.03    0.18    2.72 v _240_/X (sky130_fd_sc_hd__o22a_1)
                                         _171_ (net)
                  0.03    0.00    2.72 v _244_/A (sky130_fd_sc_hd__or3_1)
     1    0.00    0.06    0.37    3.08 v _244_/X (sky130_fd_sc_hd__or3_1)
                                         _175_ (net)
                  0.06    0.00    3.08 v _245_/A (sky130_fd_sc_hd__buf_1)
     1    0.00    0.02    0.09    3.18 v _245_/X (sky130_fd_sc_hd__buf_1)
                                         net20 (net)
                  0.02    0.00    3.18 v output20/A (sky130_fd_sc_hd__buf_2)
     1    0.03    0.09    0.18    3.35 v output20/X (sky130_fd_sc_hd__buf_2)
                                         out[0] (net)
                  0.09    0.00    3.35 v out[0] (out)
                                  3.35   data arrival time

                  0.00   10.00   10.00   clock __VIRTUAL_CLK__ (rise edge)
                          0.00   10.00   clock network delay (ideal)
                         -0.25    9.75   clock uncertainty
                          0.00    9.75   clock reconvergence pessimism
                         -2.00    7.75   output external delay
                                  7.75   data required time
-----------------------------------------------------------------------------
                                  7.75   data required time
                                 -3.35   data arrival time
-----------------------------------------------------------------------------
                                  4.40   slack (MET)



worst slack corner Typical: 2.9274
