
===========================================================================
 report_power
============================================================================
======================= Fastest Corner ===================================

Group                  Internal  Switching    Leakage      Total
                          Power      Power      Power      Power (Watts)
----------------------------------------------------------------
Sequential             0.00e+00   0.00e+00   0.00e+00   0.00e+00   0.0%
Combinational          1.07e-04   2.95e-04   3.53e-09   4.02e-04 100.0%
Clock                 -2.14e-10   0.00e+00   1.22e-09   1.00e-09   0.0%
Macro                  0.00e+00   0.00e+00   0.00e+00   0.00e+00   0.0%
Pad                    0.00e+00   0.00e+00   0.00e+00   0.00e+00   0.0%
----------------------------------------------------------------
Total                  1.07e-04   2.95e-04   4.75e-09   4.02e-04 100.0%
                          26.6%      73.4%       0.0%

======================= Slowest Corner ===================================

Group                  Internal  Switching    Leakage      Total
                          Power      Power      Power      Power (Watts)
----------------------------------------------------------------
Sequential             0.00e+00   0.00e+00   0.00e+00   0.00e+00   0.0%
Combinational          7.78e-05   1.98e-04   1.68e-06   2.77e-04 100.0%
Clock                 -9.62e-11   0.00e+00   1.22e-09   1.13e-09   0.0%
Macro                  0.00e+00   0.00e+00   0.00e+00   0.00e+00   0.0%
Pad                    0.00e+00   0.00e+00   0.00e+00   0.00e+00   0.0%
----------------------------------------------------------------
Total                  7.78e-05   1.98e-04   1.68e-06   2.78e-04 100.0%
                          28.0%      71.4%       0.6%

======================= Typical Corner ===================================

Group                  Internal  Switching    Leakage      Total
                          Power      Power      Power      Power (Watts)
----------------------------------------------------------------
Sequential             0.00e+00   0.00e+00   0.00e+00   0.00e+00   0.0%
Combinational          9.63e-05   2.51e-04   1.29e-09   3.47e-04 100.0%
Clock                 -8.15e-11   0.00e+00   1.22e-09   1.13e-09   0.0%
Macro                  0.00e+00   0.00e+00   0.00e+00   0.00e+00   0.0%
Pad                    0.00e+00   0.00e+00   0.00e+00   0.00e+00   0.0%
----------------------------------------------------------------
Total                  9.63e-05   2.51e-04   2.51e-09   3.47e-04 100.0%
                          27.7%      72.3%       0.0%

