
===========================================================================
report_checks -unconstrained
===========================================================================
======================= Fastest Corner ===================================

Startpoint: A[2] (input port clocked by __VIRTUAL_CLK__)
Endpoint: out[6] (output port clocked by __VIRTUAL_CLK__)
Path Group: __VIRTUAL_CLK__
Path Type: max
Corner: Fastest

Fanout     Cap    Slew   Delay    Time   Description
-----------------------------------------------------------------------------
                  0.00    0.00    0.00   clock __VIRTUAL_CLK__ (rise edge)
                          0.00    0.00   clock network delay (ideal)
                          2.00    2.00 ^ input external delay
     1    0.00    0.02    0.01    2.01 ^ A[2] (in)
                                         A[2] (net)
                  0.02    0.00    2.01 ^ input3/A (sky130_fd_sc_hd__clkbuf_4)
     6    0.07    0.15    0.18    2.18 ^ input3/X (sky130_fd_sc_hd__clkbuf_4)
                                         net3 (net)
                  0.15    0.00    2.19 ^ _275_/A (sky130_fd_sc_hd__buf_12)
    11    0.11    0.10    0.12    2.31 ^ _275_/X (sky130_fd_sc_hd__buf_12)
                                         _204_ (net)
                  0.10    0.01    2.32 ^ _411_/A (sky130_fd_sc_hd__and4_1)
     2    0.03    0.20    0.25    2.57 ^ _411_/X (sky130_fd_sc_hd__and4_1)
                                         _102_ (net)
                  0.20    0.00    2.58 ^ _412_/B (sky130_fd_sc_hd__nor2_2)
     2    0.03    0.08    0.08    2.66 v _412_/Y (sky130_fd_sc_hd__nor2_2)
                                         _103_ (net)
                  0.08    0.00    2.66 v _413_/B (sky130_fd_sc_hd__xnor2_2)
     2    0.01    0.17    0.17    2.83 ^ _413_/Y (sky130_fd_sc_hd__xnor2_2)
                                         _104_ (net)
                  0.17    0.00    2.83 ^ _414_/B1 (sky130_fd_sc_hd__a21o_1)
     2    0.05    0.31    0.26    3.09 ^ _414_/X (sky130_fd_sc_hd__a21o_1)
                                         _105_ (net)
                  0.31    0.01    3.10 ^ _417_/A (sky130_fd_sc_hd__nand3_2)
     3    0.05    0.21    0.21    3.31 v _417_/Y (sky130_fd_sc_hd__nand3_2)
                                         _108_ (net)
                  0.21    0.00    3.31 v _419_/B (sky130_fd_sc_hd__and3_4)
     3    0.03    0.05    0.22    3.54 v _419_/X (sky130_fd_sc_hd__and3_4)
                                         _110_ (net)
                  0.05    0.01    3.54 v _422_/A1 (sky130_fd_sc_hd__o211ai_2)
     2    0.03    0.28    0.27    3.81 ^ _422_/Y (sky130_fd_sc_hd__o211ai_2)
                                         _113_ (net)
                  0.28    0.00    3.81 ^ _423_/C (sky130_fd_sc_hd__and3b_1)
     2    0.03    0.24    0.28    4.09 ^ _423_/X (sky130_fd_sc_hd__and3b_1)
                                         _114_ (net)
                  0.24    0.00    4.09 ^ _425_/A_N (sky130_fd_sc_hd__and2b_1)
     2    0.02    0.08    0.18    4.27 v _425_/X (sky130_fd_sc_hd__and2b_1)
                                         _116_ (net)
                  0.08    0.00    4.27 v _427_/A2 (sky130_fd_sc_hd__o21a_1)
     1    0.03    0.09    0.19    4.47 v _427_/X (sky130_fd_sc_hd__o21a_1)
                                         _118_ (net)
                  0.09    0.00    4.47 v _432_/A1 (sky130_fd_sc_hd__a21oi_2)
     1    0.02    0.19    0.20    4.67 ^ _432_/Y (sky130_fd_sc_hd__a21oi_2)
                                         _123_ (net)
                  0.19    0.00    4.68 ^ _433_/B1 (sky130_fd_sc_hd__o21ai_2)
     1    0.02    0.08    0.07    4.75 v _433_/Y (sky130_fd_sc_hd__o21ai_2)
                                         net26 (net)
                  0.08    0.00    4.75 v output26/A (sky130_fd_sc_hd__buf_4)
     1    0.03    0.04    0.14    4.89 v output26/X (sky130_fd_sc_hd__buf_4)
                                         out[6] (net)
                  0.04    0.00    4.89 v out[6] (out)
                                  4.89   data arrival time

                  0.00   10.00   10.00   clock __VIRTUAL_CLK__ (rise edge)
                          0.00   10.00   clock network delay (ideal)
                         -0.25    9.75   clock uncertainty
                          0.00    9.75   clock reconvergence pessimism
                         -2.00    7.75   output external delay
                                  7.75   data required time
-----------------------------------------------------------------------------
                                  7.75   data required time
                                 -4.89   data arrival time
-----------------------------------------------------------------------------
                                  2.86   slack (MET)



======================= Slowest Corner ===================================

Startpoint: A[3] (input port clocked by __VIRTUAL_CLK__)
Endpoint: out[6] (output port clocked by __VIRTUAL_CLK__)
Path Group: __VIRTUAL_CLK__
Path Type: max
Corner: Slowest

Fanout     Cap    Slew   Delay    Time   Description
-----------------------------------------------------------------------------
                  0.00    0.00    0.00   clock __VIRTUAL_CLK__ (rise edge)
                          0.00    0.00   clock network delay (ideal)
                          2.00    2.00 ^ input external delay
     1    0.00    0.04    0.02    2.02 ^ A[3] (in)
                                         A[3] (net)
                  0.04    0.00    2.02 ^ input4/A (sky130_fd_sc_hd__clkbuf_4)
     6    0.07    0.35    0.46    2.48 ^ input4/X (sky130_fd_sc_hd__clkbuf_4)
                                         net4 (net)
                  0.35    0.01    2.49 ^ _296_/A (sky130_fd_sc_hd__buf_6)
    10    0.08    0.27    0.46    2.94 ^ _296_/X (sky130_fd_sc_hd__buf_6)
                                         _224_ (net)
                  0.27    0.01    2.95 ^ _410_/A1 (sky130_fd_sc_hd__a22oi_1)
     1    0.01    0.28    0.38    3.33 v _410_/Y (sky130_fd_sc_hd__a22oi_1)
                                         _101_ (net)
                  0.28    0.00    3.33 v _412_/A (sky130_fd_sc_hd__nor2_2)
     2    0.03    0.54    0.60    3.93 ^ _412_/Y (sky130_fd_sc_hd__nor2_2)
                                         _103_ (net)
                  0.54    0.00    3.93 ^ _413_/B (sky130_fd_sc_hd__xnor2_2)
     2    0.01    0.36    0.43    4.36 ^ _413_/Y (sky130_fd_sc_hd__xnor2_2)
                                         _104_ (net)
                  0.36    0.00    4.36 ^ _414_/B1 (sky130_fd_sc_hd__a21o_1)
     2    0.05    0.64    0.69    5.05 ^ _414_/X (sky130_fd_sc_hd__a21o_1)
                                         _105_ (net)
                  0.65    0.01    5.05 ^ _417_/A (sky130_fd_sc_hd__nand3_2)
     3    0.05    0.64    0.78    5.83 v _417_/Y (sky130_fd_sc_hd__nand3_2)
                                         _108_ (net)
                  0.64    0.01    5.84 v _420_/A1 (sky130_fd_sc_hd__a21oi_2)
     2    0.03    0.65    0.86    6.70 ^ _420_/Y (sky130_fd_sc_hd__a21oi_2)
                                         _111_ (net)
                  0.65    0.00    6.71 ^ _422_/A2 (sky130_fd_sc_hd__o211ai_2)
     2    0.03    0.42    0.60    7.30 v _422_/Y (sky130_fd_sc_hd__o211ai_2)
                                         _113_ (net)
                  0.42    0.00    7.31 v _423_/C (sky130_fd_sc_hd__and3b_1)
     2    0.03    0.30    0.78    8.09 v _423_/X (sky130_fd_sc_hd__and3b_1)
                                         _114_ (net)
                  0.30    0.00    8.09 v _425_/A_N (sky130_fd_sc_hd__and2b_1)
     2    0.02    0.33    0.71    8.80 ^ _425_/X (sky130_fd_sc_hd__and2b_1)
                                         _116_ (net)
                  0.33    0.00    8.80 ^ _426_/B (sky130_fd_sc_hd__nand2_1)
     1    0.02    0.41    0.48    9.28 v _426_/Y (sky130_fd_sc_hd__nand2_1)
                                         _117_ (net)
                  0.41    0.00    9.28 v _432_/A2 (sky130_fd_sc_hd__a21oi_2)
     1    0.02    0.41    0.59    9.87 ^ _432_/Y (sky130_fd_sc_hd__a21oi_2)
                                         _123_ (net)
                  0.41    0.00    9.88 ^ _433_/B1 (sky130_fd_sc_hd__o21ai_2)
     1    0.02    0.22    0.35   10.23 v _433_/Y (sky130_fd_sc_hd__o21ai_2)
                                         net26 (net)
                  0.22    0.00   10.23 v output26/A (sky130_fd_sc_hd__buf_4)
     1    0.03    0.10    0.39   10.62 v output26/X (sky130_fd_sc_hd__buf_4)
                                         out[6] (net)
                  0.10    0.00   10.62 v out[6] (out)
                                 10.62   data arrival time

                  0.00   10.00   10.00   clock __VIRTUAL_CLK__ (rise edge)
                          0.00   10.00   clock network delay (ideal)
                         -0.25    9.75   clock uncertainty
                          0.00    9.75   clock reconvergence pessimism
                         -2.00    7.75   output external delay
                                  7.75   data required time
-----------------------------------------------------------------------------
                                  7.75   data required time
                                -10.62   data arrival time
-----------------------------------------------------------------------------
                                 -2.87   slack (VIOLATED)



======================= Typical Corner ===================================

Startpoint: A[3] (input port clocked by __VIRTUAL_CLK__)
Endpoint: out[7] (output port clocked by __VIRTUAL_CLK__)
Path Group: __VIRTUAL_CLK__
Path Type: max
Corner: Typical

Fanout     Cap    Slew   Delay    Time   Description
-----------------------------------------------------------------------------
                  0.00    0.00    0.00   clock __VIRTUAL_CLK__ (rise edge)
                          0.00    0.00   clock network delay (ideal)
                          2.00    2.00 ^ input external delay
     1    0.00    0.02    0.01    2.01 ^ A[3] (in)
                                         A[3] (net)
                  0.02    0.00    2.01 ^ input4/A (sky130_fd_sc_hd__clkbuf_4)
     6    0.07    0.22    0.26    2.28 ^ input4/X (sky130_fd_sc_hd__clkbuf_4)
                                         net4 (net)
                  0.22    0.01    2.29 ^ _296_/A (sky130_fd_sc_hd__buf_6)
    10    0.08    0.17    0.24    2.53 ^ _296_/X (sky130_fd_sc_hd__buf_6)
                                         _224_ (net)
                  0.17    0.01    2.54 ^ _410_/A1 (sky130_fd_sc_hd__a22oi_1)
     1    0.01    0.13    0.17    2.71 v _410_/Y (sky130_fd_sc_hd__a22oi_1)
                                         _101_ (net)
                  0.13    0.00    2.72 v _412_/A (sky130_fd_sc_hd__nor2_2)
     2    0.03    0.33    0.34    3.06 ^ _412_/Y (sky130_fd_sc_hd__nor2_2)
                                         _103_ (net)
                  0.33    0.00    3.06 ^ _455_/A3 (sky130_fd_sc_hd__a31o_1)
     1    0.02    0.15    0.29    3.35 ^ _455_/X (sky130_fd_sc_hd__a31o_1)
                                         _145_ (net)
                  0.15    0.00    3.35 ^ _456_/B (sky130_fd_sc_hd__xor2_1)
     1    0.02    0.38    0.38    3.72 ^ _456_/X (sky130_fd_sc_hd__xor2_1)
                                         _146_ (net)
                  0.38    0.00    3.72 ^ _464_/A (sky130_fd_sc_hd__xnor2_1)
     1    0.01    0.12    0.19    3.91 v _464_/Y (sky130_fd_sc_hd__xnor2_1)
                                         _154_ (net)
                  0.12    0.00    3.91 v _465_/B (sky130_fd_sc_hd__xnor2_2)
     1    0.04    0.53    0.47    4.38 ^ _465_/Y (sky130_fd_sc_hd__xnor2_2)
                                         _155_ (net)
                  0.53    0.01    4.39 ^ _466_/B (sky130_fd_sc_hd__xor2_2)
     1    0.03    0.22    0.28    4.67 v _466_/X (sky130_fd_sc_hd__xor2_2)
                                         _156_ (net)
                  0.22    0.00    4.67 v _467_/B (sky130_fd_sc_hd__xnor2_1)
     1    0.03    0.61    0.59    5.26 ^ _467_/Y (sky130_fd_sc_hd__xnor2_1)
                                         _157_ (net)
                  0.61    0.00    5.26 ^ _468_/B (sky130_fd_sc_hd__xnor2_2)
     2    0.02    0.16    0.21    5.47 v _468_/Y (sky130_fd_sc_hd__xnor2_2)
                                         _158_ (net)
                  0.16    0.00    5.47 v _470_/A1 (sky130_fd_sc_hd__o21a_1)
     1    0.03    0.14    0.33    5.80 v _470_/X (sky130_fd_sc_hd__o21a_1)
                                         _160_ (net)
                  0.14    0.00    5.81 v _474_/A2 (sky130_fd_sc_hd__a21o_1)
     1    0.03    0.13    0.32    6.12 v _474_/X (sky130_fd_sc_hd__a21o_1)
                                         _164_ (net)
                  0.13    0.00    6.12 v _475_/B1 (sky130_fd_sc_hd__a21o_1)
     1    0.02    0.09    0.25    6.37 v _475_/X (sky130_fd_sc_hd__a21o_1)
                                         net27 (net)
                  0.09    0.00    6.38 v output27/A (sky130_fd_sc_hd__buf_6)
     1    0.03    0.04    0.16    6.54 v output27/X (sky130_fd_sc_hd__buf_6)
                                         out[7] (net)
                  0.04    0.00    6.54 v out[7] (out)
                                  6.54   data arrival time

                  0.00   10.00   10.00   clock __VIRTUAL_CLK__ (rise edge)
                          0.00   10.00   clock network delay (ideal)
                         -0.25    9.75   clock uncertainty
                          0.00    9.75   clock reconvergence pessimism
                         -2.00    7.75   output external delay
                                  7.75   data required time
-----------------------------------------------------------------------------
                                  7.75   data required time
                                 -6.54   data arrival time
-----------------------------------------------------------------------------
                                  1.21   slack (MET)




===========================================================================
report_checks --slack_max -0.01
============================================================================
======================= Fastest Corner ===================================

No paths found.

======================= Slowest Corner ===================================

Startpoint: A[3] (input port clocked by __VIRTUAL_CLK__)
Endpoint: out[6] (output port clocked by __VIRTUAL_CLK__)
Path Group: __VIRTUAL_CLK__
Path Type: max
Corner: Slowest

Fanout     Cap    Slew   Delay    Time   Description
-----------------------------------------------------------------------------
                  0.00    0.00    0.00   clock __VIRTUAL_CLK__ (rise edge)
                          0.00    0.00   clock network delay (ideal)
                          2.00    2.00 ^ input external delay
     1    0.00    0.04    0.02    2.02 ^ A[3] (in)
                                         A[3] (net)
                  0.04    0.00    2.02 ^ input4/A (sky130_fd_sc_hd__clkbuf_4)
     6    0.07    0.35    0.46    2.48 ^ input4/X (sky130_fd_sc_hd__clkbuf_4)
                                         net4 (net)
                  0.35    0.01    2.49 ^ _296_/A (sky130_fd_sc_hd__buf_6)
    10    0.08    0.27    0.46    2.94 ^ _296_/X (sky130_fd_sc_hd__buf_6)
                                         _224_ (net)
                  0.27    0.01    2.95 ^ _410_/A1 (sky130_fd_sc_hd__a22oi_1)
     1    0.01    0.28    0.38    3.33 v _410_/Y (sky130_fd_sc_hd__a22oi_1)
                                         _101_ (net)
                  0.28    0.00    3.33 v _412_/A (sky130_fd_sc_hd__nor2_2)
     2    0.03    0.54    0.60    3.93 ^ _412_/Y (sky130_fd_sc_hd__nor2_2)
                                         _103_ (net)
                  0.54    0.00    3.93 ^ _413_/B (sky130_fd_sc_hd__xnor2_2)
     2    0.01    0.36    0.43    4.36 ^ _413_/Y (sky130_fd_sc_hd__xnor2_2)
                                         _104_ (net)
                  0.36    0.00    4.36 ^ _414_/B1 (sky130_fd_sc_hd__a21o_1)
     2    0.05    0.64    0.69    5.05 ^ _414_/X (sky130_fd_sc_hd__a21o_1)
                                         _105_ (net)
                  0.65    0.01    5.05 ^ _417_/A (sky130_fd_sc_hd__nand3_2)
     3    0.05    0.64    0.78    5.83 v _417_/Y (sky130_fd_sc_hd__nand3_2)
                                         _108_ (net)
                  0.64    0.01    5.84 v _420_/A1 (sky130_fd_sc_hd__a21oi_2)
     2    0.03    0.65    0.86    6.70 ^ _420_/Y (sky130_fd_sc_hd__a21oi_2)
                                         _111_ (net)
                  0.65    0.00    6.71 ^ _422_/A2 (sky130_fd_sc_hd__o211ai_2)
     2    0.03    0.42    0.60    7.30 v _422_/Y (sky130_fd_sc_hd__o211ai_2)
                                         _113_ (net)
                  0.42    0.00    7.31 v _423_/C (sky130_fd_sc_hd__and3b_1)
     2    0.03    0.30    0.78    8.09 v _423_/X (sky130_fd_sc_hd__and3b_1)
                                         _114_ (net)
                  0.30    0.00    8.09 v _425_/A_N (sky130_fd_sc_hd__and2b_1)
     2    0.02    0.33    0.71    8.80 ^ _425_/X (sky130_fd_sc_hd__and2b_1)
                                         _116_ (net)
                  0.33    0.00    8.80 ^ _426_/B (sky130_fd_sc_hd__nand2_1)
     1    0.02    0.41    0.48    9.28 v _426_/Y (sky130_fd_sc_hd__nand2_1)
                                         _117_ (net)
                  0.41    0.00    9.28 v _432_/A2 (sky130_fd_sc_hd__a21oi_2)
     1    0.02    0.41    0.59    9.87 ^ _432_/Y (sky130_fd_sc_hd__a21oi_2)
                                         _123_ (net)
                  0.41    0.00    9.88 ^ _433_/B1 (sky130_fd_sc_hd__o21ai_2)
     1    0.02    0.22    0.35   10.23 v _433_/Y (sky130_fd_sc_hd__o21ai_2)
                                         net26 (net)
                  0.22    0.00   10.23 v output26/A (sky130_fd_sc_hd__buf_4)
     1    0.03    0.10    0.39   10.62 v output26/X (sky130_fd_sc_hd__buf_4)
                                         out[6] (net)
                  0.10    0.00   10.62 v out[6] (out)
                                 10.62   data arrival time

                  0.00   10.00   10.00   clock __VIRTUAL_CLK__ (rise edge)
                          0.00   10.00   clock network delay (ideal)
                         -0.25    9.75   clock uncertainty
                          0.00    9.75   clock reconvergence pessimism
                         -2.00    7.75   output external delay
                                  7.75   data required time
-----------------------------------------------------------------------------
                                  7.75   data required time
                                -10.62   data arrival time
-----------------------------------------------------------------------------
                                 -2.87   slack (VIOLATED)



======================= Typical Corner ===================================

No paths found.


===========================================================================
 report_check_types -max_slew -max_cap -max_fanout -violators
============================================================================
======================= Fastest Corner ===================================

max fanout

Pin                                   Limit Fanout  Slack
---------------------------------------------------------
_275_/X                                  10     11        (VIOLATED)


max slew violations count Fastest: 0
max fanout violations count Fastest: 1
max cap violations count Fastest: 0
======================= Slowest Corner ===================================

max slew

Pin                                    Limit    Slew   Slack
------------------------------------------------------------
_475_/A1                                0.75    1.05   -0.30 (VIOLATED)
_286_/B1                                0.75    1.05   -0.30 (VIOLATED)
_353_/A1                                0.75    1.05   -0.30 (VIOLATED)
_390_/A1                                0.75    1.05   -0.30 (VIOLATED)
_270_/A2                                0.75    1.05   -0.30 (VIOLATED)
_315_/B1                                0.75    1.05   -0.30 (VIOLATED)
_256_/Y                                 0.75    1.05   -0.30 (VIOLATED)
_468_/B                                 0.75    0.99   -0.24 (VIOLATED)
_467_/Y                                 0.75    0.99   -0.24 (VIOLATED)
_320_/A2                                0.75    0.98   -0.23 (VIOLATED)
_315_/Y                                 0.75    0.98   -0.23 (VIOLATED)
_346_/B                                 0.75    0.93   -0.18 (VIOLATED)
_345_/Y                                 0.75    0.93   -0.18 (VIOLATED)
_299_/A                                 0.75    0.89   -0.14 (VIOLATED)
_298_/Y                                 0.75    0.89   -0.14 (VIOLATED)
_466_/B                                 0.75    0.83   -0.08 (VIOLATED)
_465_/Y                                 0.75    0.83   -0.08 (VIOLATED)
_398_/A3                                0.75    0.83   -0.08 (VIOLATED)
_397_/B1                                0.75    0.83   -0.08 (VIOLATED)
_396_/Y                                 0.75    0.83   -0.08 (VIOLATED)
_253_/B                                 0.75    0.82   -0.07 (VIOLATED)
_252_/A2                                0.75    0.82   -0.07 (VIOLATED)
_249_/Y                                 0.75    0.82   -0.07 (VIOLATED)
_451_/D                                 0.75    0.78   -0.03 (VIOLATED)
_452_/B2                                0.75    0.78   -0.03 (VIOLATED)
_450_/Y                                 0.75    0.78   -0.03 (VIOLATED)
_313_/B                                 0.75    0.77   -0.02 (VIOLATED)
_312_/Y                                 0.75    0.77   -0.02 (VIOLATED)
_383_/B                                 0.75    0.77   -0.02 (VIOLATED)
_384_/A                                 0.75    0.77   -0.02 (VIOLATED)
_382_/Y                                 0.75    0.77   -0.02 (VIOLATED)
_306_/A                                 0.75    0.76   -0.01 (VIOLATED)
_377_/A2                                0.75    0.76   -0.01 (VIOLATED)
_305_/B                                 0.75    0.76   -0.01 (VIOLATED)
_304_/Y                                 0.75    0.76   -0.01 (VIOLATED)
_326_/B                                 0.75    0.76   -0.01 (VIOLATED)
_327_/B                                 0.75    0.76   -0.01 (VIOLATED)
_325_/Y                                 0.75    0.76   -0.01 (VIOLATED)
_443_/A                                 0.75    0.76   -0.01 (VIOLATED)
_442_/X                                 0.75    0.76   -0.01 (VIOLATED)

max fanout

Pin                                   Limit Fanout  Slack
---------------------------------------------------------
_275_/X                                  10     11        (VIOLATED)


max slew violations count Slowest: 40
max fanout violations count Slowest: 1
max cap violations count Slowest: 0
======================= Typical Corner ===================================

max fanout

Pin                                   Limit Fanout  Slack
---------------------------------------------------------
_275_/X                                  10     11        (VIOLATED)


max slew violations count Typical: 0
max fanout violations count Typical: 1
max cap violations count Typical: 0

===========================================================================
report_parasitic_annotation -report_unannotated
============================================================================
Found 0 unannotated drivers.
Found 0 partially unannotated drivers.

===========================================================================
max slew violation count 40
max fanout violation count 1
max cap violation count 0
============================================================================

===========================================================================
check_setup -verbose -unconstrained_endpoints -multiple_clock -no_clock -no_input_delay -loops -generated_clocks
===========================================================================
