
===========================================================================
report_checks -path_delay min (Hold)
============================================================================
======================= Typical Corner ===================================

Startpoint: opcode[1] (input port clocked by __VIRTUAL_CLK__)
Endpoint: out[6] (output port clocked by __VIRTUAL_CLK__)
Path Group: __VIRTUAL_CLK__
Path Type: min

Fanout     Cap    Slew   Delay    Time   Description
-----------------------------------------------------------------------------
                  0.00    0.00    0.00   clock __VIRTUAL_CLK__ (rise edge)
                          0.00    0.00   clock network delay (ideal)
                          2.00    2.00 ^ input external delay
    10    0.02    0.11    0.07    2.07 ^ opcode[1] (in)
                                         opcode[1] (net)
                  0.11    0.00    2.07 ^ _398_/B1 (sky130_fd_sc_hd__a311o_2)
     1    0.00    0.04    0.12    2.19 ^ _398_/X (sky130_fd_sc_hd__a311o_2)
                                         _089_ (net)
                  0.04    0.00    2.19 ^ _433_/A2 (sky130_fd_sc_hd__o21ai_2)
     1    0.03    0.14    0.12    2.31 v _433_/Y (sky130_fd_sc_hd__o21ai_2)
                                         out[6] (net)
                  0.14    0.00    2.31 v out[6] (out)
                                  2.31   data arrival time

                  0.00    0.00    0.00   clock __VIRTUAL_CLK__ (rise edge)
                          0.00    0.00   clock network delay (ideal)
                          0.25    0.25   clock uncertainty
                          0.00    0.25   clock reconvergence pessimism
                         -2.00   -1.75   output external delay
                                 -1.75   data required time
-----------------------------------------------------------------------------
                                 -1.75   data required time
                                 -2.31   data arrival time
-----------------------------------------------------------------------------
                                  4.06   slack (MET)


Startpoint: opcode[1] (input port clocked by __VIRTUAL_CLK__)
Endpoint: out[7] (output port clocked by __VIRTUAL_CLK__)
Path Group: __VIRTUAL_CLK__
Path Type: min

Fanout     Cap    Slew   Delay    Time   Description
-----------------------------------------------------------------------------
                  0.00    0.00    0.00   clock __VIRTUAL_CLK__ (rise edge)
                          0.00    0.00   clock network delay (ideal)
                          2.00    2.00 ^ input external delay
    10    0.02    0.11    0.07    2.07 ^ opcode[1] (in)
                                         opcode[1] (net)
                  0.11    0.00    2.07 ^ _256_/B (sky130_fd_sc_hd__nor2_2)
     6    0.02    0.06    0.08    2.15 v _256_/Y (sky130_fd_sc_hd__nor2_2)
                                         _186_ (net)
                  0.06    0.00    2.15 v _475_/A1 (sky130_fd_sc_hd__a21o_2)
     1    0.03    0.10    0.25    2.40 v _475_/X (sky130_fd_sc_hd__a21o_2)
                                         out[7] (net)
                  0.10    0.00    2.40 v out[7] (out)
                                  2.40   data arrival time

                  0.00    0.00    0.00   clock __VIRTUAL_CLK__ (rise edge)
                          0.00    0.00   clock network delay (ideal)
                          0.25    0.25   clock uncertainty
                          0.00    0.25   clock reconvergence pessimism
                         -2.00   -1.75   output external delay
                                 -1.75   data required time
-----------------------------------------------------------------------------
                                 -1.75   data required time
                                 -2.40   data arrival time
-----------------------------------------------------------------------------
                                  4.15   slack (MET)


Startpoint: opcode[0] (input port clocked by __VIRTUAL_CLK__)
Endpoint: out[5] (output port clocked by __VIRTUAL_CLK__)
Path Group: __VIRTUAL_CLK__
Path Type: min

Fanout     Cap    Slew   Delay    Time   Description
-----------------------------------------------------------------------------
                  0.00    0.00    0.00   clock __VIRTUAL_CLK__ (rise edge)
                          0.00    0.00   clock network delay (ideal)
                          2.00    2.00 v input external delay
     8    0.02    0.05    0.03    2.03 v opcode[0] (in)
                                         opcode[0] (net)
                  0.05    0.00    2.03 v _242_/B (sky130_fd_sc_hd__nand3b_2)
     8    0.03    0.17    0.16    2.19 ^ _242_/Y (sky130_fd_sc_hd__nand3b_2)
                                         _173_ (net)
                  0.17    0.00    2.19 ^ _391_/A2 (sky130_fd_sc_hd__o211ai_2)
     1    0.03    0.21    0.21    2.40 v _391_/Y (sky130_fd_sc_hd__o211ai_2)
                                         out[5] (net)
                  0.21    0.00    2.40 v out[5] (out)
                                  2.40   data arrival time

                  0.00    0.00    0.00   clock __VIRTUAL_CLK__ (rise edge)
                          0.00    0.00   clock network delay (ideal)
                          0.25    0.25   clock uncertainty
                          0.00    0.25   clock reconvergence pessimism
                         -2.00   -1.75   output external delay
                                 -1.75   data required time
-----------------------------------------------------------------------------
                                 -1.75   data required time
                                 -2.40   data arrival time
-----------------------------------------------------------------------------
                                  4.15   slack (MET)


Startpoint: opcode[1] (input port clocked by __VIRTUAL_CLK__)
Endpoint: out[4] (output port clocked by __VIRTUAL_CLK__)
Path Group: __VIRTUAL_CLK__
Path Type: min

Fanout     Cap    Slew   Delay    Time   Description
-----------------------------------------------------------------------------
                  0.00    0.00    0.00   clock __VIRTUAL_CLK__ (rise edge)
                          0.00    0.00   clock network delay (ideal)
                          2.00    2.00 ^ input external delay
    10    0.02    0.11    0.07    2.07 ^ opcode[1] (in)
                                         opcode[1] (net)
                  0.11    0.00    2.07 ^ _256_/B (sky130_fd_sc_hd__nor2_2)
     6    0.02    0.06    0.08    2.15 v _256_/Y (sky130_fd_sc_hd__nor2_2)
                                         _186_ (net)
                  0.06    0.00    2.15 v _353_/A1 (sky130_fd_sc_hd__a31o_2)
     1    0.03    0.10    0.27    2.41 v _353_/X (sky130_fd_sc_hd__a31o_2)
                                         out[4] (net)
                  0.10    0.00    2.41 v out[4] (out)
                                  2.41   data arrival time

                  0.00    0.00    0.00   clock __VIRTUAL_CLK__ (rise edge)
                          0.00    0.00   clock network delay (ideal)
                          0.25    0.25   clock uncertainty
                          0.00    0.25   clock reconvergence pessimism
                         -2.00   -1.75   output external delay
                                 -1.75   data required time
-----------------------------------------------------------------------------
                                 -1.75   data required time
                                 -2.41   data arrival time
-----------------------------------------------------------------------------
                                  4.16   slack (MET)


Startpoint: opcode[1] (input port clocked by __VIRTUAL_CLK__)
Endpoint: out[2] (output port clocked by __VIRTUAL_CLK__)
Path Group: __VIRTUAL_CLK__
Path Type: min

Fanout     Cap    Slew   Delay    Time   Description
-----------------------------------------------------------------------------
                  0.00    0.00    0.00   clock __VIRTUAL_CLK__ (rise edge)
                          0.00    0.00   clock network delay (ideal)
                          2.00    2.00 v input external delay
    10    0.02    0.05    0.03    2.03 v opcode[1] (in)
                                         opcode[1] (net)
                  0.05    0.00    2.03 v _266_/B (sky130_fd_sc_hd__and3b_2)
     7    0.02    0.07    0.22    2.25 v _266_/X (sky130_fd_sc_hd__and3b_2)
                                         _196_ (net)
                  0.07    0.00    2.25 v _280_/B1 (sky130_fd_sc_hd__o21ai_2)
     1    0.00    0.05    0.06    2.31 ^ _280_/Y (sky130_fd_sc_hd__o21ai_2)
                                         _209_ (net)
                  0.05    0.00    2.31 ^ _292_/A2 (sky130_fd_sc_hd__o21ai_2)
     1    0.03    0.14    0.12    2.44 v _292_/Y (sky130_fd_sc_hd__o21ai_2)
                                         out[2] (net)
                  0.14    0.00    2.44 v out[2] (out)
                                  2.44   data arrival time

                  0.00    0.00    0.00   clock __VIRTUAL_CLK__ (rise edge)
                          0.00    0.00   clock network delay (ideal)
                          0.25    0.25   clock uncertainty
                          0.00    0.25   clock reconvergence pessimism
                         -2.00   -1.75   output external delay
                                 -1.75   data required time
-----------------------------------------------------------------------------
                                 -1.75   data required time
                                 -2.44   data arrival time
-----------------------------------------------------------------------------
                                  4.19   slack (MET)


Startpoint: opcode[1] (input port clocked by __VIRTUAL_CLK__)
Endpoint: out[1] (output port clocked by __VIRTUAL_CLK__)
Path Group: __VIRTUAL_CLK__
Path Type: min

Fanout     Cap    Slew   Delay    Time   Description
-----------------------------------------------------------------------------
                  0.00    0.00    0.00   clock __VIRTUAL_CLK__ (rise edge)
                          0.00    0.00   clock network delay (ideal)
                          2.00    2.00 ^ input external delay
    10    0.02    0.11    0.07    2.07 ^ opcode[1] (in)
                                         opcode[1] (net)
                  0.11    0.00    2.07 ^ _256_/B (sky130_fd_sc_hd__nor2_2)
     6    0.02    0.06    0.08    2.15 v _256_/Y (sky130_fd_sc_hd__nor2_2)
                                         _186_ (net)
                  0.06    0.00    2.15 v _270_/A2 (sky130_fd_sc_hd__a31o_2)
     1    0.03    0.10    0.30    2.45 v _270_/X (sky130_fd_sc_hd__a31o_2)
                                         out[1] (net)
                  0.10    0.00    2.45 v out[1] (out)
                                  2.45   data arrival time

                  0.00    0.00    0.00   clock __VIRTUAL_CLK__ (rise edge)
                          0.00    0.00   clock network delay (ideal)
                          0.25    0.25   clock uncertainty
                          0.00    0.25   clock reconvergence pessimism
                         -2.00   -1.75   output external delay
                                 -1.75   data required time
-----------------------------------------------------------------------------
                                 -1.75   data required time
                                 -2.45   data arrival time
-----------------------------------------------------------------------------
                                  4.20   slack (MET)


Startpoint: opcode[1] (input port clocked by __VIRTUAL_CLK__)
Endpoint: out[3] (output port clocked by __VIRTUAL_CLK__)
Path Group: __VIRTUAL_CLK__
Path Type: min

Fanout     Cap    Slew   Delay    Time   Description
-----------------------------------------------------------------------------
                  0.00    0.00    0.00   clock __VIRTUAL_CLK__ (rise edge)
                          0.00    0.00   clock network delay (ideal)
                          2.00    2.00 v input external delay
    10    0.02    0.05    0.03    2.03 v opcode[1] (in)
                                         opcode[1] (net)
                  0.05    0.00    2.03 v _266_/B (sky130_fd_sc_hd__and3b_2)
     7    0.02    0.07    0.22    2.25 v _266_/X (sky130_fd_sc_hd__and3b_2)
                                         _196_ (net)
                  0.07    0.00    2.25 v _321_/A1 (sky130_fd_sc_hd__a31o_2)
     1    0.03    0.10    0.27    2.52 v _321_/X (sky130_fd_sc_hd__a31o_2)
                                         out[3] (net)
                  0.10    0.00    2.52 v out[3] (out)
                                  2.52   data arrival time

                  0.00    0.00    0.00   clock __VIRTUAL_CLK__ (rise edge)
                          0.00    0.00   clock network delay (ideal)
                          0.25    0.25   clock uncertainty
                          0.00    0.25   clock reconvergence pessimism
                         -2.00   -1.75   output external delay
                                 -1.75   data required time
-----------------------------------------------------------------------------
                                 -1.75   data required time
                                 -2.52   data arrival time
-----------------------------------------------------------------------------
                                  4.27   slack (MET)


Startpoint: opcode[1] (input port clocked by __VIRTUAL_CLK__)
Endpoint: out[0] (output port clocked by __VIRTUAL_CLK__)
Path Group: __VIRTUAL_CLK__
Path Type: min

Fanout     Cap    Slew   Delay    Time   Description
-----------------------------------------------------------------------------
                  0.00    0.00    0.00   clock __VIRTUAL_CLK__ (rise edge)
                          0.00    0.00   clock network delay (ideal)
                          2.00    2.00 ^ input external delay
    10    0.02    0.11    0.07    2.07 ^ opcode[1] (in)
                                         opcode[1] (net)
                  0.11    0.00    2.07 ^ _241_/B (sky130_fd_sc_hd__and4b_2)
     1    0.00    0.05    0.20    2.27 ^ _241_/X (sky130_fd_sc_hd__and4b_2)
                                         _172_ (net)
                  0.05    0.00    2.27 ^ _244_/B (sky130_fd_sc_hd__or3_2)
     1    0.00    0.03    0.09    2.36 ^ _244_/X (sky130_fd_sc_hd__or3_2)
                                         _175_ (net)
                  0.03    0.00    2.36 ^ _245_/A (sky130_fd_sc_hd__buf_1)
     1    0.03    0.40    0.30    2.66 ^ _245_/X (sky130_fd_sc_hd__buf_1)
                                         out[0] (net)
                  0.40    0.00    2.66 ^ out[0] (out)
                                  2.66   data arrival time

                  0.00    0.00    0.00   clock __VIRTUAL_CLK__ (rise edge)
                          0.00    0.00   clock network delay (ideal)
                          0.25    0.25   clock uncertainty
                          0.00    0.25   clock reconvergence pessimism
                         -2.00   -1.75   output external delay
                                 -1.75   data required time
-----------------------------------------------------------------------------
                                 -1.75   data required time
                                 -2.66   data arrival time
-----------------------------------------------------------------------------
                                  4.41   slack (MET)



worst slack corner Typical: 4.0622
