OpenROAD b16bda7e82721d10566ff7e2b68f1ff0be9f9e38 
Features included (+) or not (-): +Charts +GPU +GUI +Python
This program is licensed under the BSD-3 license. See the LICENSE file for details.
Components of this program may be licensed under more restrictive licenses which must be honored.
[INFO ODB-0227] LEF file: /openlane/designs/project2/runs/RUN_2025.04.21_19.44.13/tmp/merged.nom.lef, created 13 layers, 25 vias, 441 library cells
[INFO ODB-0127] Reading DEF file: /openlane/designs/project2/runs/RUN_2025.04.21_19.44.13/results/routing/project2.def
[INFO ODB-0128] Design: project2
[INFO ODB-0130]     Created 29 pins.
[INFO ODB-0131]     Created 1400 components and 6307 component-terminals.
[INFO ODB-0132]     Created 2 special nets and 5306 connections.
[INFO ODB-0133]     Created 301 nets and 1001 connections.
[INFO ODB-0134] Finished DEF file: /openlane/designs/project2/runs/RUN_2025.04.21_19.44.13/results/routing/project2.def
define_corners Typical
read_liberty -corner Typical /home/pinarizmir/.volare/sky130A/libs.ref/sky130_fd_sc_hd/lib/sky130_fd_sc_hd__tt_025C_1v80.lib
Using 1e-12 for capacitance...
Using 1e+03 for resistance...
Using 1e-09 for time...
Using 1e+00 for voltage...
Using 1e-03 for current...
Using 1e-09 for power...
Using 1e-06 for distance...
Using RCX ruleset '/home/pinarizmir/.volare/sky130A/libs.tech/openlane/rules.openrcx.sky130A.nom.calibre'...
[INFO RCX-0431] Defined process_corner X with ext_model_index 0
[INFO RCX-0029] Defined extraction corner X
[INFO RCX-0008] extracting parasitics of project2 ...
[INFO RCX-0435] Reading extraction model file /home/pinarizmir/.volare/sky130A/libs.tech/openlane/rules.openrcx.sky130A.nom.calibre ...
[INFO RCX-0436] RC segment generation project2 (max_merge_res 50.0) ...
[INFO RCX-0040] Final 1530 rc segments
[INFO RCX-0439] Coupling Cap extraction project2 ...
[INFO RCX-0440] Coupling threshhold is 0.1000 fF, coupling capacitance less than 0.1000 fF will be grounded.
[INFO RCX-0043] 4237 wires to be extracted
[INFO RCX-0442] 55% completion -- 2359 wires have been extracted
[INFO RCX-0442] 100% completion -- 4237 wires have been extracted
[INFO RCX-0045] Extract 301 nets, 1831 rsegs, 1831 caps, 5354 ccs
[INFO RCX-0015] Finished extracting project2.
Writing result to /openlane/designs/project2/runs/RUN_2025.04.21_19.44.13/results/routing/mca/process_corner_nom/project2.spef...
Setting global connections for newly added cells…
[WARNING] Did not save OpenROAD database!
Writing extracted parasitics to '/openlane/designs/project2/runs/RUN_2025.04.21_19.44.13/results/routing/mca/process_corner_nom/project2.spef'…
[INFO RCX-0016] Writing SPEF ...
[INFO RCX-0443] 301 nets finished
[INFO RCX-0017] Finished writing SPEF ...
