OpenROAD b16bda7e82721d10566ff7e2b68f1ff0be9f9e38 
Features included (+) or not (-): +Charts +GPU +GUI +Python
This program is licensed under the BSD-3 license. See the LICENSE file for details.
Components of this program may be licensed under more restrictive licenses which must be honored.
define_corners Typical
read_liberty -corner Typical /home/pinarizmir/.volare/sky130A/libs.ref/sky130_fd_sc_hd/lib/sky130_fd_sc_hd__tt_025C_1v80.lib
Using 1e-12 for capacitance...
Using 1e+03 for resistance...
Using 1e-09 for time...
Using 1e+00 for voltage...
Using 1e-03 for current...
Using 1e-09 for power...
Using 1e-06 for distance...
[INFO]: Reading ODB at '/openlane/designs/project2/runs/RUN_2025.04.21_19.44.13/results/routing/project2.odb'…
Reading design constraints file at '/openlane/scripts/base.sdc'…
[INFO]: Setting output delay to: 2.0
[INFO]: Setting input delay to: 2.0
[WARNING STA-0366] port '__VIRTUAL_CLK__' not found.
[INFO]: Setting load to: 0.033442
[INFO]: Setting clock uncertainty to: 0.25
[INFO]: Setting clock transition to: 0.15
[WARNING STA-0419] transition time can not be specified for virtual clocks.
[INFO]: Setting timing derate to: 5.0 %
Net: _159_
  Pin: _474_/A1 (sky130_fd_sc_hd__a21o_1)
    Layer: met4
      Partial area ratio:   53.94
      Required ratio:    0.00 (Gate area) 
      Partial area ratio:  289.62
      Required ratio: 2886.20 (Side area) 
      Cumulative area ratio:  137.84
      Required ratio:    0.00 (Cumulative area) 
      Cumulative area ratio:  739.34
      Required ratio:    0.00 (Cumulative side area) 

    Layer: met3
      Partial area ratio:   83.72
      Required ratio:    0.00 (Gate area) 
      Partial area ratio:  448.45
      Required ratio:  400.00 (Side area) (VIOLATED)
      Cumulative area ratio:   83.90
      Required ratio:    0.00 (Cumulative area) 
      Cumulative area ratio:  449.73
      Required ratio:    0.00 (Cumulative side area) 

    Layer: met2
      Partial area ratio:    0.18
      Required ratio:    0.00 (Gate area) 
      Partial area ratio:    1.27
      Required ratio:  400.00 (Side area) 
      Cumulative area ratio:    0.18
      Required ratio:    0.00 (Cumulative area) 
      Cumulative area ratio:    1.27
      Required ratio:    0.00 (Cumulative side area) 

    Layer: met1
      Partial area ratio:    0.00
      Required ratio:    0.00 (Gate area) 
      Partial area ratio:    0.00
      Required ratio:  400.00 (Side area) 
      Cumulative area ratio:    0.00
      Required ratio:    0.00 (Cumulative area) 
      Cumulative area ratio:    0.00
      Required ratio:    0.00 (Cumulative side area) 

    Layer: li1
      Partial area ratio:    0.00
      Required ratio:    0.00 (Gate area) 
      Partial area ratio:    0.00
      Required ratio:   75.00 (Side area) 
      Cumulative area ratio:    0.00
      Required ratio:    0.00 (Cumulative area) 
      Cumulative area ratio:    0.00
      Required ratio:    0.00 (Cumulative side area) 

    Via: M3M4_PR
      Partial area ratio:    0.16
      Required ratio:    6.00 (Gate area) 
      Cumulative area ratio:    0.53
      Required ratio:    0.00 (Cumulative area) 

    Via: M2M3_PR
      Partial area ratio:    0.16
      Required ratio:    6.00 (Gate area) 
      Cumulative area ratio:    0.37
      Required ratio:    0.00 (Cumulative area) 

    Via: M1M2_PR
      Partial area ratio:    0.09
      Required ratio:    6.00 (Gate area) 
      Cumulative area ratio:    0.21
      Required ratio:    0.00 (Cumulative area) 

    Via: L1M1_PR_MR
      Partial area ratio:    0.12
      Required ratio:    3.00 (Gate area) 
      Cumulative area ratio:    0.12
      Required ratio:    0.00 (Cumulative area) 


Net: _188_
  Pin: _264_/B1 (sky130_fd_sc_hd__a2bb2o_1)
    Layer: met4
      Partial area ratio:   28.88
      Required ratio:    0.00 (Gate area) 
      Partial area ratio:  156.62
      Required ratio: 2857.40 (Side area) 
      Cumulative area ratio:  143.79
      Required ratio:    0.00 (Cumulative area) 
      Cumulative area ratio:  771.27
      Required ratio:    0.00 (Cumulative side area) 

    Layer: met3
      Partial area ratio:  102.02
      Required ratio:    0.00 (Gate area) 
      Partial area ratio:  547.94
      Required ratio:  400.00 (Side area) (VIOLATED)
      Cumulative area ratio:  114.90
      Required ratio:    0.00 (Cumulative area) 
      Cumulative area ratio:  614.66
      Required ratio:    0.00 (Cumulative side area) 

    Layer: met2
      Partial area ratio:    2.61
      Required ratio:    0.00 (Gate area) 
      Partial area ratio:   13.83
      Required ratio:  400.00 (Side area) 
      Cumulative area ratio:   12.88
      Required ratio:    0.00 (Cumulative area) 
      Cumulative area ratio:   66.72
      Required ratio:    0.00 (Cumulative side area) 

    Layer: met1
      Partial area ratio:   10.27
      Required ratio:    0.00 (Gate area) 
      Partial area ratio:   52.89
      Required ratio:  400.00 (Side area) 
      Cumulative area ratio:   10.27
      Required ratio:    0.00 (Cumulative area) 
      Cumulative area ratio:   52.89
      Required ratio:    0.00 (Cumulative side area) 

    Layer: li1
      Partial area ratio:    0.00
      Required ratio:    0.00 (Gate area) 
      Partial area ratio:    0.00
      Required ratio:   75.00 (Side area) 
      Cumulative area ratio:    0.00
      Required ratio:    0.00 (Cumulative area) 
      Cumulative area ratio:    0.00
      Required ratio:    0.00 (Cumulative side area) 

    Via: M3M4_PR
      Partial area ratio:    0.32
      Required ratio:    6.00 (Gate area) 
      Cumulative area ratio:    1.04
      Required ratio:    0.00 (Cumulative area) 

    Via: M2M3_PR
      Partial area ratio:    0.32
      Required ratio:    6.00 (Gate area) 
      Cumulative area ratio:    0.73
      Required ratio:    0.00 (Cumulative area) 

    Via: M1M2_PR
      Partial area ratio:    0.18
      Required ratio:    6.00 (Gate area) 
      Cumulative area ratio:    0.41
      Required ratio:    0.00 (Cumulative area) 

    Via: L1M1_PR_MR
      Partial area ratio:    0.23
      Required ratio:    3.00 (Gate area) 
      Cumulative area ratio:    0.23
      Required ratio:    0.00 (Cumulative area) 

  Pin: _276_/B1 (sky130_fd_sc_hd__a21oi_1)
    Layer: met4
      Partial area ratio:   28.88
      Required ratio:    0.00 (Gate area) 
      Partial area ratio:  156.62
      Required ratio: 2857.40 (Side area) 
      Cumulative area ratio:   35.84
      Required ratio:    0.00 (Cumulative area) 
      Cumulative area ratio:  196.01
      Required ratio:    0.00 (Cumulative side area) 

    Layer: met3
      Partial area ratio:    5.66
      Required ratio:    0.00 (Gate area) 
      Partial area ratio:   32.13
      Required ratio:  400.00 (Side area) 
      Cumulative area ratio:    6.96
      Required ratio:    0.00 (Cumulative area) 
      Cumulative area ratio:   39.40
      Required ratio:    0.00 (Cumulative side area) 

    Layer: met2
      Partial area ratio:    0.18
      Required ratio:    0.00 (Gate area) 
      Partial area ratio:    1.27
      Required ratio:  400.00 (Side area) 
      Cumulative area ratio:    1.30
      Required ratio:    0.00 (Cumulative area) 
      Cumulative area ratio:    7.27
      Required ratio:    0.00 (Cumulative side area) 

    Layer: met1
      Partial area ratio:    1.12
      Required ratio:    0.00 (Gate area) 
      Partial area ratio:    6.00
      Required ratio:  400.00 (Side area) 
      Cumulative area ratio:    1.12
      Required ratio:    0.00 (Cumulative area) 
      Cumulative area ratio:    6.00
      Required ratio:    0.00 (Cumulative side area) 

    Layer: li1
      Partial area ratio:    0.00
      Required ratio:    0.00 (Gate area) 
      Partial area ratio:    0.00
      Required ratio:   75.00 (Side area) 
      Cumulative area ratio:    0.00
      Required ratio:    0.00 (Cumulative area) 
      Cumulative area ratio:    0.00
      Required ratio:    0.00 (Cumulative side area) 

    Via: M3M4_PR
      Partial area ratio:    0.16
      Required ratio:    6.00 (Gate area) 
      Cumulative area ratio:    0.53
      Required ratio:    0.00 (Cumulative area) 

    Via: M2M3_PR
      Partial area ratio:    0.16
      Required ratio:    6.00 (Gate area) 
      Cumulative area ratio:    0.37
      Required ratio:    0.00 (Cumulative area) 

    Via: M1M2_PR
      Partial area ratio:    0.09
      Required ratio:    6.00 (Gate area) 
      Cumulative area ratio:    0.21
      Required ratio:    0.00 (Cumulative area) 

    Via: L1M1_PR_MR
      Partial area ratio:    0.12
      Required ratio:    3.00 (Gate area) 
      Cumulative area ratio:    0.12
      Required ratio:    0.00 (Cumulative area) 

  Pin: _265_/C (sky130_fd_sc_hd__and3_1)
    Layer: met4
      Partial area ratio:   28.88
      Required ratio:    0.00 (Gate area) 
      Partial area ratio:  156.62
      Required ratio: 2857.40 (Side area) 
      Cumulative area ratio:   80.16
      Required ratio:    0.00 (Cumulative area) 
      Cumulative area ratio:  427.40
      Required ratio:    0.00 (Cumulative side area) 

    Layer: met3
      Partial area ratio:   30.78
      Required ratio:    0.00 (Gate area) 
      Partial area ratio:  166.73
      Required ratio:  400.00 (Side area) 
      Cumulative area ratio:   51.28
      Required ratio:    0.00 (Cumulative area) 
      Cumulative area ratio:  270.78
      Required ratio:    0.00 (Cumulative side area) 

    Layer: met2
      Partial area ratio:   18.48
      Required ratio:    0.00 (Gate area) 
      Partial area ratio:   93.17
      Required ratio:  400.00 (Side area) 
      Cumulative area ratio:   20.50
      Required ratio:    0.00 (Cumulative area) 
      Cumulative area ratio:  104.06
      Required ratio:    0.00 (Cumulative side area) 

    Layer: met1
      Partial area ratio:    2.02
      Required ratio:    0.00 (Gate area) 
      Partial area ratio:   10.89
      Required ratio:  400.00 (Side area) 
      Cumulative area ratio:    2.02
      Required ratio:    0.00 (Cumulative area) 
      Cumulative area ratio:   10.89
      Required ratio:    0.00 (Cumulative side area) 

    Layer: li1
      Partial area ratio:    0.00
      Required ratio:    0.00 (Gate area) 
      Partial area ratio:    0.00
      Required ratio:   75.00 (Side area) 
      Cumulative area ratio:    0.00
      Required ratio:    0.00 (Cumulative area) 
      Cumulative area ratio:    0.00
      Required ratio:    0.00 (Cumulative side area) 

    Via: M3M4_PR
      Partial area ratio:    0.11
      Required ratio:    6.00 (Gate area) 
      Cumulative area ratio:    0.83
      Required ratio:    0.00 (Cumulative area) 

    Via: M2M3_PR
      Partial area ratio:    0.32
      Required ratio:    6.00 (Gate area) 
      Cumulative area ratio:    0.73
      Required ratio:    0.00 (Cumulative area) 

    Via: M1M2_PR
      Partial area ratio:    0.18
      Required ratio:    6.00 (Gate area) 
      Cumulative area ratio:    0.41
      Required ratio:    0.00 (Cumulative area) 

    Via: L1M1_PR_MR
      Partial area ratio:    0.23
      Required ratio:    3.00 (Gate area) 
      Cumulative area ratio:    0.23
      Required ratio:    0.00 (Cumulative area) 

  Pin: _261_/A (sky130_fd_sc_hd__nor2_1)
    Layer: met4
      Partial area ratio:   28.88
      Required ratio:    0.00 (Gate area) 
      Partial area ratio:  156.62
      Required ratio: 2857.40 (Side area) 
      Cumulative area ratio:   65.08
      Required ratio:    0.00 (Cumulative area) 
      Cumulative area ratio:  351.20
      Required ratio:    0.00 (Cumulative side area) 

    Layer: met3
      Partial area ratio:   30.78
      Required ratio:    0.00 (Gate area) 
      Partial area ratio:  166.73
      Required ratio:  400.00 (Side area) 
      Cumulative area ratio:   36.19
      Required ratio:    0.00 (Cumulative area) 
      Cumulative area ratio:  194.58
      Required ratio:    0.00 (Cumulative side area) 

    Layer: met2
      Partial area ratio:    3.25
      Required ratio:    0.00 (Gate area) 
      Partial area ratio:   16.66
      Required ratio:  400.00 (Side area) 
      Cumulative area ratio:    5.41
      Required ratio:    0.00 (Cumulative area) 
      Cumulative area ratio:   27.86
      Required ratio:    0.00 (Cumulative side area) 

    Layer: met1
      Partial area ratio:    2.16
      Required ratio:    0.00 (Gate area) 
      Partial area ratio:   11.20
      Required ratio:  400.00 (Side area) 
      Cumulative area ratio:    2.16
      Required ratio:    0.00 (Cumulative area) 
      Cumulative area ratio:   11.20
      Required ratio:    0.00 (Cumulative side area) 

    Layer: li1
      Partial area ratio:    0.00
      Required ratio:    0.00 (Gate area) 
      Partial area ratio:    0.00
      Required ratio:   75.00 (Side area) 
      Cumulative area ratio:    0.00
      Required ratio:    0.00 (Cumulative area) 
      Cumulative area ratio:    0.00
      Required ratio:    0.00 (Cumulative side area) 

    Via: M3M4_PR
      Partial area ratio:    0.11
      Required ratio:    6.00 (Gate area) 
      Cumulative area ratio:    0.48
      Required ratio:    0.00 (Cumulative area) 

    Via: M2M3_PR
      Partial area ratio:    0.16
      Required ratio:    6.00 (Gate area) 
      Cumulative area ratio:    0.37
      Required ratio:    0.00 (Cumulative area) 

    Via: M1M2_PR
      Partial area ratio:    0.09
      Required ratio:    6.00 (Gate area) 
      Cumulative area ratio:    0.21
      Required ratio:    0.00 (Cumulative area) 

    Via: L1M1_PR_MR
      Partial area ratio:    0.12
      Required ratio:    3.00 (Gate area) 
      Cumulative area ratio:    0.12
      Required ratio:    0.00 (Cumulative area) 


[INFO ANT-0002] Found 2 net violations.
[INFO ANT-0001] Found 2 pin violations.
