
===========================================================================
report_checks -path_delay max (Setup)
============================================================================
======================= Typical Corner ===================================

Startpoint: B[0] (input port clocked by __VIRTUAL_CLK__)
Endpoint: out[7] (output port clocked by __VIRTUAL_CLK__)
Path Group: __VIRTUAL_CLK__
Path Type: max

Fanout     Cap    Slew   Delay    Time   Description
-----------------------------------------------------------------------------
                  0.00    0.00    0.00   clock __VIRTUAL_CLK__ (rise edge)
                          0.00    0.00   clock network delay (ideal)
                          2.00    2.00 v input external delay
     1    0.00    0.01    0.00    2.00 v B[0] (in)
                                         B[0] (net)
                  0.01    0.00    2.00 v input9/A (sky130_fd_sc_hd__clkbuf_2)
     5    0.02    0.09    0.15    2.15 v input9/X (sky130_fd_sc_hd__clkbuf_2)
                                         net9 (net)
                  0.09    0.00    2.15 v _234_/A (sky130_fd_sc_hd__buf_4)
    10    0.06    0.08    0.22    2.37 v _234_/X (sky130_fd_sc_hd__buf_4)
                                         _165_ (net)
                  0.08    0.00    2.38 v _336_/B2 (sky130_fd_sc_hd__a22o_2)
     3    0.02    0.08    0.30    2.68 v _336_/X (sky130_fd_sc_hd__a22o_2)
                                         _029_ (net)
                  0.08    0.00    2.68 v _365_/A2 (sky130_fd_sc_hd__a21bo_1)
     2    0.01    0.07    0.25    2.93 v _365_/X (sky130_fd_sc_hd__a21bo_1)
                                         _057_ (net)
                  0.07    0.00    2.93 v _367_/B1 (sky130_fd_sc_hd__a21o_2)
     3    0.02    0.08    0.26    3.19 v _367_/X (sky130_fd_sc_hd__a21o_2)
                                         _059_ (net)
                  0.08    0.00    3.19 v _416_/A2 (sky130_fd_sc_hd__a21bo_1)
     2    0.02    0.09    0.26    3.45 v _416_/X (sky130_fd_sc_hd__a21bo_1)
                                         _107_ (net)
                  0.09    0.00    3.45 v _418_/B1 (sky130_fd_sc_hd__a21o_1)
     2    0.01    0.07    0.22    3.67 v _418_/X (sky130_fd_sc_hd__a21o_1)
                                         _109_ (net)
                  0.07    0.00    3.67 v _419_/C (sky130_fd_sc_hd__and3_1)
     3    0.02    0.09    0.25    3.92 v _419_/X (sky130_fd_sc_hd__and3_1)
                                         _110_ (net)
                  0.09    0.00    3.92 v _421_/B1 (sky130_fd_sc_hd__a211o_2)
     3    0.02    0.09    0.40    4.32 v _421_/X (sky130_fd_sc_hd__a211o_2)
                                         _112_ (net)
                  0.09    0.00    4.32 v _424_/A1 (sky130_fd_sc_hd__a21bo_1)
     2    0.01    0.07    0.23    4.55 v _424_/X (sky130_fd_sc_hd__a21bo_1)
                                         _115_ (net)
                  0.07    0.00    4.55 v _441_/A2 (sky130_fd_sc_hd__a21o_1)
     2    0.01    0.06    0.22    4.78 v _441_/X (sky130_fd_sc_hd__a21o_1)
                                         _131_ (net)
                  0.06    0.00    4.78 v _470_/A1 (sky130_fd_sc_hd__o21a_1)
     1    0.01    0.07    0.24    5.01 v _470_/X (sky130_fd_sc_hd__o21a_1)
                                         _160_ (net)
                  0.07    0.00    5.01 v _474_/A2 (sky130_fd_sc_hd__a21o_1)
     1    0.01    0.07    0.23    5.25 v _474_/X (sky130_fd_sc_hd__a21o_1)
                                         _164_ (net)
                  0.07    0.00    5.25 v _475_/B1 (sky130_fd_sc_hd__a21o_1)
     1    0.01    0.05    0.18    5.43 v _475_/X (sky130_fd_sc_hd__a21o_1)
                                         net27 (net)
                  0.05    0.00    5.43 v output27/A (sky130_fd_sc_hd__buf_2)
     1    0.03    0.09    0.19    5.62 v output27/X (sky130_fd_sc_hd__buf_2)
                                         out[7] (net)
                  0.09    0.00    5.62 v out[7] (out)
                                  5.62   data arrival time

                  0.00   10.00   10.00   clock __VIRTUAL_CLK__ (rise edge)
                          0.00   10.00   clock network delay (ideal)
                         -0.25    9.75   clock uncertainty
                          0.00    9.75   clock reconvergence pessimism
                         -2.00    7.75   output external delay
                                  7.75   data required time
-----------------------------------------------------------------------------
                                  7.75   data required time
                                 -5.62   data arrival time
-----------------------------------------------------------------------------
                                  2.13   slack (MET)


Startpoint: B[0] (input port clocked by __VIRTUAL_CLK__)
Endpoint: out[6] (output port clocked by __VIRTUAL_CLK__)
Path Group: __VIRTUAL_CLK__
Path Type: max

Fanout     Cap    Slew   Delay    Time   Description
-----------------------------------------------------------------------------
                  0.00    0.00    0.00   clock __VIRTUAL_CLK__ (rise edge)
                          0.00    0.00   clock network delay (ideal)
                          2.00    2.00 v input external delay
     1    0.00    0.01    0.00    2.00 v B[0] (in)
                                         B[0] (net)
                  0.01    0.00    2.00 v input9/A (sky130_fd_sc_hd__clkbuf_2)
     5    0.02    0.09    0.15    2.15 v input9/X (sky130_fd_sc_hd__clkbuf_2)
                                         net9 (net)
                  0.09    0.00    2.15 v _234_/A (sky130_fd_sc_hd__buf_4)
    10    0.06    0.08    0.22    2.37 v _234_/X (sky130_fd_sc_hd__buf_4)
                                         _165_ (net)
                  0.08    0.00    2.38 v _336_/B2 (sky130_fd_sc_hd__a22o_2)
     3    0.02    0.08    0.30    2.68 v _336_/X (sky130_fd_sc_hd__a22o_2)
                                         _029_ (net)
                  0.08    0.00    2.68 v _365_/A2 (sky130_fd_sc_hd__a21bo_1)
     2    0.01    0.07    0.25    2.93 v _365_/X (sky130_fd_sc_hd__a21bo_1)
                                         _057_ (net)
                  0.07    0.00    2.93 v _367_/B1 (sky130_fd_sc_hd__a21o_2)
     3    0.02    0.08    0.26    3.19 v _367_/X (sky130_fd_sc_hd__a21o_2)
                                         _059_ (net)
                  0.08    0.00    3.19 v _416_/A2 (sky130_fd_sc_hd__a21bo_1)
     2    0.02    0.09    0.26    3.45 v _416_/X (sky130_fd_sc_hd__a21bo_1)
                                         _107_ (net)
                  0.09    0.00    3.45 v _418_/B1 (sky130_fd_sc_hd__a21o_1)
     2    0.01    0.07    0.22    3.67 v _418_/X (sky130_fd_sc_hd__a21o_1)
                                         _109_ (net)
                  0.07    0.00    3.67 v _419_/C (sky130_fd_sc_hd__and3_1)
     3    0.02    0.09    0.25    3.92 v _419_/X (sky130_fd_sc_hd__and3_1)
                                         _110_ (net)
                  0.09    0.00    3.92 v _421_/B1 (sky130_fd_sc_hd__a211o_2)
     3    0.02    0.09    0.40    4.32 v _421_/X (sky130_fd_sc_hd__a211o_2)
                                         _112_ (net)
                  0.09    0.00    4.32 v _424_/A1 (sky130_fd_sc_hd__a21bo_1)
     2    0.01    0.07    0.23    4.55 v _424_/X (sky130_fd_sc_hd__a21bo_1)
                                         _115_ (net)
                  0.07    0.00    4.55 v _425_/B (sky130_fd_sc_hd__and2b_1)
     2    0.01    0.07    0.21    4.76 v _425_/X (sky130_fd_sc_hd__and2b_1)
                                         _116_ (net)
                  0.07    0.00    4.76 v _427_/A2 (sky130_fd_sc_hd__o21a_1)
     1    0.01    0.07    0.22    4.98 v _427_/X (sky130_fd_sc_hd__o21a_1)
                                         _118_ (net)
                  0.07    0.00    4.98 v _432_/A2 (sky130_fd_sc_hd__a21oi_1)
     1    0.01    0.19    0.22    5.20 ^ _432_/Y (sky130_fd_sc_hd__a21oi_1)
                                         _123_ (net)
                  0.19    0.00    5.20 ^ _433_/B1 (sky130_fd_sc_hd__o21ai_1)
     1    0.01    0.10    0.14    5.35 v _433_/Y (sky130_fd_sc_hd__o21ai_1)
                                         net26 (net)
                  0.10    0.00    5.35 v output26/A (sky130_fd_sc_hd__buf_2)
     1    0.03    0.09    0.21    5.56 v output26/X (sky130_fd_sc_hd__buf_2)
                                         out[6] (net)
                  0.09    0.00    5.56 v out[6] (out)
                                  5.56   data arrival time

                  0.00   10.00   10.00   clock __VIRTUAL_CLK__ (rise edge)
                          0.00   10.00   clock network delay (ideal)
                         -0.25    9.75   clock uncertainty
                          0.00    9.75   clock reconvergence pessimism
                         -2.00    7.75   output external delay
                                  7.75   data required time
-----------------------------------------------------------------------------
                                  7.75   data required time
                                 -5.56   data arrival time
-----------------------------------------------------------------------------
                                  2.19   slack (MET)


Startpoint: B[0] (input port clocked by __VIRTUAL_CLK__)
Endpoint: out[5] (output port clocked by __VIRTUAL_CLK__)
Path Group: __VIRTUAL_CLK__
Path Type: max

Fanout     Cap    Slew   Delay    Time   Description
-----------------------------------------------------------------------------
                  0.00    0.00    0.00   clock __VIRTUAL_CLK__ (rise edge)
                          0.00    0.00   clock network delay (ideal)
                          2.00    2.00 v input external delay
     1    0.00    0.01    0.00    2.00 v B[0] (in)
                                         B[0] (net)
                  0.01    0.00    2.00 v input9/A (sky130_fd_sc_hd__clkbuf_2)
     5    0.02    0.09    0.15    2.15 v input9/X (sky130_fd_sc_hd__clkbuf_2)
                                         net9 (net)
                  0.09    0.00    2.15 v _234_/A (sky130_fd_sc_hd__buf_4)
    10    0.06    0.08    0.22    2.37 v _234_/X (sky130_fd_sc_hd__buf_4)
                                         _165_ (net)
                  0.08    0.00    2.38 v _336_/B2 (sky130_fd_sc_hd__a22o_2)
     3    0.02    0.08    0.30    2.68 v _336_/X (sky130_fd_sc_hd__a22o_2)
                                         _029_ (net)
                  0.08    0.00    2.68 v _365_/A2 (sky130_fd_sc_hd__a21bo_1)
     2    0.01    0.07    0.25    2.93 v _365_/X (sky130_fd_sc_hd__a21bo_1)
                                         _057_ (net)
                  0.07    0.00    2.93 v _367_/B1 (sky130_fd_sc_hd__a21o_2)
     3    0.02    0.08    0.26    3.19 v _367_/X (sky130_fd_sc_hd__a21o_2)
                                         _059_ (net)
                  0.08    0.00    3.19 v _369_/A2 (sky130_fd_sc_hd__a21o_1)
     2    0.02    0.10    0.26    3.45 v _369_/X (sky130_fd_sc_hd__a21o_1)
                                         _061_ (net)
                  0.10    0.00    3.45 v _372_/A2 (sky130_fd_sc_hd__a21o_1)
     2    0.02    0.10    0.27    3.71 v _372_/X (sky130_fd_sc_hd__a21o_1)
                                         _064_ (net)
                  0.10    0.00    3.71 v _373_/A2 (sky130_fd_sc_hd__a21o_1)
     2    0.02    0.10    0.27    3.99 v _373_/X (sky130_fd_sc_hd__a21o_1)
                                         _065_ (net)
                  0.10    0.00    3.99 v _376_/A1 (sky130_fd_sc_hd__a21o_1)
     2    0.01    0.07    0.22    4.21 v _376_/X (sky130_fd_sc_hd__a21o_1)
                                         _068_ (net)
                  0.07    0.00    4.21 v _378_/D (sky130_fd_sc_hd__and4b_2)
     4    0.02    0.08    0.31    4.52 v _378_/X (sky130_fd_sc_hd__and4b_2)
                                         _070_ (net)
                  0.08    0.00    4.52 v _379_/B (sky130_fd_sc_hd__or3b_2)
     1    0.01    0.11    0.53    5.05 v _379_/X (sky130_fd_sc_hd__or3b_2)
                                         _071_ (net)
                  0.11    0.00    5.05 v _391_/B1 (sky130_fd_sc_hd__o211ai_2)
     1    0.01    0.19    0.13    5.17 ^ _391_/Y (sky130_fd_sc_hd__o211ai_2)
                                         net25 (net)
                  0.19    0.00    5.17 ^ output25/A (sky130_fd_sc_hd__buf_2)
     1    0.03    0.17    0.26    5.43 ^ output25/X (sky130_fd_sc_hd__buf_2)
                                         out[5] (net)
                  0.17    0.00    5.43 ^ out[5] (out)
                                  5.43   data arrival time

                  0.00   10.00   10.00   clock __VIRTUAL_CLK__ (rise edge)
                          0.00   10.00   clock network delay (ideal)
                         -0.25    9.75   clock uncertainty
                          0.00    9.75   clock reconvergence pessimism
                         -2.00    7.75   output external delay
                                  7.75   data required time
-----------------------------------------------------------------------------
                                  7.75   data required time
                                 -5.43   data arrival time
-----------------------------------------------------------------------------
                                  2.32   slack (MET)


Startpoint: B[0] (input port clocked by __VIRTUAL_CLK__)
Endpoint: out[4] (output port clocked by __VIRTUAL_CLK__)
Path Group: __VIRTUAL_CLK__
Path Type: max

Fanout     Cap    Slew   Delay    Time   Description
-----------------------------------------------------------------------------
                  0.00    0.00    0.00   clock __VIRTUAL_CLK__ (rise edge)
                          0.00    0.00   clock network delay (ideal)
                          2.00    2.00 v input external delay
     1    0.00    0.01    0.00    2.00 v B[0] (in)
                                         B[0] (net)
                  0.01    0.00    2.00 v input9/A (sky130_fd_sc_hd__clkbuf_2)
     5    0.02    0.09    0.15    2.15 v input9/X (sky130_fd_sc_hd__clkbuf_2)
                                         net9 (net)
                  0.09    0.00    2.15 v _234_/A (sky130_fd_sc_hd__buf_4)
    10    0.06    0.08    0.22    2.37 v _234_/X (sky130_fd_sc_hd__buf_4)
                                         _165_ (net)
                  0.08    0.00    2.38 v _273_/B2 (sky130_fd_sc_hd__a22o_1)
     1    0.01    0.07    0.25    2.63 v _273_/X (sky130_fd_sc_hd__a22o_1)
                                         _202_ (net)
                  0.07    0.00    2.63 v _274_/D (sky130_fd_sc_hd__and4b_2)
     2    0.02    0.08    0.31    2.94 v _274_/X (sky130_fd_sc_hd__and4b_2)
                                         _203_ (net)
                  0.08    0.00    2.94 v _300_/B (sky130_fd_sc_hd__nor2_2)
     2    0.02    0.23    0.22    3.16 ^ _300_/Y (sky130_fd_sc_hd__nor2_2)
                                         _228_ (net)
                  0.23    0.00    3.16 ^ _301_/B (sky130_fd_sc_hd__xnor2_2)
     2    0.01    0.10    0.13    3.30 v _301_/Y (sky130_fd_sc_hd__xnor2_2)
                                         _229_ (net)
                  0.10    0.00    3.30 v _302_/C (sky130_fd_sc_hd__and3_2)
     3    0.02    0.08    0.30    3.59 v _302_/X (sky130_fd_sc_hd__and3_2)
                                         _230_ (net)
                  0.08    0.00    3.59 v _344_/A2 (sky130_fd_sc_hd__o21a_2)
     3    0.03    0.09    0.28    3.88 v _344_/X (sky130_fd_sc_hd__o21a_2)
                                         _037_ (net)
                  0.09    0.00    3.88 v _346_/A (sky130_fd_sc_hd__nor2_2)
     3    0.02    0.24    0.26    4.13 ^ _346_/Y (sky130_fd_sc_hd__nor2_2)
                                         _039_ (net)
                  0.24    0.00    4.13 ^ _347_/B (sky130_fd_sc_hd__xnor2_1)
     1    0.01    0.08    0.14    4.27 v _347_/Y (sky130_fd_sc_hd__xnor2_1)
                                         _040_ (net)
                  0.08    0.00    4.27 v _352_/A2 (sky130_fd_sc_hd__a211o_1)
     1    0.00    0.06    0.32    4.59 v _352_/X (sky130_fd_sc_hd__a211o_1)
                                         _045_ (net)
                  0.06    0.00    4.59 v _353_/B1 (sky130_fd_sc_hd__a31o_1)
     1    0.00    0.05    0.20    4.80 v _353_/X (sky130_fd_sc_hd__a31o_1)
                                         net24 (net)
                  0.05    0.00    4.80 v output24/A (sky130_fd_sc_hd__buf_2)
     1    0.03    0.09    0.19    4.99 v output24/X (sky130_fd_sc_hd__buf_2)
                                         out[4] (net)
                  0.09    0.00    4.99 v out[4] (out)
                                  4.99   data arrival time

                  0.00   10.00   10.00   clock __VIRTUAL_CLK__ (rise edge)
                          0.00   10.00   clock network delay (ideal)
                         -0.25    9.75   clock uncertainty
                          0.00    9.75   clock reconvergence pessimism
                         -2.00    7.75   output external delay
                                  7.75   data required time
-----------------------------------------------------------------------------
                                  7.75   data required time
                                 -4.99   data arrival time
-----------------------------------------------------------------------------
                                  2.76   slack (MET)


Startpoint: opcode[2] (input port clocked by __VIRTUAL_CLK__)
Endpoint: out[3] (output port clocked by __VIRTUAL_CLK__)
Path Group: __VIRTUAL_CLK__
Path Type: max

Fanout     Cap    Slew   Delay    Time   Description
-----------------------------------------------------------------------------
                  0.00    0.00    0.00   clock __VIRTUAL_CLK__ (rise edge)
                          0.00    0.00   clock network delay (ideal)
                          2.00    2.00 v input external delay
     1    0.00    0.01    0.00    2.00 v opcode[2] (in)
                                         opcode[2] (net)
                  0.01    0.00    2.00 v input19/A (sky130_fd_sc_hd__clkbuf_4)
     9    0.04    0.10    0.19    2.19 v input19/X (sky130_fd_sc_hd__clkbuf_4)
                                         net19 (net)
                  0.10    0.00    2.20 v _246_/A (sky130_fd_sc_hd__or3b_1)
     1    0.01    0.09    0.45    2.64 v _246_/X (sky130_fd_sc_hd__or3b_1)
                                         _176_ (net)
                  0.09    0.00    2.64 v _247_/A (sky130_fd_sc_hd__buf_2)
     8    0.03    0.08    0.20    2.85 v _247_/X (sky130_fd_sc_hd__buf_2)
                                         _177_ (net)
                  0.08    0.00    2.85 v _250_/C (sky130_fd_sc_hd__and3_1)
     2    0.01    0.07    0.24    3.08 v _250_/X (sky130_fd_sc_hd__and3_1)
                                         _180_ (net)
                  0.07    0.00    3.08 v _252_/A2 (sky130_fd_sc_hd__o21a_1)
     3    0.01    0.08    0.23    3.31 v _252_/X (sky130_fd_sc_hd__o21a_1)
                                         _182_ (net)
                  0.08    0.00    3.31 v _284_/B1_N (sky130_fd_sc_hd__o21bai_2)
     2    0.01    0.10    0.23    3.54 v _284_/Y (sky130_fd_sc_hd__o21bai_2)
                                         _213_ (net)
                  0.10    0.00    3.55 v _285_/B (sky130_fd_sc_hd__and2_1)
     3    0.01    0.09    0.24    3.78 v _285_/X (sky130_fd_sc_hd__and2_1)
                                         _214_ (net)
                  0.09    0.00    3.78 v _315_/A2 (sky130_fd_sc_hd__o31ai_1)
     1    0.01    0.31    0.34    4.12 ^ _315_/Y (sky130_fd_sc_hd__o31ai_1)
                                         _009_ (net)
                  0.31    0.00    4.12 ^ _320_/A2 (sky130_fd_sc_hd__o21ai_1)
     1    0.00    0.07    0.11    4.24 v _320_/Y (sky130_fd_sc_hd__o21ai_1)
                                         _014_ (net)
                  0.07    0.00    4.24 v _321_/B1 (sky130_fd_sc_hd__a31o_1)
     1    0.01    0.05    0.22    4.45 v _321_/X (sky130_fd_sc_hd__a31o_1)
                                         net23 (net)
                  0.05    0.00    4.46 v output23/A (sky130_fd_sc_hd__buf_2)
     1    0.03    0.09    0.19    4.65 v output23/X (sky130_fd_sc_hd__buf_2)
                                         out[3] (net)
                  0.09    0.00    4.65 v out[3] (out)
                                  4.65   data arrival time

                  0.00   10.00   10.00   clock __VIRTUAL_CLK__ (rise edge)
                          0.00   10.00   clock network delay (ideal)
                         -0.25    9.75   clock uncertainty
                          0.00    9.75   clock reconvergence pessimism
                         -2.00    7.75   output external delay
                                  7.75   data required time
-----------------------------------------------------------------------------
                                  7.75   data required time
                                 -4.65   data arrival time
-----------------------------------------------------------------------------
                                  3.10   slack (MET)


Startpoint: opcode[2] (input port clocked by __VIRTUAL_CLK__)
Endpoint: out[2] (output port clocked by __VIRTUAL_CLK__)
Path Group: __VIRTUAL_CLK__
Path Type: max

Fanout     Cap    Slew   Delay    Time   Description
-----------------------------------------------------------------------------
                  0.00    0.00    0.00   clock __VIRTUAL_CLK__ (rise edge)
                          0.00    0.00   clock network delay (ideal)
                          2.00    2.00 v input external delay
     1    0.00    0.01    0.00    2.00 v opcode[2] (in)
                                         opcode[2] (net)
                  0.01    0.00    2.00 v input19/A (sky130_fd_sc_hd__clkbuf_4)
     9    0.04    0.10    0.19    2.19 v input19/X (sky130_fd_sc_hd__clkbuf_4)
                                         net19 (net)
                  0.10    0.00    2.20 v _246_/A (sky130_fd_sc_hd__or3b_1)
     1    0.01    0.09    0.45    2.64 v _246_/X (sky130_fd_sc_hd__or3b_1)
                                         _176_ (net)
                  0.09    0.00    2.64 v _247_/A (sky130_fd_sc_hd__buf_2)
     8    0.03    0.08    0.20    2.85 v _247_/X (sky130_fd_sc_hd__buf_2)
                                         _177_ (net)
                  0.08    0.00    2.85 v _250_/C (sky130_fd_sc_hd__and3_1)
     2    0.01    0.07    0.24    3.08 v _250_/X (sky130_fd_sc_hd__and3_1)
                                         _180_ (net)
                  0.07    0.00    3.08 v _252_/A2 (sky130_fd_sc_hd__o21a_1)
     3    0.01    0.08    0.23    3.31 v _252_/X (sky130_fd_sc_hd__o21a_1)
                                         _182_ (net)
                  0.08    0.00    3.31 v _284_/B1_N (sky130_fd_sc_hd__o21bai_2)
     2    0.01    0.10    0.23    3.54 v _284_/Y (sky130_fd_sc_hd__o21bai_2)
                                         _213_ (net)
                  0.10    0.00    3.55 v _285_/B (sky130_fd_sc_hd__and2_1)
     3    0.01    0.09    0.24    3.78 v _285_/X (sky130_fd_sc_hd__and2_1)
                                         _214_ (net)
                  0.09    0.00    3.78 v _291_/A1 (sky130_fd_sc_hd__o211a_1)
     1    0.01    0.06    0.27    4.05 v _291_/X (sky130_fd_sc_hd__o211a_1)
                                         _220_ (net)
                  0.06    0.00    4.05 v _292_/B1 (sky130_fd_sc_hd__o21ai_1)
     1    0.01    0.19    0.13    4.18 ^ _292_/Y (sky130_fd_sc_hd__o21ai_1)
                                         net22 (net)
                  0.19    0.00    4.18 ^ output22/A (sky130_fd_sc_hd__buf_2)
     1    0.03    0.17    0.26    4.43 ^ output22/X (sky130_fd_sc_hd__buf_2)
                                         out[2] (net)
                  0.17    0.00    4.43 ^ out[2] (out)
                                  4.43   data arrival time

                  0.00   10.00   10.00   clock __VIRTUAL_CLK__ (rise edge)
                          0.00   10.00   clock network delay (ideal)
                         -0.25    9.75   clock uncertainty
                          0.00    9.75   clock reconvergence pessimism
                         -2.00    7.75   output external delay
                                  7.75   data required time
-----------------------------------------------------------------------------
                                  7.75   data required time
                                 -4.43   data arrival time
-----------------------------------------------------------------------------
                                  3.32   slack (MET)


Startpoint: opcode[2] (input port clocked by __VIRTUAL_CLK__)
Endpoint: out[1] (output port clocked by __VIRTUAL_CLK__)
Path Group: __VIRTUAL_CLK__
Path Type: max

Fanout     Cap    Slew   Delay    Time   Description
-----------------------------------------------------------------------------
                  0.00    0.00    0.00   clock __VIRTUAL_CLK__ (rise edge)
                          0.00    0.00   clock network delay (ideal)
                          2.00    2.00 v input external delay
     1    0.00    0.01    0.00    2.00 v opcode[2] (in)
                                         opcode[2] (net)
                  0.01    0.00    2.00 v input19/A (sky130_fd_sc_hd__clkbuf_4)
     9    0.04    0.10    0.19    2.19 v input19/X (sky130_fd_sc_hd__clkbuf_4)
                                         net19 (net)
                  0.10    0.00    2.20 v _246_/A (sky130_fd_sc_hd__or3b_1)
     1    0.01    0.09    0.45    2.64 v _246_/X (sky130_fd_sc_hd__or3b_1)
                                         _176_ (net)
                  0.09    0.00    2.64 v _247_/A (sky130_fd_sc_hd__buf_2)
     8    0.03    0.08    0.20    2.85 v _247_/X (sky130_fd_sc_hd__buf_2)
                                         _177_ (net)
                  0.08    0.00    2.85 v _250_/C (sky130_fd_sc_hd__and3_1)
     2    0.01    0.07    0.24    3.08 v _250_/X (sky130_fd_sc_hd__and3_1)
                                         _180_ (net)
                  0.07    0.00    3.08 v _252_/A2 (sky130_fd_sc_hd__o21a_1)
     3    0.01    0.08    0.23    3.31 v _252_/X (sky130_fd_sc_hd__o21a_1)
                                         _182_ (net)
                  0.08    0.00    3.31 v _255_/A (sky130_fd_sc_hd__or3_1)
     1    0.01    0.09    0.42    3.73 v _255_/X (sky130_fd_sc_hd__or3_1)
                                         _185_ (net)
                  0.09    0.00    3.73 v _270_/A1 (sky130_fd_sc_hd__a31o_1)
     1    0.01    0.08    0.24    3.97 v _270_/X (sky130_fd_sc_hd__a31o_1)
                                         net21 (net)
                  0.08    0.00    3.97 v output21/A (sky130_fd_sc_hd__buf_2)
     1    0.03    0.09    0.20    4.18 v output21/X (sky130_fd_sc_hd__buf_2)
                                         out[1] (net)
                  0.09    0.00    4.18 v out[1] (out)
                                  4.18   data arrival time

                  0.00   10.00   10.00   clock __VIRTUAL_CLK__ (rise edge)
                          0.00   10.00   clock network delay (ideal)
                         -0.25    9.75   clock uncertainty
                          0.00    9.75   clock reconvergence pessimism
                         -2.00    7.75   output external delay
                                  7.75   data required time
-----------------------------------------------------------------------------
                                  7.75   data required time
                                 -4.18   data arrival time
-----------------------------------------------------------------------------
                                  3.57   slack (MET)


Startpoint: B[0] (input port clocked by __VIRTUAL_CLK__)
Endpoint: out[0] (output port clocked by __VIRTUAL_CLK__)
Path Group: __VIRTUAL_CLK__
Path Type: max

Fanout     Cap    Slew   Delay    Time   Description
-----------------------------------------------------------------------------
                  0.00    0.00    0.00   clock __VIRTUAL_CLK__ (rise edge)
                          0.00    0.00   clock network delay (ideal)
                          2.00    2.00 ^ input external delay
     1    0.00    0.02    0.01    2.01 ^ B[0] (in)
                                         B[0] (net)
                  0.02    0.00    2.01 ^ input9/A (sky130_fd_sc_hd__clkbuf_2)
     5    0.02    0.13    0.17    2.18 ^ input9/X (sky130_fd_sc_hd__clkbuf_2)
                                         net9 (net)
                  0.13    0.00    2.18 ^ _234_/A (sky130_fd_sc_hd__buf_4)
    10    0.06    0.17    0.25    2.42 ^ _234_/X (sky130_fd_sc_hd__buf_4)
                                         _165_ (net)
                  0.17    0.00    2.43 ^ _235_/A (sky130_fd_sc_hd__clkbuf_4)
    10    0.04    0.14    0.26    2.69 ^ _235_/X (sky130_fd_sc_hd__clkbuf_4)
                                         _166_ (net)
                  0.14    0.00    2.69 ^ _239_/A1 (sky130_fd_sc_hd__a221oi_2)
     1    0.01    0.07    0.10    2.79 v _239_/Y (sky130_fd_sc_hd__a221oi_2)
                                         _170_ (net)
                  0.07    0.00    2.79 v _240_/B2 (sky130_fd_sc_hd__o22a_1)
     1    0.00    0.05    0.18    2.97 v _240_/X (sky130_fd_sc_hd__o22a_1)
                                         _171_ (net)
                  0.05    0.00    2.97 v _244_/A (sky130_fd_sc_hd__or3_1)
     1    0.01    0.08    0.41    3.38 v _244_/X (sky130_fd_sc_hd__or3_1)
                                         _175_ (net)
                  0.08    0.00    3.38 v _245_/A (sky130_fd_sc_hd__buf_1)
     1    0.01    0.09    0.16    3.54 v _245_/X (sky130_fd_sc_hd__buf_1)
                                         net20 (net)
                  0.09    0.00    3.54 v output20/A (sky130_fd_sc_hd__buf_2)
     1    0.03    0.09    0.21    3.75 v output20/X (sky130_fd_sc_hd__buf_2)
                                         out[0] (net)
                  0.09    0.00    3.75 v out[0] (out)
                                  3.75   data arrival time

                  0.00   10.00   10.00   clock __VIRTUAL_CLK__ (rise edge)
                          0.00   10.00   clock network delay (ideal)
                         -0.25    9.75   clock uncertainty
                          0.00    9.75   clock reconvergence pessimism
                         -2.00    7.75   output external delay
                                  7.75   data required time
-----------------------------------------------------------------------------
                                  7.75   data required time
                                 -3.75   data arrival time
-----------------------------------------------------------------------------
                                  4.00   slack (MET)



worst slack corner Typical: 2.1277
