
===========================================================================
 report_power
============================================================================
======================= Fastest Corner ===================================

Group                  Internal  Switching    Leakage      Total
                          Power      Power      Power      Power (Watts)
----------------------------------------------------------------
Sequential             0.00e+00   0.00e+00   0.00e+00   0.00e+00   0.0%
Combinational          4.63e-06   1.05e-05   1.49e-10   1.51e-05 100.0%
Clock                  0.00e+00   0.00e+00   1.47e-10   1.47e-10   0.0%
Macro                  0.00e+00   0.00e+00   0.00e+00   0.00e+00   0.0%
Pad                    0.00e+00   0.00e+00   0.00e+00   0.00e+00   0.0%
----------------------------------------------------------------
Total                  4.63e-06   1.05e-05   2.96e-10   1.51e-05 100.0%
                          30.7%      69.3%       0.0%

======================= Slowest Corner ===================================

Group                  Internal  Switching    Leakage      Total
                          Power      Power      Power      Power (Watts)
----------------------------------------------------------------
Sequential             0.00e+00   0.00e+00   0.00e+00   0.00e+00   0.0%
Combinational          3.46e-06   6.98e-06   1.41e-07   1.06e-05 100.0%
Clock                  0.00e+00   0.00e+00   1.47e-10   1.47e-10   0.0%
Macro                  0.00e+00   0.00e+00   0.00e+00   0.00e+00   0.0%
Pad                    0.00e+00   0.00e+00   0.00e+00   0.00e+00   0.0%
----------------------------------------------------------------
Total                  3.46e-06   6.98e-06   1.41e-07   1.06e-05 100.0%
                          32.7%      66.0%       1.3%

======================= Typical Corner ===================================

Group                  Internal  Switching    Leakage      Total
                          Power      Power      Power      Power (Watts)
----------------------------------------------------------------
Sequential             0.00e+00   0.00e+00   0.00e+00   0.00e+00   0.0%
Combinational          4.18e-06   8.87e-06   7.67e-11   1.31e-05 100.0%
Clock                  0.00e+00   0.00e+00   1.47e-10   1.47e-10   0.0%
Macro                  0.00e+00   0.00e+00   0.00e+00   0.00e+00   0.0%
Pad                    0.00e+00   0.00e+00   0.00e+00   0.00e+00   0.0%
----------------------------------------------------------------
Total                  4.18e-06   8.87e-06   2.23e-10   1.31e-05 100.0%
                          32.0%      68.0%       0.0%

