OpenROAD b16bda7e82721d10566ff7e2b68f1ff0be9f9e38 
Features included (+) or not (-): +Charts +GPU +GUI +Python
This program is licensed under the BSD-3 license. See the LICENSE file for details.
Components of this program may be licensed under more restrictive licenses which must be honored.
define_corners Typical
read_liberty -corner Typical /home/pinarizmir/.volare/sky130A/libs.ref/sky130_fd_sc_hd/lib/sky130_fd_sc_hd__tt_025C_1v80.lib
Using 1e-12 for capacitance...
Using 1e+03 for resistance...
Using 1e-09 for time...
Using 1e+00 for voltage...
Using 1e-03 for current...
Using 1e-09 for power...
Using 1e-06 for distance...
[INFO]: Reading ODB at '/openlane/designs/project2/runs/RUN_2025.04.21_19.44.13/tmp/14-project2.odb'…
Reading design constraints file at '/openlane/scripts/base.sdc'…
[INFO]: Setting output delay to: 2.0
[INFO]: Setting input delay to: 2.0
[WARNING STA-0366] port '__VIRTUAL_CLK__' not found.
[INFO]: Setting load to: 0.033442
[INFO]: Setting clock uncertainty to: 0.25
[INFO]: Setting clock transition to: 0.15
[WARNING STA-0419] transition time can not be specified for virtual clocks.
[INFO]: Setting timing derate to: 5.0 %
[INFO]: Propagating all clocks
[WARNING STA-0450] virtual clock __VIRTUAL_CLK__ can not be propagated.
[INFO]: Setting RC values...
min_report

===========================================================================
report_checks -path_delay min (Hold)
============================================================================
======================= Typical Corner ===================================

Startpoint: opcode[1] (input port clocked by __VIRTUAL_CLK__)
Endpoint: out[6] (output port clocked by __VIRTUAL_CLK__)
Path Group: __VIRTUAL_CLK__
Path Type: min

Fanout     Cap    Slew   Delay    Time   Description
-----------------------------------------------------------------------------
                  0.00    0.00    0.00   clock __VIRTUAL_CLK__ (rise edge)
                          0.00    0.00   clock network delay (ideal)
                          2.00    2.00 ^ input external delay
     1    0.00    0.02    0.01    2.01 ^ opcode[1] (in)
                                         opcode[1] (net)
                  0.02    0.00    2.01 ^ input18/A (sky130_fd_sc_hd__clkbuf_4)
    10    0.02    0.09    0.15    2.16 ^ input18/X (sky130_fd_sc_hd__clkbuf_4)
                                         net18 (net)
                  0.09    0.00    2.16 ^ _398_/B1 (sky130_fd_sc_hd__a311o_1)
     1    0.00    0.05    0.11    2.27 ^ _398_/X (sky130_fd_sc_hd__a311o_1)
                                         _089_ (net)
                  0.05    0.00    2.27 ^ _433_/A2 (sky130_fd_sc_hd__o21ai_1)
     1    0.00    0.03    0.05    2.32 v _433_/Y (sky130_fd_sc_hd__o21ai_1)
                                         net26 (net)
                  0.03    0.00    2.32 v output26/A (sky130_fd_sc_hd__buf_4)
     1    0.03    0.06    0.15    2.47 v output26/X (sky130_fd_sc_hd__buf_4)
                                         out[6] (net)
                  0.06    0.00    2.47 v out[6] (out)
                                  2.47   data arrival time

                  0.00    0.00    0.00   clock __VIRTUAL_CLK__ (rise edge)
                          0.00    0.00   clock network delay (ideal)
                          0.25    0.25   clock uncertainty
                          0.00    0.25   clock reconvergence pessimism
                         -2.00   -1.75   output external delay
                                 -1.75   data required time
-----------------------------------------------------------------------------
                                 -1.75   data required time
                                 -2.47   data arrival time
-----------------------------------------------------------------------------
                                  4.22   slack (MET)


Startpoint: opcode[0] (input port clocked by __VIRTUAL_CLK__)
Endpoint: out[5] (output port clocked by __VIRTUAL_CLK__)
Path Group: __VIRTUAL_CLK__
Path Type: min

Fanout     Cap    Slew   Delay    Time   Description
-----------------------------------------------------------------------------
                  0.00    0.00    0.00   clock __VIRTUAL_CLK__ (rise edge)
                          0.00    0.00   clock network delay (ideal)
                          2.00    2.00 v input external delay
     1    0.00    0.01    0.01    2.01 v opcode[0] (in)
                                         opcode[0] (net)
                  0.01    0.00    2.01 v input17/A (sky130_fd_sc_hd__buf_4)
     8    0.02    0.05    0.13    2.14 v input17/X (sky130_fd_sc_hd__buf_4)
                                         net17 (net)
                  0.05    0.00    2.14 v _242_/B (sky130_fd_sc_hd__nand3b_4)
     8    0.02    0.08    0.10    2.23 ^ _242_/Y (sky130_fd_sc_hd__nand3b_4)
                                         _173_ (net)
                  0.08    0.00    2.23 ^ _391_/A2 (sky130_fd_sc_hd__o211ai_2)
     1    0.01    0.08    0.10    2.33 v _391_/Y (sky130_fd_sc_hd__o211ai_2)
                                         net25 (net)
                  0.08    0.00    2.33 v output25/A (sky130_fd_sc_hd__buf_4)
     1    0.03    0.06    0.17    2.51 v output25/X (sky130_fd_sc_hd__buf_4)
                                         out[5] (net)
                  0.06    0.00    2.51 v out[5] (out)
                                  2.51   data arrival time

                  0.00    0.00    0.00   clock __VIRTUAL_CLK__ (rise edge)
                          0.00    0.00   clock network delay (ideal)
                          0.25    0.25   clock uncertainty
                          0.00    0.25   clock reconvergence pessimism
                         -2.00   -1.75   output external delay
                                 -1.75   data required time
-----------------------------------------------------------------------------
                                 -1.75   data required time
                                 -2.51   data arrival time
-----------------------------------------------------------------------------
                                  4.26   slack (MET)


Startpoint: opcode[1] (input port clocked by __VIRTUAL_CLK__)
Endpoint: out[7] (output port clocked by __VIRTUAL_CLK__)
Path Group: __VIRTUAL_CLK__
Path Type: min

Fanout     Cap    Slew   Delay    Time   Description
-----------------------------------------------------------------------------
                  0.00    0.00    0.00   clock __VIRTUAL_CLK__ (rise edge)
                          0.00    0.00   clock network delay (ideal)
                          2.00    2.00 ^ input external delay
     1    0.00    0.02    0.01    2.01 ^ opcode[1] (in)
                                         opcode[1] (net)
                  0.02    0.00    2.01 ^ input18/A (sky130_fd_sc_hd__clkbuf_4)
    10    0.02    0.09    0.15    2.16 ^ input18/X (sky130_fd_sc_hd__clkbuf_4)
                                         net18 (net)
                  0.09    0.00    2.16 ^ _256_/B (sky130_fd_sc_hd__nor2_2)
     6    0.01    0.04    0.06    2.22 v _256_/Y (sky130_fd_sc_hd__nor2_2)
                                         _186_ (net)
                  0.04    0.00    2.22 v _475_/A1 (sky130_fd_sc_hd__a21o_1)
     1    0.01    0.06    0.17    2.39 v _475_/X (sky130_fd_sc_hd__a21o_1)
                                         net27 (net)
                  0.06    0.00    2.39 v output27/A (sky130_fd_sc_hd__buf_6)
     1    0.04    0.05    0.14    2.53 v output27/X (sky130_fd_sc_hd__buf_6)
                                         out[7] (net)
                  0.05    0.00    2.53 v out[7] (out)
                                  2.53   data arrival time

                  0.00    0.00    0.00   clock __VIRTUAL_CLK__ (rise edge)
                          0.00    0.00   clock network delay (ideal)
                          0.25    0.25   clock uncertainty
                          0.00    0.25   clock reconvergence pessimism
                         -2.00   -1.75   output external delay
                                 -1.75   data required time
-----------------------------------------------------------------------------
                                 -1.75   data required time
                                 -2.53   data arrival time
-----------------------------------------------------------------------------
                                  4.28   slack (MET)


Startpoint: opcode[1] (input port clocked by __VIRTUAL_CLK__)
Endpoint: out[4] (output port clocked by __VIRTUAL_CLK__)
Path Group: __VIRTUAL_CLK__
Path Type: min

Fanout     Cap    Slew   Delay    Time   Description
-----------------------------------------------------------------------------
                  0.00    0.00    0.00   clock __VIRTUAL_CLK__ (rise edge)
                          0.00    0.00   clock network delay (ideal)
                          2.00    2.00 ^ input external delay
     1    0.00    0.02    0.01    2.01 ^ opcode[1] (in)
                                         opcode[1] (net)
                  0.02    0.00    2.01 ^ input18/A (sky130_fd_sc_hd__clkbuf_4)
    10    0.02    0.09    0.15    2.16 ^ input18/X (sky130_fd_sc_hd__clkbuf_4)
                                         net18 (net)
                  0.09    0.00    2.16 ^ _256_/B (sky130_fd_sc_hd__nor2_2)
     6    0.01    0.04    0.06    2.22 v _256_/Y (sky130_fd_sc_hd__nor2_2)
                                         _186_ (net)
                  0.04    0.00    2.22 v _353_/A1 (sky130_fd_sc_hd__a31o_1)
     1    0.00    0.03    0.15    2.38 v _353_/X (sky130_fd_sc_hd__a31o_1)
                                         net24 (net)
                  0.03    0.00    2.38 v output24/A (sky130_fd_sc_hd__buf_2)
     1    0.03    0.09    0.16    2.54 v output24/X (sky130_fd_sc_hd__buf_2)
                                         out[4] (net)
                  0.09    0.00    2.54 v out[4] (out)
                                  2.54   data arrival time

                  0.00    0.00    0.00   clock __VIRTUAL_CLK__ (rise edge)
                          0.00    0.00   clock network delay (ideal)
                          0.25    0.25   clock uncertainty
                          0.00    0.25   clock reconvergence pessimism
                         -2.00   -1.75   output external delay
                                 -1.75   data required time
-----------------------------------------------------------------------------
                                 -1.75   data required time
                                 -2.54   data arrival time
-----------------------------------------------------------------------------
                                  4.29   slack (MET)


Startpoint: opcode[1] (input port clocked by __VIRTUAL_CLK__)
Endpoint: out[1] (output port clocked by __VIRTUAL_CLK__)
Path Group: __VIRTUAL_CLK__
Path Type: min

Fanout     Cap    Slew   Delay    Time   Description
-----------------------------------------------------------------------------
                  0.00    0.00    0.00   clock __VIRTUAL_CLK__ (rise edge)
                          0.00    0.00   clock network delay (ideal)
                          2.00    2.00 ^ input external delay
     1    0.00    0.02    0.01    2.01 ^ opcode[1] (in)
                                         opcode[1] (net)
                  0.02    0.00    2.01 ^ input18/A (sky130_fd_sc_hd__clkbuf_4)
    10    0.02    0.09    0.15    2.16 ^ input18/X (sky130_fd_sc_hd__clkbuf_4)
                                         net18 (net)
                  0.09    0.00    2.16 ^ _256_/B (sky130_fd_sc_hd__nor2_2)
     6    0.01    0.04    0.06    2.22 v _256_/Y (sky130_fd_sc_hd__nor2_2)
                                         _186_ (net)
                  0.04    0.00    2.22 v _270_/A2 (sky130_fd_sc_hd__a31o_1)
     1    0.01    0.07    0.23    2.45 v _270_/X (sky130_fd_sc_hd__a31o_1)
                                         net21 (net)
                  0.07    0.00    2.45 v output21/A (sky130_fd_sc_hd__buf_2)
     1    0.03    0.09    0.18    2.63 v output21/X (sky130_fd_sc_hd__buf_2)
                                         out[1] (net)
                  0.09    0.00    2.63 v out[1] (out)
                                  2.63   data arrival time

                  0.00    0.00    0.00   clock __VIRTUAL_CLK__ (rise edge)
                          0.00    0.00   clock network delay (ideal)
                          0.25    0.25   clock uncertainty
                          0.00    0.25   clock reconvergence pessimism
                         -2.00   -1.75   output external delay
                                 -1.75   data required time
-----------------------------------------------------------------------------
                                 -1.75   data required time
                                 -2.63   data arrival time
-----------------------------------------------------------------------------
                                  4.38   slack (MET)


Startpoint: opcode[1] (input port clocked by __VIRTUAL_CLK__)
Endpoint: out[3] (output port clocked by __VIRTUAL_CLK__)
Path Group: __VIRTUAL_CLK__
Path Type: min

Fanout     Cap    Slew   Delay    Time   Description
-----------------------------------------------------------------------------
                  0.00    0.00    0.00   clock __VIRTUAL_CLK__ (rise edge)
                          0.00    0.00   clock network delay (ideal)
                          2.00    2.00 ^ input external delay
     1    0.00    0.02    0.01    2.01 ^ opcode[1] (in)
                                         opcode[1] (net)
                  0.02    0.00    2.01 ^ input18/A (sky130_fd_sc_hd__clkbuf_4)
    10    0.02    0.09    0.15    2.16 ^ input18/X (sky130_fd_sc_hd__clkbuf_4)
                                         net18 (net)
                  0.09    0.00    2.16 ^ _256_/B (sky130_fd_sc_hd__nor2_2)
     6    0.01    0.04    0.06    2.22 v _256_/Y (sky130_fd_sc_hd__nor2_2)
                                         _186_ (net)
                  0.04    0.00    2.22 v _315_/B1 (sky130_fd_sc_hd__o31ai_1)
     1    0.01    0.11    0.10    2.32 ^ _315_/Y (sky130_fd_sc_hd__o31ai_1)
                                         _009_ (net)
                  0.11    0.00    2.32 ^ _320_/A2 (sky130_fd_sc_hd__o21ai_1)
     1    0.00    0.03    0.06    2.38 v _320_/Y (sky130_fd_sc_hd__o21ai_1)
                                         _014_ (net)
                  0.03    0.00    2.38 v _321_/B1 (sky130_fd_sc_hd__a31o_1)
     1    0.01    0.05    0.19    2.57 v _321_/X (sky130_fd_sc_hd__a31o_1)
                                         net23 (net)
                  0.05    0.00    2.57 v output23/A (sky130_fd_sc_hd__buf_2)
     1    0.04    0.09    0.18    2.75 v output23/X (sky130_fd_sc_hd__buf_2)
                                         out[3] (net)
                  0.09    0.00    2.75 v out[3] (out)
                                  2.75   data arrival time

                  0.00    0.00    0.00   clock __VIRTUAL_CLK__ (rise edge)
                          0.00    0.00   clock network delay (ideal)
                          0.25    0.25   clock uncertainty
                          0.00    0.25   clock reconvergence pessimism
                         -2.00   -1.75   output external delay
                                 -1.75   data required time
-----------------------------------------------------------------------------
                                 -1.75   data required time
                                 -2.75   data arrival time
-----------------------------------------------------------------------------
                                  4.50   slack (MET)


Startpoint: opcode[0] (input port clocked by __VIRTUAL_CLK__)
Endpoint: out[2] (output port clocked by __VIRTUAL_CLK__)
Path Group: __VIRTUAL_CLK__
Path Type: min

Fanout     Cap    Slew   Delay    Time   Description
-----------------------------------------------------------------------------
                  0.00    0.00    0.00   clock __VIRTUAL_CLK__ (rise edge)
                          0.00    0.00   clock network delay (ideal)
                          2.00    2.00 ^ input external delay
     1    0.00    0.02    0.01    2.01 ^ opcode[0] (in)
                                         opcode[0] (net)
                  0.02    0.00    2.01 ^ input17/A (sky130_fd_sc_hd__buf_4)
     8    0.02    0.08    0.12    2.14 ^ input17/X (sky130_fd_sc_hd__buf_4)
                                         net17 (net)
                  0.08    0.00    2.14 ^ _266_/A_N (sky130_fd_sc_hd__and3b_2)
     7    0.03    0.09    0.26    2.39 v _266_/X (sky130_fd_sc_hd__and3b_2)
                                         _196_ (net)
                  0.09    0.00    2.39 v _280_/B1 (sky130_fd_sc_hd__o21ai_1)
     1    0.00    0.08    0.08    2.47 ^ _280_/Y (sky130_fd_sc_hd__o21ai_1)
                                         _209_ (net)
                  0.08    0.00    2.47 ^ _292_/A2 (sky130_fd_sc_hd__o21ai_1)
     1    0.01    0.08    0.09    2.57 v _292_/Y (sky130_fd_sc_hd__o21ai_1)
                                         net22 (net)
                  0.08    0.00    2.57 v output22/A (sky130_fd_sc_hd__buf_2)
     1    0.03    0.09    0.18    2.75 v output22/X (sky130_fd_sc_hd__buf_2)
                                         out[2] (net)
                  0.09    0.00    2.75 v out[2] (out)
                                  2.75   data arrival time

                  0.00    0.00    0.00   clock __VIRTUAL_CLK__ (rise edge)
                          0.00    0.00   clock network delay (ideal)
                          0.25    0.25   clock uncertainty
                          0.00    0.25   clock reconvergence pessimism
                         -2.00   -1.75   output external delay
                                 -1.75   data required time
-----------------------------------------------------------------------------
                                 -1.75   data required time
                                 -2.75   data arrival time
-----------------------------------------------------------------------------
                                  4.50   slack (MET)


Startpoint: opcode[0] (input port clocked by __VIRTUAL_CLK__)
Endpoint: out[0] (output port clocked by __VIRTUAL_CLK__)
Path Group: __VIRTUAL_CLK__
Path Type: min

Fanout     Cap    Slew   Delay    Time   Description
-----------------------------------------------------------------------------
                  0.00    0.00    0.00   clock __VIRTUAL_CLK__ (rise edge)
                          0.00    0.00   clock network delay (ideal)
                          2.00    2.00 ^ input external delay
     1    0.00    0.02    0.01    2.01 ^ opcode[0] (in)
                                         opcode[0] (net)
                  0.02    0.00    2.01 ^ input17/A (sky130_fd_sc_hd__buf_4)
     8    0.02    0.08    0.12    2.14 ^ input17/X (sky130_fd_sc_hd__buf_4)
                                         net17 (net)
                  0.08    0.00    2.14 ^ _242_/B (sky130_fd_sc_hd__nand3b_4)
     8    0.02    0.09    0.10    2.24 v _242_/Y (sky130_fd_sc_hd__nand3b_4)
                                         _173_ (net)
                  0.09    0.00    2.24 v _243_/B (sky130_fd_sc_hd__nor2_1)
     1    0.00    0.06    0.08    2.32 ^ _243_/Y (sky130_fd_sc_hd__nor2_1)
                                         _174_ (net)
                  0.06    0.00    2.32 ^ _244_/C (sky130_fd_sc_hd__or3_1)
     1    0.01    0.07    0.11    2.43 ^ _244_/X (sky130_fd_sc_hd__or3_1)
                                         _175_ (net)
                  0.07    0.00    2.43 ^ _245_/A (sky130_fd_sc_hd__buf_1)
     1    0.01    0.16    0.16    2.59 ^ _245_/X (sky130_fd_sc_hd__buf_1)
                                         net20 (net)
                  0.16    0.00    2.59 ^ output20/A (sky130_fd_sc_hd__buf_2)
     1    0.03    0.17    0.22    2.81 ^ output20/X (sky130_fd_sc_hd__buf_2)
                                         out[0] (net)
                  0.17    0.00    2.81 ^ out[0] (out)
                                  2.81   data arrival time

                  0.00    0.00    0.00   clock __VIRTUAL_CLK__ (rise edge)
                          0.00    0.00   clock network delay (ideal)
                          0.25    0.25   clock uncertainty
                          0.00    0.25   clock reconvergence pessimism
                         -2.00   -1.75   output external delay
                                 -1.75   data required time
-----------------------------------------------------------------------------
                                 -1.75   data required time
                                 -2.81   data arrival time
-----------------------------------------------------------------------------
                                  4.56   slack (MET)



worst slack corner Typical: 4.2207
min_report_end
max_report

===========================================================================
report_checks -path_delay max (Setup)
============================================================================
======================= Typical Corner ===================================

Startpoint: A[5] (input port clocked by __VIRTUAL_CLK__)
Endpoint: out[7] (output port clocked by __VIRTUAL_CLK__)
Path Group: __VIRTUAL_CLK__
Path Type: max

Fanout     Cap    Slew   Delay    Time   Description
-----------------------------------------------------------------------------
                  0.00    0.00    0.00   clock __VIRTUAL_CLK__ (rise edge)
                          0.00    0.00   clock network delay (ideal)
                          2.00    2.00 ^ input external delay
     1    0.00    0.02    0.01    2.01 ^ A[5] (in)
                                         A[5] (net)
                  0.02    0.00    2.01 ^ input6/A (sky130_fd_sc_hd__buf_4)
     4    0.04    0.11    0.16    2.17 ^ input6/X (sky130_fd_sc_hd__buf_4)
                                         net6 (net)
                  0.11    0.00    2.17 ^ _354_/A (sky130_fd_sc_hd__buf_12)
     5    0.03    0.05    0.13    2.30 ^ _354_/X (sky130_fd_sc_hd__buf_12)
                                         _046_ (net)
                  0.05    0.00    2.30 ^ _360_/D (sky130_fd_sc_hd__nand4_4)
     3    0.01    0.10    0.13    2.43 v _360_/Y (sky130_fd_sc_hd__nand4_4)
                                         _052_ (net)
                  0.10    0.00    2.43 v _363_/A2 (sky130_fd_sc_hd__a21o_1)
     2    0.02    0.08    0.26    2.68 v _363_/X (sky130_fd_sc_hd__a21o_1)
                                         _055_ (net)
                  0.08    0.00    2.68 v _367_/A2 (sky130_fd_sc_hd__a21o_4)
     3    0.02    0.05    0.26    2.95 v _367_/X (sky130_fd_sc_hd__a21o_4)
                                         _059_ (net)
                  0.05    0.00    2.95 v _416_/A2 (sky130_fd_sc_hd__a21bo_4)
     2    0.01    0.04    0.23    3.17 v _416_/X (sky130_fd_sc_hd__a21bo_4)
                                         _107_ (net)
                  0.04    0.00    3.17 v _418_/B1 (sky130_fd_sc_hd__a21o_1)
     2    0.02    0.08    0.21    3.38 v _418_/X (sky130_fd_sc_hd__a21o_1)
                                         _109_ (net)
                  0.08    0.00    3.38 v _419_/A (sky130_fd_sc_hd__and3_4)
     3    0.01    0.04    0.18    3.56 v _419_/X (sky130_fd_sc_hd__and3_4)
                                         _110_ (net)
                  0.04    0.00    3.56 v _421_/C1 (sky130_fd_sc_hd__a211o_4)
     3    0.01    0.06    0.28    3.84 v _421_/X (sky130_fd_sc_hd__a211o_4)
                                         _112_ (net)
                  0.06    0.00    3.84 v _424_/A2 (sky130_fd_sc_hd__a21bo_1)
     2    0.01    0.07    0.24    4.08 v _424_/X (sky130_fd_sc_hd__a21bo_1)
                                         _115_ (net)
                  0.07    0.00    4.08 v _441_/A1 (sky130_fd_sc_hd__a21o_1)
     2    0.01    0.07    0.21    4.29 v _441_/X (sky130_fd_sc_hd__a21o_1)
                                         _131_ (net)
                  0.07    0.00    4.29 v _470_/A2 (sky130_fd_sc_hd__o21a_1)
     1    0.00    0.03    0.18    4.47 v _470_/X (sky130_fd_sc_hd__o21a_1)
                                         _160_ (net)
                  0.03    0.00    4.47 v _474_/A1 (sky130_fd_sc_hd__a21o_1)
     1    0.00    0.03    0.15    4.62 v _474_/X (sky130_fd_sc_hd__a21o_1)
                                         _164_ (net)
                  0.03    0.00    4.62 v _475_/B1 (sky130_fd_sc_hd__a21o_1)
     1    0.01    0.06    0.18    4.80 v _475_/X (sky130_fd_sc_hd__a21o_1)
                                         net27 (net)
                  0.06    0.00    4.80 v output27/A (sky130_fd_sc_hd__buf_6)
     1    0.04    0.05    0.15    4.95 v output27/X (sky130_fd_sc_hd__buf_6)
                                         out[7] (net)
                  0.05    0.00    4.96 v out[7] (out)
                                  4.96   data arrival time

                  0.00   10.00   10.00   clock __VIRTUAL_CLK__ (rise edge)
                          0.00   10.00   clock network delay (ideal)
                         -0.25    9.75   clock uncertainty
                          0.00    9.75   clock reconvergence pessimism
                         -2.00    7.75   output external delay
                                  7.75   data required time
-----------------------------------------------------------------------------
                                  7.75   data required time
                                 -4.96   data arrival time
-----------------------------------------------------------------------------
                                  2.79   slack (MET)


Startpoint: A[5] (input port clocked by __VIRTUAL_CLK__)
Endpoint: out[6] (output port clocked by __VIRTUAL_CLK__)
Path Group: __VIRTUAL_CLK__
Path Type: max

Fanout     Cap    Slew   Delay    Time   Description
-----------------------------------------------------------------------------
                  0.00    0.00    0.00   clock __VIRTUAL_CLK__ (rise edge)
                          0.00    0.00   clock network delay (ideal)
                          2.00    2.00 ^ input external delay
     1    0.00    0.02    0.01    2.01 ^ A[5] (in)
                                         A[5] (net)
                  0.02    0.00    2.01 ^ input6/A (sky130_fd_sc_hd__buf_4)
     4    0.04    0.11    0.16    2.17 ^ input6/X (sky130_fd_sc_hd__buf_4)
                                         net6 (net)
                  0.11    0.00    2.17 ^ _354_/A (sky130_fd_sc_hd__buf_12)
     5    0.03    0.05    0.13    2.30 ^ _354_/X (sky130_fd_sc_hd__buf_12)
                                         _046_ (net)
                  0.05    0.00    2.30 ^ _360_/D (sky130_fd_sc_hd__nand4_4)
     3    0.01    0.10    0.13    2.43 v _360_/Y (sky130_fd_sc_hd__nand4_4)
                                         _052_ (net)
                  0.10    0.00    2.43 v _363_/A2 (sky130_fd_sc_hd__a21o_1)
     2    0.02    0.08    0.26    2.68 v _363_/X (sky130_fd_sc_hd__a21o_1)
                                         _055_ (net)
                  0.08    0.00    2.68 v _367_/A2 (sky130_fd_sc_hd__a21o_4)
     3    0.02    0.05    0.26    2.95 v _367_/X (sky130_fd_sc_hd__a21o_4)
                                         _059_ (net)
                  0.05    0.00    2.95 v _416_/A2 (sky130_fd_sc_hd__a21bo_4)
     2    0.01    0.04    0.23    3.17 v _416_/X (sky130_fd_sc_hd__a21bo_4)
                                         _107_ (net)
                  0.04    0.00    3.17 v _418_/B1 (sky130_fd_sc_hd__a21o_1)
     2    0.02    0.08    0.21    3.38 v _418_/X (sky130_fd_sc_hd__a21o_1)
                                         _109_ (net)
                  0.08    0.00    3.38 v _419_/A (sky130_fd_sc_hd__and3_4)
     3    0.01    0.04    0.18    3.56 v _419_/X (sky130_fd_sc_hd__and3_4)
                                         _110_ (net)
                  0.04    0.00    3.56 v _421_/C1 (sky130_fd_sc_hd__a211o_4)
     3    0.01    0.06    0.28    3.84 v _421_/X (sky130_fd_sc_hd__a211o_4)
                                         _112_ (net)
                  0.06    0.00    3.84 v _424_/A2 (sky130_fd_sc_hd__a21bo_1)
     2    0.01    0.07    0.24    4.08 v _424_/X (sky130_fd_sc_hd__a21bo_1)
                                         _115_ (net)
                  0.07    0.00    4.08 v _425_/B (sky130_fd_sc_hd__and2b_1)
     2    0.01    0.06    0.20    4.29 v _425_/X (sky130_fd_sc_hd__and2b_1)
                                         _116_ (net)
                  0.06    0.00    4.29 v _427_/A2 (sky130_fd_sc_hd__o21a_1)
     1    0.00    0.04    0.19    4.48 v _427_/X (sky130_fd_sc_hd__o21a_1)
                                         _118_ (net)
                  0.04    0.00    4.48 v _432_/A2 (sky130_fd_sc_hd__a21oi_2)
     1    0.00    0.08    0.13    4.61 ^ _432_/Y (sky130_fd_sc_hd__a21oi_2)
                                         _123_ (net)
                  0.08    0.00    4.61 ^ _433_/B1 (sky130_fd_sc_hd__o21ai_1)
     1    0.00    0.04    0.07    4.67 v _433_/Y (sky130_fd_sc_hd__o21ai_1)
                                         net26 (net)
                  0.04    0.00    4.67 v output26/A (sky130_fd_sc_hd__buf_4)
     1    0.03    0.06    0.18    4.85 v output26/X (sky130_fd_sc_hd__buf_4)
                                         out[6] (net)
                  0.06    0.00    4.85 v out[6] (out)
                                  4.85   data arrival time

                  0.00   10.00   10.00   clock __VIRTUAL_CLK__ (rise edge)
                          0.00   10.00   clock network delay (ideal)
                         -0.25    9.75   clock uncertainty
                          0.00    9.75   clock reconvergence pessimism
                         -2.00    7.75   output external delay
                                  7.75   data required time
-----------------------------------------------------------------------------
                                  7.75   data required time
                                 -4.85   data arrival time
-----------------------------------------------------------------------------
                                  2.90   slack (MET)


Startpoint: A[5] (input port clocked by __VIRTUAL_CLK__)
Endpoint: out[5] (output port clocked by __VIRTUAL_CLK__)
Path Group: __VIRTUAL_CLK__
Path Type: max

Fanout     Cap    Slew   Delay    Time   Description
-----------------------------------------------------------------------------
                  0.00    0.00    0.00   clock __VIRTUAL_CLK__ (rise edge)
                          0.00    0.00   clock network delay (ideal)
                          2.00    2.00 ^ input external delay
     1    0.00    0.02    0.01    2.01 ^ A[5] (in)
                                         A[5] (net)
                  0.02    0.00    2.01 ^ input6/A (sky130_fd_sc_hd__buf_4)
     4    0.04    0.11    0.16    2.17 ^ input6/X (sky130_fd_sc_hd__buf_4)
                                         net6 (net)
                  0.11    0.00    2.17 ^ _354_/A (sky130_fd_sc_hd__buf_12)
     5    0.03    0.05    0.13    2.30 ^ _354_/X (sky130_fd_sc_hd__buf_12)
                                         _046_ (net)
                  0.05    0.00    2.30 ^ _360_/D (sky130_fd_sc_hd__nand4_4)
     3    0.01    0.10    0.13    2.43 v _360_/Y (sky130_fd_sc_hd__nand4_4)
                                         _052_ (net)
                  0.10    0.00    2.43 v _363_/A2 (sky130_fd_sc_hd__a21o_1)
     2    0.02    0.08    0.26    2.68 v _363_/X (sky130_fd_sc_hd__a21o_1)
                                         _055_ (net)
                  0.08    0.00    2.68 v _367_/A2 (sky130_fd_sc_hd__a21o_4)
     3    0.02    0.05    0.26    2.95 v _367_/X (sky130_fd_sc_hd__a21o_4)
                                         _059_ (net)
                  0.05    0.00    2.95 v _369_/A1 (sky130_fd_sc_hd__a21o_1)
     2    0.01    0.05    0.18    3.13 v _369_/X (sky130_fd_sc_hd__a21o_1)
                                         _061_ (net)
                  0.05    0.00    3.13 v rebuffer2/A (sky130_fd_sc_hd__clkbuf_2)
     1    0.01    0.04    0.13    3.25 v rebuffer2/X (sky130_fd_sc_hd__clkbuf_2)
                                         net30 (net)
                  0.04    0.00    3.25 v _371_/A (sky130_fd_sc_hd__nand3_4)
     4    0.02    0.10    0.09    3.34 ^ _371_/Y (sky130_fd_sc_hd__nand3_4)
                                         _063_ (net)
                  0.10    0.00    3.34 ^ _373_/A2 (sky130_fd_sc_hd__a21o_1)
     2    0.02    0.19    0.24    3.58 ^ _373_/X (sky130_fd_sc_hd__a21o_1)
                                         _065_ (net)
                  0.19    0.00    3.59 ^ _376_/A2 (sky130_fd_sc_hd__a21o_1)
     2    0.00    0.04    0.15    3.74 ^ _376_/X (sky130_fd_sc_hd__a21o_1)
                                         _068_ (net)
                  0.04    0.00    3.74 ^ rebuffer6/A (sky130_fd_sc_hd__dlymetal6s4s_1)
     1    0.01    0.11    0.22    3.96 ^ rebuffer6/X (sky130_fd_sc_hd__dlymetal6s4s_1)
                                         net34 (net)
                  0.11    0.00    3.96 ^ _377_/B2 (sky130_fd_sc_hd__a32oi_1)
     1    0.00    0.07    0.06    4.02 v _377_/Y (sky130_fd_sc_hd__a32oi_1)
                                         _069_ (net)
                  0.07    0.00    4.02 v _379_/A (sky130_fd_sc_hd__or3b_2)
     1    0.00    0.08    0.50    4.52 v _379_/X (sky130_fd_sc_hd__or3b_2)
                                         _071_ (net)
                  0.08    0.00    4.52 v _391_/B1 (sky130_fd_sc_hd__o211ai_2)
     1    0.01    0.18    0.11    4.63 ^ _391_/Y (sky130_fd_sc_hd__o211ai_2)
                                         net25 (net)
                  0.18    0.00    4.63 ^ output25/A (sky130_fd_sc_hd__buf_4)
     1    0.03    0.10    0.21    4.84 ^ output25/X (sky130_fd_sc_hd__buf_4)
                                         out[5] (net)
                  0.10    0.00    4.84 ^ out[5] (out)
                                  4.84   data arrival time

                  0.00   10.00   10.00   clock __VIRTUAL_CLK__ (rise edge)
                          0.00   10.00   clock network delay (ideal)
                         -0.25    9.75   clock uncertainty
                          0.00    9.75   clock reconvergence pessimism
                         -2.00    7.75   output external delay
                                  7.75   data required time
-----------------------------------------------------------------------------
                                  7.75   data required time
                                 -4.84   data arrival time
-----------------------------------------------------------------------------
                                  2.91   slack (MET)


Startpoint: opcode[2] (input port clocked by __VIRTUAL_CLK__)
Endpoint: out[4] (output port clocked by __VIRTUAL_CLK__)
Path Group: __VIRTUAL_CLK__
Path Type: max

Fanout     Cap    Slew   Delay    Time   Description
-----------------------------------------------------------------------------
                  0.00    0.00    0.00   clock __VIRTUAL_CLK__ (rise edge)
                          0.00    0.00   clock network delay (ideal)
                          2.00    2.00 v input external delay
     1    0.00    0.01    0.01    2.01 v opcode[2] (in)
                                         opcode[2] (net)
                  0.01    0.00    2.01 v input19/A (sky130_fd_sc_hd__clkbuf_4)
     9    0.03    0.07    0.17    2.17 v input19/X (sky130_fd_sc_hd__clkbuf_4)
                                         net19 (net)
                  0.07    0.00    2.17 v _246_/A (sky130_fd_sc_hd__or3b_4)
     1    0.00    0.07    0.41    2.59 v _246_/X (sky130_fd_sc_hd__or3b_4)
                                         _176_ (net)
                  0.07    0.00    2.59 v _247_/A (sky130_fd_sc_hd__buf_6)
     8    0.04    0.05    0.16    2.74 v _247_/X (sky130_fd_sc_hd__buf_6)
                                         _177_ (net)
                  0.05    0.00    2.74 v _250_/A (sky130_fd_sc_hd__and3_1)
     2    0.01    0.07    0.18    2.92 v _250_/X (sky130_fd_sc_hd__and3_1)
                                         _180_ (net)
                  0.07    0.00    2.92 v _252_/A1 (sky130_fd_sc_hd__o21a_1)
     3    0.01    0.09    0.25    3.18 v _252_/X (sky130_fd_sc_hd__o21a_1)
                                         _182_ (net)
                  0.09    0.00    3.18 v _284_/B1_N (sky130_fd_sc_hd__o21bai_4)
     2    0.00    0.06    0.19    3.37 v _284_/Y (sky130_fd_sc_hd__o21bai_4)
                                         _213_ (net)
                  0.06    0.00    3.37 v _285_/B (sky130_fd_sc_hd__and2_4)
     3    0.01    0.04    0.18    3.55 v _285_/X (sky130_fd_sc_hd__and2_4)
                                         _214_ (net)
                  0.04    0.00    3.55 v _314_/A2 (sky130_fd_sc_hd__o21a_2)
     3    0.01    0.06    0.23    3.78 v _314_/X (sky130_fd_sc_hd__o21a_2)
                                         _008_ (net)
                  0.06    0.00    3.78 v _329_/B (sky130_fd_sc_hd__or3_1)
     1    0.00    0.07    0.37    4.15 v _329_/X (sky130_fd_sc_hd__or3_1)
                                         _022_ (net)
                  0.07    0.00    4.15 v _353_/A2 (sky130_fd_sc_hd__a31o_1)
     1    0.00    0.03    0.21    4.37 v _353_/X (sky130_fd_sc_hd__a31o_1)
                                         net24 (net)
                  0.03    0.00    4.37 v output24/A (sky130_fd_sc_hd__buf_2)
     1    0.03    0.09    0.18    4.55 v output24/X (sky130_fd_sc_hd__buf_2)
                                         out[4] (net)
                  0.09    0.00    4.55 v out[4] (out)
                                  4.55   data arrival time

                  0.00   10.00   10.00   clock __VIRTUAL_CLK__ (rise edge)
                          0.00   10.00   clock network delay (ideal)
                         -0.25    9.75   clock uncertainty
                          0.00    9.75   clock reconvergence pessimism
                         -2.00    7.75   output external delay
                                  7.75   data required time
-----------------------------------------------------------------------------
                                  7.75   data required time
                                 -4.55   data arrival time
-----------------------------------------------------------------------------
                                  3.20   slack (MET)


Startpoint: opcode[2] (input port clocked by __VIRTUAL_CLK__)
Endpoint: out[3] (output port clocked by __VIRTUAL_CLK__)
Path Group: __VIRTUAL_CLK__
Path Type: max

Fanout     Cap    Slew   Delay    Time   Description
-----------------------------------------------------------------------------
                  0.00    0.00    0.00   clock __VIRTUAL_CLK__ (rise edge)
                          0.00    0.00   clock network delay (ideal)
                          2.00    2.00 v input external delay
     1    0.00    0.01    0.01    2.01 v opcode[2] (in)
                                         opcode[2] (net)
                  0.01    0.00    2.01 v input19/A (sky130_fd_sc_hd__clkbuf_4)
     9    0.03    0.07    0.17    2.17 v input19/X (sky130_fd_sc_hd__clkbuf_4)
                                         net19 (net)
                  0.07    0.00    2.17 v _246_/A (sky130_fd_sc_hd__or3b_4)
     1    0.00    0.07    0.41    2.59 v _246_/X (sky130_fd_sc_hd__or3b_4)
                                         _176_ (net)
                  0.07    0.00    2.59 v _247_/A (sky130_fd_sc_hd__buf_6)
     8    0.04    0.05    0.16    2.74 v _247_/X (sky130_fd_sc_hd__buf_6)
                                         _177_ (net)
                  0.05    0.00    2.74 v _250_/A (sky130_fd_sc_hd__and3_1)
     2    0.01    0.07    0.18    2.92 v _250_/X (sky130_fd_sc_hd__and3_1)
                                         _180_ (net)
                  0.07    0.00    2.92 v _252_/A1 (sky130_fd_sc_hd__o21a_1)
     3    0.01    0.09    0.25    3.18 v _252_/X (sky130_fd_sc_hd__o21a_1)
                                         _182_ (net)
                  0.09    0.00    3.18 v _284_/B1_N (sky130_fd_sc_hd__o21bai_4)
     2    0.00    0.06    0.19    3.37 v _284_/Y (sky130_fd_sc_hd__o21bai_4)
                                         _213_ (net)
                  0.06    0.00    3.37 v _285_/B (sky130_fd_sc_hd__and2_4)
     3    0.01    0.04    0.18    3.55 v _285_/X (sky130_fd_sc_hd__and2_4)
                                         _214_ (net)
                  0.04    0.00    3.56 v _315_/A2 (sky130_fd_sc_hd__o31ai_1)
     1    0.01    0.35    0.37    3.92 ^ _315_/Y (sky130_fd_sc_hd__o31ai_1)
                                         _009_ (net)
                  0.35    0.00    3.92 ^ _320_/A2 (sky130_fd_sc_hd__o21ai_1)
     1    0.00    0.06    0.09    4.02 v _320_/Y (sky130_fd_sc_hd__o21ai_1)
                                         _014_ (net)
                  0.06    0.00    4.02 v _321_/B1 (sky130_fd_sc_hd__a31o_1)
     1    0.01    0.06    0.22    4.23 v _321_/X (sky130_fd_sc_hd__a31o_1)
                                         net23 (net)
                  0.06    0.00    4.23 v output23/A (sky130_fd_sc_hd__buf_2)
     1    0.04    0.09    0.20    4.43 v output23/X (sky130_fd_sc_hd__buf_2)
                                         out[3] (net)
                  0.09    0.00    4.44 v out[3] (out)
                                  4.44   data arrival time

                  0.00   10.00   10.00   clock __VIRTUAL_CLK__ (rise edge)
                          0.00   10.00   clock network delay (ideal)
                         -0.25    9.75   clock uncertainty
                          0.00    9.75   clock reconvergence pessimism
                         -2.00    7.75   output external delay
                                  7.75   data required time
-----------------------------------------------------------------------------
                                  7.75   data required time
                                 -4.44   data arrival time
-----------------------------------------------------------------------------
                                  3.31   slack (MET)


Startpoint: opcode[2] (input port clocked by __VIRTUAL_CLK__)
Endpoint: out[2] (output port clocked by __VIRTUAL_CLK__)
Path Group: __VIRTUAL_CLK__
Path Type: max

Fanout     Cap    Slew   Delay    Time   Description
-----------------------------------------------------------------------------
                  0.00    0.00    0.00   clock __VIRTUAL_CLK__ (rise edge)
                          0.00    0.00   clock network delay (ideal)
                          2.00    2.00 v input external delay
     1    0.00    0.01    0.01    2.01 v opcode[2] (in)
                                         opcode[2] (net)
                  0.01    0.00    2.01 v input19/A (sky130_fd_sc_hd__clkbuf_4)
     9    0.03    0.07    0.17    2.17 v input19/X (sky130_fd_sc_hd__clkbuf_4)
                                         net19 (net)
                  0.07    0.00    2.17 v _246_/A (sky130_fd_sc_hd__or3b_4)
     1    0.00    0.07    0.41    2.59 v _246_/X (sky130_fd_sc_hd__or3b_4)
                                         _176_ (net)
                  0.07    0.00    2.59 v _247_/A (sky130_fd_sc_hd__buf_6)
     8    0.04    0.05    0.16    2.74 v _247_/X (sky130_fd_sc_hd__buf_6)
                                         _177_ (net)
                  0.05    0.00    2.74 v _249_/A2 (sky130_fd_sc_hd__a21oi_1)
     2    0.02    0.37    0.35    3.10 ^ _249_/Y (sky130_fd_sc_hd__a21oi_1)
                                         _179_ (net)
                  0.37    0.00    3.10 ^ _252_/A2 (sky130_fd_sc_hd__o21a_1)
     3    0.02    0.15    0.25    3.35 ^ _252_/X (sky130_fd_sc_hd__o21a_1)
                                         _182_ (net)
                  0.15    0.00    3.35 ^ _284_/B1_N (sky130_fd_sc_hd__o21bai_4)
     2    0.01    0.10    0.15    3.50 ^ _284_/Y (sky130_fd_sc_hd__o21bai_4)
                                         _213_ (net)
                  0.10    0.00    3.50 ^ _286_/A2 (sky130_fd_sc_hd__o21ai_1)
     1    0.01    0.09    0.10    3.60 v _286_/Y (sky130_fd_sc_hd__o21ai_1)
                                         _215_ (net)
                  0.09    0.00    3.60 v _291_/A2 (sky130_fd_sc_hd__o211a_1)
     1    0.01    0.07    0.26    3.86 v _291_/X (sky130_fd_sc_hd__o211a_1)
                                         _220_ (net)
                  0.07    0.00    3.86 v _292_/B1 (sky130_fd_sc_hd__o21ai_1)
     1    0.01    0.22    0.15    4.01 ^ _292_/Y (sky130_fd_sc_hd__o21ai_1)
                                         net22 (net)
                  0.22    0.00    4.01 ^ output22/A (sky130_fd_sc_hd__buf_2)
     1    0.03    0.17    0.26    4.27 ^ output22/X (sky130_fd_sc_hd__buf_2)
                                         out[2] (net)
                  0.17    0.00    4.27 ^ out[2] (out)
                                  4.27   data arrival time

                  0.00   10.00   10.00   clock __VIRTUAL_CLK__ (rise edge)
                          0.00   10.00   clock network delay (ideal)
                         -0.25    9.75   clock uncertainty
                          0.00    9.75   clock reconvergence pessimism
                         -2.00    7.75   output external delay
                                  7.75   data required time
-----------------------------------------------------------------------------
                                  7.75   data required time
                                 -4.27   data arrival time
-----------------------------------------------------------------------------
                                  3.48   slack (MET)


Startpoint: opcode[2] (input port clocked by __VIRTUAL_CLK__)
Endpoint: out[1] (output port clocked by __VIRTUAL_CLK__)
Path Group: __VIRTUAL_CLK__
Path Type: max

Fanout     Cap    Slew   Delay    Time   Description
-----------------------------------------------------------------------------
                  0.00    0.00    0.00   clock __VIRTUAL_CLK__ (rise edge)
                          0.00    0.00   clock network delay (ideal)
                          2.00    2.00 v input external delay
     1    0.00    0.01    0.01    2.01 v opcode[2] (in)
                                         opcode[2] (net)
                  0.01    0.00    2.01 v input19/A (sky130_fd_sc_hd__clkbuf_4)
     9    0.03    0.07    0.17    2.17 v input19/X (sky130_fd_sc_hd__clkbuf_4)
                                         net19 (net)
                  0.07    0.00    2.17 v _246_/A (sky130_fd_sc_hd__or3b_4)
     1    0.00    0.07    0.41    2.59 v _246_/X (sky130_fd_sc_hd__or3b_4)
                                         _176_ (net)
                  0.07    0.00    2.59 v _247_/A (sky130_fd_sc_hd__buf_6)
     8    0.04    0.05    0.16    2.74 v _247_/X (sky130_fd_sc_hd__buf_6)
                                         _177_ (net)
                  0.05    0.00    2.74 v _249_/A2 (sky130_fd_sc_hd__a21oi_1)
     2    0.02    0.37    0.35    3.10 ^ _249_/Y (sky130_fd_sc_hd__a21oi_1)
                                         _179_ (net)
                  0.37    0.00    3.10 ^ _253_/B (sky130_fd_sc_hd__nor3_4)
     3    0.02    0.10    0.12    3.22 v _253_/Y (sky130_fd_sc_hd__nor3_4)
                                         _183_ (net)
                  0.10    0.00    3.22 v _255_/B (sky130_fd_sc_hd__or3_1)
     1    0.00    0.06    0.37    3.59 v _255_/X (sky130_fd_sc_hd__or3_1)
                                         _185_ (net)
                  0.06    0.00    3.59 v _270_/A1 (sky130_fd_sc_hd__a31o_1)
     1    0.01    0.07    0.23    3.82 v _270_/X (sky130_fd_sc_hd__a31o_1)
                                         net21 (net)
                  0.07    0.00    3.82 v output21/A (sky130_fd_sc_hd__buf_2)
     1    0.03    0.09    0.20    4.02 v output21/X (sky130_fd_sc_hd__buf_2)
                                         out[1] (net)
                  0.09    0.00    4.02 v out[1] (out)
                                  4.02   data arrival time

                  0.00   10.00   10.00   clock __VIRTUAL_CLK__ (rise edge)
                          0.00   10.00   clock network delay (ideal)
                         -0.25    9.75   clock uncertainty
                          0.00    9.75   clock reconvergence pessimism
                         -2.00    7.75   output external delay
                                  7.75   data required time
-----------------------------------------------------------------------------
                                  7.75   data required time
                                 -4.02   data arrival time
-----------------------------------------------------------------------------
                                  3.73   slack (MET)


Startpoint: opcode[2] (input port clocked by __VIRTUAL_CLK__)
Endpoint: out[0] (output port clocked by __VIRTUAL_CLK__)
Path Group: __VIRTUAL_CLK__
Path Type: max

Fanout     Cap    Slew   Delay    Time   Description
-----------------------------------------------------------------------------
                  0.00    0.00    0.00   clock __VIRTUAL_CLK__ (rise edge)
                          0.00    0.00   clock network delay (ideal)
                          2.00    2.00 ^ input external delay
     1    0.00    0.02    0.01    2.01 ^ opcode[2] (in)
                                         opcode[2] (net)
                  0.02    0.00    2.01 ^ input19/A (sky130_fd_sc_hd__clkbuf_4)
     9    0.03    0.10    0.18    2.19 ^ input19/X (sky130_fd_sc_hd__clkbuf_4)
                                         net19 (net)
                  0.10    0.00    2.19 ^ _237_/A_N (sky130_fd_sc_hd__and3b_1)
     1    0.00    0.04    0.20    2.39 v _237_/X (sky130_fd_sc_hd__and3b_1)
                                         _168_ (net)
                  0.04    0.00    2.39 v _238_/A (sky130_fd_sc_hd__clkbuf_4)
     8    0.02    0.06    0.17    2.56 v _238_/X (sky130_fd_sc_hd__clkbuf_4)
                                         _169_ (net)
                  0.06    0.00    2.56 v _240_/B1 (sky130_fd_sc_hd__o22a_1)
     1    0.00    0.03    0.18    2.74 v _240_/X (sky130_fd_sc_hd__o22a_1)
                                         _171_ (net)
                  0.03    0.00    2.74 v _244_/A (sky130_fd_sc_hd__or3_1)
     1    0.01    0.08    0.41    3.14 v _244_/X (sky130_fd_sc_hd__or3_1)
                                         _175_ (net)
                  0.08    0.00    3.14 v _245_/A (sky130_fd_sc_hd__buf_1)
     1    0.01    0.08    0.16    3.30 v _245_/X (sky130_fd_sc_hd__buf_1)
                                         net20 (net)
                  0.08    0.00    3.30 v output20/A (sky130_fd_sc_hd__buf_2)
     1    0.03    0.09    0.20    3.51 v output20/X (sky130_fd_sc_hd__buf_2)
                                         out[0] (net)
                  0.09    0.00    3.51 v out[0] (out)
                                  3.51   data arrival time

                  0.00   10.00   10.00   clock __VIRTUAL_CLK__ (rise edge)
                          0.00   10.00   clock network delay (ideal)
                         -0.25    9.75   clock uncertainty
                          0.00    9.75   clock reconvergence pessimism
                         -2.00    7.75   output external delay
                                  7.75   data required time
-----------------------------------------------------------------------------
                                  7.75   data required time
                                 -3.51   data arrival time
-----------------------------------------------------------------------------
                                  4.24   slack (MET)



worst slack corner Typical: 2.7947
max_report_end
checks_report

===========================================================================
report_checks -unconstrained
===========================================================================
======================= Typical Corner ===================================

Startpoint: A[5] (input port clocked by __VIRTUAL_CLK__)
Endpoint: out[7] (output port clocked by __VIRTUAL_CLK__)
Path Group: __VIRTUAL_CLK__
Path Type: max

Fanout     Cap    Slew   Delay    Time   Description
-----------------------------------------------------------------------------
                  0.00    0.00    0.00   clock __VIRTUAL_CLK__ (rise edge)
                          0.00    0.00   clock network delay (ideal)
                          2.00    2.00 ^ input external delay
     1    0.00    0.02    0.01    2.01 ^ A[5] (in)
                                         A[5] (net)
                  0.02    0.00    2.01 ^ input6/A (sky130_fd_sc_hd__buf_4)
     4    0.04    0.11    0.16    2.17 ^ input6/X (sky130_fd_sc_hd__buf_4)
                                         net6 (net)
                  0.11    0.00    2.17 ^ _354_/A (sky130_fd_sc_hd__buf_12)
     5    0.03    0.05    0.13    2.30 ^ _354_/X (sky130_fd_sc_hd__buf_12)
                                         _046_ (net)
                  0.05    0.00    2.30 ^ _360_/D (sky130_fd_sc_hd__nand4_4)
     3    0.01    0.10    0.13    2.43 v _360_/Y (sky130_fd_sc_hd__nand4_4)
                                         _052_ (net)
                  0.10    0.00    2.43 v _363_/A2 (sky130_fd_sc_hd__a21o_1)
     2    0.02    0.08    0.26    2.68 v _363_/X (sky130_fd_sc_hd__a21o_1)
                                         _055_ (net)
                  0.08    0.00    2.68 v _367_/A2 (sky130_fd_sc_hd__a21o_4)
     3    0.02    0.05    0.26    2.95 v _367_/X (sky130_fd_sc_hd__a21o_4)
                                         _059_ (net)
                  0.05    0.00    2.95 v _416_/A2 (sky130_fd_sc_hd__a21bo_4)
     2    0.01    0.04    0.23    3.17 v _416_/X (sky130_fd_sc_hd__a21bo_4)
                                         _107_ (net)
                  0.04    0.00    3.17 v _418_/B1 (sky130_fd_sc_hd__a21o_1)
     2    0.02    0.08    0.21    3.38 v _418_/X (sky130_fd_sc_hd__a21o_1)
                                         _109_ (net)
                  0.08    0.00    3.38 v _419_/A (sky130_fd_sc_hd__and3_4)
     3    0.01    0.04    0.18    3.56 v _419_/X (sky130_fd_sc_hd__and3_4)
                                         _110_ (net)
                  0.04    0.00    3.56 v _421_/C1 (sky130_fd_sc_hd__a211o_4)
     3    0.01    0.06    0.28    3.84 v _421_/X (sky130_fd_sc_hd__a211o_4)
                                         _112_ (net)
                  0.06    0.00    3.84 v _424_/A2 (sky130_fd_sc_hd__a21bo_1)
     2    0.01    0.07    0.24    4.08 v _424_/X (sky130_fd_sc_hd__a21bo_1)
                                         _115_ (net)
                  0.07    0.00    4.08 v _441_/A1 (sky130_fd_sc_hd__a21o_1)
     2    0.01    0.07    0.21    4.29 v _441_/X (sky130_fd_sc_hd__a21o_1)
                                         _131_ (net)
                  0.07    0.00    4.29 v _470_/A2 (sky130_fd_sc_hd__o21a_1)
     1    0.00    0.03    0.18    4.47 v _470_/X (sky130_fd_sc_hd__o21a_1)
                                         _160_ (net)
                  0.03    0.00    4.47 v _474_/A1 (sky130_fd_sc_hd__a21o_1)
     1    0.00    0.03    0.15    4.62 v _474_/X (sky130_fd_sc_hd__a21o_1)
                                         _164_ (net)
                  0.03    0.00    4.62 v _475_/B1 (sky130_fd_sc_hd__a21o_1)
     1    0.01    0.06    0.18    4.80 v _475_/X (sky130_fd_sc_hd__a21o_1)
                                         net27 (net)
                  0.06    0.00    4.80 v output27/A (sky130_fd_sc_hd__buf_6)
     1    0.04    0.05    0.15    4.95 v output27/X (sky130_fd_sc_hd__buf_6)
                                         out[7] (net)
                  0.05    0.00    4.96 v out[7] (out)
                                  4.96   data arrival time

                  0.00   10.00   10.00   clock __VIRTUAL_CLK__ (rise edge)
                          0.00   10.00   clock network delay (ideal)
                         -0.25    9.75   clock uncertainty
                          0.00    9.75   clock reconvergence pessimism
                         -2.00    7.75   output external delay
                                  7.75   data required time
-----------------------------------------------------------------------------
                                  7.75   data required time
                                 -4.96   data arrival time
-----------------------------------------------------------------------------
                                  2.79   slack (MET)




===========================================================================
report_checks --slack_max -0.01
============================================================================
======================= Typical Corner ===================================

No paths found.


===========================================================================
 report_check_types -max_slew -max_cap -max_fanout -violators
============================================================================
======================= Typical Corner ===================================


max slew violations count Typical: 0
max fanout violations count Typical: 0
max cap violations count Typical: 0

===========================================================================
report_parasitic_annotation -report_unannotated
============================================================================
Found 0 unannotated drivers.
Found 200 partially unannotated drivers.
 A[3]
 A[5]
 A[6]
 A[7]
 B[3]
 _234_/X
 _235_/X
 _236_/X
 _237_/X
 _238_/X
 _239_/Y
 _240_/X
 _242_/Y
 _243_/Y
 _245_/X
 _246_/X
 _248_/X
 _250_/X
 _254_/X
 _255_/X
 _256_/Y
 _257_/Y
 _258_/X
 _260_/X
 _261_/Y
 _262_/X
 _263_/Y
 _265_/X
 _266_/X
 _267_/X
 _270_/X
 _272_/X
 _273_/X
 _274_/X
 _275_/X
 _277_/X
 _278_/Y
 _279_/X
 _280_/Y
 _281_/X
 _282_/Y
 _283_/X
 _284_/Y
 _285_/X
 _287_/X
 _289_/Y
 _290_/X
 _293_/X
 _295_/X
 _296_/X
 _297_/Y
 _298_/Y
 _299_/Y
 _300_/Y
 _301_/Y
 _303_/Y
 _304_/Y
 _306_/Y
 _308_/X
 _309_/Y
 _311_/X
 _312_/Y
 _313_/Y
 _314_/X
 _319_/X
 _320_/Y
 _322_/X
 _323_/X
 _325_/Y
 _326_/Y
 _327_/X
 _328_/X
 _329_/X
 _330_/Y
 _331_/X
 _332_/X
 _334_/X
 _335_/Y
 _336_/X
 _337_/X
 _338_/Y
 _340_/X
 _341_/Y
 _343_/Y
 _344_/X
 _345_/Y
 _346_/Y
 _348_/Y
 _349_/X
 _351_/X
 _353_/X
 _354_/X
 _355_/Y
 _356_/X
 _358_/Y
 _359_/Y
 _360_/Y
 _361_/X
 _362_/X
 _363_/X
 _364_/Y
 _365_/X
 _367_/X
 _368_/Y
 _369_/X
 _370_/Y
 _371_/Y
 _372_/X
 _374_/Y
 _375_/Y
 _376_/X
 _379_/X
 _381_/X
 _382_/Y
 _383_/Y
 _384_/X
 _388_/X
 _390_/Y
 _391_/Y
 _392_/X
 _394_/Y
 _395_/X
 _396_/Y
 _397_/Y
 _398_/X
 _399_/X
 _400_/Y
 _403_/X
 _404_/X
 _406_/X
 _407_/Y
 _411_/X
 _412_/Y
 _413_/Y
 _414_/X
 _415_/Y
 _416_/X
 _417_/Y
 _419_/X
 _420_/Y
 _421_/X
 _422_/Y
 _423_/X
 _424_/X
 _425_/X
 _426_/Y
 _427_/X
 _428_/Y
 _429_/Y
 _432_/Y
 _433_/Y
 _434_/X
 _435_/Y
 _436_/X
 _437_/Y
 _438_/X
 _442_/X
 _443_/Y
 _448_/Y
 _449_/X
 _450_/Y
 _455_/X
 _459_/Y
 _460_/Y
 _461_/X
 _463_/Y
 _465_/Y
 _466_/X
 _467_/Y
 _469_/Y
 _470_/X
 _471_/Y
 _473_/X
 _474_/X
 clone11/X
 clone8/X
 clone9/X
 input1/X
 input10/X
 input11/X
 input12/X
 input13/X
 input14/X
 input15/X
 input16/X
 input17/X
 input18/X
 input19/X
 input2/X
 input3/X
 input5/X
 input7/X
 input8/X
 input9/X
 max_cap28/X
 output22/X
 rebuffer1/X
 rebuffer2/X
 rebuffer3/X
 rebuffer7/X

===========================================================================
max slew violation count 0
max fanout violation count 0
max cap violation count 0
============================================================================

===========================================================================
check_setup -verbose -unconstrained_endpoints -multiple_clock -no_clock -no_input_delay -loops -generated_clocks
===========================================================================
checks_report_end
power_report

===========================================================================
 report_power
============================================================================
======================= Typical Corner ===================================

Group                  Internal  Switching    Leakage      Total
                          Power      Power      Power      Power (Watts)
----------------------------------------------------------------
Sequential             0.00e+00   0.00e+00   0.00e+00   0.00e+00   0.0%
Combinational          9.06e-05   1.01e-04   1.27e-09   1.91e-04 100.0%
Clock                  0.00e+00   0.00e+00   3.05e-10   3.05e-10   0.0%
Macro                  0.00e+00   0.00e+00   0.00e+00   0.00e+00   0.0%
Pad                    0.00e+00   0.00e+00   0.00e+00   0.00e+00   0.0%
----------------------------------------------------------------
Total                  9.06e-05   1.01e-04   1.57e-09   1.91e-04 100.0%
                          47.3%      52.7%       0.0%

power_report_end
summary_report

===========================================================================
report_tns
============================================================================
tns 0.00

===========================================================================
report_wns
============================================================================
wns 0.00

===========================================================================
report_worst_slack -max (Setup)
============================================================================
worst slack 2.79

===========================================================================
report_worst_slack -min (Hold)
============================================================================
worst slack 4.22
summary_report_end
area_report

===========================================================================
report_design_area
============================================================================
Design area 2923 u^2 26% utilization.
area_report_end
check_nonpropagated_clocks
__VIRTUAL_CLK__
check_nonpropagated_clocks_end
[WARNING] Did not save OpenROAD database!
Writing SDF to '/openlane/designs/project2/runs/RUN_2025.04.21_19.44.13/results/signoff/project2.sdf'…
Writing timing model to '/openlane/designs/project2/runs/RUN_2025.04.21_19.44.13/results/signoff/project2.lib'…
