
===========================================================================
report_checks -path_delay min (Hold)
============================================================================
======================= Fastest Corner ===================================

Startpoint: A[5] (input port clocked by __VIRTUAL_CLK__)
Endpoint: out[5] (output port clocked by __VIRTUAL_CLK__)
Path Group: __VIRTUAL_CLK__
Path Type: min
Corner: Fastest

Fanout     Cap    Slew   Delay    Time   Description
-----------------------------------------------------------------------------
                  0.00    0.00    0.00   clock __VIRTUAL_CLK__ (rise edge)
                          0.00    0.00   clock network delay (ideal)
                          2.00    2.00 ^ input external delay
     1    0.00    0.02    0.01    2.01 ^ A[5] (in)
                                         A[5] (net)
                  0.02    0.00    2.01 ^ input6/A (sky130_fd_sc_hd__buf_4)
     4    0.05    0.11    0.11    2.12 ^ input6/X (sky130_fd_sc_hd__buf_4)
                                         net6 (net)
                  0.11    0.00    2.13 ^ clone9/A (sky130_fd_sc_hd__clkbuf_16)
     5    0.05    0.05    0.12    2.24 ^ clone9/X (sky130_fd_sc_hd__clkbuf_16)
                                         net37 (net)
                  0.05    0.00    2.25 ^ _391_/A1 (sky130_fd_sc_hd__o211ai_2)
     1    0.03    0.10    0.11    2.35 v _391_/Y (sky130_fd_sc_hd__o211ai_2)
                                         net25 (net)
                  0.10    0.00    2.35 v output25/A (sky130_fd_sc_hd__buf_4)
     1    0.03    0.04    0.13    2.49 v output25/X (sky130_fd_sc_hd__buf_4)
                                         out[5] (net)
                  0.04    0.00    2.49 v out[5] (out)
                                  2.49   data arrival time

                  0.00    0.00    0.00   clock __VIRTUAL_CLK__ (rise edge)
                          0.00    0.00   clock network delay (ideal)
                          0.25    0.25   clock uncertainty
                          0.00    0.25   clock reconvergence pessimism
                         -2.00   -1.75   output external delay
                                 -1.75   data required time
-----------------------------------------------------------------------------
                                 -1.75   data required time
                                 -2.49   data arrival time
-----------------------------------------------------------------------------
                                  4.24   slack (MET)


Startpoint: A[6] (input port clocked by __VIRTUAL_CLK__)
Endpoint: out[6] (output port clocked by __VIRTUAL_CLK__)
Path Group: __VIRTUAL_CLK__
Path Type: min
Corner: Fastest

Fanout     Cap    Slew   Delay    Time   Description
-----------------------------------------------------------------------------
                  0.00    0.00    0.00   clock __VIRTUAL_CLK__ (rise edge)
                          0.00    0.00   clock network delay (ideal)
                          2.00    2.00 ^ input external delay
     1    0.00    0.02    0.01    2.01 ^ A[6] (in)
                                         A[6] (net)
                  0.02    0.00    2.01 ^ input7/A (sky130_fd_sc_hd__clkbuf_8)
    10    0.10    0.13    0.14    2.15 ^ input7/X (sky130_fd_sc_hd__clkbuf_8)
                                         net7 (net)
                  0.13    0.01    2.16 ^ _431_/A1 (sky130_fd_sc_hd__a311o_1)
     1    0.01    0.07    0.13    2.29 ^ _431_/X (sky130_fd_sc_hd__a311o_1)
                                         _122_ (net)
                  0.07    0.00    2.29 ^ _432_/B1 (sky130_fd_sc_hd__a21oi_2)
     1    0.02    0.04    0.04    2.33 v _432_/Y (sky130_fd_sc_hd__a21oi_2)
                                         _123_ (net)
                  0.04    0.00    2.33 v _433_/B1 (sky130_fd_sc_hd__o21ai_2)
     1    0.02    0.09    0.08    2.41 ^ _433_/Y (sky130_fd_sc_hd__o21ai_2)
                                         net26 (net)
                  0.09    0.00    2.41 ^ output26/A (sky130_fd_sc_hd__buf_4)
     1    0.03    0.08    0.11    2.52 ^ output26/X (sky130_fd_sc_hd__buf_4)
                                         out[6] (net)
                  0.08    0.00    2.52 ^ out[6] (out)
                                  2.52   data arrival time

                  0.00    0.00    0.00   clock __VIRTUAL_CLK__ (rise edge)
                          0.00    0.00   clock network delay (ideal)
                          0.25    0.25   clock uncertainty
                          0.00    0.25   clock reconvergence pessimism
                         -2.00   -1.75   output external delay
                                 -1.75   data required time
-----------------------------------------------------------------------------
                                 -1.75   data required time
                                 -2.52   data arrival time
-----------------------------------------------------------------------------
                                  4.27   slack (MET)


Startpoint: opcode[1] (input port clocked by __VIRTUAL_CLK__)
Endpoint: out[7] (output port clocked by __VIRTUAL_CLK__)
Path Group: __VIRTUAL_CLK__
Path Type: min
Corner: Fastest

Fanout     Cap    Slew   Delay    Time   Description
-----------------------------------------------------------------------------
                  0.00    0.00    0.00   clock __VIRTUAL_CLK__ (rise edge)
                          0.00    0.00   clock network delay (ideal)
                          2.00    2.00 ^ input external delay
     1    0.00    0.01    0.01    2.01 ^ opcode[1] (in)
                                         opcode[1] (net)
                  0.01    0.00    2.01 ^ input18/A (sky130_fd_sc_hd__clkbuf_4)
    10    0.07    0.16    0.16    2.17 ^ input18/X (sky130_fd_sc_hd__clkbuf_4)
                                         net18 (net)
                  0.16    0.00    2.17 ^ _256_/B (sky130_fd_sc_hd__nor2_2)
     6    0.05    0.11    0.10    2.27 v _256_/Y (sky130_fd_sc_hd__nor2_2)
                                         _186_ (net)
                  0.11    0.00    2.27 v _475_/A1 (sky130_fd_sc_hd__a21o_1)
     1    0.02    0.06    0.15    2.43 v _475_/X (sky130_fd_sc_hd__a21o_1)
                                         net27 (net)
                  0.06    0.00    2.43 v output27/A (sky130_fd_sc_hd__buf_6)
     1    0.03    0.03    0.10    2.52 v output27/X (sky130_fd_sc_hd__buf_6)
                                         out[7] (net)
                  0.03    0.00    2.53 v out[7] (out)
                                  2.53   data arrival time

                  0.00    0.00    0.00   clock __VIRTUAL_CLK__ (rise edge)
                          0.00    0.00   clock network delay (ideal)
                          0.25    0.25   clock uncertainty
                          0.00    0.25   clock reconvergence pessimism
                         -2.00   -1.75   output external delay
                                 -1.75   data required time
-----------------------------------------------------------------------------
                                 -1.75   data required time
                                 -2.53   data arrival time
-----------------------------------------------------------------------------
                                  4.28   slack (MET)


Startpoint: opcode[1] (input port clocked by __VIRTUAL_CLK__)
Endpoint: out[4] (output port clocked by __VIRTUAL_CLK__)
Path Group: __VIRTUAL_CLK__
Path Type: min
Corner: Fastest

Fanout     Cap    Slew   Delay    Time   Description
-----------------------------------------------------------------------------
                  0.00    0.00    0.00   clock __VIRTUAL_CLK__ (rise edge)
                          0.00    0.00   clock network delay (ideal)
                          2.00    2.00 ^ input external delay
     1    0.00    0.01    0.01    2.01 ^ opcode[1] (in)
                                         opcode[1] (net)
                  0.01    0.00    2.01 ^ input18/A (sky130_fd_sc_hd__clkbuf_4)
    10    0.07    0.16    0.16    2.17 ^ input18/X (sky130_fd_sc_hd__clkbuf_4)
                                         net18 (net)
                  0.16    0.00    2.17 ^ _256_/B (sky130_fd_sc_hd__nor2_2)
     6    0.05    0.11    0.10    2.27 v _256_/Y (sky130_fd_sc_hd__nor2_2)
                                         _186_ (net)
                  0.11    0.00    2.27 v _353_/A1 (sky130_fd_sc_hd__a31o_1)
     1    0.01    0.04    0.15    2.42 v _353_/X (sky130_fd_sc_hd__a31o_1)
                                         net24 (net)
                  0.04    0.00    2.42 v output24/A (sky130_fd_sc_hd__buf_2)
     1    0.03    0.06    0.11    2.53 v output24/X (sky130_fd_sc_hd__buf_2)
                                         out[4] (net)
                  0.06    0.00    2.54 v out[4] (out)
                                  2.54   data arrival time

                  0.00    0.00    0.00   clock __VIRTUAL_CLK__ (rise edge)
                          0.00    0.00   clock network delay (ideal)
                          0.25    0.25   clock uncertainty
                          0.00    0.25   clock reconvergence pessimism
                         -2.00   -1.75   output external delay
                                 -1.75   data required time
-----------------------------------------------------------------------------
                                 -1.75   data required time
                                 -2.54   data arrival time
-----------------------------------------------------------------------------
                                  4.29   slack (MET)


Startpoint: opcode[1] (input port clocked by __VIRTUAL_CLK__)
Endpoint: out[3] (output port clocked by __VIRTUAL_CLK__)
Path Group: __VIRTUAL_CLK__
Path Type: min
Corner: Fastest

Fanout     Cap    Slew   Delay    Time   Description
-----------------------------------------------------------------------------
                  0.00    0.00    0.00   clock __VIRTUAL_CLK__ (rise edge)
                          0.00    0.00   clock network delay (ideal)
                          2.00    2.00 v input external delay
     1    0.00    0.00    0.00    2.00 v opcode[1] (in)
                                         opcode[1] (net)
                  0.00    0.00    2.00 v input18/A (sky130_fd_sc_hd__clkbuf_4)
    10    0.07    0.09    0.13    2.14 v input18/X (sky130_fd_sc_hd__clkbuf_4)
                                         net18 (net)
                  0.09    0.01    2.14 v _266_/B (sky130_fd_sc_hd__and3b_2)
     7    0.05    0.09    0.21    2.35 v _266_/X (sky130_fd_sc_hd__and3b_2)
                                         _196_ (net)
                  0.09    0.00    2.35 v _321_/A1 (sky130_fd_sc_hd__a31o_1)
     1    0.01    0.05    0.16    2.51 v _321_/X (sky130_fd_sc_hd__a31o_1)
                                         net23 (net)
                  0.05    0.00    2.51 v output23/A (sky130_fd_sc_hd__buf_2)
     1    0.03    0.06    0.12    2.63 v output23/X (sky130_fd_sc_hd__buf_2)
                                         out[3] (net)
                  0.06    0.00    2.63 v out[3] (out)
                                  2.63   data arrival time

                  0.00    0.00    0.00   clock __VIRTUAL_CLK__ (rise edge)
                          0.00    0.00   clock network delay (ideal)
                          0.25    0.25   clock uncertainty
                          0.00    0.25   clock reconvergence pessimism
                         -2.00   -1.75   output external delay
                                 -1.75   data required time
-----------------------------------------------------------------------------
                                 -1.75   data required time
                                 -2.63   data arrival time
-----------------------------------------------------------------------------
                                  4.38   slack (MET)


Startpoint: opcode[1] (input port clocked by __VIRTUAL_CLK__)
Endpoint: out[1] (output port clocked by __VIRTUAL_CLK__)
Path Group: __VIRTUAL_CLK__
Path Type: min
Corner: Fastest

Fanout     Cap    Slew   Delay    Time   Description
-----------------------------------------------------------------------------
                  0.00    0.00    0.00   clock __VIRTUAL_CLK__ (rise edge)
                          0.00    0.00   clock network delay (ideal)
                          2.00    2.00 ^ input external delay
     1    0.00    0.01    0.01    2.01 ^ opcode[1] (in)
                                         opcode[1] (net)
                  0.01    0.00    2.01 ^ input18/A (sky130_fd_sc_hd__clkbuf_4)
    10    0.07    0.16    0.16    2.17 ^ input18/X (sky130_fd_sc_hd__clkbuf_4)
                                         net18 (net)
                  0.16    0.00    2.17 ^ _256_/B (sky130_fd_sc_hd__nor2_2)
     6    0.05    0.11    0.10    2.27 v _256_/Y (sky130_fd_sc_hd__nor2_2)
                                         _186_ (net)
                  0.11    0.00    2.27 v _270_/A2 (sky130_fd_sc_hd__a31o_1)
     2    0.03    0.10    0.22    2.49 v _270_/X (sky130_fd_sc_hd__a31o_1)
                                         net21 (net)
                  0.10    0.00    2.50 v output21/A (sky130_fd_sc_hd__buf_2)
     1    0.03    0.06    0.14    2.63 v output21/X (sky130_fd_sc_hd__buf_2)
                                         out[1] (net)
                  0.06    0.00    2.63 v out[1] (out)
                                  2.63   data arrival time

                  0.00    0.00    0.00   clock __VIRTUAL_CLK__ (rise edge)
                          0.00    0.00   clock network delay (ideal)
                          0.25    0.25   clock uncertainty
                          0.00    0.25   clock reconvergence pessimism
                         -2.00   -1.75   output external delay
                                 -1.75   data required time
-----------------------------------------------------------------------------
                                 -1.75   data required time
                                 -2.63   data arrival time
-----------------------------------------------------------------------------
                                  4.38   slack (MET)


Startpoint: opcode[1] (input port clocked by __VIRTUAL_CLK__)
Endpoint: out[2] (output port clocked by __VIRTUAL_CLK__)
Path Group: __VIRTUAL_CLK__
Path Type: min
Corner: Fastest

Fanout     Cap    Slew   Delay    Time   Description
-----------------------------------------------------------------------------
                  0.00    0.00    0.00   clock __VIRTUAL_CLK__ (rise edge)
                          0.00    0.00   clock network delay (ideal)
                          2.00    2.00 v input external delay
     1    0.00    0.00    0.00    2.00 v opcode[1] (in)
                                         opcode[1] (net)
                  0.00    0.00    2.00 v input18/A (sky130_fd_sc_hd__clkbuf_4)
    10    0.07    0.09    0.13    2.14 v input18/X (sky130_fd_sc_hd__clkbuf_4)
                                         net18 (net)
                  0.09    0.01    2.14 v _266_/B (sky130_fd_sc_hd__and3b_2)
     7    0.05    0.09    0.21    2.35 v _266_/X (sky130_fd_sc_hd__and3b_2)
                                         _196_ (net)
                  0.09    0.00    2.35 v _280_/B1 (sky130_fd_sc_hd__o21ai_1)
     1    0.02    0.16    0.15    2.50 ^ _280_/Y (sky130_fd_sc_hd__o21ai_1)
                                         _209_ (net)
                  0.16    0.00    2.50 ^ _292_/A2 (sky130_fd_sc_hd__o21ai_1)
     1    0.02    0.08    0.10    2.60 v _292_/Y (sky130_fd_sc_hd__o21ai_1)
                                         net22 (net)
                  0.08    0.00    2.60 v output22/A (sky130_fd_sc_hd__buf_2)
     1    0.03    0.06    0.13    2.73 v output22/X (sky130_fd_sc_hd__buf_2)
                                         out[2] (net)
                  0.06    0.00    2.73 v out[2] (out)
                                  2.73   data arrival time

                  0.00    0.00    0.00   clock __VIRTUAL_CLK__ (rise edge)
                          0.00    0.00   clock network delay (ideal)
                          0.25    0.25   clock uncertainty
                          0.00    0.25   clock reconvergence pessimism
                         -2.00   -1.75   output external delay
                                 -1.75   data required time
-----------------------------------------------------------------------------
                                 -1.75   data required time
                                 -2.73   data arrival time
-----------------------------------------------------------------------------
                                  4.48   slack (MET)


Startpoint: opcode[0] (input port clocked by __VIRTUAL_CLK__)
Endpoint: out[0] (output port clocked by __VIRTUAL_CLK__)
Path Group: __VIRTUAL_CLK__
Path Type: min
Corner: Fastest

Fanout     Cap    Slew   Delay    Time   Description
-----------------------------------------------------------------------------
                  0.00    0.00    0.00   clock __VIRTUAL_CLK__ (rise edge)
                          0.00    0.00   clock network delay (ideal)
                          2.00    2.00 v input external delay
     1    0.00    0.01    0.00    2.00 v opcode[0] (in)
                                         opcode[0] (net)
                  0.01    0.00    2.00 v input17/A (sky130_fd_sc_hd__buf_4)
     8    0.07    0.07    0.11    2.12 v input17/X (sky130_fd_sc_hd__buf_4)
                                         net17 (net)
                  0.07    0.01    2.13 v _241_/A_N (sky130_fd_sc_hd__and4b_1)
     1    0.01    0.05    0.16    2.29 ^ _241_/X (sky130_fd_sc_hd__and4b_1)
                                         _172_ (net)
                  0.05    0.00    2.29 ^ _244_/B (sky130_fd_sc_hd__or3_1)
     1    0.01    0.08    0.10    2.40 ^ _244_/X (sky130_fd_sc_hd__or3_1)
                                         _175_ (net)
                  0.08    0.00    2.40 ^ _245_/A (sky130_fd_sc_hd__buf_1)
     1    0.03    0.28    0.22    2.61 ^ _245_/X (sky130_fd_sc_hd__buf_1)
                                         net20 (net)
                  0.28    0.00    2.62 ^ output20/A (sky130_fd_sc_hd__buf_2)
     1    0.03    0.13    0.17    2.78 ^ output20/X (sky130_fd_sc_hd__buf_2)
                                         out[0] (net)
                  0.13    0.00    2.78 ^ out[0] (out)
                                  2.78   data arrival time

                  0.00    0.00    0.00   clock __VIRTUAL_CLK__ (rise edge)
                          0.00    0.00   clock network delay (ideal)
                          0.25    0.25   clock uncertainty
                          0.00    0.25   clock reconvergence pessimism
                         -2.00   -1.75   output external delay
                                 -1.75   data required time
-----------------------------------------------------------------------------
                                 -1.75   data required time
                                 -2.78   data arrival time
-----------------------------------------------------------------------------
                                  4.53   slack (MET)



worst slack corner Fastest: 4.2374
======================= Slowest Corner ===================================

Startpoint: opcode[1] (input port clocked by __VIRTUAL_CLK__)
Endpoint: out[7] (output port clocked by __VIRTUAL_CLK__)
Path Group: __VIRTUAL_CLK__
Path Type: min
Corner: Slowest

Fanout     Cap    Slew   Delay    Time   Description
-----------------------------------------------------------------------------
                  0.00    0.00    0.00   clock __VIRTUAL_CLK__ (rise edge)
                          0.00    0.00   clock network delay (ideal)
                          2.00    2.00 ^ input external delay
     1    0.00    0.03    0.02    2.02 ^ opcode[1] (in)
                                         opcode[1] (net)
                  0.03    0.00    2.02 ^ input18/A (sky130_fd_sc_hd__clkbuf_4)
    10    0.07    0.32    0.39    2.41 ^ input18/X (sky130_fd_sc_hd__clkbuf_4)
                                         net18 (net)
                  0.32    0.00    2.41 ^ _256_/B (sky130_fd_sc_hd__nor2_2)
     6    0.05    0.25    0.31    2.72 v _256_/Y (sky130_fd_sc_hd__nor2_2)
                                         _186_ (net)
                  0.25    0.00    2.72 v _475_/A1 (sky130_fd_sc_hd__a21o_1)
     1    0.02    0.16    0.44    3.16 v _475_/X (sky130_fd_sc_hd__a21o_1)
                                         net27 (net)
                  0.16    0.00    3.16 v output27/A (sky130_fd_sc_hd__buf_6)
     1    0.03    0.08    0.28    3.44 v output27/X (sky130_fd_sc_hd__buf_6)
                                         out[7] (net)
                  0.08    0.00    3.44 v out[7] (out)
                                  3.44   data arrival time

                  0.00    0.00    0.00   clock __VIRTUAL_CLK__ (rise edge)
                          0.00    0.00   clock network delay (ideal)
                          0.25    0.25   clock uncertainty
                          0.00    0.25   clock reconvergence pessimism
                         -2.00   -1.75   output external delay
                                 -1.75   data required time
-----------------------------------------------------------------------------
                                 -1.75   data required time
                                 -3.44   data arrival time
-----------------------------------------------------------------------------
                                  5.19   slack (MET)


Startpoint: A[6] (input port clocked by __VIRTUAL_CLK__)
Endpoint: out[6] (output port clocked by __VIRTUAL_CLK__)
Path Group: __VIRTUAL_CLK__
Path Type: min
Corner: Slowest

Fanout     Cap    Slew   Delay    Time   Description
-----------------------------------------------------------------------------
                  0.00    0.00    0.00   clock __VIRTUAL_CLK__ (rise edge)
                          0.00    0.00   clock network delay (ideal)
                          2.00    2.00 ^ input external delay
     1    0.00    0.05    0.02    2.02 ^ A[6] (in)
                                         A[6] (net)
                  0.05    0.00    2.02 ^ input7/A (sky130_fd_sc_hd__clkbuf_8)
    10    0.10    0.27    0.35    2.37 ^ input7/X (sky130_fd_sc_hd__clkbuf_8)
                                         net7 (net)
                  0.27    0.01    2.38 ^ _431_/A1 (sky130_fd_sc_hd__a311o_1)
     1    0.01    0.16    0.43    2.81 ^ _431_/X (sky130_fd_sc_hd__a311o_1)
                                         _122_ (net)
                  0.16    0.00    2.81 ^ _432_/B1 (sky130_fd_sc_hd__a21oi_2)
     1    0.02    0.09    0.13    2.95 v _432_/Y (sky130_fd_sc_hd__a21oi_2)
                                         _123_ (net)
                  0.09    0.00    2.95 v _433_/B1 (sky130_fd_sc_hd__o21ai_2)
     1    0.02    0.20    0.18    3.13 ^ _433_/Y (sky130_fd_sc_hd__o21ai_2)
                                         net26 (net)
                  0.20    0.00    3.13 ^ output26/A (sky130_fd_sc_hd__buf_4)
     1    0.03    0.17    0.32    3.45 ^ output26/X (sky130_fd_sc_hd__buf_4)
                                         out[6] (net)
                  0.17    0.00    3.45 ^ out[6] (out)
                                  3.45   data arrival time

                  0.00    0.00    0.00   clock __VIRTUAL_CLK__ (rise edge)
                          0.00    0.00   clock network delay (ideal)
                          0.25    0.25   clock uncertainty
                          0.00    0.25   clock reconvergence pessimism
                         -2.00   -1.75   output external delay
                                 -1.75   data required time
-----------------------------------------------------------------------------
                                 -1.75   data required time
                                 -3.45   data arrival time
-----------------------------------------------------------------------------
                                  5.20   slack (MET)


Startpoint: A[5] (input port clocked by __VIRTUAL_CLK__)
Endpoint: out[5] (output port clocked by __VIRTUAL_CLK__)
Path Group: __VIRTUAL_CLK__
Path Type: min
Corner: Slowest

Fanout     Cap    Slew   Delay    Time   Description
-----------------------------------------------------------------------------
                  0.00    0.00    0.00   clock __VIRTUAL_CLK__ (rise edge)
                          0.00    0.00   clock network delay (ideal)
                          2.00    2.00 ^ input external delay
     1    0.00    0.04    0.02    2.02 ^ A[5] (in)
                                         A[5] (net)
                  0.04    0.00    2.02 ^ input6/A (sky130_fd_sc_hd__buf_4)
     4    0.05    0.22    0.29    2.31 ^ input6/X (sky130_fd_sc_hd__buf_4)
                                         net6 (net)
                  0.22    0.00    2.31 ^ clone9/A (sky130_fd_sc_hd__clkbuf_16)
     5    0.05    0.11    0.32    2.63 ^ clone9/X (sky130_fd_sc_hd__clkbuf_16)
                                         net37 (net)
                  0.11    0.00    2.63 ^ _391_/A1 (sky130_fd_sc_hd__o211ai_2)
     1    0.03    0.38    0.40    3.03 v _391_/Y (sky130_fd_sc_hd__o211ai_2)
                                         net25 (net)
                  0.38    0.00    3.03 v output25/A (sky130_fd_sc_hd__buf_4)
     1    0.03    0.10    0.43    3.46 v output25/X (sky130_fd_sc_hd__buf_4)
                                         out[5] (net)
                  0.10    0.00    3.46 v out[5] (out)
                                  3.46   data arrival time

                  0.00    0.00    0.00   clock __VIRTUAL_CLK__ (rise edge)
                          0.00    0.00   clock network delay (ideal)
                          0.25    0.25   clock uncertainty
                          0.00    0.25   clock reconvergence pessimism
                         -2.00   -1.75   output external delay
                                 -1.75   data required time
-----------------------------------------------------------------------------
                                 -1.75   data required time
                                 -3.46   data arrival time
-----------------------------------------------------------------------------
                                  5.21   slack (MET)


Startpoint: opcode[1] (input port clocked by __VIRTUAL_CLK__)
Endpoint: out[4] (output port clocked by __VIRTUAL_CLK__)
Path Group: __VIRTUAL_CLK__
Path Type: min
Corner: Slowest

Fanout     Cap    Slew   Delay    Time   Description
-----------------------------------------------------------------------------
                  0.00    0.00    0.00   clock __VIRTUAL_CLK__ (rise edge)
                          0.00    0.00   clock network delay (ideal)
                          2.00    2.00 ^ input external delay
     1    0.00    0.03    0.02    2.02 ^ opcode[1] (in)
                                         opcode[1] (net)
                  0.03    0.00    2.02 ^ input18/A (sky130_fd_sc_hd__clkbuf_4)
    10    0.07    0.32    0.39    2.41 ^ input18/X (sky130_fd_sc_hd__clkbuf_4)
                                         net18 (net)
                  0.32    0.00    2.41 ^ _256_/B (sky130_fd_sc_hd__nor2_2)
     6    0.05    0.25    0.31    2.72 v _256_/Y (sky130_fd_sc_hd__nor2_2)
                                         _186_ (net)
                  0.25    0.00    2.72 v _353_/A1 (sky130_fd_sc_hd__a31o_1)
     1    0.01    0.11    0.42    3.14 v _353_/X (sky130_fd_sc_hd__a31o_1)
                                         net24 (net)
                  0.11    0.00    3.15 v output24/A (sky130_fd_sc_hd__buf_2)
     1    0.03    0.17    0.34    3.49 v output24/X (sky130_fd_sc_hd__buf_2)
                                         out[4] (net)
                  0.17    0.00    3.49 v out[4] (out)
                                  3.49   data arrival time

                  0.00    0.00    0.00   clock __VIRTUAL_CLK__ (rise edge)
                          0.00    0.00   clock network delay (ideal)
                          0.25    0.25   clock uncertainty
                          0.00    0.25   clock reconvergence pessimism
                         -2.00   -1.75   output external delay
                                 -1.75   data required time
-----------------------------------------------------------------------------
                                 -1.75   data required time
                                 -3.49   data arrival time
-----------------------------------------------------------------------------
                                  5.24   slack (MET)


Startpoint: opcode[1] (input port clocked by __VIRTUAL_CLK__)
Endpoint: out[1] (output port clocked by __VIRTUAL_CLK__)
Path Group: __VIRTUAL_CLK__
Path Type: min
Corner: Slowest

Fanout     Cap    Slew   Delay    Time   Description
-----------------------------------------------------------------------------
                  0.00    0.00    0.00   clock __VIRTUAL_CLK__ (rise edge)
                          0.00    0.00   clock network delay (ideal)
                          2.00    2.00 ^ input external delay
     1    0.00    0.03    0.02    2.02 ^ opcode[1] (in)
                                         opcode[1] (net)
                  0.03    0.00    2.02 ^ input18/A (sky130_fd_sc_hd__clkbuf_4)
    10    0.07    0.32    0.39    2.41 ^ input18/X (sky130_fd_sc_hd__clkbuf_4)
                                         net18 (net)
                  0.32    0.00    2.41 ^ _256_/B (sky130_fd_sc_hd__nor2_2)
     6    0.05    0.25    0.31    2.72 v _256_/Y (sky130_fd_sc_hd__nor2_2)
                                         _186_ (net)
                  0.25    0.00    2.72 v _270_/A2 (sky130_fd_sc_hd__a31o_1)
     2    0.03    0.27    0.61    3.33 v _270_/X (sky130_fd_sc_hd__a31o_1)
                                         net21 (net)
                  0.27    0.00    3.33 v output21/A (sky130_fd_sc_hd__buf_2)
     1    0.03    0.17    0.42    3.75 v output21/X (sky130_fd_sc_hd__buf_2)
                                         out[1] (net)
                  0.17    0.00    3.75 v out[1] (out)
                                  3.75   data arrival time

                  0.00    0.00    0.00   clock __VIRTUAL_CLK__ (rise edge)
                          0.00    0.00   clock network delay (ideal)
                          0.25    0.25   clock uncertainty
                          0.00    0.25   clock reconvergence pessimism
                         -2.00   -1.75   output external delay
                                 -1.75   data required time
-----------------------------------------------------------------------------
                                 -1.75   data required time
                                 -3.75   data arrival time
-----------------------------------------------------------------------------
                                  5.50   slack (MET)


Startpoint: opcode[1] (input port clocked by __VIRTUAL_CLK__)
Endpoint: out[3] (output port clocked by __VIRTUAL_CLK__)
Path Group: __VIRTUAL_CLK__
Path Type: min
Corner: Slowest

Fanout     Cap    Slew   Delay    Time   Description
-----------------------------------------------------------------------------
                  0.00    0.00    0.00   clock __VIRTUAL_CLK__ (rise edge)
                          0.00    0.00   clock network delay (ideal)
                          2.00    2.00 v input external delay
     1    0.00    0.02    0.01    2.01 v opcode[1] (in)
                                         opcode[1] (net)
                  0.02    0.00    2.01 v input18/A (sky130_fd_sc_hd__clkbuf_4)
    10    0.06    0.23    0.35    2.36 v input18/X (sky130_fd_sc_hd__clkbuf_4)
                                         net18 (net)
                  0.24    0.01    2.37 v _266_/B (sky130_fd_sc_hd__and3b_2)
     7    0.05    0.25    0.65    3.02 v _266_/X (sky130_fd_sc_hd__and3b_2)
                                         _196_ (net)
                  0.25    0.00    3.02 v _321_/A1 (sky130_fd_sc_hd__a31o_1)
     1    0.01    0.14    0.46    3.48 v _321_/X (sky130_fd_sc_hd__a31o_1)
                                         net23 (net)
                  0.14    0.00    3.48 v output23/A (sky130_fd_sc_hd__buf_2)
     1    0.03    0.17    0.36    3.85 v output23/X (sky130_fd_sc_hd__buf_2)
                                         out[3] (net)
                  0.17    0.00    3.85 v out[3] (out)
                                  3.85   data arrival time

                  0.00    0.00    0.00   clock __VIRTUAL_CLK__ (rise edge)
                          0.00    0.00   clock network delay (ideal)
                          0.25    0.25   clock uncertainty
                          0.00    0.25   clock reconvergence pessimism
                         -2.00   -1.75   output external delay
                                 -1.75   data required time
-----------------------------------------------------------------------------
                                 -1.75   data required time
                                 -3.85   data arrival time
-----------------------------------------------------------------------------
                                  5.60   slack (MET)


Startpoint: opcode[1] (input port clocked by __VIRTUAL_CLK__)
Endpoint: out[2] (output port clocked by __VIRTUAL_CLK__)
Path Group: __VIRTUAL_CLK__
Path Type: min
Corner: Slowest

Fanout     Cap    Slew   Delay    Time   Description
-----------------------------------------------------------------------------
                  0.00    0.00    0.00   clock __VIRTUAL_CLK__ (rise edge)
                          0.00    0.00   clock network delay (ideal)
                          2.00    2.00 v input external delay
     1    0.00    0.02    0.01    2.01 v opcode[1] (in)
                                         opcode[1] (net)
                  0.02    0.00    2.01 v input18/A (sky130_fd_sc_hd__clkbuf_4)
    10    0.06    0.23    0.35    2.36 v input18/X (sky130_fd_sc_hd__clkbuf_4)
                                         net18 (net)
                  0.24    0.01    2.37 v _266_/B (sky130_fd_sc_hd__and3b_2)
     7    0.05    0.25    0.65    3.02 v _266_/X (sky130_fd_sc_hd__and3b_2)
                                         _196_ (net)
                  0.25    0.00    3.02 v _280_/B1 (sky130_fd_sc_hd__o21ai_1)
     1    0.02    0.41    0.40    3.42 ^ _280_/Y (sky130_fd_sc_hd__o21ai_1)
                                         _209_ (net)
                  0.41    0.00    3.42 ^ _292_/A2 (sky130_fd_sc_hd__o21ai_1)
     1    0.02    0.28    0.37    3.79 v _292_/Y (sky130_fd_sc_hd__o21ai_1)
                                         net22 (net)
                  0.28    0.00    3.79 v output22/A (sky130_fd_sc_hd__buf_2)
     1    0.03    0.17    0.43    4.22 v output22/X (sky130_fd_sc_hd__buf_2)
                                         out[2] (net)
                  0.17    0.00    4.22 v out[2] (out)
                                  4.22   data arrival time

                  0.00    0.00    0.00   clock __VIRTUAL_CLK__ (rise edge)
                          0.00    0.00   clock network delay (ideal)
                          0.25    0.25   clock uncertainty
                          0.00    0.25   clock reconvergence pessimism
                         -2.00   -1.75   output external delay
                                 -1.75   data required time
-----------------------------------------------------------------------------
                                 -1.75   data required time
                                 -4.22   data arrival time
-----------------------------------------------------------------------------
                                  5.97   slack (MET)


Startpoint: opcode[1] (input port clocked by __VIRTUAL_CLK__)
Endpoint: out[0] (output port clocked by __VIRTUAL_CLK__)
Path Group: __VIRTUAL_CLK__
Path Type: min
Corner: Slowest

Fanout     Cap    Slew   Delay    Time   Description
-----------------------------------------------------------------------------
                  0.00    0.00    0.00   clock __VIRTUAL_CLK__ (rise edge)
                          0.00    0.00   clock network delay (ideal)
                          2.00    2.00 ^ input external delay
     1    0.00    0.03    0.02    2.02 ^ opcode[1] (in)
                                         opcode[1] (net)
                  0.03    0.00    2.02 ^ input18/A (sky130_fd_sc_hd__clkbuf_4)
    10    0.07    0.32    0.39    2.41 ^ input18/X (sky130_fd_sc_hd__clkbuf_4)
                                         net18 (net)
                  0.32    0.01    2.42 ^ _241_/B (sky130_fd_sc_hd__and4b_1)
     1    0.01    0.13    0.46    2.88 ^ _241_/X (sky130_fd_sc_hd__and4b_1)
                                         _172_ (net)
                  0.13    0.00    2.88 ^ _244_/B (sky130_fd_sc_hd__or3_1)
     1    0.01    0.18    0.27    3.15 ^ _244_/X (sky130_fd_sc_hd__or3_1)
                                         _175_ (net)
                  0.18    0.00    3.15 ^ _245_/A (sky130_fd_sc_hd__buf_1)
     1    0.03    0.60    0.54    3.69 ^ _245_/X (sky130_fd_sc_hd__buf_1)
                                         net20 (net)
                  0.60    0.00    3.69 ^ output20/A (sky130_fd_sc_hd__buf_2)
     1    0.03    0.27    0.53    4.22 ^ output20/X (sky130_fd_sc_hd__buf_2)
                                         out[0] (net)
                  0.27    0.00    4.22 ^ out[0] (out)
                                  4.22   data arrival time

                  0.00    0.00    0.00   clock __VIRTUAL_CLK__ (rise edge)
                          0.00    0.00   clock network delay (ideal)
                          0.25    0.25   clock uncertainty
                          0.00    0.25   clock reconvergence pessimism
                         -2.00   -1.75   output external delay
                                 -1.75   data required time
-----------------------------------------------------------------------------
                                 -1.75   data required time
                                 -4.22   data arrival time
-----------------------------------------------------------------------------
                                  5.97   slack (MET)



worst slack corner Slowest: 5.1905
======================= Typical Corner ===================================

Startpoint: A[5] (input port clocked by __VIRTUAL_CLK__)
Endpoint: out[5] (output port clocked by __VIRTUAL_CLK__)
Path Group: __VIRTUAL_CLK__
Path Type: min
Corner: Typical

Fanout     Cap    Slew   Delay    Time   Description
-----------------------------------------------------------------------------
                  0.00    0.00    0.00   clock __VIRTUAL_CLK__ (rise edge)
                          0.00    0.00   clock network delay (ideal)
                          2.00    2.00 ^ input external delay
     1    0.00    0.02    0.01    2.01 ^ A[5] (in)
                                         A[5] (net)
                  0.02    0.00    2.01 ^ input6/A (sky130_fd_sc_hd__buf_4)
     4    0.05    0.14    0.16    2.18 ^ input6/X (sky130_fd_sc_hd__buf_4)
                                         net6 (net)
                  0.14    0.00    2.18 ^ clone9/A (sky130_fd_sc_hd__clkbuf_16)
     5    0.05    0.07    0.17    2.36 ^ clone9/X (sky130_fd_sc_hd__clkbuf_16)
                                         net37 (net)
                  0.07    0.00    2.36 ^ _391_/A1 (sky130_fd_sc_hd__o211ai_2)
     1    0.03    0.18    0.18    2.54 v _391_/Y (sky130_fd_sc_hd__o211ai_2)
                                         net25 (net)
                  0.18    0.00    2.54 v output25/A (sky130_fd_sc_hd__buf_4)
     1    0.03    0.06    0.22    2.75 v output25/X (sky130_fd_sc_hd__buf_4)
                                         out[5] (net)
                  0.06    0.00    2.75 v out[5] (out)
                                  2.75   data arrival time

                  0.00    0.00    0.00   clock __VIRTUAL_CLK__ (rise edge)
                          0.00    0.00   clock network delay (ideal)
                          0.25    0.25   clock uncertainty
                          0.00    0.25   clock reconvergence pessimism
                         -2.00   -1.75   output external delay
                                 -1.75   data required time
-----------------------------------------------------------------------------
                                 -1.75   data required time
                                 -2.75   data arrival time
-----------------------------------------------------------------------------
                                  4.50   slack (MET)


Startpoint: opcode[1] (input port clocked by __VIRTUAL_CLK__)
Endpoint: out[7] (output port clocked by __VIRTUAL_CLK__)
Path Group: __VIRTUAL_CLK__
Path Type: min
Corner: Typical

Fanout     Cap    Slew   Delay    Time   Description
-----------------------------------------------------------------------------
                  0.00    0.00    0.00   clock __VIRTUAL_CLK__ (rise edge)
                          0.00    0.00   clock network delay (ideal)
                          2.00    2.00 ^ input external delay
     1    0.00    0.02    0.01    2.01 ^ opcode[1] (in)
                                         opcode[1] (net)
                  0.02    0.00    2.01 ^ input18/A (sky130_fd_sc_hd__clkbuf_4)
    10    0.07    0.21    0.23    2.24 ^ input18/X (sky130_fd_sc_hd__clkbuf_4)
                                         net18 (net)
                  0.21    0.00    2.24 ^ _256_/B (sky130_fd_sc_hd__nor2_2)
     6    0.05    0.14    0.16    2.40 v _256_/Y (sky130_fd_sc_hd__nor2_2)
                                         _186_ (net)
                  0.14    0.00    2.41 v _475_/A1 (sky130_fd_sc_hd__a21o_1)
     1    0.02    0.09    0.23    2.64 v _475_/X (sky130_fd_sc_hd__a21o_1)
                                         net27 (net)
                  0.09    0.00    2.64 v output27/A (sky130_fd_sc_hd__buf_6)
     1    0.03    0.04    0.15    2.79 v output27/X (sky130_fd_sc_hd__buf_6)
                                         out[7] (net)
                  0.04    0.00    2.79 v out[7] (out)
                                  2.79   data arrival time

                  0.00    0.00    0.00   clock __VIRTUAL_CLK__ (rise edge)
                          0.00    0.00   clock network delay (ideal)
                          0.25    0.25   clock uncertainty
                          0.00    0.25   clock reconvergence pessimism
                         -2.00   -1.75   output external delay
                                 -1.75   data required time
-----------------------------------------------------------------------------
                                 -1.75   data required time
                                 -2.79   data arrival time
-----------------------------------------------------------------------------
                                  4.54   slack (MET)


Startpoint: A[6] (input port clocked by __VIRTUAL_CLK__)
Endpoint: out[6] (output port clocked by __VIRTUAL_CLK__)
Path Group: __VIRTUAL_CLK__
Path Type: min
Corner: Typical

Fanout     Cap    Slew   Delay    Time   Description
-----------------------------------------------------------------------------
                  0.00    0.00    0.00   clock __VIRTUAL_CLK__ (rise edge)
                          0.00    0.00   clock network delay (ideal)
                          2.00    2.00 ^ input external delay
     1    0.00    0.03    0.02    2.02 ^ A[6] (in)
                                         A[6] (net)
                  0.03    0.00    2.02 ^ input7/A (sky130_fd_sc_hd__clkbuf_8)
    10    0.10    0.18    0.20    2.22 ^ input7/X (sky130_fd_sc_hd__clkbuf_8)
                                         net7 (net)
                  0.18    0.01    2.22 ^ _431_/A1 (sky130_fd_sc_hd__a311o_1)
     1    0.01    0.10    0.21    2.44 ^ _431_/X (sky130_fd_sc_hd__a311o_1)
                                         _122_ (net)
                  0.10    0.00    2.44 ^ _432_/B1 (sky130_fd_sc_hd__a21oi_2)
     1    0.02    0.06    0.07    2.50 v _432_/Y (sky130_fd_sc_hd__a21oi_2)
                                         _123_ (net)
                  0.06    0.00    2.50 v _433_/B1 (sky130_fd_sc_hd__o21ai_2)
     1    0.02    0.13    0.11    2.61 ^ _433_/Y (sky130_fd_sc_hd__o21ai_2)
                                         net26 (net)
                  0.13    0.00    2.61 ^ output26/A (sky130_fd_sc_hd__buf_4)
     1    0.03    0.10    0.18    2.79 ^ output26/X (sky130_fd_sc_hd__buf_4)
                                         out[6] (net)
                  0.10    0.00    2.79 ^ out[6] (out)
                                  2.79   data arrival time

                  0.00    0.00    0.00   clock __VIRTUAL_CLK__ (rise edge)
                          0.00    0.00   clock network delay (ideal)
                          0.25    0.25   clock uncertainty
                          0.00    0.25   clock reconvergence pessimism
                         -2.00   -1.75   output external delay
                                 -1.75   data required time
-----------------------------------------------------------------------------
                                 -1.75   data required time
                                 -2.79   data arrival time
-----------------------------------------------------------------------------
                                  4.54   slack (MET)


Startpoint: opcode[1] (input port clocked by __VIRTUAL_CLK__)
Endpoint: out[4] (output port clocked by __VIRTUAL_CLK__)
Path Group: __VIRTUAL_CLK__
Path Type: min
Corner: Typical

Fanout     Cap    Slew   Delay    Time   Description
-----------------------------------------------------------------------------
                  0.00    0.00    0.00   clock __VIRTUAL_CLK__ (rise edge)
                          0.00    0.00   clock network delay (ideal)
                          2.00    2.00 ^ input external delay
     1    0.00    0.02    0.01    2.01 ^ opcode[1] (in)
                                         opcode[1] (net)
                  0.02    0.00    2.01 ^ input18/A (sky130_fd_sc_hd__clkbuf_4)
    10    0.07    0.21    0.23    2.24 ^ input18/X (sky130_fd_sc_hd__clkbuf_4)
                                         net18 (net)
                  0.21    0.00    2.24 ^ _256_/B (sky130_fd_sc_hd__nor2_2)
     6    0.05    0.14    0.16    2.40 v _256_/Y (sky130_fd_sc_hd__nor2_2)
                                         _186_ (net)
                  0.14    0.00    2.41 v _353_/A1 (sky130_fd_sc_hd__a31o_1)
     1    0.01    0.06    0.23    2.63 v _353_/X (sky130_fd_sc_hd__a31o_1)
                                         net24 (net)
                  0.06    0.00    2.63 v output24/A (sky130_fd_sc_hd__buf_2)
     1    0.03    0.09    0.18    2.81 v output24/X (sky130_fd_sc_hd__buf_2)
                                         out[4] (net)
                  0.09    0.00    2.81 v out[4] (out)
                                  2.81   data arrival time

                  0.00    0.00    0.00   clock __VIRTUAL_CLK__ (rise edge)
                          0.00    0.00   clock network delay (ideal)
                          0.25    0.25   clock uncertainty
                          0.00    0.25   clock reconvergence pessimism
                         -2.00   -1.75   output external delay
                                 -1.75   data required time
-----------------------------------------------------------------------------
                                 -1.75   data required time
                                 -2.81   data arrival time
-----------------------------------------------------------------------------
                                  4.56   slack (MET)


Startpoint: opcode[1] (input port clocked by __VIRTUAL_CLK__)
Endpoint: out[1] (output port clocked by __VIRTUAL_CLK__)
Path Group: __VIRTUAL_CLK__
Path Type: min
Corner: Typical

Fanout     Cap    Slew   Delay    Time   Description
-----------------------------------------------------------------------------
                  0.00    0.00    0.00   clock __VIRTUAL_CLK__ (rise edge)
                          0.00    0.00   clock network delay (ideal)
                          2.00    2.00 ^ input external delay
     1    0.00    0.02    0.01    2.01 ^ opcode[1] (in)
                                         opcode[1] (net)
                  0.02    0.00    2.01 ^ input18/A (sky130_fd_sc_hd__clkbuf_4)
    10    0.07    0.21    0.23    2.24 ^ input18/X (sky130_fd_sc_hd__clkbuf_4)
                                         net18 (net)
                  0.21    0.00    2.24 ^ _256_/B (sky130_fd_sc_hd__nor2_2)
     6    0.05    0.14    0.16    2.40 v _256_/Y (sky130_fd_sc_hd__nor2_2)
                                         _186_ (net)
                  0.14    0.00    2.41 v _270_/A2 (sky130_fd_sc_hd__a31o_1)
     2    0.03    0.14    0.33    2.74 v _270_/X (sky130_fd_sc_hd__a31o_1)
                                         net21 (net)
                  0.14    0.00    2.74 v output21/A (sky130_fd_sc_hd__buf_2)
     1    0.03    0.09    0.21    2.95 v output21/X (sky130_fd_sc_hd__buf_2)
                                         out[1] (net)
                  0.09    0.00    2.95 v out[1] (out)
                                  2.95   data arrival time

                  0.00    0.00    0.00   clock __VIRTUAL_CLK__ (rise edge)
                          0.00    0.00   clock network delay (ideal)
                          0.25    0.25   clock uncertainty
                          0.00    0.25   clock reconvergence pessimism
                         -2.00   -1.75   output external delay
                                 -1.75   data required time
-----------------------------------------------------------------------------
                                 -1.75   data required time
                                 -2.95   data arrival time
-----------------------------------------------------------------------------
                                  4.70   slack (MET)


Startpoint: opcode[1] (input port clocked by __VIRTUAL_CLK__)
Endpoint: out[3] (output port clocked by __VIRTUAL_CLK__)
Path Group: __VIRTUAL_CLK__
Path Type: min
Corner: Typical

Fanout     Cap    Slew   Delay    Time   Description
-----------------------------------------------------------------------------
                  0.00    0.00    0.00   clock __VIRTUAL_CLK__ (rise edge)
                          0.00    0.00   clock network delay (ideal)
                          2.00    2.00 v input external delay
     1    0.00    0.01    0.00    2.00 v opcode[1] (in)
                                         opcode[1] (net)
                  0.01    0.00    2.00 v input18/A (sky130_fd_sc_hd__clkbuf_4)
    10    0.06    0.13    0.20    2.20 v input18/X (sky130_fd_sc_hd__clkbuf_4)
                                         net18 (net)
                  0.13    0.01    2.21 v _266_/B (sky130_fd_sc_hd__and3b_2)
     7    0.05    0.13    0.32    2.53 v _266_/X (sky130_fd_sc_hd__and3b_2)
                                         _196_ (net)
                  0.13    0.00    2.53 v _321_/A1 (sky130_fd_sc_hd__a31o_1)
     1    0.01    0.08    0.24    2.77 v _321_/X (sky130_fd_sc_hd__a31o_1)
                                         net23 (net)
                  0.08    0.00    2.77 v output23/A (sky130_fd_sc_hd__buf_2)
     1    0.03    0.09    0.19    2.95 v output23/X (sky130_fd_sc_hd__buf_2)
                                         out[3] (net)
                  0.09    0.00    2.95 v out[3] (out)
                                  2.95   data arrival time

                  0.00    0.00    0.00   clock __VIRTUAL_CLK__ (rise edge)
                          0.00    0.00   clock network delay (ideal)
                          0.25    0.25   clock uncertainty
                          0.00    0.25   clock reconvergence pessimism
                         -2.00   -1.75   output external delay
                                 -1.75   data required time
-----------------------------------------------------------------------------
                                 -1.75   data required time
                                 -2.95   data arrival time
-----------------------------------------------------------------------------
                                  4.70   slack (MET)


Startpoint: opcode[1] (input port clocked by __VIRTUAL_CLK__)
Endpoint: out[2] (output port clocked by __VIRTUAL_CLK__)
Path Group: __VIRTUAL_CLK__
Path Type: min
Corner: Typical

Fanout     Cap    Slew   Delay    Time   Description
-----------------------------------------------------------------------------
                  0.00    0.00    0.00   clock __VIRTUAL_CLK__ (rise edge)
                          0.00    0.00   clock network delay (ideal)
                          2.00    2.00 v input external delay
     1    0.00    0.01    0.00    2.00 v opcode[1] (in)
                                         opcode[1] (net)
                  0.01    0.00    2.00 v input18/A (sky130_fd_sc_hd__clkbuf_4)
    10    0.06    0.13    0.20    2.20 v input18/X (sky130_fd_sc_hd__clkbuf_4)
                                         net18 (net)
                  0.13    0.01    2.21 v _266_/B (sky130_fd_sc_hd__and3b_2)
     7    0.05    0.13    0.32    2.53 v _266_/X (sky130_fd_sc_hd__and3b_2)
                                         _196_ (net)
                  0.13    0.00    2.53 v _280_/B1 (sky130_fd_sc_hd__o21ai_1)
     1    0.02    0.24    0.22    2.74 ^ _280_/Y (sky130_fd_sc_hd__o21ai_1)
                                         _209_ (net)
                  0.24    0.00    2.75 ^ _292_/A2 (sky130_fd_sc_hd__o21ai_1)
     1    0.02    0.13    0.17    2.91 v _292_/Y (sky130_fd_sc_hd__o21ai_1)
                                         net22 (net)
                  0.13    0.00    2.92 v output22/A (sky130_fd_sc_hd__buf_2)
     1    0.03    0.09    0.21    3.12 v output22/X (sky130_fd_sc_hd__buf_2)
                                         out[2] (net)
                  0.09    0.00    3.13 v out[2] (out)
                                  3.13   data arrival time

                  0.00    0.00    0.00   clock __VIRTUAL_CLK__ (rise edge)
                          0.00    0.00   clock network delay (ideal)
                          0.25    0.25   clock uncertainty
                          0.00    0.25   clock reconvergence pessimism
                         -2.00   -1.75   output external delay
                                 -1.75   data required time
-----------------------------------------------------------------------------
                                 -1.75   data required time
                                 -3.13   data arrival time
-----------------------------------------------------------------------------
                                  4.88   slack (MET)


Startpoint: opcode[0] (input port clocked by __VIRTUAL_CLK__)
Endpoint: out[0] (output port clocked by __VIRTUAL_CLK__)
Path Group: __VIRTUAL_CLK__
Path Type: min
Corner: Typical

Fanout     Cap    Slew   Delay    Time   Description
-----------------------------------------------------------------------------
                  0.00    0.00    0.00   clock __VIRTUAL_CLK__ (rise edge)
                          0.00    0.00   clock network delay (ideal)
                          2.00    2.00 v input external delay
     1    0.00    0.01    0.00    2.00 v opcode[0] (in)
                                         opcode[0] (net)
                  0.01    0.00    2.00 v input17/A (sky130_fd_sc_hd__buf_4)
     8    0.07    0.10    0.17    2.18 v input17/X (sky130_fd_sc_hd__buf_4)
                                         net17 (net)
                  0.10    0.01    2.19 v _241_/A_N (sky130_fd_sc_hd__and4b_1)
     1    0.01    0.08    0.26    2.45 ^ _241_/X (sky130_fd_sc_hd__and4b_1)
                                         _172_ (net)
                  0.08    0.00    2.45 ^ _244_/B (sky130_fd_sc_hd__or3_1)
     1    0.01    0.11    0.15    2.60 ^ _244_/X (sky130_fd_sc_hd__or3_1)
                                         _175_ (net)
                  0.11    0.00    2.60 ^ _245_/A (sky130_fd_sc_hd__buf_1)
     1    0.03    0.38    0.31    2.91 ^ _245_/X (sky130_fd_sc_hd__buf_1)
                                         net20 (net)
                  0.38    0.00    2.92 ^ output20/A (sky130_fd_sc_hd__buf_2)
     1    0.03    0.17    0.27    3.19 ^ output20/X (sky130_fd_sc_hd__buf_2)
                                         out[0] (net)
                  0.17    0.00    3.19 ^ out[0] (out)
                                  3.19   data arrival time

                  0.00    0.00    0.00   clock __VIRTUAL_CLK__ (rise edge)
                          0.00    0.00   clock network delay (ideal)
                          0.25    0.25   clock uncertainty
                          0.00    0.25   clock reconvergence pessimism
                         -2.00   -1.75   output external delay
                                 -1.75   data required time
-----------------------------------------------------------------------------
                                 -1.75   data required time
                                 -3.19   data arrival time
-----------------------------------------------------------------------------
                                  4.94   slack (MET)



worst slack corner Typical: 4.5031
