
===========================================================================
report_checks -path_delay max (Setup)
============================================================================
======================= Fastest Corner ===================================

Startpoint: A[2] (input port clocked by __VIRTUAL_CLK__)
Endpoint: out[6] (output port clocked by __VIRTUAL_CLK__)
Path Group: __VIRTUAL_CLK__
Path Type: max
Corner: Fastest

Fanout     Cap    Slew   Delay    Time   Description
-----------------------------------------------------------------------------
                  0.00    0.00    0.00   clock __VIRTUAL_CLK__ (rise edge)
                          0.00    0.00   clock network delay (ideal)
                          2.00    2.00 ^ input external delay
     1    0.00    0.02    0.01    2.01 ^ A[2] (in)
                                         A[2] (net)
                  0.02    0.00    2.01 ^ input3/A (sky130_fd_sc_hd__clkbuf_4)
     6    0.06    0.14    0.17    2.18 ^ input3/X (sky130_fd_sc_hd__clkbuf_4)
                                         net3 (net)
                  0.14    0.00    2.18 ^ _275_/A (sky130_fd_sc_hd__buf_12)
    11    0.10    0.10    0.13    2.31 ^ _275_/X (sky130_fd_sc_hd__buf_12)
                                         _204_ (net)
                  0.10    0.01    2.31 ^ _411_/A (sky130_fd_sc_hd__and4_1)
     2    0.03    0.19    0.23    2.55 ^ _411_/X (sky130_fd_sc_hd__and4_1)
                                         _102_ (net)
                  0.19    0.00    2.55 ^ _412_/B (sky130_fd_sc_hd__nor2_2)
     2    0.03    0.08    0.07    2.62 v _412_/Y (sky130_fd_sc_hd__nor2_2)
                                         _103_ (net)
                  0.08    0.00    2.62 v _413_/B (sky130_fd_sc_hd__xnor2_2)
     2    0.01    0.16    0.16    2.79 ^ _413_/Y (sky130_fd_sc_hd__xnor2_2)
                                         _104_ (net)
                  0.16    0.00    2.79 ^ _414_/B1 (sky130_fd_sc_hd__a21o_1)
     2    0.05    0.30    0.25    3.04 ^ _414_/X (sky130_fd_sc_hd__a21o_1)
                                         _105_ (net)
                  0.30    0.00    3.04 ^ _417_/A (sky130_fd_sc_hd__nand3_2)
     3    0.04    0.19    0.20    3.24 v _417_/Y (sky130_fd_sc_hd__nand3_2)
                                         _108_ (net)
                  0.19    0.00    3.25 v _419_/B (sky130_fd_sc_hd__and3_4)
     3    0.03    0.05    0.21    3.46 v _419_/X (sky130_fd_sc_hd__and3_4)
                                         _110_ (net)
                  0.05    0.00    3.46 v _422_/A1 (sky130_fd_sc_hd__o211ai_2)
     2    0.03    0.26    0.25    3.72 ^ _422_/Y (sky130_fd_sc_hd__o211ai_2)
                                         _113_ (net)
                  0.26    0.00    3.72 ^ _423_/C (sky130_fd_sc_hd__and3b_1)
     2    0.03    0.22    0.26    3.98 ^ _423_/X (sky130_fd_sc_hd__and3b_1)
                                         _114_ (net)
                  0.22    0.00    3.98 ^ _425_/A_N (sky130_fd_sc_hd__and2b_1)
     2    0.02    0.07    0.18    4.16 v _425_/X (sky130_fd_sc_hd__and2b_1)
                                         _116_ (net)
                  0.07    0.00    4.16 v _427_/A2 (sky130_fd_sc_hd__o21a_1)
     1    0.02    0.09    0.19    4.34 v _427_/X (sky130_fd_sc_hd__o21a_1)
                                         _118_ (net)
                  0.09    0.00    4.34 v _432_/A1 (sky130_fd_sc_hd__a21oi_2)
     1    0.02    0.18    0.19    4.54 ^ _432_/Y (sky130_fd_sc_hd__a21oi_2)
                                         _123_ (net)
                  0.18    0.00    4.54 ^ _433_/B1 (sky130_fd_sc_hd__o21ai_2)
     1    0.02    0.08    0.07    4.61 v _433_/Y (sky130_fd_sc_hd__o21ai_2)
                                         net26 (net)
                  0.08    0.00    4.61 v output26/A (sky130_fd_sc_hd__buf_4)
     1    0.03    0.04    0.14    4.74 v output26/X (sky130_fd_sc_hd__buf_4)
                                         out[6] (net)
                  0.04    0.00    4.74 v out[6] (out)
                                  4.74   data arrival time

                  0.00   10.00   10.00   clock __VIRTUAL_CLK__ (rise edge)
                          0.00   10.00   clock network delay (ideal)
                         -0.25    9.75   clock uncertainty
                          0.00    9.75   clock reconvergence pessimism
                         -2.00    7.75   output external delay
                                  7.75   data required time
-----------------------------------------------------------------------------
                                  7.75   data required time
                                 -4.74   data arrival time
-----------------------------------------------------------------------------
                                  3.01   slack (MET)


Startpoint: A[3] (input port clocked by __VIRTUAL_CLK__)
Endpoint: out[7] (output port clocked by __VIRTUAL_CLK__)
Path Group: __VIRTUAL_CLK__
Path Type: max
Corner: Fastest

Fanout     Cap    Slew   Delay    Time   Description
-----------------------------------------------------------------------------
                  0.00    0.00    0.00   clock __VIRTUAL_CLK__ (rise edge)
                          0.00    0.00   clock network delay (ideal)
                          2.00    2.00 ^ input external delay
     1    0.00    0.02    0.01    2.01 ^ A[3] (in)
                                         A[3] (net)
                  0.02    0.00    2.01 ^ input4/A (sky130_fd_sc_hd__clkbuf_4)
     6    0.07    0.16    0.18    2.19 ^ input4/X (sky130_fd_sc_hd__clkbuf_4)
                                         net4 (net)
                  0.16    0.00    2.19 ^ _296_/A (sky130_fd_sc_hd__buf_6)
    10    0.08    0.12    0.15    2.34 ^ _296_/X (sky130_fd_sc_hd__buf_6)
                                         _224_ (net)
                  0.12    0.01    2.35 ^ _410_/A1 (sky130_fd_sc_hd__a22oi_1)
     1    0.01    0.09    0.09    2.44 v _410_/Y (sky130_fd_sc_hd__a22oi_1)
                                         _101_ (net)
                  0.09    0.00    2.44 v _412_/A (sky130_fd_sc_hd__nor2_2)
     2    0.03    0.22    0.22    2.66 ^ _412_/Y (sky130_fd_sc_hd__nor2_2)
                                         _103_ (net)
                  0.22    0.00    2.66 ^ _455_/A3 (sky130_fd_sc_hd__a31o_1)
     1    0.01    0.11    0.16    2.83 ^ _455_/X (sky130_fd_sc_hd__a31o_1)
                                         _145_ (net)
                  0.11    0.00    2.83 ^ _456_/B (sky130_fd_sc_hd__xor2_1)
     1    0.02    0.26    0.23    3.06 ^ _456_/X (sky130_fd_sc_hd__xor2_1)
                                         _146_ (net)
                  0.26    0.00    3.06 ^ _464_/A (sky130_fd_sc_hd__xnor2_1)
     1    0.01    0.08    0.09    3.15 v _464_/Y (sky130_fd_sc_hd__xnor2_1)
                                         _154_ (net)
                  0.08    0.00    3.15 v _465_/B (sky130_fd_sc_hd__xnor2_2)
     1    0.04    0.36    0.32    3.47 ^ _465_/Y (sky130_fd_sc_hd__xnor2_2)
                                         _155_ (net)
                  0.36    0.00    3.47 ^ _466_/B (sky130_fd_sc_hd__xor2_2)
     1    0.03    0.14    0.14    3.61 v _466_/X (sky130_fd_sc_hd__xor2_2)
                                         _156_ (net)
                  0.14    0.00    3.61 v _467_/B (sky130_fd_sc_hd__xnor2_1)
     1    0.03    0.40    0.38    4.00 ^ _467_/Y (sky130_fd_sc_hd__xnor2_1)
                                         _157_ (net)
                  0.40    0.00    4.00 ^ _468_/B (sky130_fd_sc_hd__xnor2_2)
     2    0.02    0.20    0.11    4.11 ^ _468_/Y (sky130_fd_sc_hd__xnor2_2)
                                         _158_ (net)
                  0.20    0.00    4.11 ^ _470_/A1 (sky130_fd_sc_hd__o21a_1)
     1    0.02    0.17    0.20    4.31 ^ _470_/X (sky130_fd_sc_hd__o21a_1)
                                         _160_ (net)
                  0.17    0.00    4.31 ^ _474_/A2 (sky130_fd_sc_hd__a21o_1)
     1    0.03    0.17    0.20    4.51 ^ _474_/X (sky130_fd_sc_hd__a21o_1)
                                         _164_ (net)
                  0.17    0.00    4.51 ^ _475_/B1 (sky130_fd_sc_hd__a21o_1)
     1    0.02    0.11    0.12    4.63 ^ _475_/X (sky130_fd_sc_hd__a21o_1)
                                         net27 (net)
                  0.11    0.00    4.63 ^ output27/A (sky130_fd_sc_hd__buf_6)
     1    0.03    0.06    0.11    4.74 ^ output27/X (sky130_fd_sc_hd__buf_6)
                                         out[7] (net)
                  0.06    0.00    4.74 ^ out[7] (out)
                                  4.74   data arrival time

                  0.00   10.00   10.00   clock __VIRTUAL_CLK__ (rise edge)
                          0.00   10.00   clock network delay (ideal)
                         -0.25    9.75   clock uncertainty
                          0.00    9.75   clock reconvergence pessimism
                         -2.00    7.75   output external delay
                                  7.75   data required time
-----------------------------------------------------------------------------
                                  7.75   data required time
                                 -4.74   data arrival time
-----------------------------------------------------------------------------
                                  3.01   slack (MET)


Startpoint: A[3] (input port clocked by __VIRTUAL_CLK__)
Endpoint: out[5] (output port clocked by __VIRTUAL_CLK__)
Path Group: __VIRTUAL_CLK__
Path Type: max
Corner: Fastest

Fanout     Cap    Slew   Delay    Time   Description
-----------------------------------------------------------------------------
                  0.00    0.00    0.00   clock __VIRTUAL_CLK__ (rise edge)
                          0.00    0.00   clock network delay (ideal)
                          2.00    2.00 ^ input external delay
     1    0.00    0.02    0.01    2.01 ^ A[3] (in)
                                         A[3] (net)
                  0.02    0.00    2.01 ^ input4/A (sky130_fd_sc_hd__clkbuf_4)
     6    0.07    0.16    0.18    2.19 ^ input4/X (sky130_fd_sc_hd__clkbuf_4)
                                         net4 (net)
                  0.16    0.00    2.19 ^ _296_/A (sky130_fd_sc_hd__buf_6)
    10    0.08    0.12    0.15    2.34 ^ _296_/X (sky130_fd_sc_hd__buf_6)
                                         _224_ (net)
                  0.12    0.01    2.35 ^ _297_/B1 (sky130_fd_sc_hd__a22oi_4)
     2    0.04    0.09    0.09    2.44 v _297_/Y (sky130_fd_sc_hd__a22oi_4)
                                         _225_ (net)
                  0.09    0.00    2.44 v _298_/B (sky130_fd_sc_hd__nor2_2)
     1    0.05    0.38    0.32    2.76 ^ _298_/Y (sky130_fd_sc_hd__nor2_2)
                                         _226_ (net)
                  0.38    0.00    2.77 ^ _299_/A (sky130_fd_sc_hd__xnor2_2)
     2    0.03    0.13    0.13    2.90 v _299_/Y (sky130_fd_sc_hd__xnor2_2)
                                         _227_ (net)
                  0.13    0.00    2.90 v _301_/B (sky130_fd_sc_hd__xnor2_2)
     2    0.01    0.08    0.15    3.05 v _301_/Y (sky130_fd_sc_hd__xnor2_2)
                                         _229_ (net)
                  0.08    0.00    3.05 v _302_/A (sky130_fd_sc_hd__and3_4)
     3    0.05    0.06    0.16    3.21 v _302_/X (sky130_fd_sc_hd__and3_4)
                                         _230_ (net)
                  0.06    0.00    3.21 v _345_/B (sky130_fd_sc_hd__nor3_2)
     1    0.03    0.38    0.34    3.55 ^ _345_/Y (sky130_fd_sc_hd__nor3_2)
                                         _038_ (net)
                  0.38    0.00    3.55 ^ _346_/B (sky130_fd_sc_hd__nor2_2)
     3    0.04    0.12    0.10    3.65 v _346_/Y (sky130_fd_sc_hd__nor2_2)
                                         _039_ (net)
                  0.12    0.00    3.65 v _378_/D (sky130_fd_sc_hd__and4b_2)
     3    0.02    0.06    0.23    3.88 v _378_/X (sky130_fd_sc_hd__and4b_2)
                                         _070_ (net)
                  0.06    0.00    3.88 v _379_/B (sky130_fd_sc_hd__or3b_2)
     1    0.03    0.11    0.35    4.23 v _379_/X (sky130_fd_sc_hd__or3b_2)
                                         _071_ (net)
                  0.11    0.00    4.23 v _391_/B1 (sky130_fd_sc_hd__o211ai_2)
     1    0.03    0.26    0.15    4.38 ^ _391_/Y (sky130_fd_sc_hd__o211ai_2)
                                         net25 (net)
                  0.26    0.00    4.38 ^ output25/A (sky130_fd_sc_hd__buf_4)
     1    0.03    0.08    0.15    4.53 ^ output25/X (sky130_fd_sc_hd__buf_4)
                                         out[5] (net)
                  0.08    0.00    4.53 ^ out[5] (out)
                                  4.53   data arrival time

                  0.00   10.00   10.00   clock __VIRTUAL_CLK__ (rise edge)
                          0.00   10.00   clock network delay (ideal)
                         -0.25    9.75   clock uncertainty
                          0.00    9.75   clock reconvergence pessimism
                         -2.00    7.75   output external delay
                                  7.75   data required time
-----------------------------------------------------------------------------
                                  7.75   data required time
                                 -4.53   data arrival time
-----------------------------------------------------------------------------
                                  3.22   slack (MET)


Startpoint: A[3] (input port clocked by __VIRTUAL_CLK__)
Endpoint: out[4] (output port clocked by __VIRTUAL_CLK__)
Path Group: __VIRTUAL_CLK__
Path Type: max
Corner: Fastest

Fanout     Cap    Slew   Delay    Time   Description
-----------------------------------------------------------------------------
                  0.00    0.00    0.00   clock __VIRTUAL_CLK__ (rise edge)
                          0.00    0.00   clock network delay (ideal)
                          2.00    2.00 ^ input external delay
     1    0.00    0.02    0.01    2.01 ^ A[3] (in)
                                         A[3] (net)
                  0.02    0.00    2.01 ^ input4/A (sky130_fd_sc_hd__clkbuf_4)
     6    0.07    0.16    0.18    2.19 ^ input4/X (sky130_fd_sc_hd__clkbuf_4)
                                         net4 (net)
                  0.16    0.00    2.19 ^ _296_/A (sky130_fd_sc_hd__buf_6)
    10    0.08    0.12    0.15    2.34 ^ _296_/X (sky130_fd_sc_hd__buf_6)
                                         _224_ (net)
                  0.12    0.01    2.35 ^ _297_/B1 (sky130_fd_sc_hd__a22oi_4)
     2    0.04    0.09    0.09    2.44 v _297_/Y (sky130_fd_sc_hd__a22oi_4)
                                         _225_ (net)
                  0.09    0.00    2.44 v _298_/B (sky130_fd_sc_hd__nor2_2)
     1    0.05    0.38    0.32    2.76 ^ _298_/Y (sky130_fd_sc_hd__nor2_2)
                                         _226_ (net)
                  0.38    0.00    2.77 ^ _299_/A (sky130_fd_sc_hd__xnor2_2)
     2    0.03    0.13    0.13    2.90 v _299_/Y (sky130_fd_sc_hd__xnor2_2)
                                         _227_ (net)
                  0.13    0.00    2.90 v _301_/B (sky130_fd_sc_hd__xnor2_2)
     2    0.01    0.17    0.19    3.09 ^ _301_/Y (sky130_fd_sc_hd__xnor2_2)
                                         _229_ (net)
                  0.17    0.00    3.10 ^ rebuffer10/A (sky130_fd_sc_hd__clkbuf_2)
     1    0.02    0.08    0.13    3.23 ^ rebuffer10/X (sky130_fd_sc_hd__clkbuf_2)
                                         net38 (net)
                  0.08    0.00    3.23 ^ _303_/B1 (sky130_fd_sc_hd__a21oi_1)
     1    0.01    0.07    0.05    3.28 v _303_/Y (sky130_fd_sc_hd__a21oi_1)
                                         _231_ (net)
                  0.07    0.00    3.28 v _304_/A (sky130_fd_sc_hd__nor2_2)
     3    0.04    0.31    0.28    3.56 ^ _304_/Y (sky130_fd_sc_hd__nor2_2)
                                         _232_ (net)
                  0.31    0.00    3.57 ^ _306_/A (sky130_fd_sc_hd__nand2_2)
     3    0.04    0.15    0.14    3.71 v _306_/Y (sky130_fd_sc_hd__nand2_2)
                                         _000_ (net)
                  0.15    0.00    3.71 v _347_/A (sky130_fd_sc_hd__xnor2_1)
     1    0.02    0.27    0.30    4.01 ^ _347_/Y (sky130_fd_sc_hd__xnor2_1)
                                         _040_ (net)
                  0.27    0.00    4.01 ^ _352_/A2 (sky130_fd_sc_hd__a211o_1)
     1    0.01    0.06    0.13    4.14 ^ _352_/X (sky130_fd_sc_hd__a211o_1)
                                         _045_ (net)
                  0.06    0.00    4.14 ^ _353_/B1 (sky130_fd_sc_hd__a31o_1)
     1    0.01    0.07    0.09    4.23 ^ _353_/X (sky130_fd_sc_hd__a31o_1)
                                         net24 (net)
                  0.07    0.00    4.23 ^ output24/A (sky130_fd_sc_hd__buf_2)
     1    0.03    0.13    0.16    4.38 ^ output24/X (sky130_fd_sc_hd__buf_2)
                                         out[4] (net)
                  0.13    0.00    4.38 ^ out[4] (out)
                                  4.38   data arrival time

                  0.00   10.00   10.00   clock __VIRTUAL_CLK__ (rise edge)
                          0.00   10.00   clock network delay (ideal)
                         -0.25    9.75   clock uncertainty
                          0.00    9.75   clock reconvergence pessimism
                         -2.00    7.75   output external delay
                                  7.75   data required time
-----------------------------------------------------------------------------
                                  7.75   data required time
                                 -4.38   data arrival time
-----------------------------------------------------------------------------
                                  3.37   slack (MET)


Startpoint: A[3] (input port clocked by __VIRTUAL_CLK__)
Endpoint: out[3] (output port clocked by __VIRTUAL_CLK__)
Path Group: __VIRTUAL_CLK__
Path Type: max
Corner: Fastest

Fanout     Cap    Slew   Delay    Time   Description
-----------------------------------------------------------------------------
                  0.00    0.00    0.00   clock __VIRTUAL_CLK__ (rise edge)
                          0.00    0.00   clock network delay (ideal)
                          2.00    2.00 ^ input external delay
     1    0.00    0.02    0.01    2.01 ^ A[3] (in)
                                         A[3] (net)
                  0.02    0.00    2.01 ^ input4/A (sky130_fd_sc_hd__clkbuf_4)
     6    0.07    0.16    0.18    2.19 ^ input4/X (sky130_fd_sc_hd__clkbuf_4)
                                         net4 (net)
                  0.16    0.00    2.19 ^ _296_/A (sky130_fd_sc_hd__buf_6)
    10    0.08    0.12    0.15    2.34 ^ _296_/X (sky130_fd_sc_hd__buf_6)
                                         _224_ (net)
                  0.12    0.01    2.35 ^ _297_/B1 (sky130_fd_sc_hd__a22oi_4)
     2    0.04    0.09    0.09    2.44 v _297_/Y (sky130_fd_sc_hd__a22oi_4)
                                         _225_ (net)
                  0.09    0.00    2.44 v _298_/B (sky130_fd_sc_hd__nor2_2)
     1    0.05    0.38    0.32    2.76 ^ _298_/Y (sky130_fd_sc_hd__nor2_2)
                                         _226_ (net)
                  0.38    0.00    2.77 ^ _299_/A (sky130_fd_sc_hd__xnor2_2)
     2    0.03    0.13    0.13    2.90 v _299_/Y (sky130_fd_sc_hd__xnor2_2)
                                         _227_ (net)
                  0.13    0.00    2.90 v _301_/B (sky130_fd_sc_hd__xnor2_2)
     2    0.01    0.17    0.19    3.09 ^ _301_/Y (sky130_fd_sc_hd__xnor2_2)
                                         _229_ (net)
                  0.17    0.00    3.10 ^ rebuffer10/A (sky130_fd_sc_hd__clkbuf_2)
     1    0.02    0.08    0.13    3.23 ^ rebuffer10/X (sky130_fd_sc_hd__clkbuf_2)
                                         net38 (net)
                  0.08    0.00    3.23 ^ _303_/B1 (sky130_fd_sc_hd__a21oi_1)
     1    0.01    0.07    0.05    3.28 v _303_/Y (sky130_fd_sc_hd__a21oi_1)
                                         _231_ (net)
                  0.07    0.00    3.28 v _304_/A (sky130_fd_sc_hd__nor2_2)
     3    0.04    0.31    0.28    3.56 ^ _304_/Y (sky130_fd_sc_hd__nor2_2)
                                         _232_ (net)
                  0.31    0.00    3.57 ^ _306_/A (sky130_fd_sc_hd__nand2_2)
     3    0.04    0.15    0.14    3.71 v _306_/Y (sky130_fd_sc_hd__nand2_2)
                                         _000_ (net)
                  0.15    0.00    3.71 v _321_/A3 (sky130_fd_sc_hd__a31o_1)
     1    0.01    0.06    0.23    3.94 v _321_/X (sky130_fd_sc_hd__a31o_1)
                                         net23 (net)
                  0.06    0.00    3.94 v output23/A (sky130_fd_sc_hd__buf_2)
     1    0.03    0.06    0.14    4.07 v output23/X (sky130_fd_sc_hd__buf_2)
                                         out[3] (net)
                  0.06    0.00    4.07 v out[3] (out)
                                  4.07   data arrival time

                  0.00   10.00   10.00   clock __VIRTUAL_CLK__ (rise edge)
                          0.00   10.00   clock network delay (ideal)
                         -0.25    9.75   clock uncertainty
                          0.00    9.75   clock reconvergence pessimism
                         -2.00    7.75   output external delay
                                  7.75   data required time
-----------------------------------------------------------------------------
                                  7.75   data required time
                                 -4.07   data arrival time
-----------------------------------------------------------------------------
                                  3.68   slack (MET)


Startpoint: opcode[2] (input port clocked by __VIRTUAL_CLK__)
Endpoint: out[2] (output port clocked by __VIRTUAL_CLK__)
Path Group: __VIRTUAL_CLK__
Path Type: max
Corner: Fastest

Fanout     Cap    Slew   Delay    Time   Description
-----------------------------------------------------------------------------
                  0.00    0.00    0.00   clock __VIRTUAL_CLK__ (rise edge)
                          0.00    0.00   clock network delay (ideal)
                          2.00    2.00 v input external delay
     1    0.00    0.00    0.00    2.00 v opcode[2] (in)
                                         opcode[2] (net)
                  0.00    0.00    2.00 v input19/A (sky130_fd_sc_hd__clkbuf_4)
     9    0.07    0.10    0.15    2.15 v input19/X (sky130_fd_sc_hd__clkbuf_4)
                                         net19 (net)
                  0.10    0.01    2.16 v _246_/A (sky130_fd_sc_hd__or3b_4)
     1    0.02    0.07    0.30    2.47 v _246_/X (sky130_fd_sc_hd__or3b_4)
                                         _176_ (net)
                  0.07    0.00    2.47 v _247_/A (sky130_fd_sc_hd__buf_6)
     8    0.05    0.04    0.12    2.59 v _247_/X (sky130_fd_sc_hd__buf_6)
                                         _177_ (net)
                  0.04    0.00    2.59 v _249_/A2 (sky130_fd_sc_hd__a21oi_1)
     2    0.02    0.35    0.31    2.90 ^ _249_/Y (sky130_fd_sc_hd__a21oi_1)
                                         _179_ (net)
                  0.35    0.00    2.90 ^ _252_/A2 (sky130_fd_sc_hd__o21a_1)
     3    0.02    0.16    0.18    3.08 ^ _252_/X (sky130_fd_sc_hd__o21a_1)
                                         _182_ (net)
                  0.16    0.00    3.08 ^ _284_/B1_N (sky130_fd_sc_hd__o21bai_4)
     2    0.03    0.18    0.14    3.22 ^ _284_/Y (sky130_fd_sc_hd__o21bai_4)
                                         _213_ (net)
                  0.18    0.00    3.23 ^ _286_/A2 (sky130_fd_sc_hd__o21ai_1)
     1    0.01    0.13    0.09    3.32 v _286_/Y (sky130_fd_sc_hd__o21ai_1)
                                         _215_ (net)
                  0.13    0.00    3.32 v _291_/A2 (sky130_fd_sc_hd__o211a_1)
     1    0.02    0.07    0.22    3.54 v _291_/X (sky130_fd_sc_hd__o211a_1)
                                         _220_ (net)
                  0.07    0.00    3.54 v _292_/B1 (sky130_fd_sc_hd__o21ai_1)
     1    0.02    0.24    0.16    3.69 ^ _292_/Y (sky130_fd_sc_hd__o21ai_1)
                                         net22 (net)
                  0.24    0.00    3.70 ^ output22/A (sky130_fd_sc_hd__buf_2)
     1    0.03    0.13    0.18    3.88 ^ output22/X (sky130_fd_sc_hd__buf_2)
                                         out[2] (net)
                  0.13    0.00    3.88 ^ out[2] (out)
                                  3.88   data arrival time

                  0.00   10.00   10.00   clock __VIRTUAL_CLK__ (rise edge)
                          0.00   10.00   clock network delay (ideal)
                         -0.25    9.75   clock uncertainty
                          0.00    9.75   clock reconvergence pessimism
                         -2.00    7.75   output external delay
                                  7.75   data required time
-----------------------------------------------------------------------------
                                  7.75   data required time
                                 -3.88   data arrival time
-----------------------------------------------------------------------------
                                  3.87   slack (MET)


Startpoint: A[1] (input port clocked by __VIRTUAL_CLK__)
Endpoint: out[1] (output port clocked by __VIRTUAL_CLK__)
Path Group: __VIRTUAL_CLK__
Path Type: max
Corner: Fastest

Fanout     Cap    Slew   Delay    Time   Description
-----------------------------------------------------------------------------
                  0.00    0.00    0.00   clock __VIRTUAL_CLK__ (rise edge)
                          0.00    0.00   clock network delay (ideal)
                          2.00    2.00 ^ input external delay
     1    0.00    0.02    0.01    2.01 ^ A[1] (in)
                                         A[1] (net)
                  0.02    0.00    2.01 ^ input2/A (sky130_fd_sc_hd__clkbuf_4)
     7    0.08    0.18    0.19    2.20 ^ input2/X (sky130_fd_sc_hd__clkbuf_4)
                                         net2 (net)
                  0.18    0.00    2.21 ^ _251_/A (sky130_fd_sc_hd__clkbuf_4)
    10    0.08    0.19    0.24    2.45 ^ _251_/X (sky130_fd_sc_hd__clkbuf_4)
                                         _181_ (net)
                  0.19    0.00    2.45 ^ _258_/A (sky130_fd_sc_hd__and2_2)
     4    0.05    0.21    0.25    2.71 ^ _258_/X (sky130_fd_sc_hd__and2_2)
                                         _188_ (net)
                  0.21    0.00    2.71 ^ _265_/C (sky130_fd_sc_hd__and3_1)
     3    0.03    0.25    0.28    2.99 ^ _265_/X (sky130_fd_sc_hd__and3_1)
                                         _195_ (net)
                  0.25    0.00    2.99 ^ _268_/A_N (sky130_fd_sc_hd__and3b_1)
     1    0.01    0.04    0.14    3.13 v _268_/X (sky130_fd_sc_hd__and3b_1)
                                         _198_ (net)
                  0.04    0.00    3.13 v _269_/C (sky130_fd_sc_hd__or3_1)
     1    0.02    0.10    0.25    3.38 v _269_/X (sky130_fd_sc_hd__or3_1)
                                         _199_ (net)
                  0.10    0.00    3.38 v _270_/B1 (sky130_fd_sc_hd__a31o_1)
     2    0.03    0.10    0.17    3.55 v _270_/X (sky130_fd_sc_hd__a31o_1)
                                         net21 (net)
                  0.10    0.00    3.55 v output21/A (sky130_fd_sc_hd__buf_2)
     1    0.03    0.06    0.15    3.70 v output21/X (sky130_fd_sc_hd__buf_2)
                                         out[1] (net)
                  0.06    0.00    3.71 v out[1] (out)
                                  3.71   data arrival time

                  0.00   10.00   10.00   clock __VIRTUAL_CLK__ (rise edge)
                          0.00   10.00   clock network delay (ideal)
                         -0.25    9.75   clock uncertainty
                          0.00    9.75   clock reconvergence pessimism
                         -2.00    7.75   output external delay
                                  7.75   data required time
-----------------------------------------------------------------------------
                                  7.75   data required time
                                 -3.71   data arrival time
-----------------------------------------------------------------------------
                                  4.04   slack (MET)


Startpoint: opcode[2] (input port clocked by __VIRTUAL_CLK__)
Endpoint: out[0] (output port clocked by __VIRTUAL_CLK__)
Path Group: __VIRTUAL_CLK__
Path Type: max
Corner: Fastest

Fanout     Cap    Slew   Delay    Time   Description
-----------------------------------------------------------------------------
                  0.00    0.00    0.00   clock __VIRTUAL_CLK__ (rise edge)
                          0.00    0.00   clock network delay (ideal)
                          2.00    2.00 v input external delay
     1    0.00    0.00    0.00    2.00 v opcode[2] (in)
                                         opcode[2] (net)
                  0.00    0.00    2.00 v input19/A (sky130_fd_sc_hd__clkbuf_4)
     9    0.07    0.10    0.15    2.15 v input19/X (sky130_fd_sc_hd__clkbuf_4)
                                         net19 (net)
                  0.10    0.01    2.16 v _237_/A_N (sky130_fd_sc_hd__and3b_1)
     1    0.04    0.27    0.34    2.50 ^ _237_/X (sky130_fd_sc_hd__and3b_1)
                                         _168_ (net)
                  0.27    0.00    2.50 ^ _238_/A (sky130_fd_sc_hd__clkbuf_4)
     8    0.08    0.18    0.25    2.75 ^ _238_/X (sky130_fd_sc_hd__clkbuf_4)
                                         _169_ (net)
                  0.18    0.01    2.77 ^ _240_/B1 (sky130_fd_sc_hd__o22a_1)
     1    0.01    0.08    0.13    2.89 ^ _240_/X (sky130_fd_sc_hd__o22a_1)
                                         _171_ (net)
                  0.08    0.00    2.89 ^ _244_/A (sky130_fd_sc_hd__or3_1)
     1    0.01    0.08    0.12    3.01 ^ _244_/X (sky130_fd_sc_hd__or3_1)
                                         _175_ (net)
                  0.08    0.00    3.02 ^ _245_/A (sky130_fd_sc_hd__buf_1)
     1    0.03    0.28    0.24    3.26 ^ _245_/X (sky130_fd_sc_hd__buf_1)
                                         net20 (net)
                  0.28    0.00    3.26 ^ output20/A (sky130_fd_sc_hd__buf_2)
     1    0.03    0.13    0.18    3.44 ^ output20/X (sky130_fd_sc_hd__buf_2)
                                         out[0] (net)
                  0.13    0.00    3.44 ^ out[0] (out)
                                  3.44   data arrival time

                  0.00   10.00   10.00   clock __VIRTUAL_CLK__ (rise edge)
                          0.00   10.00   clock network delay (ideal)
                         -0.25    9.75   clock uncertainty
                          0.00    9.75   clock reconvergence pessimism
                         -2.00    7.75   output external delay
                                  7.75   data required time
-----------------------------------------------------------------------------
                                  7.75   data required time
                                 -3.44   data arrival time
-----------------------------------------------------------------------------
                                  4.31   slack (MET)



worst slack corner Fastest: 3.0053
======================= Slowest Corner ===================================

Startpoint: A[3] (input port clocked by __VIRTUAL_CLK__)
Endpoint: out[6] (output port clocked by __VIRTUAL_CLK__)
Path Group: __VIRTUAL_CLK__
Path Type: max
Corner: Slowest

Fanout     Cap    Slew   Delay    Time   Description
-----------------------------------------------------------------------------
                  0.00    0.00    0.00   clock __VIRTUAL_CLK__ (rise edge)
                          0.00    0.00   clock network delay (ideal)
                          2.00    2.00 ^ input external delay
     1    0.00    0.04    0.02    2.02 ^ A[3] (in)
                                         A[3] (net)
                  0.04    0.00    2.02 ^ input4/A (sky130_fd_sc_hd__clkbuf_4)
     6    0.07    0.33    0.44    2.46 ^ input4/X (sky130_fd_sc_hd__clkbuf_4)
                                         net4 (net)
                  0.33    0.00    2.46 ^ _296_/A (sky130_fd_sc_hd__buf_6)
    10    0.08    0.25    0.44    2.90 ^ _296_/X (sky130_fd_sc_hd__buf_6)
                                         _224_ (net)
                  0.25    0.01    2.91 ^ _410_/A1 (sky130_fd_sc_hd__a22oi_1)
     1    0.01    0.27    0.36    3.27 v _410_/Y (sky130_fd_sc_hd__a22oi_1)
                                         _101_ (net)
                  0.27    0.00    3.27 v _412_/A (sky130_fd_sc_hd__nor2_2)
     2    0.03    0.50    0.56    3.83 ^ _412_/Y (sky130_fd_sc_hd__nor2_2)
                                         _103_ (net)
                  0.50    0.00    3.83 ^ _413_/B (sky130_fd_sc_hd__xnor2_2)
     2    0.01    0.34    0.41    4.24 ^ _413_/Y (sky130_fd_sc_hd__xnor2_2)
                                         _104_ (net)
                  0.34    0.00    4.24 ^ _414_/B1 (sky130_fd_sc_hd__a21o_1)
     2    0.05    0.61    0.66    4.90 ^ _414_/X (sky130_fd_sc_hd__a21o_1)
                                         _105_ (net)
                  0.61    0.00    4.90 ^ _417_/A (sky130_fd_sc_hd__nand3_2)
     3    0.04    0.59    0.73    5.64 v _417_/Y (sky130_fd_sc_hd__nand3_2)
                                         _108_ (net)
                  0.59    0.00    5.64 v _420_/A1 (sky130_fd_sc_hd__a21oi_2)
     2    0.03    0.60    0.80    6.44 ^ _420_/Y (sky130_fd_sc_hd__a21oi_2)
                                         _111_ (net)
                  0.60    0.00    6.44 ^ _422_/A2 (sky130_fd_sc_hd__o211ai_2)
     2    0.03    0.40    0.56    7.00 v _422_/Y (sky130_fd_sc_hd__o211ai_2)
                                         _113_ (net)
                  0.40    0.00    7.00 v _423_/C (sky130_fd_sc_hd__and3b_1)
     2    0.03    0.27    0.75    7.75 v _423_/X (sky130_fd_sc_hd__and3b_1)
                                         _114_ (net)
                  0.27    0.00    7.75 v _425_/A_N (sky130_fd_sc_hd__and2b_1)
     2    0.02    0.31    0.68    8.43 ^ _425_/X (sky130_fd_sc_hd__and2b_1)
                                         _116_ (net)
                  0.31    0.00    8.43 ^ _426_/B (sky130_fd_sc_hd__nand2_1)
     1    0.02    0.39    0.46    8.89 v _426_/Y (sky130_fd_sc_hd__nand2_1)
                                         _117_ (net)
                  0.39    0.00    8.89 v _432_/A2 (sky130_fd_sc_hd__a21oi_2)
     1    0.02    0.39    0.56    9.45 ^ _432_/Y (sky130_fd_sc_hd__a21oi_2)
                                         _123_ (net)
                  0.39    0.00    9.46 ^ _433_/B1 (sky130_fd_sc_hd__o21ai_2)
     1    0.02    0.21    0.33    9.79 v _433_/Y (sky130_fd_sc_hd__o21ai_2)
                                         net26 (net)
                  0.21    0.00    9.79 v output26/A (sky130_fd_sc_hd__buf_4)
     1    0.03    0.10    0.39   10.18 v output26/X (sky130_fd_sc_hd__buf_4)
                                         out[6] (net)
                  0.10    0.00   10.18 v out[6] (out)
                                 10.18   data arrival time

                  0.00   10.00   10.00   clock __VIRTUAL_CLK__ (rise edge)
                          0.00   10.00   clock network delay (ideal)
                         -0.25    9.75   clock uncertainty
                          0.00    9.75   clock reconvergence pessimism
                         -2.00    7.75   output external delay
                                  7.75   data required time
-----------------------------------------------------------------------------
                                  7.75   data required time
                                -10.18   data arrival time
-----------------------------------------------------------------------------
                                 -2.43   slack (VIOLATED)


Startpoint: A[3] (input port clocked by __VIRTUAL_CLK__)
Endpoint: out[7] (output port clocked by __VIRTUAL_CLK__)
Path Group: __VIRTUAL_CLK__
Path Type: max
Corner: Slowest

Fanout     Cap    Slew   Delay    Time   Description
-----------------------------------------------------------------------------
                  0.00    0.00    0.00   clock __VIRTUAL_CLK__ (rise edge)
                          0.00    0.00   clock network delay (ideal)
                          2.00    2.00 ^ input external delay
     1    0.00    0.04    0.02    2.02 ^ A[3] (in)
                                         A[3] (net)
                  0.04    0.00    2.02 ^ input4/A (sky130_fd_sc_hd__clkbuf_4)
     6    0.07    0.33    0.44    2.46 ^ input4/X (sky130_fd_sc_hd__clkbuf_4)
                                         net4 (net)
                  0.33    0.00    2.46 ^ _296_/A (sky130_fd_sc_hd__buf_6)
    10    0.08    0.25    0.44    2.90 ^ _296_/X (sky130_fd_sc_hd__buf_6)
                                         _224_ (net)
                  0.25    0.01    2.91 ^ _410_/A1 (sky130_fd_sc_hd__a22oi_1)
     1    0.01    0.27    0.36    3.27 v _410_/Y (sky130_fd_sc_hd__a22oi_1)
                                         _101_ (net)
                  0.27    0.00    3.27 v _412_/A (sky130_fd_sc_hd__nor2_2)
     2    0.03    0.50    0.56    3.83 ^ _412_/Y (sky130_fd_sc_hd__nor2_2)
                                         _103_ (net)
                  0.50    0.00    3.83 ^ _455_/A3 (sky130_fd_sc_hd__a31o_1)
     1    0.01    0.24    0.59    4.42 ^ _455_/X (sky130_fd_sc_hd__a31o_1)
                                         _145_ (net)
                  0.24    0.00    4.43 ^ _456_/B (sky130_fd_sc_hd__xor2_1)
     1    0.02    0.57    0.63    5.06 ^ _456_/X (sky130_fd_sc_hd__xor2_1)
                                         _146_ (net)
                  0.57    0.00    5.06 ^ _464_/A (sky130_fd_sc_hd__xnor2_1)
     1    0.01    0.21    0.42    5.47 v _464_/Y (sky130_fd_sc_hd__xnor2_1)
                                         _154_ (net)
                  0.21    0.00    5.47 v _465_/B (sky130_fd_sc_hd__xnor2_2)
     1    0.04    0.77    0.73    6.21 ^ _465_/Y (sky130_fd_sc_hd__xnor2_2)
                                         _155_ (net)
                  0.77    0.00    6.21 ^ _466_/B (sky130_fd_sc_hd__xor2_2)
     1    0.03    0.34    0.57    6.78 v _466_/X (sky130_fd_sc_hd__xor2_2)
                                         _156_ (net)
                  0.34    0.00    6.78 v _467_/B (sky130_fd_sc_hd__xnor2_1)
     1    0.03    0.94    0.94    7.72 ^ _467_/Y (sky130_fd_sc_hd__xnor2_1)
                                         _157_ (net)
                  0.94    0.00    7.73 ^ _468_/B (sky130_fd_sc_hd__xnor2_2)
     2    0.02    0.25    0.48    8.20 v _468_/Y (sky130_fd_sc_hd__xnor2_2)
                                         _158_ (net)
                  0.25    0.00    8.20 v _470_/A1 (sky130_fd_sc_hd__o21a_1)
     1    0.02    0.24    0.60    8.80 v _470_/X (sky130_fd_sc_hd__o21a_1)
                                         _160_ (net)
                  0.24    0.00    8.81 v _474_/A2 (sky130_fd_sc_hd__a21o_1)
     1    0.03    0.23    0.58    9.38 v _474_/X (sky130_fd_sc_hd__a21o_1)
                                         _164_ (net)
                  0.23    0.00    9.38 v _475_/B1 (sky130_fd_sc_hd__a21o_1)
     1    0.02    0.16    0.47    9.85 v _475_/X (sky130_fd_sc_hd__a21o_1)
                                         net27 (net)
                  0.16    0.00    9.85 v output27/A (sky130_fd_sc_hd__buf_6)
     1    0.03    0.08    0.31   10.16 v output27/X (sky130_fd_sc_hd__buf_6)
                                         out[7] (net)
                  0.08    0.00   10.16 v out[7] (out)
                                 10.16   data arrival time

                  0.00   10.00   10.00   clock __VIRTUAL_CLK__ (rise edge)
                          0.00   10.00   clock network delay (ideal)
                         -0.25    9.75   clock uncertainty
                          0.00    9.75   clock reconvergence pessimism
                         -2.00    7.75   output external delay
                                  7.75   data required time
-----------------------------------------------------------------------------
                                  7.75   data required time
                                -10.16   data arrival time
-----------------------------------------------------------------------------
                                 -2.41   slack (VIOLATED)


Startpoint: A[4] (input port clocked by __VIRTUAL_CLK__)
Endpoint: out[5] (output port clocked by __VIRTUAL_CLK__)
Path Group: __VIRTUAL_CLK__
Path Type: max
Corner: Slowest

Fanout     Cap    Slew   Delay    Time   Description
-----------------------------------------------------------------------------
                  0.00    0.00    0.00   clock __VIRTUAL_CLK__ (rise edge)
                          0.00    0.00   clock network delay (ideal)
                          2.00    2.00 ^ input external delay
     1    0.00    0.04    0.02    2.02 ^ A[4] (in)
                                         A[4] (net)
                  0.04    0.00    2.02 ^ input5/A (sky130_fd_sc_hd__buf_4)
     5    0.07    0.33    0.40    2.42 ^ input5/X (sky130_fd_sc_hd__buf_4)
                                         net5 (net)
                  0.33    0.01    2.43 ^ _322_/A (sky130_fd_sc_hd__buf_12)
     5    0.07    0.14    0.36    2.79 ^ _322_/X (sky130_fd_sc_hd__buf_12)
                                         _015_ (net)
                  0.14    0.01    2.80 ^ _335_/A (sky130_fd_sc_hd__nand4_4)
     3    0.06    0.54    0.50    3.29 v _335_/Y (sky130_fd_sc_hd__nand4_4)
                                         _028_ (net)
                  0.54    0.00    3.29 v _337_/A1 (sky130_fd_sc_hd__a21o_1)
     2    0.02    0.19    0.63    3.93 v _337_/X (sky130_fd_sc_hd__a21o_1)
                                         _030_ (net)
                  0.19    0.00    3.93 v _340_/B (sky130_fd_sc_hd__and3_1)
     2    0.03    0.27    0.61    4.53 v _340_/X (sky130_fd_sc_hd__and3_1)
                                         _033_ (net)
                  0.27    0.00    4.54 v _342_/A (sky130_fd_sc_hd__nor2_2)
     1    0.03    0.60    0.64    5.18 ^ _342_/Y (sky130_fd_sc_hd__nor2_2)
                                         _035_ (net)
                  0.60    0.00    5.18 ^ _343_/B (sky130_fd_sc_hd__xnor2_2)
     2    0.03    0.30    0.48    5.67 v _343_/Y (sky130_fd_sc_hd__xnor2_2)
                                         _036_ (net)
                  0.30    0.00    5.67 v _345_/C (sky130_fd_sc_hd__nor3_2)
     1    0.03    0.86    0.80    6.47 ^ _345_/Y (sky130_fd_sc_hd__nor3_2)
                                         _038_ (net)
                  0.86    0.00    6.47 ^ _346_/B (sky130_fd_sc_hd__nor2_2)
     3    0.04    0.27    0.49    6.96 v _346_/Y (sky130_fd_sc_hd__nor2_2)
                                         _039_ (net)
                  0.27    0.00    6.96 v _378_/D (sky130_fd_sc_hd__and4b_2)
     3    0.02    0.15    0.72    7.68 v _378_/X (sky130_fd_sc_hd__and4b_2)
                                         _070_ (net)
                  0.15    0.00    7.68 v _379_/B (sky130_fd_sc_hd__or3b_2)
     1    0.03    0.30    1.35    9.03 v _379_/X (sky130_fd_sc_hd__or3b_2)
                                         _071_ (net)
                  0.30    0.00    9.03 v _391_/B1 (sky130_fd_sc_hd__o211ai_2)
     1    0.03    0.58    0.37    9.40 ^ _391_/Y (sky130_fd_sc_hd__o211ai_2)
                                         net25 (net)
                  0.58    0.00    9.40 ^ output25/A (sky130_fd_sc_hd__buf_4)
     1    0.03    0.17    0.52    9.92 ^ output25/X (sky130_fd_sc_hd__buf_4)
                                         out[5] (net)
                  0.17    0.00    9.92 ^ out[5] (out)
                                  9.92   data arrival time

                  0.00   10.00   10.00   clock __VIRTUAL_CLK__ (rise edge)
                          0.00   10.00   clock network delay (ideal)
                         -0.25    9.75   clock uncertainty
                          0.00    9.75   clock reconvergence pessimism
                         -2.00    7.75   output external delay
                                  7.75   data required time
-----------------------------------------------------------------------------
                                  7.75   data required time
                                 -9.92   data arrival time
-----------------------------------------------------------------------------
                                 -2.17   slack (VIOLATED)


Startpoint: A[4] (input port clocked by __VIRTUAL_CLK__)
Endpoint: out[4] (output port clocked by __VIRTUAL_CLK__)
Path Group: __VIRTUAL_CLK__
Path Type: max
Corner: Slowest

Fanout     Cap    Slew   Delay    Time   Description
-----------------------------------------------------------------------------
                  0.00    0.00    0.00   clock __VIRTUAL_CLK__ (rise edge)
                          0.00    0.00   clock network delay (ideal)
                          2.00    2.00 ^ input external delay
     1    0.00    0.04    0.02    2.02 ^ A[4] (in)
                                         A[4] (net)
                  0.04    0.00    2.02 ^ input5/A (sky130_fd_sc_hd__buf_4)
     5    0.07    0.33    0.40    2.42 ^ input5/X (sky130_fd_sc_hd__buf_4)
                                         net5 (net)
                  0.33    0.01    2.43 ^ _322_/A (sky130_fd_sc_hd__buf_12)
     5    0.07    0.14    0.36    2.79 ^ _322_/X (sky130_fd_sc_hd__buf_12)
                                         _015_ (net)
                  0.14    0.01    2.80 ^ _335_/A (sky130_fd_sc_hd__nand4_4)
     3    0.06    0.54    0.50    3.29 v _335_/Y (sky130_fd_sc_hd__nand4_4)
                                         _028_ (net)
                  0.54    0.00    3.29 v _337_/A1 (sky130_fd_sc_hd__a21o_1)
     2    0.02    0.19    0.63    3.93 v _337_/X (sky130_fd_sc_hd__a21o_1)
                                         _030_ (net)
                  0.19    0.00    3.93 v _340_/B (sky130_fd_sc_hd__and3_1)
     2    0.03    0.27    0.61    4.53 v _340_/X (sky130_fd_sc_hd__and3_1)
                                         _033_ (net)
                  0.27    0.00    4.54 v _342_/A (sky130_fd_sc_hd__nor2_2)
     1    0.03    0.60    0.64    5.18 ^ _342_/Y (sky130_fd_sc_hd__nor2_2)
                                         _035_ (net)
                  0.60    0.00    5.18 ^ _343_/B (sky130_fd_sc_hd__xnor2_2)
     2    0.03    0.30    0.48    5.67 v _343_/Y (sky130_fd_sc_hd__xnor2_2)
                                         _036_ (net)
                  0.30    0.00    5.67 v _345_/C (sky130_fd_sc_hd__nor3_2)
     1    0.03    0.86    0.80    6.47 ^ _345_/Y (sky130_fd_sc_hd__nor3_2)
                                         _038_ (net)
                  0.86    0.00    6.47 ^ _346_/B (sky130_fd_sc_hd__nor2_2)
     3    0.04    0.27    0.49    6.96 v _346_/Y (sky130_fd_sc_hd__nor2_2)
                                         _039_ (net)
                  0.27    0.00    6.96 v _347_/B (sky130_fd_sc_hd__xnor2_1)
     1    0.02    0.30    0.47    7.42 v _347_/Y (sky130_fd_sc_hd__xnor2_1)
                                         _040_ (net)
                  0.30    0.00    7.43 v _352_/A2 (sky130_fd_sc_hd__a211o_1)
     1    0.01    0.13    0.71    8.14 v _352_/X (sky130_fd_sc_hd__a211o_1)
                                         _045_ (net)
                  0.13    0.00    8.14 v _353_/B1 (sky130_fd_sc_hd__a31o_1)
     1    0.01    0.11    0.42    8.56 v _353_/X (sky130_fd_sc_hd__a31o_1)
                                         net24 (net)
                  0.11    0.00    8.56 v output24/A (sky130_fd_sc_hd__buf_2)
     1    0.03    0.17    0.38    8.95 v output24/X (sky130_fd_sc_hd__buf_2)
                                         out[4] (net)
                  0.17    0.00    8.95 v out[4] (out)
                                  8.95   data arrival time

                  0.00   10.00   10.00   clock __VIRTUAL_CLK__ (rise edge)
                          0.00   10.00   clock network delay (ideal)
                         -0.25    9.75   clock uncertainty
                          0.00    9.75   clock reconvergence pessimism
                         -2.00    7.75   output external delay
                                  7.75   data required time
-----------------------------------------------------------------------------
                                  7.75   data required time
                                 -8.95   data arrival time
-----------------------------------------------------------------------------
                                 -1.20   slack (VIOLATED)


Startpoint: opcode[2] (input port clocked by __VIRTUAL_CLK__)
Endpoint: out[3] (output port clocked by __VIRTUAL_CLK__)
Path Group: __VIRTUAL_CLK__
Path Type: max
Corner: Slowest

Fanout     Cap    Slew   Delay    Time   Description
-----------------------------------------------------------------------------
                  0.00    0.00    0.00   clock __VIRTUAL_CLK__ (rise edge)
                          0.00    0.00   clock network delay (ideal)
                          2.00    2.00 v input external delay
     1    0.00    0.02    0.01    2.01 v opcode[2] (in)
                                         opcode[2] (net)
                  0.02    0.00    2.01 v input19/A (sky130_fd_sc_hd__clkbuf_4)
     9    0.07    0.25    0.40    2.41 v input19/X (sky130_fd_sc_hd__clkbuf_4)
                                         net19 (net)
                  0.25    0.01    2.42 v _246_/A (sky130_fd_sc_hd__or3b_4)
     1    0.02    0.17    0.96    3.38 v _246_/X (sky130_fd_sc_hd__or3b_4)
                                         _176_ (net)
                  0.17    0.00    3.38 v _247_/A (sky130_fd_sc_hd__buf_6)
     8    0.05    0.10    0.33    3.71 v _247_/X (sky130_fd_sc_hd__buf_6)
                                         _177_ (net)
                  0.10    0.00    3.71 v _308_/B1 (sky130_fd_sc_hd__o31a_1)
     3    0.02    0.24    0.36    4.08 v _308_/X (sky130_fd_sc_hd__o31a_1)
                                         _002_ (net)
                  0.24    0.00    4.08 v _310_/B (sky130_fd_sc_hd__and2_1)
     2    0.02    0.18    0.53    4.61 v _310_/X (sky130_fd_sc_hd__and2_1)
                                         _004_ (net)
                  0.18    0.00    4.61 v _312_/C (sky130_fd_sc_hd__nor3_1)
     1    0.01    0.73    0.66    5.27 ^ _312_/Y (sky130_fd_sc_hd__nor3_1)
                                         _006_ (net)
                  0.73    0.00    5.27 ^ _313_/B (sky130_fd_sc_hd__nor2_2)
     2    0.03    0.24    0.42    5.69 v _313_/Y (sky130_fd_sc_hd__nor2_2)
                                         _007_ (net)
                  0.24    0.00    5.69 v _315_/A3 (sky130_fd_sc_hd__o31ai_1)
     1    0.02    0.91    0.91    6.60 ^ _315_/Y (sky130_fd_sc_hd__o31ai_1)
                                         _009_ (net)
                  0.91    0.00    6.60 ^ _320_/A2 (sky130_fd_sc_hd__o21ai_1)
     1    0.01    0.21    0.43    7.03 v _320_/Y (sky130_fd_sc_hd__o21ai_1)
                                         _014_ (net)
                  0.21    0.00    7.03 v _321_/B1 (sky130_fd_sc_hd__a31o_1)
     1    0.01    0.15    0.50    7.53 v _321_/X (sky130_fd_sc_hd__a31o_1)
                                         net23 (net)
                  0.15    0.00    7.53 v output23/A (sky130_fd_sc_hd__buf_2)
     1    0.03    0.17    0.40    7.93 v output23/X (sky130_fd_sc_hd__buf_2)
                                         out[3] (net)
                  0.17    0.00    7.93 v out[3] (out)
                                  7.93   data arrival time

                  0.00   10.00   10.00   clock __VIRTUAL_CLK__ (rise edge)
                          0.00   10.00   clock network delay (ideal)
                         -0.25    9.75   clock uncertainty
                          0.00    9.75   clock reconvergence pessimism
                         -2.00    7.75   output external delay
                                  7.75   data required time
-----------------------------------------------------------------------------
                                  7.75   data required time
                                 -7.93   data arrival time
-----------------------------------------------------------------------------
                                 -0.18   slack (VIOLATED)


Startpoint: opcode[2] (input port clocked by __VIRTUAL_CLK__)
Endpoint: out[2] (output port clocked by __VIRTUAL_CLK__)
Path Group: __VIRTUAL_CLK__
Path Type: max
Corner: Slowest

Fanout     Cap    Slew   Delay    Time   Description
-----------------------------------------------------------------------------
                  0.00    0.00    0.00   clock __VIRTUAL_CLK__ (rise edge)
                          0.00    0.00   clock network delay (ideal)
                          2.00    2.00 v input external delay
     1    0.00    0.02    0.01    2.01 v opcode[2] (in)
                                         opcode[2] (net)
                  0.02    0.00    2.01 v input19/A (sky130_fd_sc_hd__clkbuf_4)
     9    0.07    0.25    0.40    2.41 v input19/X (sky130_fd_sc_hd__clkbuf_4)
                                         net19 (net)
                  0.25    0.01    2.42 v _246_/A (sky130_fd_sc_hd__or3b_4)
     1    0.02    0.17    0.96    3.38 v _246_/X (sky130_fd_sc_hd__or3b_4)
                                         _176_ (net)
                  0.17    0.00    3.38 v _247_/A (sky130_fd_sc_hd__buf_6)
     8    0.05    0.10    0.33    3.71 v _247_/X (sky130_fd_sc_hd__buf_6)
                                         _177_ (net)
                  0.10    0.00    3.71 v _249_/A2 (sky130_fd_sc_hd__a21oi_1)
     2    0.02    0.78    0.73    4.44 ^ _249_/Y (sky130_fd_sc_hd__a21oi_1)
                                         _179_ (net)
                  0.78    0.00    4.44 ^ _252_/A2 (sky130_fd_sc_hd__o21a_1)
     3    0.02    0.35    0.66    5.10 ^ _252_/X (sky130_fd_sc_hd__o21a_1)
                                         _182_ (net)
                  0.35    0.00    5.10 ^ _284_/B1_N (sky130_fd_sc_hd__o21bai_4)
     2    0.03    0.40    0.45    5.55 ^ _284_/Y (sky130_fd_sc_hd__o21bai_4)
                                         _213_ (net)
                  0.40    0.00    5.55 ^ _286_/A2 (sky130_fd_sc_hd__o21ai_1)
     1    0.01    0.36    0.37    5.92 v _286_/Y (sky130_fd_sc_hd__o21ai_1)
                                         _215_ (net)
                  0.36    0.00    5.92 v _291_/A2 (sky130_fd_sc_hd__o211a_1)
     1    0.02    0.19    0.65    6.57 v _291_/X (sky130_fd_sc_hd__o211a_1)
                                         _220_ (net)
                  0.19    0.00    6.57 v _292_/B1 (sky130_fd_sc_hd__o21ai_1)
     1    0.02    0.56    0.41    6.98 ^ _292_/Y (sky130_fd_sc_hd__o21ai_1)
                                         net22 (net)
                  0.56    0.00    6.98 ^ output22/A (sky130_fd_sc_hd__buf_2)
     1    0.03    0.28    0.57    7.55 ^ output22/X (sky130_fd_sc_hd__buf_2)
                                         out[2] (net)
                  0.28    0.00    7.55 ^ out[2] (out)
                                  7.55   data arrival time

                  0.00   10.00   10.00   clock __VIRTUAL_CLK__ (rise edge)
                          0.00   10.00   clock network delay (ideal)
                         -0.25    9.75   clock uncertainty
                          0.00    9.75   clock reconvergence pessimism
                         -2.00    7.75   output external delay
                                  7.75   data required time
-----------------------------------------------------------------------------
                                  7.75   data required time
                                 -7.55   data arrival time
-----------------------------------------------------------------------------
                                  0.20   slack (MET)


Startpoint: A[1] (input port clocked by __VIRTUAL_CLK__)
Endpoint: out[1] (output port clocked by __VIRTUAL_CLK__)
Path Group: __VIRTUAL_CLK__
Path Type: max
Corner: Slowest

Fanout     Cap    Slew   Delay    Time   Description
-----------------------------------------------------------------------------
                  0.00    0.00    0.00   clock __VIRTUAL_CLK__ (rise edge)
                          0.00    0.00   clock network delay (ideal)
                          2.00    2.00 ^ input external delay
     1    0.00    0.04    0.02    2.02 ^ A[1] (in)
                                         A[1] (net)
                  0.04    0.00    2.02 ^ input2/A (sky130_fd_sc_hd__clkbuf_4)
     7    0.08    0.37    0.47    2.49 ^ input2/X (sky130_fd_sc_hd__clkbuf_4)
                                         net2 (net)
                  0.37    0.00    2.49 ^ _251_/A (sky130_fd_sc_hd__clkbuf_4)
    10    0.08    0.39    0.65    3.14 ^ _251_/X (sky130_fd_sc_hd__clkbuf_4)
                                         _181_ (net)
                  0.39    0.00    3.15 ^ _258_/A (sky130_fd_sc_hd__and2_2)
     4    0.05    0.44    0.72    3.87 ^ _258_/X (sky130_fd_sc_hd__and2_2)
                                         _188_ (net)
                  0.44    0.00    3.87 ^ _265_/C (sky130_fd_sc_hd__and3_1)
     3    0.03    0.51    0.79    4.66 ^ _265_/X (sky130_fd_sc_hd__and3_1)
                                         _195_ (net)
                  0.51    0.00    4.66 ^ _268_/A_N (sky130_fd_sc_hd__and3b_1)
     1    0.01    0.10    0.56    5.22 v _268_/X (sky130_fd_sc_hd__and3b_1)
                                         _198_ (net)
                  0.10    0.00    5.22 v _269_/C (sky130_fd_sc_hd__or3_1)
     1    0.02    0.28    0.97    6.19 v _269_/X (sky130_fd_sc_hd__or3_1)
                                         _199_ (net)
                  0.28    0.00    6.19 v _270_/B1 (sky130_fd_sc_hd__a31o_1)
     2    0.03    0.28    0.64    6.83 v _270_/X (sky130_fd_sc_hd__a31o_1)
                                         net21 (net)
                  0.28    0.00    6.83 v output21/A (sky130_fd_sc_hd__buf_2)
     1    0.03    0.17    0.47    7.30 v output21/X (sky130_fd_sc_hd__buf_2)
                                         out[1] (net)
                  0.17    0.00    7.30 v out[1] (out)
                                  7.30   data arrival time

                  0.00   10.00   10.00   clock __VIRTUAL_CLK__ (rise edge)
                          0.00   10.00   clock network delay (ideal)
                         -0.25    9.75   clock uncertainty
                          0.00    9.75   clock reconvergence pessimism
                         -2.00    7.75   output external delay
                                  7.75   data required time
-----------------------------------------------------------------------------
                                  7.75   data required time
                                 -7.30   data arrival time
-----------------------------------------------------------------------------
                                  0.45   slack (MET)


Startpoint: opcode[2] (input port clocked by __VIRTUAL_CLK__)
Endpoint: out[0] (output port clocked by __VIRTUAL_CLK__)
Path Group: __VIRTUAL_CLK__
Path Type: max
Corner: Slowest

Fanout     Cap    Slew   Delay    Time   Description
-----------------------------------------------------------------------------
                  0.00    0.00    0.00   clock __VIRTUAL_CLK__ (rise edge)
                          0.00    0.00   clock network delay (ideal)
                          2.00    2.00 ^ input external delay
     1    0.00    0.03    0.02    2.02 ^ opcode[2] (in)
                                         opcode[2] (net)
                  0.03    0.00    2.02 ^ input19/A (sky130_fd_sc_hd__clkbuf_4)
     9    0.07    0.34    0.45    2.47 ^ input19/X (sky130_fd_sc_hd__clkbuf_4)
                                         net19 (net)
                  0.34    0.01    2.48 ^ _237_/A_N (sky130_fd_sc_hd__and3b_1)
     1    0.04    0.34    0.72    3.20 v _237_/X (sky130_fd_sc_hd__and3b_1)
                                         _168_ (net)
                  0.34    0.00    3.20 v _238_/A (sky130_fd_sc_hd__clkbuf_4)
     8    0.08    0.28    0.58    3.79 v _238_/X (sky130_fd_sc_hd__clkbuf_4)
                                         _169_ (net)
                  0.28    0.01    3.80 v _240_/B1 (sky130_fd_sc_hd__o22a_1)
     1    0.01    0.16    0.54    4.34 v _240_/X (sky130_fd_sc_hd__o22a_1)
                                         _171_ (net)
                  0.16    0.00    4.34 v _244_/A (sky130_fd_sc_hd__or3_1)
     1    0.01    0.22    1.04    5.38 v _244_/X (sky130_fd_sc_hd__or3_1)
                                         _175_ (net)
                  0.22    0.00    5.38 v _245_/A (sky130_fd_sc_hd__buf_1)
     1    0.03    0.36    0.49    5.87 v _245_/X (sky130_fd_sc_hd__buf_1)
                                         net20 (net)
                  0.36    0.00    5.87 v output20/A (sky130_fd_sc_hd__buf_2)
     1    0.03    0.17    0.51    6.38 v output20/X (sky130_fd_sc_hd__buf_2)
                                         out[0] (net)
                  0.17    0.00    6.38 v out[0] (out)
                                  6.38   data arrival time

                  0.00   10.00   10.00   clock __VIRTUAL_CLK__ (rise edge)
                          0.00   10.00   clock network delay (ideal)
                         -0.25    9.75   clock uncertainty
                          0.00    9.75   clock reconvergence pessimism
                         -2.00    7.75   output external delay
                                  7.75   data required time
-----------------------------------------------------------------------------
                                  7.75   data required time
                                 -6.38   data arrival time
-----------------------------------------------------------------------------
                                  1.37   slack (MET)



worst slack corner Slowest: -2.4274
======================= Typical Corner ===================================

Startpoint: A[3] (input port clocked by __VIRTUAL_CLK__)
Endpoint: out[7] (output port clocked by __VIRTUAL_CLK__)
Path Group: __VIRTUAL_CLK__
Path Type: max
Corner: Typical

Fanout     Cap    Slew   Delay    Time   Description
-----------------------------------------------------------------------------
                  0.00    0.00    0.00   clock __VIRTUAL_CLK__ (rise edge)
                          0.00    0.00   clock network delay (ideal)
                          2.00    2.00 ^ input external delay
     1    0.00    0.02    0.01    2.01 ^ A[3] (in)
                                         A[3] (net)
                  0.02    0.00    2.01 ^ input4/A (sky130_fd_sc_hd__clkbuf_4)
     6    0.07    0.21    0.25    2.27 ^ input4/X (sky130_fd_sc_hd__clkbuf_4)
                                         net4 (net)
                  0.21    0.00    2.27 ^ _296_/A (sky130_fd_sc_hd__buf_6)
    10    0.08    0.16    0.24    2.51 ^ _296_/X (sky130_fd_sc_hd__buf_6)
                                         _224_ (net)
                  0.16    0.01    2.51 ^ _410_/A1 (sky130_fd_sc_hd__a22oi_1)
     1    0.01    0.13    0.16    2.68 v _410_/Y (sky130_fd_sc_hd__a22oi_1)
                                         _101_ (net)
                  0.13    0.00    2.68 v _412_/A (sky130_fd_sc_hd__nor2_2)
     2    0.03    0.30    0.32    3.00 ^ _412_/Y (sky130_fd_sc_hd__nor2_2)
                                         _103_ (net)
                  0.30    0.00    3.00 ^ _455_/A3 (sky130_fd_sc_hd__a31o_1)
     1    0.01    0.15    0.28    3.28 ^ _455_/X (sky130_fd_sc_hd__a31o_1)
                                         _145_ (net)
                  0.15    0.00    3.28 ^ _456_/B (sky130_fd_sc_hd__xor2_1)
     1    0.02    0.35    0.35    3.63 ^ _456_/X (sky130_fd_sc_hd__xor2_1)
                                         _146_ (net)
                  0.35    0.00    3.63 ^ _464_/A (sky130_fd_sc_hd__xnor2_1)
     1    0.01    0.11    0.18    3.81 v _464_/Y (sky130_fd_sc_hd__xnor2_1)
                                         _154_ (net)
                  0.11    0.00    3.81 v _465_/B (sky130_fd_sc_hd__xnor2_2)
     1    0.04    0.49    0.44    4.26 ^ _465_/Y (sky130_fd_sc_hd__xnor2_2)
                                         _155_ (net)
                  0.49    0.00    4.26 ^ _466_/B (sky130_fd_sc_hd__xor2_2)
     1    0.03    0.20    0.26    4.52 v _466_/X (sky130_fd_sc_hd__xor2_2)
                                         _156_ (net)
                  0.20    0.00    4.52 v _467_/B (sky130_fd_sc_hd__xnor2_1)
     1    0.03    0.57    0.56    5.07 ^ _467_/Y (sky130_fd_sc_hd__xnor2_1)
                                         _157_ (net)
                  0.57    0.00    5.08 ^ _468_/B (sky130_fd_sc_hd__xnor2_2)
     2    0.02    0.15    0.20    5.27 v _468_/Y (sky130_fd_sc_hd__xnor2_2)
                                         _158_ (net)
                  0.15    0.00    5.27 v _470_/A1 (sky130_fd_sc_hd__o21a_1)
     1    0.02    0.13    0.32    5.59 v _470_/X (sky130_fd_sc_hd__o21a_1)
                                         _160_ (net)
                  0.13    0.00    5.59 v _474_/A2 (sky130_fd_sc_hd__a21o_1)
     1    0.03    0.12    0.31    5.90 v _474_/X (sky130_fd_sc_hd__a21o_1)
                                         _164_ (net)
                  0.12    0.00    5.90 v _475_/B1 (sky130_fd_sc_hd__a21o_1)
     1    0.02    0.09    0.25    6.15 v _475_/X (sky130_fd_sc_hd__a21o_1)
                                         net27 (net)
                  0.09    0.00    6.15 v output27/A (sky130_fd_sc_hd__buf_6)
     1    0.03    0.04    0.16    6.31 v output27/X (sky130_fd_sc_hd__buf_6)
                                         out[7] (net)
                  0.04    0.00    6.32 v out[7] (out)
                                  6.32   data arrival time

                  0.00   10.00   10.00   clock __VIRTUAL_CLK__ (rise edge)
                          0.00   10.00   clock network delay (ideal)
                         -0.25    9.75   clock uncertainty
                          0.00    9.75   clock reconvergence pessimism
                         -2.00    7.75   output external delay
                                  7.75   data required time
-----------------------------------------------------------------------------
                                  7.75   data required time
                                 -6.32   data arrival time
-----------------------------------------------------------------------------
                                  1.43   slack (MET)


Startpoint: A[2] (input port clocked by __VIRTUAL_CLK__)
Endpoint: out[6] (output port clocked by __VIRTUAL_CLK__)
Path Group: __VIRTUAL_CLK__
Path Type: max
Corner: Typical

Fanout     Cap    Slew   Delay    Time   Description
-----------------------------------------------------------------------------
                  0.00    0.00    0.00   clock __VIRTUAL_CLK__ (rise edge)
                          0.00    0.00   clock network delay (ideal)
                          2.00    2.00 ^ input external delay
     1    0.00    0.02    0.01    2.01 ^ A[2] (in)
                                         A[2] (net)
                  0.02    0.00    2.01 ^ input3/A (sky130_fd_sc_hd__clkbuf_4)
     6    0.06    0.19    0.24    2.25 ^ input3/X (sky130_fd_sc_hd__clkbuf_4)
                                         net3 (net)
                  0.19    0.00    2.25 ^ _275_/A (sky130_fd_sc_hd__buf_12)
    11    0.10    0.13    0.20    2.46 ^ _275_/X (sky130_fd_sc_hd__buf_12)
                                         _204_ (net)
                  0.13    0.01    2.47 ^ _411_/A (sky130_fd_sc_hd__and4_1)
     2    0.03    0.25    0.36    2.83 ^ _411_/X (sky130_fd_sc_hd__and4_1)
                                         _102_ (net)
                  0.25    0.00    2.83 ^ _412_/B (sky130_fd_sc_hd__nor2_2)
     2    0.03    0.11    0.14    2.96 v _412_/Y (sky130_fd_sc_hd__nor2_2)
                                         _103_ (net)
                  0.11    0.00    2.96 v _413_/B (sky130_fd_sc_hd__xnor2_2)
     2    0.01    0.22    0.23    3.20 ^ _413_/Y (sky130_fd_sc_hd__xnor2_2)
                                         _104_ (net)
                  0.22    0.00    3.20 ^ _414_/B1 (sky130_fd_sc_hd__a21o_1)
     2    0.05    0.39    0.38    3.58 ^ _414_/X (sky130_fd_sc_hd__a21o_1)
                                         _105_ (net)
                  0.39    0.00    3.58 ^ _417_/A (sky130_fd_sc_hd__nand3_2)
     3    0.04    0.29    0.34    3.92 v _417_/Y (sky130_fd_sc_hd__nand3_2)
                                         _108_ (net)
                  0.29    0.00    3.92 v _419_/B (sky130_fd_sc_hd__and3_4)
     3    0.03    0.06    0.33    4.25 v _419_/X (sky130_fd_sc_hd__and3_4)
                                         _110_ (net)
                  0.06    0.00    4.25 v _422_/A1 (sky130_fd_sc_hd__o211ai_2)
     2    0.03    0.36    0.36    4.61 ^ _422_/Y (sky130_fd_sc_hd__o211ai_2)
                                         _113_ (net)
                  0.36    0.00    4.61 ^ _423_/C (sky130_fd_sc_hd__and3b_1)
     2    0.03    0.28    0.40    5.02 ^ _423_/X (sky130_fd_sc_hd__and3b_1)
                                         _114_ (net)
                  0.28    0.00    5.02 ^ _425_/A_N (sky130_fd_sc_hd__and2b_1)
     2    0.02    0.11    0.31    5.32 v _425_/X (sky130_fd_sc_hd__and2b_1)
                                         _116_ (net)
                  0.11    0.00    5.33 v _427_/A2 (sky130_fd_sc_hd__o21a_1)
     1    0.02    0.12    0.29    5.61 v _427_/X (sky130_fd_sc_hd__o21a_1)
                                         _118_ (net)
                  0.12    0.00    5.61 v _432_/A1 (sky130_fd_sc_hd__a21oi_2)
     1    0.02    0.24    0.28    5.89 ^ _432_/Y (sky130_fd_sc_hd__a21oi_2)
                                         _123_ (net)
                  0.24    0.00    5.89 ^ _433_/B1 (sky130_fd_sc_hd__o21ai_2)
     1    0.02    0.11    0.15    6.05 v _433_/Y (sky130_fd_sc_hd__o21ai_2)
                                         net26 (net)
                  0.11    0.00    6.05 v output26/A (sky130_fd_sc_hd__buf_4)
     1    0.03    0.06    0.21    6.26 v output26/X (sky130_fd_sc_hd__buf_4)
                                         out[6] (net)
                  0.06    0.00    6.26 v out[6] (out)
                                  6.26   data arrival time

                  0.00   10.00   10.00   clock __VIRTUAL_CLK__ (rise edge)
                          0.00   10.00   clock network delay (ideal)
                         -0.25    9.75   clock uncertainty
                          0.00    9.75   clock reconvergence pessimism
                         -2.00    7.75   output external delay
                                  7.75   data required time
-----------------------------------------------------------------------------
                                  7.75   data required time
                                 -6.26   data arrival time
-----------------------------------------------------------------------------
                                  1.49   slack (MET)


Startpoint: A[4] (input port clocked by __VIRTUAL_CLK__)
Endpoint: out[5] (output port clocked by __VIRTUAL_CLK__)
Path Group: __VIRTUAL_CLK__
Path Type: max
Corner: Typical

Fanout     Cap    Slew   Delay    Time   Description
-----------------------------------------------------------------------------
                  0.00    0.00    0.00   clock __VIRTUAL_CLK__ (rise edge)
                          0.00    0.00   clock network delay (ideal)
                          2.00    2.00 ^ input external delay
     1    0.00    0.02    0.01    2.01 ^ A[4] (in)
                                         A[4] (net)
                  0.02    0.00    2.01 ^ input5/A (sky130_fd_sc_hd__buf_4)
     5    0.07    0.21    0.23    2.24 ^ input5/X (sky130_fd_sc_hd__buf_4)
                                         net5 (net)
                  0.21    0.01    2.25 ^ _322_/A (sky130_fd_sc_hd__buf_12)
     5    0.07    0.09    0.19    2.44 ^ _322_/X (sky130_fd_sc_hd__buf_12)
                                         _015_ (net)
                  0.09    0.01    2.45 ^ _335_/A (sky130_fd_sc_hd__nand4_4)
     3    0.06    0.26    0.23    2.68 v _335_/Y (sky130_fd_sc_hd__nand4_4)
                                         _028_ (net)
                  0.26    0.00    2.68 v _337_/A1 (sky130_fd_sc_hd__a21o_1)
     2    0.02    0.10    0.32    2.99 v _337_/X (sky130_fd_sc_hd__a21o_1)
                                         _030_ (net)
                  0.10    0.00    3.00 v _340_/B (sky130_fd_sc_hd__and3_1)
     2    0.03    0.14    0.30    3.29 v _340_/X (sky130_fd_sc_hd__and3_1)
                                         _033_ (net)
                  0.14    0.00    3.30 v _342_/A (sky130_fd_sc_hd__nor2_2)
     1    0.03    0.37    0.37    3.67 ^ _342_/Y (sky130_fd_sc_hd__nor2_2)
                                         _035_ (net)
                  0.37    0.00    3.67 ^ _343_/B (sky130_fd_sc_hd__xnor2_2)
     2    0.03    0.16    0.21    3.88 v _343_/Y (sky130_fd_sc_hd__xnor2_2)
                                         _036_ (net)
                  0.16    0.00    3.89 v _345_/C (sky130_fd_sc_hd__nor3_2)
     1    0.03    0.53    0.46    4.35 ^ _345_/Y (sky130_fd_sc_hd__nor3_2)
                                         _038_ (net)
                  0.53    0.00    4.35 ^ _346_/B (sky130_fd_sc_hd__nor2_2)
     3    0.04    0.17    0.21    4.56 v _346_/Y (sky130_fd_sc_hd__nor2_2)
                                         _039_ (net)
                  0.17    0.00    4.56 v _378_/D (sky130_fd_sc_hd__and4b_2)
     3    0.02    0.08    0.36    4.92 v _378_/X (sky130_fd_sc_hd__and4b_2)
                                         _070_ (net)
                  0.08    0.00    4.92 v _379_/B (sky130_fd_sc_hd__or3b_2)
     1    0.03    0.16    0.59    5.51 v _379_/X (sky130_fd_sc_hd__or3b_2)
                                         _071_ (net)
                  0.16    0.00    5.51 v _391_/B1 (sky130_fd_sc_hd__o211ai_2)
     1    0.03    0.36    0.21    5.73 ^ _391_/Y (sky130_fd_sc_hd__o211ai_2)
                                         net25 (net)
                  0.36    0.00    5.73 ^ output25/A (sky130_fd_sc_hd__buf_4)
     1    0.03    0.11    0.25    5.98 ^ output25/X (sky130_fd_sc_hd__buf_4)
                                         out[5] (net)
                  0.11    0.00    5.98 ^ out[5] (out)
                                  5.98   data arrival time

                  0.00   10.00   10.00   clock __VIRTUAL_CLK__ (rise edge)
                          0.00   10.00   clock network delay (ideal)
                         -0.25    9.75   clock uncertainty
                          0.00    9.75   clock reconvergence pessimism
                         -2.00    7.75   output external delay
                                  7.75   data required time
-----------------------------------------------------------------------------
                                  7.75   data required time
                                 -5.98   data arrival time
-----------------------------------------------------------------------------
                                  1.77   slack (MET)


Startpoint: A[3] (input port clocked by __VIRTUAL_CLK__)
Endpoint: out[4] (output port clocked by __VIRTUAL_CLK__)
Path Group: __VIRTUAL_CLK__
Path Type: max
Corner: Typical

Fanout     Cap    Slew   Delay    Time   Description
-----------------------------------------------------------------------------
                  0.00    0.00    0.00   clock __VIRTUAL_CLK__ (rise edge)
                          0.00    0.00   clock network delay (ideal)
                          2.00    2.00 ^ input external delay
     1    0.00    0.02    0.01    2.01 ^ A[3] (in)
                                         A[3] (net)
                  0.02    0.00    2.01 ^ input4/A (sky130_fd_sc_hd__clkbuf_4)
     6    0.07    0.21    0.25    2.27 ^ input4/X (sky130_fd_sc_hd__clkbuf_4)
                                         net4 (net)
                  0.21    0.00    2.27 ^ _296_/A (sky130_fd_sc_hd__buf_6)
    10    0.08    0.16    0.24    2.51 ^ _296_/X (sky130_fd_sc_hd__buf_6)
                                         _224_ (net)
                  0.16    0.01    2.51 ^ _297_/B1 (sky130_fd_sc_hd__a22oi_4)
     2    0.04    0.13    0.14    2.66 v _297_/Y (sky130_fd_sc_hd__a22oi_4)
                                         _225_ (net)
                  0.13    0.00    2.66 v _298_/B (sky130_fd_sc_hd__nor2_2)
     1    0.05    0.52    0.46    3.12 ^ _298_/Y (sky130_fd_sc_hd__nor2_2)
                                         _226_ (net)
                  0.52    0.00    3.12 ^ _299_/A (sky130_fd_sc_hd__xnor2_2)
     2    0.03    0.19    0.26    3.38 v _299_/Y (sky130_fd_sc_hd__xnor2_2)
                                         _227_ (net)
                  0.19    0.00    3.39 v _301_/B (sky130_fd_sc_hd__xnor2_2)
     2    0.01    0.23    0.27    3.66 ^ _301_/Y (sky130_fd_sc_hd__xnor2_2)
                                         _229_ (net)
                  0.23    0.00    3.66 ^ rebuffer10/A (sky130_fd_sc_hd__clkbuf_2)
     1    0.02    0.10    0.21    3.87 ^ rebuffer10/X (sky130_fd_sc_hd__clkbuf_2)
                                         net38 (net)
                  0.10    0.00    3.87 ^ _303_/B1 (sky130_fd_sc_hd__a21oi_1)
     1    0.01    0.11    0.09    3.96 v _303_/Y (sky130_fd_sc_hd__a21oi_1)
                                         _231_ (net)
                  0.11    0.00    3.96 v _304_/A (sky130_fd_sc_hd__nor2_2)
     3    0.04    0.43    0.40    4.36 ^ _304_/Y (sky130_fd_sc_hd__nor2_2)
                                         _232_ (net)
                  0.43    0.00    4.36 ^ _306_/A (sky130_fd_sc_hd__nand2_2)
     3    0.04    0.20    0.26    4.63 v _306_/Y (sky130_fd_sc_hd__nand2_2)
                                         _000_ (net)
                  0.20    0.00    4.63 v _347_/A (sky130_fd_sc_hd__xnor2_1)
     1    0.02    0.16    0.27    4.90 v _347_/Y (sky130_fd_sc_hd__xnor2_1)
                                         _040_ (net)
                  0.16    0.00    4.90 v _352_/A2 (sky130_fd_sc_hd__a211o_1)
     1    0.01    0.07    0.37    5.28 v _352_/X (sky130_fd_sc_hd__a211o_1)
                                         _045_ (net)
                  0.07    0.00    5.28 v _353_/B1 (sky130_fd_sc_hd__a31o_1)
     1    0.01    0.06    0.23    5.51 v _353_/X (sky130_fd_sc_hd__a31o_1)
                                         net24 (net)
                  0.06    0.00    5.51 v output24/A (sky130_fd_sc_hd__buf_2)
     1    0.03    0.09    0.20    5.70 v output24/X (sky130_fd_sc_hd__buf_2)
                                         out[4] (net)
                  0.09    0.00    5.70 v out[4] (out)
                                  5.70   data arrival time

                  0.00   10.00   10.00   clock __VIRTUAL_CLK__ (rise edge)
                          0.00   10.00   clock network delay (ideal)
                         -0.25    9.75   clock uncertainty
                          0.00    9.75   clock reconvergence pessimism
                         -2.00    7.75   output external delay
                                  7.75   data required time
-----------------------------------------------------------------------------
                                  7.75   data required time
                                 -5.70   data arrival time
-----------------------------------------------------------------------------
                                  2.05   slack (MET)


Startpoint: A[3] (input port clocked by __VIRTUAL_CLK__)
Endpoint: out[3] (output port clocked by __VIRTUAL_CLK__)
Path Group: __VIRTUAL_CLK__
Path Type: max
Corner: Typical

Fanout     Cap    Slew   Delay    Time   Description
-----------------------------------------------------------------------------
                  0.00    0.00    0.00   clock __VIRTUAL_CLK__ (rise edge)
                          0.00    0.00   clock network delay (ideal)
                          2.00    2.00 ^ input external delay
     1    0.00    0.02    0.01    2.01 ^ A[3] (in)
                                         A[3] (net)
                  0.02    0.00    2.01 ^ input4/A (sky130_fd_sc_hd__clkbuf_4)
     6    0.07    0.21    0.25    2.27 ^ input4/X (sky130_fd_sc_hd__clkbuf_4)
                                         net4 (net)
                  0.21    0.00    2.27 ^ _296_/A (sky130_fd_sc_hd__buf_6)
    10    0.08    0.16    0.24    2.51 ^ _296_/X (sky130_fd_sc_hd__buf_6)
                                         _224_ (net)
                  0.16    0.01    2.51 ^ _297_/B1 (sky130_fd_sc_hd__a22oi_4)
     2    0.04    0.13    0.14    2.66 v _297_/Y (sky130_fd_sc_hd__a22oi_4)
                                         _225_ (net)
                  0.13    0.00    2.66 v _298_/B (sky130_fd_sc_hd__nor2_2)
     1    0.05    0.52    0.46    3.12 ^ _298_/Y (sky130_fd_sc_hd__nor2_2)
                                         _226_ (net)
                  0.52    0.00    3.12 ^ _299_/A (sky130_fd_sc_hd__xnor2_2)
     2    0.03    0.19    0.26    3.38 v _299_/Y (sky130_fd_sc_hd__xnor2_2)
                                         _227_ (net)
                  0.19    0.00    3.39 v _301_/B (sky130_fd_sc_hd__xnor2_2)
     2    0.01    0.23    0.27    3.66 ^ _301_/Y (sky130_fd_sc_hd__xnor2_2)
                                         _229_ (net)
                  0.23    0.00    3.66 ^ rebuffer10/A (sky130_fd_sc_hd__clkbuf_2)
     1    0.02    0.10    0.21    3.87 ^ rebuffer10/X (sky130_fd_sc_hd__clkbuf_2)
                                         net38 (net)
                  0.10    0.00    3.87 ^ _303_/B1 (sky130_fd_sc_hd__a21oi_1)
     1    0.01    0.11    0.09    3.96 v _303_/Y (sky130_fd_sc_hd__a21oi_1)
                                         _231_ (net)
                  0.11    0.00    3.96 v _304_/A (sky130_fd_sc_hd__nor2_2)
     3    0.04    0.43    0.40    4.36 ^ _304_/Y (sky130_fd_sc_hd__nor2_2)
                                         _232_ (net)
                  0.43    0.00    4.36 ^ _306_/A (sky130_fd_sc_hd__nand2_2)
     3    0.04    0.20    0.26    4.63 v _306_/Y (sky130_fd_sc_hd__nand2_2)
                                         _000_ (net)
                  0.20    0.00    4.63 v _321_/A3 (sky130_fd_sc_hd__a31o_1)
     1    0.01    0.08    0.34    4.97 v _321_/X (sky130_fd_sc_hd__a31o_1)
                                         net23 (net)
                  0.08    0.00    4.97 v output23/A (sky130_fd_sc_hd__buf_2)
     1    0.03    0.09    0.21    5.17 v output23/X (sky130_fd_sc_hd__buf_2)
                                         out[3] (net)
                  0.09    0.00    5.17 v out[3] (out)
                                  5.17   data arrival time

                  0.00   10.00   10.00   clock __VIRTUAL_CLK__ (rise edge)
                          0.00   10.00   clock network delay (ideal)
                         -0.25    9.75   clock uncertainty
                          0.00    9.75   clock reconvergence pessimism
                         -2.00    7.75   output external delay
                                  7.75   data required time
-----------------------------------------------------------------------------
                                  7.75   data required time
                                 -5.17   data arrival time
-----------------------------------------------------------------------------
                                  2.58   slack (MET)


Startpoint: opcode[2] (input port clocked by __VIRTUAL_CLK__)
Endpoint: out[2] (output port clocked by __VIRTUAL_CLK__)
Path Group: __VIRTUAL_CLK__
Path Type: max
Corner: Typical

Fanout     Cap    Slew   Delay    Time   Description
-----------------------------------------------------------------------------
                  0.00    0.00    0.00   clock __VIRTUAL_CLK__ (rise edge)
                          0.00    0.00   clock network delay (ideal)
                          2.00    2.00 v input external delay
     1    0.00    0.01    0.00    2.00 v opcode[2] (in)
                                         opcode[2] (net)
                  0.01    0.00    2.00 v input19/A (sky130_fd_sc_hd__clkbuf_4)
     9    0.07    0.14    0.22    2.23 v input19/X (sky130_fd_sc_hd__clkbuf_4)
                                         net19 (net)
                  0.14    0.01    2.24 v _246_/A (sky130_fd_sc_hd__or3b_4)
     1    0.02    0.09    0.49    2.73 v _246_/X (sky130_fd_sc_hd__or3b_4)
                                         _176_ (net)
                  0.09    0.00    2.73 v _247_/A (sky130_fd_sc_hd__buf_6)
     8    0.05    0.06    0.18    2.91 v _247_/X (sky130_fd_sc_hd__buf_6)
                                         _177_ (net)
                  0.06    0.00    2.91 v _249_/A2 (sky130_fd_sc_hd__a21oi_1)
     2    0.02    0.48    0.44    3.35 ^ _249_/Y (sky130_fd_sc_hd__a21oi_1)
                                         _179_ (net)
                  0.48    0.00    3.35 ^ _252_/A2 (sky130_fd_sc_hd__o21a_1)
     3    0.02    0.22    0.31    3.66 ^ _252_/X (sky130_fd_sc_hd__o21a_1)
                                         _182_ (net)
                  0.22    0.00    3.67 ^ _284_/B1_N (sky130_fd_sc_hd__o21bai_4)
     2    0.03    0.25    0.23    3.90 ^ _284_/Y (sky130_fd_sc_hd__o21bai_4)
                                         _213_ (net)
                  0.25    0.00    3.90 ^ _286_/A2 (sky130_fd_sc_hd__o21ai_1)
     1    0.01    0.21    0.17    4.07 v _286_/Y (sky130_fd_sc_hd__o21ai_1)
                                         _215_ (net)
                  0.21    0.00    4.07 v _291_/A2 (sky130_fd_sc_hd__o211a_1)
     1    0.02    0.10    0.35    4.41 v _291_/X (sky130_fd_sc_hd__o211a_1)
                                         _220_ (net)
                  0.10    0.00    4.41 v _292_/B1 (sky130_fd_sc_hd__o21ai_1)
     1    0.02    0.33    0.23    4.64 ^ _292_/Y (sky130_fd_sc_hd__o21ai_1)
                                         net22 (net)
                  0.33    0.00    4.64 ^ output22/A (sky130_fd_sc_hd__buf_2)
     1    0.03    0.17    0.29    4.94 ^ output22/X (sky130_fd_sc_hd__buf_2)
                                         out[2] (net)
                  0.17    0.00    4.94 ^ out[2] (out)
                                  4.94   data arrival time

                  0.00   10.00   10.00   clock __VIRTUAL_CLK__ (rise edge)
                          0.00   10.00   clock network delay (ideal)
                         -0.25    9.75   clock uncertainty
                          0.00    9.75   clock reconvergence pessimism
                         -2.00    7.75   output external delay
                                  7.75   data required time
-----------------------------------------------------------------------------
                                  7.75   data required time
                                 -4.94   data arrival time
-----------------------------------------------------------------------------
                                  2.81   slack (MET)


Startpoint: A[1] (input port clocked by __VIRTUAL_CLK__)
Endpoint: out[1] (output port clocked by __VIRTUAL_CLK__)
Path Group: __VIRTUAL_CLK__
Path Type: max
Corner: Typical

Fanout     Cap    Slew   Delay    Time   Description
-----------------------------------------------------------------------------
                  0.00    0.00    0.00   clock __VIRTUAL_CLK__ (rise edge)
                          0.00    0.00   clock network delay (ideal)
                          2.00    2.00 ^ input external delay
     1    0.00    0.02    0.01    2.01 ^ A[1] (in)
                                         A[1] (net)
                  0.02    0.00    2.01 ^ input2/A (sky130_fd_sc_hd__clkbuf_4)
     7    0.08    0.24    0.27    2.29 ^ input2/X (sky130_fd_sc_hd__clkbuf_4)
                                         net2 (net)
                  0.24    0.00    2.29 ^ _251_/A (sky130_fd_sc_hd__clkbuf_4)
    10    0.08    0.25    0.37    2.66 ^ _251_/X (sky130_fd_sc_hd__clkbuf_4)
                                         _181_ (net)
                  0.25    0.00    2.66 ^ _258_/A (sky130_fd_sc_hd__and2_2)
     4    0.05    0.27    0.39    3.05 ^ _258_/X (sky130_fd_sc_hd__and2_2)
                                         _188_ (net)
                  0.27    0.00    3.05 ^ _265_/C (sky130_fd_sc_hd__and3_1)
     3    0.03    0.33    0.42    3.48 ^ _265_/X (sky130_fd_sc_hd__and3_1)
                                         _195_ (net)
                  0.33    0.00    3.48 ^ _268_/A_N (sky130_fd_sc_hd__and3b_1)
     1    0.01    0.05    0.25    3.73 v _268_/X (sky130_fd_sc_hd__and3b_1)
                                         _198_ (net)
                  0.05    0.00    3.73 v _269_/C (sky130_fd_sc_hd__or3_1)
     1    0.02    0.14    0.42    4.15 v _269_/X (sky130_fd_sc_hd__or3_1)
                                         _199_ (net)
                  0.14    0.00    4.15 v _270_/B1 (sky130_fd_sc_hd__a31o_1)
     2    0.03    0.15    0.34    4.49 v _270_/X (sky130_fd_sc_hd__a31o_1)
                                         net21 (net)
                  0.15    0.00    4.49 v output21/A (sky130_fd_sc_hd__buf_2)
     1    0.03    0.09    0.24    4.73 v output21/X (sky130_fd_sc_hd__buf_2)
                                         out[1] (net)
                  0.09    0.00    4.73 v out[1] (out)
                                  4.73   data arrival time

                  0.00   10.00   10.00   clock __VIRTUAL_CLK__ (rise edge)
                          0.00   10.00   clock network delay (ideal)
                         -0.25    9.75   clock uncertainty
                          0.00    9.75   clock reconvergence pessimism
                         -2.00    7.75   output external delay
                                  7.75   data required time
-----------------------------------------------------------------------------
                                  7.75   data required time
                                 -4.73   data arrival time
-----------------------------------------------------------------------------
                                  3.02   slack (MET)


Startpoint: opcode[2] (input port clocked by __VIRTUAL_CLK__)
Endpoint: out[0] (output port clocked by __VIRTUAL_CLK__)
Path Group: __VIRTUAL_CLK__
Path Type: max
Corner: Typical

Fanout     Cap    Slew   Delay    Time   Description
-----------------------------------------------------------------------------
                  0.00    0.00    0.00   clock __VIRTUAL_CLK__ (rise edge)
                          0.00    0.00   clock network delay (ideal)
                          2.00    2.00 v input external delay
     1    0.00    0.01    0.00    2.00 v opcode[2] (in)
                                         opcode[2] (net)
                  0.01    0.00    2.00 v input19/A (sky130_fd_sc_hd__clkbuf_4)
     9    0.07    0.14    0.22    2.23 v input19/X (sky130_fd_sc_hd__clkbuf_4)
                                         net19 (net)
                  0.14    0.01    2.24 v _237_/A_N (sky130_fd_sc_hd__and3b_1)
     1    0.04    0.36    0.49    2.73 ^ _237_/X (sky130_fd_sc_hd__and3b_1)
                                         _168_ (net)
                  0.36    0.00    2.73 ^ _238_/A (sky130_fd_sc_hd__clkbuf_4)
     8    0.08    0.24    0.39    3.12 ^ _238_/X (sky130_fd_sc_hd__clkbuf_4)
                                         _169_ (net)
                  0.24    0.01    3.13 ^ _240_/B1 (sky130_fd_sc_hd__o22a_1)
     1    0.01    0.11    0.24    3.37 ^ _240_/X (sky130_fd_sc_hd__o22a_1)
                                         _171_ (net)
                  0.11    0.00    3.38 ^ _244_/A (sky130_fd_sc_hd__or3_1)
     1    0.01    0.11    0.18    3.56 ^ _244_/X (sky130_fd_sc_hd__or3_1)
                                         _175_ (net)
                  0.11    0.00    3.56 ^ _245_/A (sky130_fd_sc_hd__buf_1)
     1    0.03    0.38    0.35    3.90 ^ _245_/X (sky130_fd_sc_hd__buf_1)
                                         net20 (net)
                  0.38    0.00    3.90 ^ output20/A (sky130_fd_sc_hd__buf_2)
     1    0.03    0.17    0.30    4.20 ^ output20/X (sky130_fd_sc_hd__buf_2)
                                         out[0] (net)
                  0.17    0.00    4.20 ^ out[0] (out)
                                  4.20   data arrival time

                  0.00   10.00   10.00   clock __VIRTUAL_CLK__ (rise edge)
                          0.00   10.00   clock network delay (ideal)
                         -0.25    9.75   clock uncertainty
                          0.00    9.75   clock reconvergence pessimism
                         -2.00    7.75   output external delay
                                  7.75   data required time
-----------------------------------------------------------------------------
                                  7.75   data required time
                                 -4.20   data arrival time
-----------------------------------------------------------------------------
                                  3.55   slack (MET)



worst slack corner Typical: 1.4349
