
===========================================================================
report_checks -path_delay min (Hold)
============================================================================
======================= Typical Corner ===================================

Startpoint: opcode[0] (input port clocked by __VIRTUAL_CLK__)
Endpoint: out[5] (output port clocked by __VIRTUAL_CLK__)
Path Group: __VIRTUAL_CLK__
Path Type: min

Fanout     Cap    Slew   Delay    Time   Description
-----------------------------------------------------------------------------
                  0.00    0.00    0.00   clock __VIRTUAL_CLK__ (rise edge)
                          0.00    0.00   clock network delay (ideal)
                          2.00    2.00 v input external delay
     1    0.00    0.01    0.00    2.00 v opcode[0] (in)
                                         opcode[0] (net)
                  0.01    0.00    2.00 v input17/A (sky130_fd_sc_hd__clkbuf_4)
     8    0.04    0.09    0.16    2.17 v input17/X (sky130_fd_sc_hd__clkbuf_4)
                                         net17 (net)
                  0.09    0.00    2.17 v _242_/B (sky130_fd_sc_hd__nand3b_4)
     8    0.03    0.12    0.14    2.31 ^ _242_/Y (sky130_fd_sc_hd__nand3b_4)
                                         _173_ (net)
                  0.12    0.00    2.31 ^ _391_/A2 (sky130_fd_sc_hd__o211ai_2)
     1    0.01    0.08    0.11    2.42 v _391_/Y (sky130_fd_sc_hd__o211ai_2)
                                         net25 (net)
                  0.08    0.00    2.42 v output25/A (sky130_fd_sc_hd__buf_2)
     1    0.03    0.09    0.19    2.61 v output25/X (sky130_fd_sc_hd__buf_2)
                                         out[5] (net)
                  0.09    0.00    2.61 v out[5] (out)
                                  2.61   data arrival time

                  0.00    0.00    0.00   clock __VIRTUAL_CLK__ (rise edge)
                          0.00    0.00   clock network delay (ideal)
                          0.25    0.25   clock uncertainty
                          0.00    0.25   clock reconvergence pessimism
                         -2.00   -1.75   output external delay
                                 -1.75   data required time
-----------------------------------------------------------------------------
                                 -1.75   data required time
                                 -2.61   data arrival time
-----------------------------------------------------------------------------
                                  4.36   slack (MET)


Startpoint: opcode[1] (input port clocked by __VIRTUAL_CLK__)
Endpoint: out[7] (output port clocked by __VIRTUAL_CLK__)
Path Group: __VIRTUAL_CLK__
Path Type: min

Fanout     Cap    Slew   Delay    Time   Description
-----------------------------------------------------------------------------
                  0.00    0.00    0.00   clock __VIRTUAL_CLK__ (rise edge)
                          0.00    0.00   clock network delay (ideal)
                          2.00    2.00 ^ input external delay
     1    0.00    0.02    0.01    2.01 ^ opcode[1] (in)
                                         opcode[1] (net)
                  0.02    0.00    2.01 ^ input18/A (sky130_fd_sc_hd__clkbuf_4)
    10    0.04    0.13    0.18    2.19 ^ input18/X (sky130_fd_sc_hd__clkbuf_4)
                                         net18 (net)
                  0.13    0.00    2.19 ^ _256_/B (sky130_fd_sc_hd__nor2_2)
     6    0.03    0.08    0.10    2.29 v _256_/Y (sky130_fd_sc_hd__nor2_2)
                                         _186_ (net)
                  0.08    0.00    2.29 v _475_/A1 (sky130_fd_sc_hd__a21o_1)
     1    0.01    0.05    0.17    2.46 v _475_/X (sky130_fd_sc_hd__a21o_1)
                                         net27 (net)
                  0.05    0.00    2.47 v output27/A (sky130_fd_sc_hd__buf_2)
     1    0.03    0.09    0.17    2.64 v output27/X (sky130_fd_sc_hd__buf_2)
                                         out[7] (net)
                  0.09    0.00    2.64 v out[7] (out)
                                  2.64   data arrival time

                  0.00    0.00    0.00   clock __VIRTUAL_CLK__ (rise edge)
                          0.00    0.00   clock network delay (ideal)
                          0.25    0.25   clock uncertainty
                          0.00    0.25   clock reconvergence pessimism
                         -2.00   -1.75   output external delay
                                 -1.75   data required time
-----------------------------------------------------------------------------
                                 -1.75   data required time
                                 -2.64   data arrival time
-----------------------------------------------------------------------------
                                  4.39   slack (MET)


Startpoint: opcode[1] (input port clocked by __VIRTUAL_CLK__)
Endpoint: out[6] (output port clocked by __VIRTUAL_CLK__)
Path Group: __VIRTUAL_CLK__
Path Type: min

Fanout     Cap    Slew   Delay    Time   Description
-----------------------------------------------------------------------------
                  0.00    0.00    0.00   clock __VIRTUAL_CLK__ (rise edge)
                          0.00    0.00   clock network delay (ideal)
                          2.00    2.00 ^ input external delay
     1    0.00    0.02    0.01    2.01 ^ opcode[1] (in)
                                         opcode[1] (net)
                  0.02    0.00    2.01 ^ input18/A (sky130_fd_sc_hd__clkbuf_4)
    10    0.04    0.13    0.18    2.19 ^ input18/X (sky130_fd_sc_hd__clkbuf_4)
                                         net18 (net)
                  0.13    0.00    2.19 ^ _398_/B1 (sky130_fd_sc_hd__a311o_1)
     1    0.01    0.11    0.17    2.37 ^ _398_/X (sky130_fd_sc_hd__a311o_1)
                                         _089_ (net)
                  0.11    0.00    2.37 ^ _433_/A2 (sky130_fd_sc_hd__o21ai_1)
     1    0.01    0.07    0.10    2.46 v _433_/Y (sky130_fd_sc_hd__o21ai_1)
                                         net26 (net)
                  0.07    0.00    2.46 v output26/A (sky130_fd_sc_hd__buf_2)
     1    0.03    0.09    0.18    2.64 v output26/X (sky130_fd_sc_hd__buf_2)
                                         out[6] (net)
                  0.09    0.00    2.64 v out[6] (out)
                                  2.64   data arrival time

                  0.00    0.00    0.00   clock __VIRTUAL_CLK__ (rise edge)
                          0.00    0.00   clock network delay (ideal)
                          0.25    0.25   clock uncertainty
                          0.00    0.25   clock reconvergence pessimism
                         -2.00   -1.75   output external delay
                                 -1.75   data required time
-----------------------------------------------------------------------------
                                 -1.75   data required time
                                 -2.64   data arrival time
-----------------------------------------------------------------------------
                                  4.39   slack (MET)


Startpoint: opcode[1] (input port clocked by __VIRTUAL_CLK__)
Endpoint: out[4] (output port clocked by __VIRTUAL_CLK__)
Path Group: __VIRTUAL_CLK__
Path Type: min

Fanout     Cap    Slew   Delay    Time   Description
-----------------------------------------------------------------------------
                  0.00    0.00    0.00   clock __VIRTUAL_CLK__ (rise edge)
                          0.00    0.00   clock network delay (ideal)
                          2.00    2.00 ^ input external delay
     1    0.00    0.02    0.01    2.01 ^ opcode[1] (in)
                                         opcode[1] (net)
                  0.02    0.00    2.01 ^ input18/A (sky130_fd_sc_hd__clkbuf_4)
    10    0.04    0.13    0.18    2.19 ^ input18/X (sky130_fd_sc_hd__clkbuf_4)
                                         net18 (net)
                  0.13    0.00    2.19 ^ _256_/B (sky130_fd_sc_hd__nor2_2)
     6    0.03    0.08    0.10    2.29 v _256_/Y (sky130_fd_sc_hd__nor2_2)
                                         _186_ (net)
                  0.08    0.00    2.29 v _353_/A1 (sky130_fd_sc_hd__a31o_1)
     1    0.00    0.04    0.18    2.48 v _353_/X (sky130_fd_sc_hd__a31o_1)
                                         net24 (net)
                  0.04    0.00    2.48 v output24/A (sky130_fd_sc_hd__buf_2)
     1    0.03    0.09    0.17    2.65 v output24/X (sky130_fd_sc_hd__buf_2)
                                         out[4] (net)
                  0.09    0.00    2.65 v out[4] (out)
                                  2.65   data arrival time

                  0.00    0.00    0.00   clock __VIRTUAL_CLK__ (rise edge)
                          0.00    0.00   clock network delay (ideal)
                          0.25    0.25   clock uncertainty
                          0.00    0.25   clock reconvergence pessimism
                         -2.00   -1.75   output external delay
                                 -1.75   data required time
-----------------------------------------------------------------------------
                                 -1.75   data required time
                                 -2.65   data arrival time
-----------------------------------------------------------------------------
                                  4.40   slack (MET)


Startpoint: opcode[1] (input port clocked by __VIRTUAL_CLK__)
Endpoint: out[1] (output port clocked by __VIRTUAL_CLK__)
Path Group: __VIRTUAL_CLK__
Path Type: min

Fanout     Cap    Slew   Delay    Time   Description
-----------------------------------------------------------------------------
                  0.00    0.00    0.00   clock __VIRTUAL_CLK__ (rise edge)
                          0.00    0.00   clock network delay (ideal)
                          2.00    2.00 ^ input external delay
     1    0.00    0.02    0.01    2.01 ^ opcode[1] (in)
                                         opcode[1] (net)
                  0.02    0.00    2.01 ^ input18/A (sky130_fd_sc_hd__clkbuf_4)
    10    0.04    0.13    0.18    2.19 ^ input18/X (sky130_fd_sc_hd__clkbuf_4)
                                         net18 (net)
                  0.13    0.00    2.19 ^ _256_/B (sky130_fd_sc_hd__nor2_2)
     6    0.03    0.08    0.10    2.29 v _256_/Y (sky130_fd_sc_hd__nor2_2)
                                         _186_ (net)
                  0.08    0.00    2.29 v _270_/A2 (sky130_fd_sc_hd__a31o_1)
     1    0.01    0.07    0.24    2.54 v _270_/X (sky130_fd_sc_hd__a31o_1)
                                         net21 (net)
                  0.07    0.00    2.54 v output21/A (sky130_fd_sc_hd__buf_2)
     1    0.03    0.09    0.18    2.72 v output21/X (sky130_fd_sc_hd__buf_2)
                                         out[1] (net)
                  0.09    0.00    2.72 v out[1] (out)
                                  2.72   data arrival time

                  0.00    0.00    0.00   clock __VIRTUAL_CLK__ (rise edge)
                          0.00    0.00   clock network delay (ideal)
                          0.25    0.25   clock uncertainty
                          0.00    0.25   clock reconvergence pessimism
                         -2.00   -1.75   output external delay
                                 -1.75   data required time
-----------------------------------------------------------------------------
                                 -1.75   data required time
                                 -2.72   data arrival time
-----------------------------------------------------------------------------
                                  4.47   slack (MET)


Startpoint: opcode[1] (input port clocked by __VIRTUAL_CLK__)
Endpoint: out[3] (output port clocked by __VIRTUAL_CLK__)
Path Group: __VIRTUAL_CLK__
Path Type: min

Fanout     Cap    Slew   Delay    Time   Description
-----------------------------------------------------------------------------
                  0.00    0.00    0.00   clock __VIRTUAL_CLK__ (rise edge)
                          0.00    0.00   clock network delay (ideal)
                          2.00    2.00 v input external delay
     1    0.00    0.01    0.00    2.00 v opcode[1] (in)
                                         opcode[1] (net)
                  0.01    0.00    2.00 v input18/A (sky130_fd_sc_hd__clkbuf_4)
    10    0.04    0.09    0.16    2.17 v input18/X (sky130_fd_sc_hd__clkbuf_4)
                                         net18 (net)
                  0.09    0.00    2.17 v _266_/B (sky130_fd_sc_hd__and3b_2)
     7    0.03    0.09    0.26    2.44 v _266_/X (sky130_fd_sc_hd__and3b_2)
                                         _196_ (net)
                  0.09    0.00    2.44 v _321_/A1 (sky130_fd_sc_hd__a31o_1)
     1    0.01    0.05    0.20    2.63 v _321_/X (sky130_fd_sc_hd__a31o_1)
                                         net23 (net)
                  0.05    0.00    2.63 v output23/A (sky130_fd_sc_hd__buf_2)
     1    0.03    0.09    0.17    2.80 v output23/X (sky130_fd_sc_hd__buf_2)
                                         out[3] (net)
                  0.09    0.00    2.80 v out[3] (out)
                                  2.80   data arrival time

                  0.00    0.00    0.00   clock __VIRTUAL_CLK__ (rise edge)
                          0.00    0.00   clock network delay (ideal)
                          0.25    0.25   clock uncertainty
                          0.00    0.25   clock reconvergence pessimism
                         -2.00   -1.75   output external delay
                                 -1.75   data required time
-----------------------------------------------------------------------------
                                 -1.75   data required time
                                 -2.80   data arrival time
-----------------------------------------------------------------------------
                                  4.55   slack (MET)


Startpoint: opcode[1] (input port clocked by __VIRTUAL_CLK__)
Endpoint: out[2] (output port clocked by __VIRTUAL_CLK__)
Path Group: __VIRTUAL_CLK__
Path Type: min

Fanout     Cap    Slew   Delay    Time   Description
-----------------------------------------------------------------------------
                  0.00    0.00    0.00   clock __VIRTUAL_CLK__ (rise edge)
                          0.00    0.00   clock network delay (ideal)
                          2.00    2.00 ^ input external delay
     1    0.00    0.02    0.01    2.01 ^ opcode[1] (in)
                                         opcode[1] (net)
                  0.02    0.00    2.01 ^ input18/A (sky130_fd_sc_hd__clkbuf_4)
    10    0.04    0.13    0.18    2.19 ^ input18/X (sky130_fd_sc_hd__clkbuf_4)
                                         net18 (net)
                  0.13    0.00    2.19 ^ _256_/B (sky130_fd_sc_hd__nor2_2)
     6    0.03    0.08    0.10    2.29 v _256_/Y (sky130_fd_sc_hd__nor2_2)
                                         _186_ (net)
                  0.08    0.00    2.29 v _286_/B1 (sky130_fd_sc_hd__o21ai_1)
     1    0.01    0.12    0.11    2.41 ^ _286_/Y (sky130_fd_sc_hd__o21ai_1)
                                         _215_ (net)
                  0.12    0.00    2.41 ^ _291_/A2 (sky130_fd_sc_hd__o211a_1)
     1    0.01    0.07    0.17    2.57 ^ _291_/X (sky130_fd_sc_hd__o211a_1)
                                         _220_ (net)
                  0.07    0.00    2.57 ^ _292_/B1 (sky130_fd_sc_hd__o21ai_1)
     1    0.01    0.07    0.09    2.66 v _292_/Y (sky130_fd_sc_hd__o21ai_1)
                                         net22 (net)
                  0.07    0.00    2.66 v output22/A (sky130_fd_sc_hd__buf_2)
     1    0.03    0.09    0.18    2.85 v output22/X (sky130_fd_sc_hd__buf_2)
                                         out[2] (net)
                  0.09    0.00    2.85 v out[2] (out)
                                  2.85   data arrival time

                  0.00    0.00    0.00   clock __VIRTUAL_CLK__ (rise edge)
                          0.00    0.00   clock network delay (ideal)
                          0.25    0.25   clock uncertainty
                          0.00    0.25   clock reconvergence pessimism
                         -2.00   -1.75   output external delay
                                 -1.75   data required time
-----------------------------------------------------------------------------
                                 -1.75   data required time
                                 -2.85   data arrival time
-----------------------------------------------------------------------------
                                  4.60   slack (MET)


Startpoint: opcode[1] (input port clocked by __VIRTUAL_CLK__)
Endpoint: out[0] (output port clocked by __VIRTUAL_CLK__)
Path Group: __VIRTUAL_CLK__
Path Type: min

Fanout     Cap    Slew   Delay    Time   Description
-----------------------------------------------------------------------------
                  0.00    0.00    0.00   clock __VIRTUAL_CLK__ (rise edge)
                          0.00    0.00   clock network delay (ideal)
                          2.00    2.00 ^ input external delay
     1    0.00    0.02    0.01    2.01 ^ opcode[1] (in)
                                         opcode[1] (net)
                  0.02    0.00    2.01 ^ input18/A (sky130_fd_sc_hd__clkbuf_4)
    10    0.04    0.13    0.18    2.19 ^ input18/X (sky130_fd_sc_hd__clkbuf_4)
                                         net18 (net)
                  0.13    0.00    2.19 ^ _241_/B (sky130_fd_sc_hd__and4b_1)
     1    0.00    0.06    0.19    2.38 ^ _241_/X (sky130_fd_sc_hd__and4b_1)
                                         _172_ (net)
                  0.06    0.00    2.38 ^ _244_/B (sky130_fd_sc_hd__or3_1)
     1    0.01    0.07    0.11    2.50 ^ _244_/X (sky130_fd_sc_hd__or3_1)
                                         _175_ (net)
                  0.07    0.00    2.50 ^ _245_/A (sky130_fd_sc_hd__buf_1)
     1    0.01    0.18    0.17    2.67 ^ _245_/X (sky130_fd_sc_hd__buf_1)
                                         net20 (net)
                  0.18    0.00    2.67 ^ output20/A (sky130_fd_sc_hd__buf_2)
     1    0.03    0.17    0.23    2.90 ^ output20/X (sky130_fd_sc_hd__buf_2)
                                         out[0] (net)
                  0.17    0.00    2.90 ^ out[0] (out)
                                  2.90   data arrival time

                  0.00    0.00    0.00   clock __VIRTUAL_CLK__ (rise edge)
                          0.00    0.00   clock network delay (ideal)
                          0.25    0.25   clock uncertainty
                          0.00    0.25   clock reconvergence pessimism
                         -2.00   -1.75   output external delay
                                 -1.75   data required time
-----------------------------------------------------------------------------
                                 -1.75   data required time
                                 -2.90   data arrival time
-----------------------------------------------------------------------------
                                  4.65   slack (MET)



worst slack corner Typical: 4.3610
