
===========================================================================
report_checks -unconstrained
===========================================================================
======================= Fastest Corner ===================================

Startpoint: A[2] (input port clocked by __VIRTUAL_CLK__)
Endpoint: out[6] (output port clocked by __VIRTUAL_CLK__)
Path Group: __VIRTUAL_CLK__
Path Type: max
Corner: Fastest

Fanout     Cap    Slew   Delay    Time   Description
-----------------------------------------------------------------------------
                  0.00    0.00    0.00   clock __VIRTUAL_CLK__ (rise edge)
                          0.00    0.00   clock network delay (ideal)
                          2.00    2.00 ^ input external delay
     1    0.00    0.02    0.01    2.01 ^ A[2] (in)
                                         A[2] (net)
                  0.02    0.00    2.01 ^ input3/A (sky130_fd_sc_hd__clkbuf_4)
     6    0.06    0.14    0.17    2.18 ^ input3/X (sky130_fd_sc_hd__clkbuf_4)
                                         net3 (net)
                  0.14    0.00    2.18 ^ _275_/A (sky130_fd_sc_hd__buf_12)
    11    0.10    0.10    0.13    2.31 ^ _275_/X (sky130_fd_sc_hd__buf_12)
                                         _204_ (net)
                  0.10    0.01    2.31 ^ _411_/A (sky130_fd_sc_hd__and4_1)
     2    0.03    0.19    0.23    2.55 ^ _411_/X (sky130_fd_sc_hd__and4_1)
                                         _102_ (net)
                  0.19    0.00    2.55 ^ _412_/B (sky130_fd_sc_hd__nor2_2)
     2    0.03    0.08    0.07    2.62 v _412_/Y (sky130_fd_sc_hd__nor2_2)
                                         _103_ (net)
                  0.08    0.00    2.62 v _413_/B (sky130_fd_sc_hd__xnor2_2)
     2    0.01    0.16    0.16    2.79 ^ _413_/Y (sky130_fd_sc_hd__xnor2_2)
                                         _104_ (net)
                  0.16    0.00    2.79 ^ _414_/B1 (sky130_fd_sc_hd__a21o_1)
     2    0.05    0.30    0.25    3.04 ^ _414_/X (sky130_fd_sc_hd__a21o_1)
                                         _105_ (net)
                  0.30    0.00    3.04 ^ _417_/A (sky130_fd_sc_hd__nand3_2)
     3    0.04    0.19    0.20    3.24 v _417_/Y (sky130_fd_sc_hd__nand3_2)
                                         _108_ (net)
                  0.19    0.00    3.25 v _419_/B (sky130_fd_sc_hd__and3_4)
     3    0.03    0.05    0.21    3.46 v _419_/X (sky130_fd_sc_hd__and3_4)
                                         _110_ (net)
                  0.05    0.00    3.46 v _422_/A1 (sky130_fd_sc_hd__o211ai_2)
     2    0.03    0.26    0.25    3.72 ^ _422_/Y (sky130_fd_sc_hd__o211ai_2)
                                         _113_ (net)
                  0.26    0.00    3.72 ^ _423_/C (sky130_fd_sc_hd__and3b_1)
     2    0.03    0.22    0.26    3.98 ^ _423_/X (sky130_fd_sc_hd__and3b_1)
                                         _114_ (net)
                  0.22    0.00    3.98 ^ _425_/A_N (sky130_fd_sc_hd__and2b_1)
     2    0.02    0.07    0.18    4.16 v _425_/X (sky130_fd_sc_hd__and2b_1)
                                         _116_ (net)
                  0.07    0.00    4.16 v _427_/A2 (sky130_fd_sc_hd__o21a_1)
     1    0.02    0.09    0.19    4.34 v _427_/X (sky130_fd_sc_hd__o21a_1)
                                         _118_ (net)
                  0.09    0.00    4.34 v _432_/A1 (sky130_fd_sc_hd__a21oi_2)
     1    0.02    0.18    0.19    4.54 ^ _432_/Y (sky130_fd_sc_hd__a21oi_2)
                                         _123_ (net)
                  0.18    0.00    4.54 ^ _433_/B1 (sky130_fd_sc_hd__o21ai_2)
     1    0.02    0.08    0.07    4.61 v _433_/Y (sky130_fd_sc_hd__o21ai_2)
                                         net26 (net)
                  0.08    0.00    4.61 v output26/A (sky130_fd_sc_hd__buf_4)
     1    0.03    0.04    0.14    4.74 v output26/X (sky130_fd_sc_hd__buf_4)
                                         out[6] (net)
                  0.04    0.00    4.74 v out[6] (out)
                                  4.74   data arrival time

                  0.00   10.00   10.00   clock __VIRTUAL_CLK__ (rise edge)
                          0.00   10.00   clock network delay (ideal)
                         -0.25    9.75   clock uncertainty
                          0.00    9.75   clock reconvergence pessimism
                         -2.00    7.75   output external delay
                                  7.75   data required time
-----------------------------------------------------------------------------
                                  7.75   data required time
                                 -4.74   data arrival time
-----------------------------------------------------------------------------
                                  3.01   slack (MET)



======================= Slowest Corner ===================================

Startpoint: A[3] (input port clocked by __VIRTUAL_CLK__)
Endpoint: out[6] (output port clocked by __VIRTUAL_CLK__)
Path Group: __VIRTUAL_CLK__
Path Type: max
Corner: Slowest

Fanout     Cap    Slew   Delay    Time   Description
-----------------------------------------------------------------------------
                  0.00    0.00    0.00   clock __VIRTUAL_CLK__ (rise edge)
                          0.00    0.00   clock network delay (ideal)
                          2.00    2.00 ^ input external delay
     1    0.00    0.04    0.02    2.02 ^ A[3] (in)
                                         A[3] (net)
                  0.04    0.00    2.02 ^ input4/A (sky130_fd_sc_hd__clkbuf_4)
     6    0.07    0.33    0.44    2.46 ^ input4/X (sky130_fd_sc_hd__clkbuf_4)
                                         net4 (net)
                  0.33    0.00    2.46 ^ _296_/A (sky130_fd_sc_hd__buf_6)
    10    0.08    0.25    0.44    2.90 ^ _296_/X (sky130_fd_sc_hd__buf_6)
                                         _224_ (net)
                  0.25    0.01    2.91 ^ _410_/A1 (sky130_fd_sc_hd__a22oi_1)
     1    0.01    0.27    0.36    3.27 v _410_/Y (sky130_fd_sc_hd__a22oi_1)
                                         _101_ (net)
                  0.27    0.00    3.27 v _412_/A (sky130_fd_sc_hd__nor2_2)
     2    0.03    0.50    0.56    3.83 ^ _412_/Y (sky130_fd_sc_hd__nor2_2)
                                         _103_ (net)
                  0.50    0.00    3.83 ^ _413_/B (sky130_fd_sc_hd__xnor2_2)
     2    0.01    0.34    0.41    4.24 ^ _413_/Y (sky130_fd_sc_hd__xnor2_2)
                                         _104_ (net)
                  0.34    0.00    4.24 ^ _414_/B1 (sky130_fd_sc_hd__a21o_1)
     2    0.05    0.61    0.66    4.90 ^ _414_/X (sky130_fd_sc_hd__a21o_1)
                                         _105_ (net)
                  0.61    0.00    4.90 ^ _417_/A (sky130_fd_sc_hd__nand3_2)
     3    0.04    0.59    0.73    5.64 v _417_/Y (sky130_fd_sc_hd__nand3_2)
                                         _108_ (net)
                  0.59    0.00    5.64 v _420_/A1 (sky130_fd_sc_hd__a21oi_2)
     2    0.03    0.60    0.80    6.44 ^ _420_/Y (sky130_fd_sc_hd__a21oi_2)
                                         _111_ (net)
                  0.60    0.00    6.44 ^ _422_/A2 (sky130_fd_sc_hd__o211ai_2)
     2    0.03    0.40    0.56    7.00 v _422_/Y (sky130_fd_sc_hd__o211ai_2)
                                         _113_ (net)
                  0.40    0.00    7.00 v _423_/C (sky130_fd_sc_hd__and3b_1)
     2    0.03    0.27    0.75    7.75 v _423_/X (sky130_fd_sc_hd__and3b_1)
                                         _114_ (net)
                  0.27    0.00    7.75 v _425_/A_N (sky130_fd_sc_hd__and2b_1)
     2    0.02    0.31    0.68    8.43 ^ _425_/X (sky130_fd_sc_hd__and2b_1)
                                         _116_ (net)
                  0.31    0.00    8.43 ^ _426_/B (sky130_fd_sc_hd__nand2_1)
     1    0.02    0.39    0.46    8.89 v _426_/Y (sky130_fd_sc_hd__nand2_1)
                                         _117_ (net)
                  0.39    0.00    8.89 v _432_/A2 (sky130_fd_sc_hd__a21oi_2)
     1    0.02    0.39    0.56    9.45 ^ _432_/Y (sky130_fd_sc_hd__a21oi_2)
                                         _123_ (net)
                  0.39    0.00    9.46 ^ _433_/B1 (sky130_fd_sc_hd__o21ai_2)
     1    0.02    0.21    0.33    9.79 v _433_/Y (sky130_fd_sc_hd__o21ai_2)
                                         net26 (net)
                  0.21    0.00    9.79 v output26/A (sky130_fd_sc_hd__buf_4)
     1    0.03    0.10    0.39   10.18 v output26/X (sky130_fd_sc_hd__buf_4)
                                         out[6] (net)
                  0.10    0.00   10.18 v out[6] (out)
                                 10.18   data arrival time

                  0.00   10.00   10.00   clock __VIRTUAL_CLK__ (rise edge)
                          0.00   10.00   clock network delay (ideal)
                         -0.25    9.75   clock uncertainty
                          0.00    9.75   clock reconvergence pessimism
                         -2.00    7.75   output external delay
                                  7.75   data required time
-----------------------------------------------------------------------------
                                  7.75   data required time
                                -10.18   data arrival time
-----------------------------------------------------------------------------
                                 -2.43   slack (VIOLATED)



======================= Typical Corner ===================================

Startpoint: A[3] (input port clocked by __VIRTUAL_CLK__)
Endpoint: out[7] (output port clocked by __VIRTUAL_CLK__)
Path Group: __VIRTUAL_CLK__
Path Type: max
Corner: Typical

Fanout     Cap    Slew   Delay    Time   Description
-----------------------------------------------------------------------------
                  0.00    0.00    0.00   clock __VIRTUAL_CLK__ (rise edge)
                          0.00    0.00   clock network delay (ideal)
                          2.00    2.00 ^ input external delay
     1    0.00    0.02    0.01    2.01 ^ A[3] (in)
                                         A[3] (net)
                  0.02    0.00    2.01 ^ input4/A (sky130_fd_sc_hd__clkbuf_4)
     6    0.07    0.21    0.25    2.27 ^ input4/X (sky130_fd_sc_hd__clkbuf_4)
                                         net4 (net)
                  0.21    0.00    2.27 ^ _296_/A (sky130_fd_sc_hd__buf_6)
    10    0.08    0.16    0.24    2.51 ^ _296_/X (sky130_fd_sc_hd__buf_6)
                                         _224_ (net)
                  0.16    0.01    2.51 ^ _410_/A1 (sky130_fd_sc_hd__a22oi_1)
     1    0.01    0.13    0.16    2.68 v _410_/Y (sky130_fd_sc_hd__a22oi_1)
                                         _101_ (net)
                  0.13    0.00    2.68 v _412_/A (sky130_fd_sc_hd__nor2_2)
     2    0.03    0.30    0.32    3.00 ^ _412_/Y (sky130_fd_sc_hd__nor2_2)
                                         _103_ (net)
                  0.30    0.00    3.00 ^ _455_/A3 (sky130_fd_sc_hd__a31o_1)
     1    0.01    0.15    0.28    3.28 ^ _455_/X (sky130_fd_sc_hd__a31o_1)
                                         _145_ (net)
                  0.15    0.00    3.28 ^ _456_/B (sky130_fd_sc_hd__xor2_1)
     1    0.02    0.35    0.35    3.63 ^ _456_/X (sky130_fd_sc_hd__xor2_1)
                                         _146_ (net)
                  0.35    0.00    3.63 ^ _464_/A (sky130_fd_sc_hd__xnor2_1)
     1    0.01    0.11    0.18    3.81 v _464_/Y (sky130_fd_sc_hd__xnor2_1)
                                         _154_ (net)
                  0.11    0.00    3.81 v _465_/B (sky130_fd_sc_hd__xnor2_2)
     1    0.04    0.49    0.44    4.26 ^ _465_/Y (sky130_fd_sc_hd__xnor2_2)
                                         _155_ (net)
                  0.49    0.00    4.26 ^ _466_/B (sky130_fd_sc_hd__xor2_2)
     1    0.03    0.20    0.26    4.52 v _466_/X (sky130_fd_sc_hd__xor2_2)
                                         _156_ (net)
                  0.20    0.00    4.52 v _467_/B (sky130_fd_sc_hd__xnor2_1)
     1    0.03    0.57    0.56    5.07 ^ _467_/Y (sky130_fd_sc_hd__xnor2_1)
                                         _157_ (net)
                  0.57    0.00    5.08 ^ _468_/B (sky130_fd_sc_hd__xnor2_2)
     2    0.02    0.15    0.20    5.27 v _468_/Y (sky130_fd_sc_hd__xnor2_2)
                                         _158_ (net)
                  0.15    0.00    5.27 v _470_/A1 (sky130_fd_sc_hd__o21a_1)
     1    0.02    0.13    0.32    5.59 v _470_/X (sky130_fd_sc_hd__o21a_1)
                                         _160_ (net)
                  0.13    0.00    5.59 v _474_/A2 (sky130_fd_sc_hd__a21o_1)
     1    0.03    0.12    0.31    5.90 v _474_/X (sky130_fd_sc_hd__a21o_1)
                                         _164_ (net)
                  0.12    0.00    5.90 v _475_/B1 (sky130_fd_sc_hd__a21o_1)
     1    0.02    0.09    0.25    6.15 v _475_/X (sky130_fd_sc_hd__a21o_1)
                                         net27 (net)
                  0.09    0.00    6.15 v output27/A (sky130_fd_sc_hd__buf_6)
     1    0.03    0.04    0.16    6.31 v output27/X (sky130_fd_sc_hd__buf_6)
                                         out[7] (net)
                  0.04    0.00    6.32 v out[7] (out)
                                  6.32   data arrival time

                  0.00   10.00   10.00   clock __VIRTUAL_CLK__ (rise edge)
                          0.00   10.00   clock network delay (ideal)
                         -0.25    9.75   clock uncertainty
                          0.00    9.75   clock reconvergence pessimism
                         -2.00    7.75   output external delay
                                  7.75   data required time
-----------------------------------------------------------------------------
                                  7.75   data required time
                                 -6.32   data arrival time
-----------------------------------------------------------------------------
                                  1.43   slack (MET)




===========================================================================
report_checks --slack_max -0.01
============================================================================
======================= Fastest Corner ===================================

No paths found.

======================= Slowest Corner ===================================

Startpoint: A[3] (input port clocked by __VIRTUAL_CLK__)
Endpoint: out[6] (output port clocked by __VIRTUAL_CLK__)
Path Group: __VIRTUAL_CLK__
Path Type: max
Corner: Slowest

Fanout     Cap    Slew   Delay    Time   Description
-----------------------------------------------------------------------------
                  0.00    0.00    0.00   clock __VIRTUAL_CLK__ (rise edge)
                          0.00    0.00   clock network delay (ideal)
                          2.00    2.00 ^ input external delay
     1    0.00    0.04    0.02    2.02 ^ A[3] (in)
                                         A[3] (net)
                  0.04    0.00    2.02 ^ input4/A (sky130_fd_sc_hd__clkbuf_4)
     6    0.07    0.33    0.44    2.46 ^ input4/X (sky130_fd_sc_hd__clkbuf_4)
                                         net4 (net)
                  0.33    0.00    2.46 ^ _296_/A (sky130_fd_sc_hd__buf_6)
    10    0.08    0.25    0.44    2.90 ^ _296_/X (sky130_fd_sc_hd__buf_6)
                                         _224_ (net)
                  0.25    0.01    2.91 ^ _410_/A1 (sky130_fd_sc_hd__a22oi_1)
     1    0.01    0.27    0.36    3.27 v _410_/Y (sky130_fd_sc_hd__a22oi_1)
                                         _101_ (net)
                  0.27    0.00    3.27 v _412_/A (sky130_fd_sc_hd__nor2_2)
     2    0.03    0.50    0.56    3.83 ^ _412_/Y (sky130_fd_sc_hd__nor2_2)
                                         _103_ (net)
                  0.50    0.00    3.83 ^ _413_/B (sky130_fd_sc_hd__xnor2_2)
     2    0.01    0.34    0.41    4.24 ^ _413_/Y (sky130_fd_sc_hd__xnor2_2)
                                         _104_ (net)
                  0.34    0.00    4.24 ^ _414_/B1 (sky130_fd_sc_hd__a21o_1)
     2    0.05    0.61    0.66    4.90 ^ _414_/X (sky130_fd_sc_hd__a21o_1)
                                         _105_ (net)
                  0.61    0.00    4.90 ^ _417_/A (sky130_fd_sc_hd__nand3_2)
     3    0.04    0.59    0.73    5.64 v _417_/Y (sky130_fd_sc_hd__nand3_2)
                                         _108_ (net)
                  0.59    0.00    5.64 v _420_/A1 (sky130_fd_sc_hd__a21oi_2)
     2    0.03    0.60    0.80    6.44 ^ _420_/Y (sky130_fd_sc_hd__a21oi_2)
                                         _111_ (net)
                  0.60    0.00    6.44 ^ _422_/A2 (sky130_fd_sc_hd__o211ai_2)
     2    0.03    0.40    0.56    7.00 v _422_/Y (sky130_fd_sc_hd__o211ai_2)
                                         _113_ (net)
                  0.40    0.00    7.00 v _423_/C (sky130_fd_sc_hd__and3b_1)
     2    0.03    0.27    0.75    7.75 v _423_/X (sky130_fd_sc_hd__and3b_1)
                                         _114_ (net)
                  0.27    0.00    7.75 v _425_/A_N (sky130_fd_sc_hd__and2b_1)
     2    0.02    0.31    0.68    8.43 ^ _425_/X (sky130_fd_sc_hd__and2b_1)
                                         _116_ (net)
                  0.31    0.00    8.43 ^ _426_/B (sky130_fd_sc_hd__nand2_1)
     1    0.02    0.39    0.46    8.89 v _426_/Y (sky130_fd_sc_hd__nand2_1)
                                         _117_ (net)
                  0.39    0.00    8.89 v _432_/A2 (sky130_fd_sc_hd__a21oi_2)
     1    0.02    0.39    0.56    9.45 ^ _432_/Y (sky130_fd_sc_hd__a21oi_2)
                                         _123_ (net)
                  0.39    0.00    9.46 ^ _433_/B1 (sky130_fd_sc_hd__o21ai_2)
     1    0.02    0.21    0.33    9.79 v _433_/Y (sky130_fd_sc_hd__o21ai_2)
                                         net26 (net)
                  0.21    0.00    9.79 v output26/A (sky130_fd_sc_hd__buf_4)
     1    0.03    0.10    0.39   10.18 v output26/X (sky130_fd_sc_hd__buf_4)
                                         out[6] (net)
                  0.10    0.00   10.18 v out[6] (out)
                                 10.18   data arrival time

                  0.00   10.00   10.00   clock __VIRTUAL_CLK__ (rise edge)
                          0.00   10.00   clock network delay (ideal)
                         -0.25    9.75   clock uncertainty
                          0.00    9.75   clock reconvergence pessimism
                         -2.00    7.75   output external delay
                                  7.75   data required time
-----------------------------------------------------------------------------
                                  7.75   data required time
                                -10.18   data arrival time
-----------------------------------------------------------------------------
                                 -2.43   slack (VIOLATED)



======================= Typical Corner ===================================

No paths found.


===========================================================================
 report_check_types -max_slew -max_cap -max_fanout -violators
============================================================================
======================= Fastest Corner ===================================

max fanout

Pin                                   Limit Fanout  Slack
---------------------------------------------------------
_275_/X                                  10     11        (VIOLATED)


max slew violations count Fastest: 0
max fanout violations count Fastest: 1
max cap violations count Fastest: 0
======================= Slowest Corner ===================================

max slew

Pin                                    Limit    Slew   Slack
------------------------------------------------------------
_286_/B1                                0.75    0.96   -0.21 (VIOLATED)
_475_/A1                                0.75    0.96   -0.21 (VIOLATED)
_353_/A1                                0.75    0.96   -0.21 (VIOLATED)
_270_/A2                                0.75    0.96   -0.21 (VIOLATED)
_390_/A1                                0.75    0.96   -0.21 (VIOLATED)
_315_/B1                                0.75    0.96   -0.21 (VIOLATED)
_256_/Y                                 0.75    0.96   -0.21 (VIOLATED)
_468_/B                                 0.75    0.94   -0.19 (VIOLATED)
_467_/Y                                 0.75    0.94   -0.19 (VIOLATED)
_320_/A2                                0.75    0.91   -0.16 (VIOLATED)
_315_/Y                                 0.75    0.91   -0.16 (VIOLATED)
_346_/B                                 0.75    0.86   -0.11 (VIOLATED)
_345_/Y                                 0.75    0.86   -0.11 (VIOLATED)
_299_/A                                 0.75    0.86   -0.11 (VIOLATED)
_298_/Y                                 0.75    0.86   -0.11 (VIOLATED)
_253_/B                                 0.75    0.78   -0.03 (VIOLATED)
_249_/Y                                 0.75    0.78   -0.03 (VIOLATED)
_252_/A2                                0.75    0.78   -0.03 (VIOLATED)
_398_/A3                                0.75    0.77   -0.02 (VIOLATED)
_397_/B1                                0.75    0.77   -0.02 (VIOLATED)
_396_/Y                                 0.75    0.77   -0.02 (VIOLATED)
_466_/B                                 0.75    0.77   -0.02 (VIOLATED)
_465_/Y                                 0.75    0.77   -0.02 (VIOLATED)

max fanout

Pin                                   Limit Fanout  Slack
---------------------------------------------------------
_275_/X                                  10     11        (VIOLATED)


max slew violations count Slowest: 23
max fanout violations count Slowest: 1
max cap violations count Slowest: 0
======================= Typical Corner ===================================

max fanout

Pin                                   Limit Fanout  Slack
---------------------------------------------------------
_275_/X                                  10     11        (VIOLATED)


max slew violations count Typical: 0
max fanout violations count Typical: 1
max cap violations count Typical: 0

===========================================================================
report_parasitic_annotation -report_unannotated
============================================================================
Found 0 unannotated drivers.
Found 0 partially unannotated drivers.

===========================================================================
max slew violation count 23
max fanout violation count 1
max cap violation count 0
============================================================================

===========================================================================
check_setup -verbose -unconstrained_endpoints -multiple_clock -no_clock -no_input_delay -loops -generated_clocks
===========================================================================
