
===========================================================================
report_checks -path_delay min (Hold)
============================================================================
======================= Fastest Corner ===================================

Startpoint: A[5] (input port clocked by __VIRTUAL_CLK__)
Endpoint: out[5] (output port clocked by __VIRTUAL_CLK__)
Path Group: __VIRTUAL_CLK__
Path Type: min
Corner: Fastest

Fanout     Cap    Slew   Delay    Time   Description
-----------------------------------------------------------------------------
                  0.00    0.00    0.00   clock __VIRTUAL_CLK__ (rise edge)
                          0.00    0.00   clock network delay (ideal)
                          2.00    2.00 ^ input external delay
     1    0.00    0.02    0.01    2.01 ^ A[5] (in)
                                         A[5] (net)
                  0.02    0.00    2.01 ^ input6/A (sky130_fd_sc_hd__buf_4)
     4    0.05    0.10    0.11    2.12 ^ input6/X (sky130_fd_sc_hd__buf_4)
                                         net6 (net)
                  0.10    0.00    2.12 ^ clone9/A (sky130_fd_sc_hd__clkbuf_16)
     5    0.05    0.05    0.11    2.24 ^ clone9/X (sky130_fd_sc_hd__clkbuf_16)
                                         net37 (net)
                  0.05    0.00    2.24 ^ _391_/A1 (sky130_fd_sc_hd__o211ai_2)
     1    0.02    0.09    0.10    2.34 v _391_/Y (sky130_fd_sc_hd__o211ai_2)
                                         net25 (net)
                  0.09    0.00    2.34 v output25/A (sky130_fd_sc_hd__buf_4)
     1    0.03    0.04    0.13    2.47 v output25/X (sky130_fd_sc_hd__buf_4)
                                         out[5] (net)
                  0.04    0.00    2.47 v out[5] (out)
                                  2.47   data arrival time

                  0.00    0.00    0.00   clock __VIRTUAL_CLK__ (rise edge)
                          0.00    0.00   clock network delay (ideal)
                          0.25    0.25   clock uncertainty
                          0.00    0.25   clock reconvergence pessimism
                         -2.00   -1.75   output external delay
                                 -1.75   data required time
-----------------------------------------------------------------------------
                                 -1.75   data required time
                                 -2.47   data arrival time
-----------------------------------------------------------------------------
                                  4.22   slack (MET)


Startpoint: opcode[1] (input port clocked by __VIRTUAL_CLK__)
Endpoint: out[7] (output port clocked by __VIRTUAL_CLK__)
Path Group: __VIRTUAL_CLK__
Path Type: min
Corner: Fastest

Fanout     Cap    Slew   Delay    Time   Description
-----------------------------------------------------------------------------
                  0.00    0.00    0.00   clock __VIRTUAL_CLK__ (rise edge)
                          0.00    0.00   clock network delay (ideal)
                          2.00    2.00 ^ input external delay
     1    0.00    0.01    0.01    2.01 ^ opcode[1] (in)
                                         opcode[1] (net)
                  0.01    0.00    2.01 ^ input18/A (sky130_fd_sc_hd__clkbuf_4)
    10    0.06    0.15    0.15    2.16 ^ input18/X (sky130_fd_sc_hd__clkbuf_4)
                                         net18 (net)
                  0.15    0.00    2.16 ^ _256_/B (sky130_fd_sc_hd__nor2_2)
     6    0.05    0.10    0.09    2.26 v _256_/Y (sky130_fd_sc_hd__nor2_2)
                                         _186_ (net)
                  0.10    0.00    2.26 v _475_/A1 (sky130_fd_sc_hd__a21o_1)
     1    0.01    0.05    0.15    2.41 v _475_/X (sky130_fd_sc_hd__a21o_1)
                                         net27 (net)
                  0.05    0.00    2.41 v output27/A (sky130_fd_sc_hd__buf_6)
     1    0.03    0.03    0.10    2.50 v output27/X (sky130_fd_sc_hd__buf_6)
                                         out[7] (net)
                  0.03    0.00    2.50 v out[7] (out)
                                  2.50   data arrival time

                  0.00    0.00    0.00   clock __VIRTUAL_CLK__ (rise edge)
                          0.00    0.00   clock network delay (ideal)
                          0.25    0.25   clock uncertainty
                          0.00    0.25   clock reconvergence pessimism
                         -2.00   -1.75   output external delay
                                 -1.75   data required time
-----------------------------------------------------------------------------
                                 -1.75   data required time
                                 -2.50   data arrival time
-----------------------------------------------------------------------------
                                  4.25   slack (MET)


Startpoint: A[6] (input port clocked by __VIRTUAL_CLK__)
Endpoint: out[6] (output port clocked by __VIRTUAL_CLK__)
Path Group: __VIRTUAL_CLK__
Path Type: min
Corner: Fastest

Fanout     Cap    Slew   Delay    Time   Description
-----------------------------------------------------------------------------
                  0.00    0.00    0.00   clock __VIRTUAL_CLK__ (rise edge)
                          0.00    0.00   clock network delay (ideal)
                          2.00    2.00 ^ input external delay
     1    0.00    0.02    0.01    2.01 ^ A[6] (in)
                                         A[6] (net)
                  0.02    0.00    2.01 ^ input7/A (sky130_fd_sc_hd__clkbuf_8)
    10    0.09    0.12    0.14    2.15 ^ input7/X (sky130_fd_sc_hd__clkbuf_8)
                                         net7 (net)
                  0.12    0.00    2.15 ^ _431_/A1 (sky130_fd_sc_hd__a311o_1)
     1    0.01    0.07    0.12    2.28 ^ _431_/X (sky130_fd_sc_hd__a311o_1)
                                         _122_ (net)
                  0.07    0.00    2.28 ^ _432_/B1 (sky130_fd_sc_hd__a21oi_2)
     1    0.02    0.04    0.04    2.32 v _432_/Y (sky130_fd_sc_hd__a21oi_2)
                                         _123_ (net)
                  0.04    0.00    2.32 v _433_/B1 (sky130_fd_sc_hd__o21ai_2)
     1    0.02    0.08    0.07    2.39 ^ _433_/Y (sky130_fd_sc_hd__o21ai_2)
                                         net26 (net)
                  0.08    0.00    2.39 ^ output26/A (sky130_fd_sc_hd__buf_4)
     1    0.03    0.08    0.11    2.50 ^ output26/X (sky130_fd_sc_hd__buf_4)
                                         out[6] (net)
                  0.08    0.00    2.50 ^ out[6] (out)
                                  2.50   data arrival time

                  0.00    0.00    0.00   clock __VIRTUAL_CLK__ (rise edge)
                          0.00    0.00   clock network delay (ideal)
                          0.25    0.25   clock uncertainty
                          0.00    0.25   clock reconvergence pessimism
                         -2.00   -1.75   output external delay
                                 -1.75   data required time
-----------------------------------------------------------------------------
                                 -1.75   data required time
                                 -2.50   data arrival time
-----------------------------------------------------------------------------
                                  4.25   slack (MET)


Startpoint: opcode[1] (input port clocked by __VIRTUAL_CLK__)
Endpoint: out[4] (output port clocked by __VIRTUAL_CLK__)
Path Group: __VIRTUAL_CLK__
Path Type: min
Corner: Fastest

Fanout     Cap    Slew   Delay    Time   Description
-----------------------------------------------------------------------------
                  0.00    0.00    0.00   clock __VIRTUAL_CLK__ (rise edge)
                          0.00    0.00   clock network delay (ideal)
                          2.00    2.00 ^ input external delay
     1    0.00    0.01    0.01    2.01 ^ opcode[1] (in)
                                         opcode[1] (net)
                  0.01    0.00    2.01 ^ input18/A (sky130_fd_sc_hd__clkbuf_4)
    10    0.06    0.15    0.15    2.16 ^ input18/X (sky130_fd_sc_hd__clkbuf_4)
                                         net18 (net)
                  0.15    0.00    2.16 ^ _256_/B (sky130_fd_sc_hd__nor2_2)
     6    0.05    0.10    0.09    2.26 v _256_/Y (sky130_fd_sc_hd__nor2_2)
                                         _186_ (net)
                  0.10    0.00    2.26 v _353_/A1 (sky130_fd_sc_hd__a31o_1)
     1    0.01    0.03    0.14    2.40 v _353_/X (sky130_fd_sc_hd__a31o_1)
                                         net24 (net)
                  0.03    0.00    2.40 v output24/A (sky130_fd_sc_hd__buf_2)
     1    0.03    0.06    0.11    2.51 v output24/X (sky130_fd_sc_hd__buf_2)
                                         out[4] (net)
                  0.06    0.00    2.51 v out[4] (out)
                                  2.51   data arrival time

                  0.00    0.00    0.00   clock __VIRTUAL_CLK__ (rise edge)
                          0.00    0.00   clock network delay (ideal)
                          0.25    0.25   clock uncertainty
                          0.00    0.25   clock reconvergence pessimism
                         -2.00   -1.75   output external delay
                                 -1.75   data required time
-----------------------------------------------------------------------------
                                 -1.75   data required time
                                 -2.51   data arrival time
-----------------------------------------------------------------------------
                                  4.26   slack (MET)


Startpoint: opcode[1] (input port clocked by __VIRTUAL_CLK__)
Endpoint: out[1] (output port clocked by __VIRTUAL_CLK__)
Path Group: __VIRTUAL_CLK__
Path Type: min
Corner: Fastest

Fanout     Cap    Slew   Delay    Time   Description
-----------------------------------------------------------------------------
                  0.00    0.00    0.00   clock __VIRTUAL_CLK__ (rise edge)
                          0.00    0.00   clock network delay (ideal)
                          2.00    2.00 ^ input external delay
     1    0.00    0.01    0.01    2.01 ^ opcode[1] (in)
                                         opcode[1] (net)
                  0.01    0.00    2.01 ^ input18/A (sky130_fd_sc_hd__clkbuf_4)
    10    0.06    0.15    0.15    2.16 ^ input18/X (sky130_fd_sc_hd__clkbuf_4)
                                         net18 (net)
                  0.15    0.00    2.16 ^ _256_/B (sky130_fd_sc_hd__nor2_2)
     6    0.05    0.10    0.09    2.26 v _256_/Y (sky130_fd_sc_hd__nor2_2)
                                         _186_ (net)
                  0.10    0.00    2.26 v _270_/A2 (sky130_fd_sc_hd__a31o_1)
     2    0.03    0.09    0.21    2.47 v _270_/X (sky130_fd_sc_hd__a31o_1)
                                         net21 (net)
                  0.09    0.00    2.47 v output21/A (sky130_fd_sc_hd__buf_2)
     1    0.03    0.06    0.13    2.61 v output21/X (sky130_fd_sc_hd__buf_2)
                                         out[1] (net)
                  0.06    0.00    2.61 v out[1] (out)
                                  2.61   data arrival time

                  0.00    0.00    0.00   clock __VIRTUAL_CLK__ (rise edge)
                          0.00    0.00   clock network delay (ideal)
                          0.25    0.25   clock uncertainty
                          0.00    0.25   clock reconvergence pessimism
                         -2.00   -1.75   output external delay
                                 -1.75   data required time
-----------------------------------------------------------------------------
                                 -1.75   data required time
                                 -2.61   data arrival time
-----------------------------------------------------------------------------
                                  4.36   slack (MET)


Startpoint: opcode[1] (input port clocked by __VIRTUAL_CLK__)
Endpoint: out[3] (output port clocked by __VIRTUAL_CLK__)
Path Group: __VIRTUAL_CLK__
Path Type: min
Corner: Fastest

Fanout     Cap    Slew   Delay    Time   Description
-----------------------------------------------------------------------------
                  0.00    0.00    0.00   clock __VIRTUAL_CLK__ (rise edge)
                          0.00    0.00   clock network delay (ideal)
                          2.00    2.00 v input external delay
     1    0.00    0.00    0.00    2.00 v opcode[1] (in)
                                         opcode[1] (net)
                  0.00    0.00    2.00 v input18/A (sky130_fd_sc_hd__clkbuf_4)
    10    0.06    0.09    0.13    2.13 v input18/X (sky130_fd_sc_hd__clkbuf_4)
                                         net18 (net)
                  0.09    0.01    2.14 v _266_/B (sky130_fd_sc_hd__and3b_2)
     7    0.04    0.09    0.20    2.34 v _266_/X (sky130_fd_sc_hd__and3b_2)
                                         _196_ (net)
                  0.09    0.00    2.34 v _321_/A1 (sky130_fd_sc_hd__a31o_1)
     1    0.01    0.05    0.15    2.49 v _321_/X (sky130_fd_sc_hd__a31o_1)
                                         net23 (net)
                  0.05    0.00    2.49 v output23/A (sky130_fd_sc_hd__buf_2)
     1    0.03    0.06    0.12    2.61 v output23/X (sky130_fd_sc_hd__buf_2)
                                         out[3] (net)
                  0.06    0.00    2.61 v out[3] (out)
                                  2.61   data arrival time

                  0.00    0.00    0.00   clock __VIRTUAL_CLK__ (rise edge)
                          0.00    0.00   clock network delay (ideal)
                          0.25    0.25   clock uncertainty
                          0.00    0.25   clock reconvergence pessimism
                         -2.00   -1.75   output external delay
                                 -1.75   data required time
-----------------------------------------------------------------------------
                                 -1.75   data required time
                                 -2.61   data arrival time
-----------------------------------------------------------------------------
                                  4.36   slack (MET)


Startpoint: opcode[1] (input port clocked by __VIRTUAL_CLK__)
Endpoint: out[2] (output port clocked by __VIRTUAL_CLK__)
Path Group: __VIRTUAL_CLK__
Path Type: min
Corner: Fastest

Fanout     Cap    Slew   Delay    Time   Description
-----------------------------------------------------------------------------
                  0.00    0.00    0.00   clock __VIRTUAL_CLK__ (rise edge)
                          0.00    0.00   clock network delay (ideal)
                          2.00    2.00 v input external delay
     1    0.00    0.00    0.00    2.00 v opcode[1] (in)
                                         opcode[1] (net)
                  0.00    0.00    2.00 v input18/A (sky130_fd_sc_hd__clkbuf_4)
    10    0.06    0.09    0.13    2.13 v input18/X (sky130_fd_sc_hd__clkbuf_4)
                                         net18 (net)
                  0.09    0.01    2.14 v _266_/B (sky130_fd_sc_hd__and3b_2)
     7    0.04    0.09    0.20    2.34 v _266_/X (sky130_fd_sc_hd__and3b_2)
                                         _196_ (net)
                  0.09    0.00    2.34 v _280_/B1 (sky130_fd_sc_hd__o21ai_1)
     1    0.01    0.15    0.14    2.48 ^ _280_/Y (sky130_fd_sc_hd__o21ai_1)
                                         _209_ (net)
                  0.15    0.00    2.48 ^ _292_/A2 (sky130_fd_sc_hd__o21ai_1)
     1    0.02    0.07    0.09    2.57 v _292_/Y (sky130_fd_sc_hd__o21ai_1)
                                         net22 (net)
                  0.07    0.00    2.57 v output22/A (sky130_fd_sc_hd__buf_2)
     1    0.03    0.06    0.13    2.70 v output22/X (sky130_fd_sc_hd__buf_2)
                                         out[2] (net)
                  0.06    0.00    2.70 v out[2] (out)
                                  2.70   data arrival time

                  0.00    0.00    0.00   clock __VIRTUAL_CLK__ (rise edge)
                          0.00    0.00   clock network delay (ideal)
                          0.25    0.25   clock uncertainty
                          0.00    0.25   clock reconvergence pessimism
                         -2.00   -1.75   output external delay
                                 -1.75   data required time
-----------------------------------------------------------------------------
                                 -1.75   data required time
                                 -2.70   data arrival time
-----------------------------------------------------------------------------
                                  4.45   slack (MET)


Startpoint: opcode[0] (input port clocked by __VIRTUAL_CLK__)
Endpoint: out[0] (output port clocked by __VIRTUAL_CLK__)
Path Group: __VIRTUAL_CLK__
Path Type: min
Corner: Fastest

Fanout     Cap    Slew   Delay    Time   Description
-----------------------------------------------------------------------------
                  0.00    0.00    0.00   clock __VIRTUAL_CLK__ (rise edge)
                          0.00    0.00   clock network delay (ideal)
                          2.00    2.00 v input external delay
     1    0.00    0.00    0.00    2.00 v opcode[0] (in)
                                         opcode[0] (net)
                  0.00    0.00    2.00 v input17/A (sky130_fd_sc_hd__buf_4)
     8    0.06    0.07    0.11    2.12 v input17/X (sky130_fd_sc_hd__buf_4)
                                         net17 (net)
                  0.07    0.01    2.12 v _241_/A_N (sky130_fd_sc_hd__and4b_1)
     1    0.00    0.05    0.16    2.28 ^ _241_/X (sky130_fd_sc_hd__and4b_1)
                                         _172_ (net)
                  0.05    0.00    2.28 ^ _244_/B (sky130_fd_sc_hd__or3_1)
     1    0.01    0.08    0.10    2.38 ^ _244_/X (sky130_fd_sc_hd__or3_1)
                                         _175_ (net)
                  0.08    0.00    2.38 ^ _245_/A (sky130_fd_sc_hd__buf_1)
     1    0.03    0.26    0.20    2.59 ^ _245_/X (sky130_fd_sc_hd__buf_1)
                                         net20 (net)
                  0.26    0.00    2.59 ^ output20/A (sky130_fd_sc_hd__buf_2)
     1    0.03    0.13    0.16    2.75 ^ output20/X (sky130_fd_sc_hd__buf_2)
                                         out[0] (net)
                  0.13    0.00    2.75 ^ out[0] (out)
                                  2.75   data arrival time

                  0.00    0.00    0.00   clock __VIRTUAL_CLK__ (rise edge)
                          0.00    0.00   clock network delay (ideal)
                          0.25    0.25   clock uncertainty
                          0.00    0.25   clock reconvergence pessimism
                         -2.00   -1.75   output external delay
                                 -1.75   data required time
-----------------------------------------------------------------------------
                                 -1.75   data required time
                                 -2.75   data arrival time
-----------------------------------------------------------------------------
                                  4.50   slack (MET)



worst slack corner Fastest: 4.2172
======================= Slowest Corner ===================================

Startpoint: opcode[1] (input port clocked by __VIRTUAL_CLK__)
Endpoint: out[7] (output port clocked by __VIRTUAL_CLK__)
Path Group: __VIRTUAL_CLK__
Path Type: min
Corner: Slowest

Fanout     Cap    Slew   Delay    Time   Description
-----------------------------------------------------------------------------
                  0.00    0.00    0.00   clock __VIRTUAL_CLK__ (rise edge)
                          0.00    0.00   clock network delay (ideal)
                          2.00    2.00 ^ input external delay
     1    0.00    0.03    0.02    2.02 ^ opcode[1] (in)
                                         opcode[1] (net)
                  0.03    0.00    2.02 ^ input18/A (sky130_fd_sc_hd__clkbuf_4)
    10    0.06    0.30    0.38    2.39 ^ input18/X (sky130_fd_sc_hd__clkbuf_4)
                                         net18 (net)
                  0.30    0.00    2.40 ^ _256_/B (sky130_fd_sc_hd__nor2_2)
     6    0.05    0.22    0.29    2.68 v _256_/Y (sky130_fd_sc_hd__nor2_2)
                                         _186_ (net)
                  0.22    0.00    2.69 v _475_/A1 (sky130_fd_sc_hd__a21o_1)
     1    0.01    0.15    0.42    3.11 v _475_/X (sky130_fd_sc_hd__a21o_1)
                                         net27 (net)
                  0.15    0.00    3.11 v output27/A (sky130_fd_sc_hd__buf_6)
     1    0.03    0.08    0.27    3.38 v output27/X (sky130_fd_sc_hd__buf_6)
                                         out[7] (net)
                  0.08    0.00    3.38 v out[7] (out)
                                  3.38   data arrival time

                  0.00    0.00    0.00   clock __VIRTUAL_CLK__ (rise edge)
                          0.00    0.00   clock network delay (ideal)
                          0.25    0.25   clock uncertainty
                          0.00    0.25   clock reconvergence pessimism
                         -2.00   -1.75   output external delay
                                 -1.75   data required time
-----------------------------------------------------------------------------
                                 -1.75   data required time
                                 -3.38   data arrival time
-----------------------------------------------------------------------------
                                  5.13   slack (MET)


Startpoint: A[5] (input port clocked by __VIRTUAL_CLK__)
Endpoint: out[5] (output port clocked by __VIRTUAL_CLK__)
Path Group: __VIRTUAL_CLK__
Path Type: min
Corner: Slowest

Fanout     Cap    Slew   Delay    Time   Description
-----------------------------------------------------------------------------
                  0.00    0.00    0.00   clock __VIRTUAL_CLK__ (rise edge)
                          0.00    0.00   clock network delay (ideal)
                          2.00    2.00 ^ input external delay
     1    0.00    0.04    0.02    2.02 ^ A[5] (in)
                                         A[5] (net)
                  0.04    0.00    2.02 ^ input6/A (sky130_fd_sc_hd__buf_4)
     4    0.05    0.21    0.28    2.30 ^ input6/X (sky130_fd_sc_hd__buf_4)
                                         net6 (net)
                  0.21    0.00    2.30 ^ clone9/A (sky130_fd_sc_hd__clkbuf_16)
     5    0.05    0.10    0.31    2.61 ^ clone9/X (sky130_fd_sc_hd__clkbuf_16)
                                         net37 (net)
                  0.10    0.00    2.61 ^ _391_/A1 (sky130_fd_sc_hd__o211ai_2)
     1    0.02    0.34    0.37    2.99 v _391_/Y (sky130_fd_sc_hd__o211ai_2)
                                         net25 (net)
                  0.34    0.00    2.99 v output25/A (sky130_fd_sc_hd__buf_4)
     1    0.03    0.10    0.41    3.40 v output25/X (sky130_fd_sc_hd__buf_4)
                                         out[5] (net)
                  0.10    0.00    3.40 v out[5] (out)
                                  3.40   data arrival time

                  0.00    0.00    0.00   clock __VIRTUAL_CLK__ (rise edge)
                          0.00    0.00   clock network delay (ideal)
                          0.25    0.25   clock uncertainty
                          0.00    0.25   clock reconvergence pessimism
                         -2.00   -1.75   output external delay
                                 -1.75   data required time
-----------------------------------------------------------------------------
                                 -1.75   data required time
                                 -3.40   data arrival time
-----------------------------------------------------------------------------
                                  5.15   slack (MET)


Startpoint: A[6] (input port clocked by __VIRTUAL_CLK__)
Endpoint: out[6] (output port clocked by __VIRTUAL_CLK__)
Path Group: __VIRTUAL_CLK__
Path Type: min
Corner: Slowest

Fanout     Cap    Slew   Delay    Time   Description
-----------------------------------------------------------------------------
                  0.00    0.00    0.00   clock __VIRTUAL_CLK__ (rise edge)
                          0.00    0.00   clock network delay (ideal)
                          2.00    2.00 ^ input external delay
     1    0.00    0.05    0.02    2.02 ^ A[6] (in)
                                         A[6] (net)
                  0.05    0.00    2.02 ^ input7/A (sky130_fd_sc_hd__clkbuf_8)
    10    0.09    0.25    0.34    2.37 ^ input7/X (sky130_fd_sc_hd__clkbuf_8)
                                         net7 (net)
                  0.26    0.00    2.37 ^ _431_/A1 (sky130_fd_sc_hd__a311o_1)
     1    0.01    0.15    0.42    2.79 ^ _431_/X (sky130_fd_sc_hd__a311o_1)
                                         _122_ (net)
                  0.15    0.00    2.79 ^ _432_/B1 (sky130_fd_sc_hd__a21oi_2)
     1    0.02    0.09    0.12    2.92 v _432_/Y (sky130_fd_sc_hd__a21oi_2)
                                         _123_ (net)
                  0.09    0.00    2.92 v _433_/B1 (sky130_fd_sc_hd__o21ai_2)
     1    0.02    0.18    0.17    3.08 ^ _433_/Y (sky130_fd_sc_hd__o21ai_2)
                                         net26 (net)
                  0.18    0.00    3.08 ^ output26/A (sky130_fd_sc_hd__buf_4)
     1    0.03    0.16    0.31    3.40 ^ output26/X (sky130_fd_sc_hd__buf_4)
                                         out[6] (net)
                  0.16    0.00    3.40 ^ out[6] (out)
                                  3.40   data arrival time

                  0.00    0.00    0.00   clock __VIRTUAL_CLK__ (rise edge)
                          0.00    0.00   clock network delay (ideal)
                          0.25    0.25   clock uncertainty
                          0.00    0.25   clock reconvergence pessimism
                         -2.00   -1.75   output external delay
                                 -1.75   data required time
-----------------------------------------------------------------------------
                                 -1.75   data required time
                                 -3.40   data arrival time
-----------------------------------------------------------------------------
                                  5.15   slack (MET)


Startpoint: opcode[1] (input port clocked by __VIRTUAL_CLK__)
Endpoint: out[4] (output port clocked by __VIRTUAL_CLK__)
Path Group: __VIRTUAL_CLK__
Path Type: min
Corner: Slowest

Fanout     Cap    Slew   Delay    Time   Description
-----------------------------------------------------------------------------
                  0.00    0.00    0.00   clock __VIRTUAL_CLK__ (rise edge)
                          0.00    0.00   clock network delay (ideal)
                          2.00    2.00 ^ input external delay
     1    0.00    0.03    0.02    2.02 ^ opcode[1] (in)
                                         opcode[1] (net)
                  0.03    0.00    2.02 ^ input18/A (sky130_fd_sc_hd__clkbuf_4)
    10    0.06    0.30    0.38    2.39 ^ input18/X (sky130_fd_sc_hd__clkbuf_4)
                                         net18 (net)
                  0.30    0.00    2.40 ^ _256_/B (sky130_fd_sc_hd__nor2_2)
     6    0.05    0.22    0.29    2.68 v _256_/Y (sky130_fd_sc_hd__nor2_2)
                                         _186_ (net)
                  0.22    0.00    2.69 v _353_/A1 (sky130_fd_sc_hd__a31o_1)
     1    0.01    0.10    0.41    3.09 v _353_/X (sky130_fd_sc_hd__a31o_1)
                                         net24 (net)
                  0.10    0.00    3.09 v output24/A (sky130_fd_sc_hd__buf_2)
     1    0.03    0.17    0.34    3.44 v output24/X (sky130_fd_sc_hd__buf_2)
                                         out[4] (net)
                  0.17    0.00    3.44 v out[4] (out)
                                  3.44   data arrival time

                  0.00    0.00    0.00   clock __VIRTUAL_CLK__ (rise edge)
                          0.00    0.00   clock network delay (ideal)
                          0.25    0.25   clock uncertainty
                          0.00    0.25   clock reconvergence pessimism
                         -2.00   -1.75   output external delay
                                 -1.75   data required time
-----------------------------------------------------------------------------
                                 -1.75   data required time
                                 -3.44   data arrival time
-----------------------------------------------------------------------------
                                  5.19   slack (MET)


Startpoint: opcode[1] (input port clocked by __VIRTUAL_CLK__)
Endpoint: out[1] (output port clocked by __VIRTUAL_CLK__)
Path Group: __VIRTUAL_CLK__
Path Type: min
Corner: Slowest

Fanout     Cap    Slew   Delay    Time   Description
-----------------------------------------------------------------------------
                  0.00    0.00    0.00   clock __VIRTUAL_CLK__ (rise edge)
                          0.00    0.00   clock network delay (ideal)
                          2.00    2.00 ^ input external delay
     1    0.00    0.03    0.02    2.02 ^ opcode[1] (in)
                                         opcode[1] (net)
                  0.03    0.00    2.02 ^ input18/A (sky130_fd_sc_hd__clkbuf_4)
    10    0.06    0.30    0.38    2.39 ^ input18/X (sky130_fd_sc_hd__clkbuf_4)
                                         net18 (net)
                  0.30    0.00    2.40 ^ _256_/B (sky130_fd_sc_hd__nor2_2)
     6    0.05    0.22    0.29    2.68 v _256_/Y (sky130_fd_sc_hd__nor2_2)
                                         _186_ (net)
                  0.22    0.00    2.69 v _270_/A2 (sky130_fd_sc_hd__a31o_1)
     2    0.03    0.25    0.58    3.27 v _270_/X (sky130_fd_sc_hd__a31o_1)
                                         net21 (net)
                  0.25    0.00    3.27 v output21/A (sky130_fd_sc_hd__buf_2)
     1    0.03    0.17    0.41    3.68 v output21/X (sky130_fd_sc_hd__buf_2)
                                         out[1] (net)
                  0.17    0.00    3.68 v out[1] (out)
                                  3.68   data arrival time

                  0.00    0.00    0.00   clock __VIRTUAL_CLK__ (rise edge)
                          0.00    0.00   clock network delay (ideal)
                          0.25    0.25   clock uncertainty
                          0.00    0.25   clock reconvergence pessimism
                         -2.00   -1.75   output external delay
                                 -1.75   data required time
-----------------------------------------------------------------------------
                                 -1.75   data required time
                                 -3.68   data arrival time
-----------------------------------------------------------------------------
                                  5.43   slack (MET)


Startpoint: opcode[1] (input port clocked by __VIRTUAL_CLK__)
Endpoint: out[3] (output port clocked by __VIRTUAL_CLK__)
Path Group: __VIRTUAL_CLK__
Path Type: min
Corner: Slowest

Fanout     Cap    Slew   Delay    Time   Description
-----------------------------------------------------------------------------
                  0.00    0.00    0.00   clock __VIRTUAL_CLK__ (rise edge)
                          0.00    0.00   clock network delay (ideal)
                          2.00    2.00 v input external delay
     1    0.00    0.02    0.01    2.01 v opcode[1] (in)
                                         opcode[1] (net)
                  0.02    0.00    2.01 v input18/A (sky130_fd_sc_hd__clkbuf_4)
    10    0.06    0.22    0.34    2.35 v input18/X (sky130_fd_sc_hd__clkbuf_4)
                                         net18 (net)
                  0.22    0.01    2.36 v _266_/B (sky130_fd_sc_hd__and3b_2)
     7    0.04    0.23    0.63    2.99 v _266_/X (sky130_fd_sc_hd__and3b_2)
                                         _196_ (net)
                  0.23    0.00    2.99 v _321_/A1 (sky130_fd_sc_hd__a31o_1)
     1    0.01    0.14    0.44    3.43 v _321_/X (sky130_fd_sc_hd__a31o_1)
                                         net23 (net)
                  0.14    0.00    3.43 v output23/A (sky130_fd_sc_hd__buf_2)
     1    0.03    0.17    0.36    3.79 v output23/X (sky130_fd_sc_hd__buf_2)
                                         out[3] (net)
                  0.17    0.00    3.79 v out[3] (out)
                                  3.79   data arrival time

                  0.00    0.00    0.00   clock __VIRTUAL_CLK__ (rise edge)
                          0.00    0.00   clock network delay (ideal)
                          0.25    0.25   clock uncertainty
                          0.00    0.25   clock reconvergence pessimism
                         -2.00   -1.75   output external delay
                                 -1.75   data required time
-----------------------------------------------------------------------------
                                 -1.75   data required time
                                 -3.79   data arrival time
-----------------------------------------------------------------------------
                                  5.54   slack (MET)


Startpoint: opcode[1] (input port clocked by __VIRTUAL_CLK__)
Endpoint: out[2] (output port clocked by __VIRTUAL_CLK__)
Path Group: __VIRTUAL_CLK__
Path Type: min
Corner: Slowest

Fanout     Cap    Slew   Delay    Time   Description
-----------------------------------------------------------------------------
                  0.00    0.00    0.00   clock __VIRTUAL_CLK__ (rise edge)
                          0.00    0.00   clock network delay (ideal)
                          2.00    2.00 v input external delay
     1    0.00    0.02    0.01    2.01 v opcode[1] (in)
                                         opcode[1] (net)
                  0.02    0.00    2.01 v input18/A (sky130_fd_sc_hd__clkbuf_4)
    10    0.06    0.22    0.34    2.35 v input18/X (sky130_fd_sc_hd__clkbuf_4)
                                         net18 (net)
                  0.22    0.01    2.36 v _266_/B (sky130_fd_sc_hd__and3b_2)
     7    0.04    0.23    0.63    2.99 v _266_/X (sky130_fd_sc_hd__and3b_2)
                                         _196_ (net)
                  0.23    0.00    2.99 v _280_/B1 (sky130_fd_sc_hd__o21ai_1)
     1    0.01    0.38    0.37    3.36 ^ _280_/Y (sky130_fd_sc_hd__o21ai_1)
                                         _209_ (net)
                  0.38    0.00    3.36 ^ _292_/A2 (sky130_fd_sc_hd__o21ai_1)
     1    0.02    0.26    0.35    3.71 v _292_/Y (sky130_fd_sc_hd__o21ai_1)
                                         net22 (net)
                  0.26    0.00    3.71 v output22/A (sky130_fd_sc_hd__buf_2)
     1    0.03    0.17    0.42    4.12 v output22/X (sky130_fd_sc_hd__buf_2)
                                         out[2] (net)
                  0.17    0.00    4.12 v out[2] (out)
                                  4.12   data arrival time

                  0.00    0.00    0.00   clock __VIRTUAL_CLK__ (rise edge)
                          0.00    0.00   clock network delay (ideal)
                          0.25    0.25   clock uncertainty
                          0.00    0.25   clock reconvergence pessimism
                         -2.00   -1.75   output external delay
                                 -1.75   data required time
-----------------------------------------------------------------------------
                                 -1.75   data required time
                                 -4.12   data arrival time
-----------------------------------------------------------------------------
                                  5.87   slack (MET)


Startpoint: opcode[1] (input port clocked by __VIRTUAL_CLK__)
Endpoint: out[0] (output port clocked by __VIRTUAL_CLK__)
Path Group: __VIRTUAL_CLK__
Path Type: min
Corner: Slowest

Fanout     Cap    Slew   Delay    Time   Description
-----------------------------------------------------------------------------
                  0.00    0.00    0.00   clock __VIRTUAL_CLK__ (rise edge)
                          0.00    0.00   clock network delay (ideal)
                          2.00    2.00 ^ input external delay
     1    0.00    0.03    0.02    2.02 ^ opcode[1] (in)
                                         opcode[1] (net)
                  0.03    0.00    2.02 ^ input18/A (sky130_fd_sc_hd__clkbuf_4)
    10    0.06    0.30    0.38    2.39 ^ input18/X (sky130_fd_sc_hd__clkbuf_4)
                                         net18 (net)
                  0.30    0.01    2.40 ^ _241_/B (sky130_fd_sc_hd__and4b_1)
     1    0.00    0.13    0.45    2.85 ^ _241_/X (sky130_fd_sc_hd__and4b_1)
                                         _172_ (net)
                  0.13    0.00    2.85 ^ _244_/B (sky130_fd_sc_hd__or3_1)
     1    0.01    0.16    0.25    3.11 ^ _244_/X (sky130_fd_sc_hd__or3_1)
                                         _175_ (net)
                  0.16    0.00    3.11 ^ _245_/A (sky130_fd_sc_hd__buf_1)
     1    0.03    0.56    0.51    3.62 ^ _245_/X (sky130_fd_sc_hd__buf_1)
                                         net20 (net)
                  0.56    0.00    3.62 ^ output20/A (sky130_fd_sc_hd__buf_2)
     1    0.03    0.27    0.52    4.13 ^ output20/X (sky130_fd_sc_hd__buf_2)
                                         out[0] (net)
                  0.27    0.00    4.13 ^ out[0] (out)
                                  4.13   data arrival time

                  0.00    0.00    0.00   clock __VIRTUAL_CLK__ (rise edge)
                          0.00    0.00   clock network delay (ideal)
                          0.25    0.25   clock uncertainty
                          0.00    0.25   clock reconvergence pessimism
                         -2.00   -1.75   output external delay
                                 -1.75   data required time
-----------------------------------------------------------------------------
                                 -1.75   data required time
                                 -4.13   data arrival time
-----------------------------------------------------------------------------
                                  5.88   slack (MET)



worst slack corner Slowest: 5.1296
======================= Typical Corner ===================================

Startpoint: A[5] (input port clocked by __VIRTUAL_CLK__)
Endpoint: out[5] (output port clocked by __VIRTUAL_CLK__)
Path Group: __VIRTUAL_CLK__
Path Type: min
Corner: Typical

Fanout     Cap    Slew   Delay    Time   Description
-----------------------------------------------------------------------------
                  0.00    0.00    0.00   clock __VIRTUAL_CLK__ (rise edge)
                          0.00    0.00   clock network delay (ideal)
                          2.00    2.00 ^ input external delay
     1    0.00    0.02    0.01    2.01 ^ A[5] (in)
                                         A[5] (net)
                  0.02    0.00    2.01 ^ input6/A (sky130_fd_sc_hd__buf_4)
     4    0.05    0.13    0.16    2.17 ^ input6/X (sky130_fd_sc_hd__buf_4)
                                         net6 (net)
                  0.13    0.00    2.17 ^ clone9/A (sky130_fd_sc_hd__clkbuf_16)
     5    0.05    0.07    0.17    2.34 ^ clone9/X (sky130_fd_sc_hd__clkbuf_16)
                                         net37 (net)
                  0.07    0.00    2.35 ^ _391_/A1 (sky130_fd_sc_hd__o211ai_2)
     1    0.02    0.16    0.17    2.51 v _391_/Y (sky130_fd_sc_hd__o211ai_2)
                                         net25 (net)
                  0.16    0.00    2.51 v output25/A (sky130_fd_sc_hd__buf_4)
     1    0.03    0.06    0.21    2.72 v output25/X (sky130_fd_sc_hd__buf_4)
                                         out[5] (net)
                  0.06    0.00    2.72 v out[5] (out)
                                  2.72   data arrival time

                  0.00    0.00    0.00   clock __VIRTUAL_CLK__ (rise edge)
                          0.00    0.00   clock network delay (ideal)
                          0.25    0.25   clock uncertainty
                          0.00    0.25   clock reconvergence pessimism
                         -2.00   -1.75   output external delay
                                 -1.75   data required time
-----------------------------------------------------------------------------
                                 -1.75   data required time
                                 -2.72   data arrival time
-----------------------------------------------------------------------------
                                  4.47   slack (MET)


Startpoint: opcode[1] (input port clocked by __VIRTUAL_CLK__)
Endpoint: out[7] (output port clocked by __VIRTUAL_CLK__)
Path Group: __VIRTUAL_CLK__
Path Type: min
Corner: Typical

Fanout     Cap    Slew   Delay    Time   Description
-----------------------------------------------------------------------------
                  0.00    0.00    0.00   clock __VIRTUAL_CLK__ (rise edge)
                          0.00    0.00   clock network delay (ideal)
                          2.00    2.00 ^ input external delay
     1    0.00    0.02    0.01    2.01 ^ opcode[1] (in)
                                         opcode[1] (net)
                  0.02    0.00    2.01 ^ input18/A (sky130_fd_sc_hd__clkbuf_4)
    10    0.06    0.19    0.22    2.23 ^ input18/X (sky130_fd_sc_hd__clkbuf_4)
                                         net18 (net)
                  0.19    0.00    2.23 ^ _256_/B (sky130_fd_sc_hd__nor2_2)
     6    0.05    0.13    0.15    2.38 v _256_/Y (sky130_fd_sc_hd__nor2_2)
                                         _186_ (net)
                  0.13    0.00    2.38 v _475_/A1 (sky130_fd_sc_hd__a21o_1)
     1    0.01    0.08    0.22    2.61 v _475_/X (sky130_fd_sc_hd__a21o_1)
                                         net27 (net)
                  0.08    0.00    2.61 v output27/A (sky130_fd_sc_hd__buf_6)
     1    0.03    0.04    0.15    2.75 v output27/X (sky130_fd_sc_hd__buf_6)
                                         out[7] (net)
                  0.04    0.00    2.75 v out[7] (out)
                                  2.75   data arrival time

                  0.00    0.00    0.00   clock __VIRTUAL_CLK__ (rise edge)
                          0.00    0.00   clock network delay (ideal)
                          0.25    0.25   clock uncertainty
                          0.00    0.25   clock reconvergence pessimism
                         -2.00   -1.75   output external delay
                                 -1.75   data required time
-----------------------------------------------------------------------------
                                 -1.75   data required time
                                 -2.75   data arrival time
-----------------------------------------------------------------------------
                                  4.50   slack (MET)


Startpoint: A[6] (input port clocked by __VIRTUAL_CLK__)
Endpoint: out[6] (output port clocked by __VIRTUAL_CLK__)
Path Group: __VIRTUAL_CLK__
Path Type: min
Corner: Typical

Fanout     Cap    Slew   Delay    Time   Description
-----------------------------------------------------------------------------
                  0.00    0.00    0.00   clock __VIRTUAL_CLK__ (rise edge)
                          0.00    0.00   clock network delay (ideal)
                          2.00    2.00 ^ input external delay
     1    0.00    0.03    0.02    2.02 ^ A[6] (in)
                                         A[6] (net)
                  0.03    0.00    2.02 ^ input7/A (sky130_fd_sc_hd__clkbuf_8)
    10    0.09    0.16    0.20    2.21 ^ input7/X (sky130_fd_sc_hd__clkbuf_8)
                                         net7 (net)
                  0.16    0.00    2.22 ^ _431_/A1 (sky130_fd_sc_hd__a311o_1)
     1    0.01    0.09    0.21    2.42 ^ _431_/X (sky130_fd_sc_hd__a311o_1)
                                         _122_ (net)
                  0.09    0.00    2.42 ^ _432_/B1 (sky130_fd_sc_hd__a21oi_2)
     1    0.02    0.05    0.06    2.49 v _432_/Y (sky130_fd_sc_hd__a21oi_2)
                                         _123_ (net)
                  0.05    0.00    2.49 v _433_/B1 (sky130_fd_sc_hd__o21ai_2)
     1    0.02    0.11    0.10    2.59 ^ _433_/Y (sky130_fd_sc_hd__o21ai_2)
                                         net26 (net)
                  0.11    0.00    2.59 ^ output26/A (sky130_fd_sc_hd__buf_4)
     1    0.03    0.10    0.17    2.76 ^ output26/X (sky130_fd_sc_hd__buf_4)
                                         out[6] (net)
                  0.10    0.00    2.76 ^ out[6] (out)
                                  2.76   data arrival time

                  0.00    0.00    0.00   clock __VIRTUAL_CLK__ (rise edge)
                          0.00    0.00   clock network delay (ideal)
                          0.25    0.25   clock uncertainty
                          0.00    0.25   clock reconvergence pessimism
                         -2.00   -1.75   output external delay
                                 -1.75   data required time
-----------------------------------------------------------------------------
                                 -1.75   data required time
                                 -2.76   data arrival time
-----------------------------------------------------------------------------
                                  4.51   slack (MET)


Startpoint: opcode[1] (input port clocked by __VIRTUAL_CLK__)
Endpoint: out[4] (output port clocked by __VIRTUAL_CLK__)
Path Group: __VIRTUAL_CLK__
Path Type: min
Corner: Typical

Fanout     Cap    Slew   Delay    Time   Description
-----------------------------------------------------------------------------
                  0.00    0.00    0.00   clock __VIRTUAL_CLK__ (rise edge)
                          0.00    0.00   clock network delay (ideal)
                          2.00    2.00 ^ input external delay
     1    0.00    0.02    0.01    2.01 ^ opcode[1] (in)
                                         opcode[1] (net)
                  0.02    0.00    2.01 ^ input18/A (sky130_fd_sc_hd__clkbuf_4)
    10    0.06    0.19    0.22    2.23 ^ input18/X (sky130_fd_sc_hd__clkbuf_4)
                                         net18 (net)
                  0.19    0.00    2.23 ^ _256_/B (sky130_fd_sc_hd__nor2_2)
     6    0.05    0.13    0.15    2.38 v _256_/Y (sky130_fd_sc_hd__nor2_2)
                                         _186_ (net)
                  0.13    0.00    2.38 v _353_/A1 (sky130_fd_sc_hd__a31o_1)
     1    0.01    0.06    0.22    2.60 v _353_/X (sky130_fd_sc_hd__a31o_1)
                                         net24 (net)
                  0.06    0.00    2.60 v output24/A (sky130_fd_sc_hd__buf_2)
     1    0.03    0.09    0.18    2.78 v output24/X (sky130_fd_sc_hd__buf_2)
                                         out[4] (net)
                  0.09    0.00    2.78 v out[4] (out)
                                  2.78   data arrival time

                  0.00    0.00    0.00   clock __VIRTUAL_CLK__ (rise edge)
                          0.00    0.00   clock network delay (ideal)
                          0.25    0.25   clock uncertainty
                          0.00    0.25   clock reconvergence pessimism
                         -2.00   -1.75   output external delay
                                 -1.75   data required time
-----------------------------------------------------------------------------
                                 -1.75   data required time
                                 -2.78   data arrival time
-----------------------------------------------------------------------------
                                  4.53   slack (MET)


Startpoint: opcode[1] (input port clocked by __VIRTUAL_CLK__)
Endpoint: out[1] (output port clocked by __VIRTUAL_CLK__)
Path Group: __VIRTUAL_CLK__
Path Type: min
Corner: Typical

Fanout     Cap    Slew   Delay    Time   Description
-----------------------------------------------------------------------------
                  0.00    0.00    0.00   clock __VIRTUAL_CLK__ (rise edge)
                          0.00    0.00   clock network delay (ideal)
                          2.00    2.00 ^ input external delay
     1    0.00    0.02    0.01    2.01 ^ opcode[1] (in)
                                         opcode[1] (net)
                  0.02    0.00    2.01 ^ input18/A (sky130_fd_sc_hd__clkbuf_4)
    10    0.06    0.19    0.22    2.23 ^ input18/X (sky130_fd_sc_hd__clkbuf_4)
                                         net18 (net)
                  0.19    0.00    2.23 ^ _256_/B (sky130_fd_sc_hd__nor2_2)
     6    0.05    0.13    0.15    2.38 v _256_/Y (sky130_fd_sc_hd__nor2_2)
                                         _186_ (net)
                  0.13    0.00    2.38 v _270_/A2 (sky130_fd_sc_hd__a31o_1)
     2    0.03    0.13    0.32    2.70 v _270_/X (sky130_fd_sc_hd__a31o_1)
                                         net21 (net)
                  0.13    0.00    2.70 v output21/A (sky130_fd_sc_hd__buf_2)
     1    0.03    0.09    0.21    2.91 v output21/X (sky130_fd_sc_hd__buf_2)
                                         out[1] (net)
                  0.09    0.00    2.91 v out[1] (out)
                                  2.91   data arrival time

                  0.00    0.00    0.00   clock __VIRTUAL_CLK__ (rise edge)
                          0.00    0.00   clock network delay (ideal)
                          0.25    0.25   clock uncertainty
                          0.00    0.25   clock reconvergence pessimism
                         -2.00   -1.75   output external delay
                                 -1.75   data required time
-----------------------------------------------------------------------------
                                 -1.75   data required time
                                 -2.91   data arrival time
-----------------------------------------------------------------------------
                                  4.66   slack (MET)


Startpoint: opcode[1] (input port clocked by __VIRTUAL_CLK__)
Endpoint: out[3] (output port clocked by __VIRTUAL_CLK__)
Path Group: __VIRTUAL_CLK__
Path Type: min
Corner: Typical

Fanout     Cap    Slew   Delay    Time   Description
-----------------------------------------------------------------------------
                  0.00    0.00    0.00   clock __VIRTUAL_CLK__ (rise edge)
                          0.00    0.00   clock network delay (ideal)
                          2.00    2.00 v input external delay
     1    0.00    0.01    0.00    2.00 v opcode[1] (in)
                                         opcode[1] (net)
                  0.01    0.00    2.00 v input18/A (sky130_fd_sc_hd__clkbuf_4)
    10    0.06    0.12    0.19    2.20 v input18/X (sky130_fd_sc_hd__clkbuf_4)
                                         net18 (net)
                  0.12    0.01    2.20 v _266_/B (sky130_fd_sc_hd__and3b_2)
     7    0.04    0.12    0.31    2.51 v _266_/X (sky130_fd_sc_hd__and3b_2)
                                         _196_ (net)
                  0.12    0.00    2.51 v _321_/A1 (sky130_fd_sc_hd__a31o_1)
     1    0.01    0.07    0.23    2.74 v _321_/X (sky130_fd_sc_hd__a31o_1)
                                         net23 (net)
                  0.07    0.00    2.74 v output23/A (sky130_fd_sc_hd__buf_2)
     1    0.03    0.09    0.18    2.92 v output23/X (sky130_fd_sc_hd__buf_2)
                                         out[3] (net)
                  0.09    0.00    2.92 v out[3] (out)
                                  2.92   data arrival time

                  0.00    0.00    0.00   clock __VIRTUAL_CLK__ (rise edge)
                          0.00    0.00   clock network delay (ideal)
                          0.25    0.25   clock uncertainty
                          0.00    0.25   clock reconvergence pessimism
                         -2.00   -1.75   output external delay
                                 -1.75   data required time
-----------------------------------------------------------------------------
                                 -1.75   data required time
                                 -2.92   data arrival time
-----------------------------------------------------------------------------
                                  4.67   slack (MET)


Startpoint: opcode[1] (input port clocked by __VIRTUAL_CLK__)
Endpoint: out[2] (output port clocked by __VIRTUAL_CLK__)
Path Group: __VIRTUAL_CLK__
Path Type: min
Corner: Typical

Fanout     Cap    Slew   Delay    Time   Description
-----------------------------------------------------------------------------
                  0.00    0.00    0.00   clock __VIRTUAL_CLK__ (rise edge)
                          0.00    0.00   clock network delay (ideal)
                          2.00    2.00 v input external delay
     1    0.00    0.01    0.00    2.00 v opcode[1] (in)
                                         opcode[1] (net)
                  0.01    0.00    2.00 v input18/A (sky130_fd_sc_hd__clkbuf_4)
    10    0.06    0.12    0.19    2.20 v input18/X (sky130_fd_sc_hd__clkbuf_4)
                                         net18 (net)
                  0.12    0.01    2.20 v _266_/B (sky130_fd_sc_hd__and3b_2)
     7    0.04    0.12    0.31    2.51 v _266_/X (sky130_fd_sc_hd__and3b_2)
                                         _196_ (net)
                  0.12    0.00    2.51 v _280_/B1 (sky130_fd_sc_hd__o21ai_1)
     1    0.01    0.22    0.20    2.71 ^ _280_/Y (sky130_fd_sc_hd__o21ai_1)
                                         _209_ (net)
                  0.22    0.00    2.71 ^ _292_/A2 (sky130_fd_sc_hd__o21ai_1)
     1    0.02    0.12    0.16    2.87 v _292_/Y (sky130_fd_sc_hd__o21ai_1)
                                         net22 (net)
                  0.12    0.00    2.87 v output22/A (sky130_fd_sc_hd__buf_2)
     1    0.03    0.09    0.21    3.08 v output22/X (sky130_fd_sc_hd__buf_2)
                                         out[2] (net)
                  0.09    0.00    3.08 v out[2] (out)
                                  3.08   data arrival time

                  0.00    0.00    0.00   clock __VIRTUAL_CLK__ (rise edge)
                          0.00    0.00   clock network delay (ideal)
                          0.25    0.25   clock uncertainty
                          0.00    0.25   clock reconvergence pessimism
                         -2.00   -1.75   output external delay
                                 -1.75   data required time
-----------------------------------------------------------------------------
                                 -1.75   data required time
                                 -3.08   data arrival time
-----------------------------------------------------------------------------
                                  4.83   slack (MET)


Startpoint: opcode[0] (input port clocked by __VIRTUAL_CLK__)
Endpoint: out[0] (output port clocked by __VIRTUAL_CLK__)
Path Group: __VIRTUAL_CLK__
Path Type: min
Corner: Typical

Fanout     Cap    Slew   Delay    Time   Description
-----------------------------------------------------------------------------
                  0.00    0.00    0.00   clock __VIRTUAL_CLK__ (rise edge)
                          0.00    0.00   clock network delay (ideal)
                          2.00    2.00 v input external delay
     1    0.00    0.01    0.00    2.00 v opcode[0] (in)
                                         opcode[0] (net)
                  0.01    0.00    2.00 v input17/A (sky130_fd_sc_hd__buf_4)
     8    0.06    0.09    0.17    2.17 v input17/X (sky130_fd_sc_hd__buf_4)
                                         net17 (net)
                  0.09    0.01    2.18 v _241_/A_N (sky130_fd_sc_hd__and4b_1)
     1    0.00    0.07    0.26    2.44 ^ _241_/X (sky130_fd_sc_hd__and4b_1)
                                         _172_ (net)
                  0.07    0.00    2.44 ^ _244_/B (sky130_fd_sc_hd__or3_1)
     1    0.01    0.10    0.14    2.58 ^ _244_/X (sky130_fd_sc_hd__or3_1)
                                         _175_ (net)
                  0.10    0.00    2.58 ^ _245_/A (sky130_fd_sc_hd__buf_1)
     1    0.03    0.35    0.29    2.87 ^ _245_/X (sky130_fd_sc_hd__buf_1)
                                         net20 (net)
                  0.35    0.00    2.88 ^ output20/A (sky130_fd_sc_hd__buf_2)
     1    0.03    0.17    0.27    3.14 ^ output20/X (sky130_fd_sc_hd__buf_2)
                                         out[0] (net)
                  0.17    0.00    3.14 ^ out[0] (out)
                                  3.14   data arrival time

                  0.00    0.00    0.00   clock __VIRTUAL_CLK__ (rise edge)
                          0.00    0.00   clock network delay (ideal)
                          0.25    0.25   clock uncertainty
                          0.00    0.25   clock reconvergence pessimism
                         -2.00   -1.75   output external delay
                                 -1.75   data required time
-----------------------------------------------------------------------------
                                 -1.75   data required time
                                 -3.14   data arrival time
-----------------------------------------------------------------------------
                                  4.89   slack (MET)



worst slack corner Typical: 4.4706
