
===========================================================================
 report_power
============================================================================
======================= Fastest Corner ===================================

Group                  Internal  Switching    Leakage      Total
                          Power      Power      Power      Power (Watts)
----------------------------------------------------------------
Sequential             0.00e+00   0.00e+00   0.00e+00   0.00e+00   0.0%
Combinational          1.07e-04   2.54e-04   3.53e-09   3.61e-04 100.0%
Clock                 -1.54e-10   0.00e+00   1.22e-09   1.06e-09   0.0%
Macro                  0.00e+00   0.00e+00   0.00e+00   0.00e+00   0.0%
Pad                    0.00e+00   0.00e+00   0.00e+00   0.00e+00   0.0%
----------------------------------------------------------------
Total                  1.07e-04   2.54e-04   4.75e-09   3.61e-04 100.0%
                          29.5%      70.5%       0.0%

======================= Slowest Corner ===================================

Group                  Internal  Switching    Leakage      Total
                          Power      Power      Power      Power (Watts)
----------------------------------------------------------------
Sequential             0.00e+00   0.00e+00   0.00e+00   0.00e+00   0.0%
Combinational          7.78e-05   1.71e-04   1.68e-06   2.50e-04 100.0%
Clock                 -8.49e-11   0.00e+00   1.22e-09   1.14e-09   0.0%
Macro                  0.00e+00   0.00e+00   0.00e+00   0.00e+00   0.0%
Pad                    0.00e+00   0.00e+00   0.00e+00   0.00e+00   0.0%
----------------------------------------------------------------
Total                  7.78e-05   1.71e-04   1.68e-06   2.50e-04 100.0%
                          31.1%      68.2%       0.7%

======================= Typical Corner ===================================

Group                  Internal  Switching    Leakage      Total
                          Power      Power      Power      Power (Watts)
----------------------------------------------------------------
Sequential             0.00e+00   0.00e+00   0.00e+00   0.00e+00   0.0%
Combinational          9.62e-05   2.16e-04   1.29e-09   3.13e-04 100.0%
Clock                 -4.72e-11   0.00e+00   1.22e-09   1.17e-09   0.0%
Macro                  0.00e+00   0.00e+00   0.00e+00   0.00e+00   0.0%
Pad                    0.00e+00   0.00e+00   0.00e+00   0.00e+00   0.0%
----------------------------------------------------------------
Total                  9.62e-05   2.16e-04   2.51e-09   3.13e-04 100.0%
                          30.8%      69.2%       0.0%

