
===========================================================================
report_checks -unconstrained
===========================================================================
======================= Fastest Corner ===================================

Startpoint: rst (input port clocked by clk)
Endpoint: _343_ (recovery check against rising-edge clock clk)
Path Group: asynchronous
Path Type: max
Corner: Fastest

Fanout     Cap    Slew   Delay    Time   Description
-----------------------------------------------------------------------------
                          0.00    0.00   clock clk (rise edge)
                          0.00    0.00   clock network delay (propagated)
                          2.00    2.00 v input external delay
     2    0.00    0.01    0.00    2.00 v rst (in)
                                         rst (net)
                  0.01    0.00    2.00 v input1/A (sky130_fd_sc_hd__buf_2)
    10    0.06    0.09    0.14    2.14 v input1/X (sky130_fd_sc_hd__buf_2)
                                         net1 (net)
                  0.10    0.01    2.15 v _306_/A (sky130_fd_sc_hd__buf_4)
    20    0.09    0.09    0.18    2.32 v _306_/X (sky130_fd_sc_hd__buf_4)
                                         _160_ (net)
                  0.09    0.02    2.34 v _310_/A (sky130_fd_sc_hd__inv_2)
     1    0.03    0.10    0.11    2.45 ^ _310_/Y (sky130_fd_sc_hd__inv_2)
                                         _041_ (net)
                  0.10    0.00    2.46 ^ _343_/RESET_B (sky130_fd_sc_hd__dfrtp_4)
                                  2.46   data arrival time

                         10.00   10.00   clock clk (rise edge)
                          0.00   10.00   clock source latency
     2    0.02    0.08    0.05   10.05 ^ clk (in)
                                         clk (net)
                  0.08    0.00   10.05 ^ clkbuf_0_clk/A (sky130_fd_sc_hd__clkbuf_16)
     4    0.05    0.05    0.11   10.17 ^ clkbuf_0_clk/X (sky130_fd_sc_hd__clkbuf_16)
                                         clknet_0_clk (net)
                  0.05    0.00   10.17 ^ clkbuf_2_0__f_clk/A (sky130_fd_sc_hd__clkbuf_16)
     9    0.04    0.04    0.09   10.26 ^ clkbuf_2_0__f_clk/X (sky130_fd_sc_hd__clkbuf_16)
                                         clknet_2_0__leaf_clk (net)
                  0.04    0.00   10.27 ^ _343_/CLK (sky130_fd_sc_hd__dfrtp_4)
                         -0.25   10.02   clock uncertainty
                          0.00   10.02   clock reconvergence pessimism
                          0.11   10.13   library recovery time
                                 10.13   data required time
-----------------------------------------------------------------------------
                                 10.13   data required time
                                 -2.46   data arrival time
-----------------------------------------------------------------------------
                                  7.67   slack (MET)


Startpoint: _361_ (rising edge-triggered flip-flop clocked by clk)
Endpoint: seg[0] (output port clocked by clk)
Path Group: clk
Path Type: max
Corner: Fastest

Fanout     Cap    Slew   Delay    Time   Description
-----------------------------------------------------------------------------
                          0.00    0.00   clock clk (rise edge)
                          0.00    0.00   clock source latency
     2    0.02    0.08    0.06    0.06 ^ clk (in)
                                         clk (net)
                  0.08    0.00    0.06 ^ clkbuf_0_clk/A (sky130_fd_sc_hd__clkbuf_16)
     4    0.05    0.05    0.12    0.18 ^ clkbuf_0_clk/X (sky130_fd_sc_hd__clkbuf_16)
                                         clknet_0_clk (net)
                  0.05    0.00    0.19 ^ clkbuf_2_0__f_clk/A (sky130_fd_sc_hd__clkbuf_16)
     9    0.04    0.04    0.10    0.29 ^ clkbuf_2_0__f_clk/X (sky130_fd_sc_hd__clkbuf_16)
                                         clknet_2_0__leaf_clk (net)
                  0.04    0.00    0.30 ^ _361_/CLK (sky130_fd_sc_hd__dfrtp_4)
    13    0.07    0.10    0.39    0.68 v _361_/Q (sky130_fd_sc_hd__dfrtp_4)
                                         decoder.digit[3] (net)
                  0.10    0.01    0.69 v _165_/A (sky130_fd_sc_hd__nor2_1)
     2    0.02    0.26    0.25    0.94 ^ _165_/Y (sky130_fd_sc_hd__nor2_1)
                                         _066_ (net)
                  0.26    0.00    0.95 ^ _166_/B (sky130_fd_sc_hd__nand2_1)
     3    0.03    0.15    0.16    1.11 v _166_/Y (sky130_fd_sc_hd__nand2_1)
                                         _067_ (net)
                  0.15    0.00    1.11 v _167_/B (sky130_fd_sc_hd__nor2_1)
     3    0.02    0.26    0.26    1.37 ^ _167_/Y (sky130_fd_sc_hd__nor2_1)
                                         _068_ (net)
                  0.26    0.00    1.37 ^ _287_/B1 (sky130_fd_sc_hd__a2111o_1)
     4    0.03    0.23    0.23    1.60 ^ _287_/X (sky130_fd_sc_hd__a2111o_1)
                                         net5 (net)
                  0.23    0.00    1.60 ^ _370_/A (sky130_fd_sc_hd__buf_1)
     2    0.03    0.23    0.20    1.81 ^ _370_/X (sky130_fd_sc_hd__buf_1)
                                         net2 (net)
                  0.23    0.00    1.81 ^ output2/A (sky130_fd_sc_hd__buf_2)
     1    0.03    0.13    0.18    1.99 ^ output2/X (sky130_fd_sc_hd__buf_2)
                                         seg[0] (net)
                  0.13    0.00    1.99 ^ seg[0] (out)
                                  1.99   data arrival time

                         10.00   10.00   clock clk (rise edge)
                          0.00   10.00   clock network delay (propagated)
                         -0.25    9.75   clock uncertainty
                          0.00    9.75   clock reconvergence pessimism
                         -2.00    7.75   output external delay
                                  7.75   data required time
-----------------------------------------------------------------------------
                                  7.75   data required time
                                 -1.99   data arrival time
-----------------------------------------------------------------------------
                                  5.76   slack (MET)



======================= Slowest Corner ===================================

Startpoint: rst (input port clocked by clk)
Endpoint: _343_ (recovery check against rising-edge clock clk)
Path Group: asynchronous
Path Type: max
Corner: Slowest

Fanout     Cap    Slew   Delay    Time   Description
-----------------------------------------------------------------------------
                          0.00    0.00   clock clk (rise edge)
                          0.00    0.00   clock network delay (propagated)
                          2.00    2.00 v input external delay
     2    0.00    0.02    0.01    2.01 v rst (in)
                                         rst (net)
                  0.02    0.00    2.01 v input1/A (sky130_fd_sc_hd__buf_2)
    10    0.06    0.26    0.41    2.42 v input1/X (sky130_fd_sc_hd__buf_2)
                                         net1 (net)
                  0.26    0.01    2.43 v _306_/A (sky130_fd_sc_hd__buf_4)
    20    0.09    0.22    0.51    2.94 v _306_/X (sky130_fd_sc_hd__buf_4)
                                         _160_ (net)
                  0.22    0.02    2.96 v _310_/A (sky130_fd_sc_hd__inv_2)
     1    0.03    0.20    0.27    3.23 ^ _310_/Y (sky130_fd_sc_hd__inv_2)
                                         _041_ (net)
                  0.20    0.00    3.23 ^ _343_/RESET_B (sky130_fd_sc_hd__dfrtp_4)
                                  3.23   data arrival time

                         10.00   10.00   clock clk (rise edge)
                          0.00   10.00   clock source latency
     2    0.02    0.17    0.11   10.11 ^ clk (in)
                                         clk (net)
                  0.17    0.00   10.11 ^ clkbuf_0_clk/A (sky130_fd_sc_hd__clkbuf_16)
     4    0.05    0.11    0.29   10.41 ^ clkbuf_0_clk/X (sky130_fd_sc_hd__clkbuf_16)
                                         clknet_0_clk (net)
                  0.11    0.00   10.41 ^ clkbuf_2_0__f_clk/A (sky130_fd_sc_hd__clkbuf_16)
     9    0.03    0.09    0.25   10.66 ^ clkbuf_2_0__f_clk/X (sky130_fd_sc_hd__clkbuf_16)
                                         clknet_2_0__leaf_clk (net)
                  0.09    0.00   10.66 ^ _343_/CLK (sky130_fd_sc_hd__dfrtp_4)
                         -0.25   10.41   clock uncertainty
                          0.00   10.41   clock reconvergence pessimism
                          0.39   10.80   library recovery time
                                 10.80   data required time
-----------------------------------------------------------------------------
                                 10.80   data required time
                                 -3.23   data arrival time
-----------------------------------------------------------------------------
                                  7.57   slack (MET)


Startpoint: _361_ (rising edge-triggered flip-flop clocked by clk)
Endpoint: seg[0] (output port clocked by clk)
Path Group: clk
Path Type: max
Corner: Slowest

Fanout     Cap    Slew   Delay    Time   Description
-----------------------------------------------------------------------------
                          0.00    0.00   clock clk (rise edge)
                          0.00    0.00   clock source latency
     2    0.02    0.17    0.13    0.13 ^ clk (in)
                                         clk (net)
                  0.17    0.00    0.13 ^ clkbuf_0_clk/A (sky130_fd_sc_hd__clkbuf_16)
     4    0.05    0.11    0.33    0.45 ^ clkbuf_0_clk/X (sky130_fd_sc_hd__clkbuf_16)
                                         clknet_0_clk (net)
                  0.11    0.00    0.45 ^ clkbuf_2_0__f_clk/A (sky130_fd_sc_hd__clkbuf_16)
     9    0.03    0.09    0.27    0.73 ^ clkbuf_2_0__f_clk/X (sky130_fd_sc_hd__clkbuf_16)
                                         clknet_2_0__leaf_clk (net)
                  0.09    0.00    0.73 ^ _361_/CLK (sky130_fd_sc_hd__dfrtp_4)
    13    0.07    0.27    1.25    1.98 v _361_/Q (sky130_fd_sc_hd__dfrtp_4)
                                         decoder.digit[3] (net)
                  0.27    0.01    1.99 v _165_/A (sky130_fd_sc_hd__nor2_1)
     2    0.02    0.62    0.64    2.63 ^ _165_/Y (sky130_fd_sc_hd__nor2_1)
                                         _066_ (net)
                  0.62    0.00    2.63 ^ _166_/B (sky130_fd_sc_hd__nand2_1)
     3    0.03    0.46    0.63    3.26 v _166_/Y (sky130_fd_sc_hd__nand2_1)
                                         _067_ (net)
                  0.46    0.00    3.26 v _167_/B (sky130_fd_sc_hd__nor2_1)
     3    0.02    0.60    0.68    3.94 ^ _167_/Y (sky130_fd_sc_hd__nor2_1)
                                         _068_ (net)
                  0.60    0.00    3.94 ^ _287_/B1 (sky130_fd_sc_hd__a2111o_1)
     4    0.03    0.48    0.71    4.65 ^ _287_/X (sky130_fd_sc_hd__a2111o_1)
                                         net5 (net)
                  0.48    0.00    4.65 ^ _370_/A (sky130_fd_sc_hd__buf_1)
     2    0.03    0.49    0.61    5.27 ^ _370_/X (sky130_fd_sc_hd__buf_1)
                                         net2 (net)
                  0.49    0.00    5.27 ^ output2/A (sky130_fd_sc_hd__buf_2)
     1    0.03    0.27    0.54    5.81 ^ output2/X (sky130_fd_sc_hd__buf_2)
                                         seg[0] (net)
                  0.27    0.00    5.82 ^ seg[0] (out)
                                  5.82   data arrival time

                         10.00   10.00   clock clk (rise edge)
                          0.00   10.00   clock network delay (propagated)
                         -0.25    9.75   clock uncertainty
                          0.00    9.75   clock reconvergence pessimism
                         -2.00    7.75   output external delay
                                  7.75   data required time
-----------------------------------------------------------------------------
                                  7.75   data required time
                                 -5.82   data arrival time
-----------------------------------------------------------------------------
                                  1.93   slack (MET)



======================= Typical Corner ===================================

Startpoint: rst (input port clocked by clk)
Endpoint: _343_ (recovery check against rising-edge clock clk)
Path Group: asynchronous
Path Type: max
Corner: Typical

Fanout     Cap    Slew   Delay    Time   Description
-----------------------------------------------------------------------------
                          0.00    0.00   clock clk (rise edge)
                          0.00    0.00   clock network delay (propagated)
                          2.00    2.00 v input external delay
     2    0.00    0.01    0.01    2.01 v rst (in)
                                         rst (net)
                  0.01    0.00    2.01 v input1/A (sky130_fd_sc_hd__buf_2)
    10    0.06    0.14    0.21    2.22 v input1/X (sky130_fd_sc_hd__buf_2)
                                         net1 (net)
                  0.14    0.01    2.22 v _306_/A (sky130_fd_sc_hd__buf_4)
    20    0.09    0.12    0.27    2.49 v _306_/X (sky130_fd_sc_hd__buf_4)
                                         _160_ (net)
                  0.13    0.02    2.51 v _310_/A (sky130_fd_sc_hd__inv_2)
     1    0.03    0.13    0.16    2.66 ^ _310_/Y (sky130_fd_sc_hd__inv_2)
                                         _041_ (net)
                  0.13    0.00    2.67 ^ _343_/RESET_B (sky130_fd_sc_hd__dfrtp_4)
                                  2.67   data arrival time

                         10.00   10.00   clock clk (rise edge)
                          0.00   10.00   clock source latency
     2    0.02    0.11    0.07   10.07 ^ clk (in)
                                         clk (net)
                  0.11    0.00   10.07 ^ clkbuf_0_clk/A (sky130_fd_sc_hd__clkbuf_16)
     4    0.05    0.07    0.17   10.24 ^ clkbuf_0_clk/X (sky130_fd_sc_hd__clkbuf_16)
                                         clknet_0_clk (net)
                  0.07    0.00   10.24 ^ clkbuf_2_0__f_clk/A (sky130_fd_sc_hd__clkbuf_16)
     9    0.04    0.06    0.14   10.38 ^ clkbuf_2_0__f_clk/X (sky130_fd_sc_hd__clkbuf_16)
                                         clknet_2_0__leaf_clk (net)
                  0.06    0.00   10.38 ^ _343_/CLK (sky130_fd_sc_hd__dfrtp_4)
                         -0.25   10.13   clock uncertainty
                          0.00   10.13   clock reconvergence pessimism
                          0.19   10.33   library recovery time
                                 10.33   data required time
-----------------------------------------------------------------------------
                                 10.33   data required time
                                 -2.67   data arrival time
-----------------------------------------------------------------------------
                                  7.66   slack (MET)


Startpoint: _361_ (rising edge-triggered flip-flop clocked by clk)
Endpoint: seg[0] (output port clocked by clk)
Path Group: clk
Path Type: max
Corner: Typical

Fanout     Cap    Slew   Delay    Time   Description
-----------------------------------------------------------------------------
                          0.00    0.00   clock clk (rise edge)
                          0.00    0.00   clock source latency
     2    0.02    0.11    0.08    0.08 ^ clk (in)
                                         clk (net)
                  0.11    0.00    0.08 ^ clkbuf_0_clk/A (sky130_fd_sc_hd__clkbuf_16)
     4    0.05    0.07    0.18    0.26 ^ clkbuf_0_clk/X (sky130_fd_sc_hd__clkbuf_16)
                                         clknet_0_clk (net)
                  0.07    0.00    0.27 ^ clkbuf_2_0__f_clk/A (sky130_fd_sc_hd__clkbuf_16)
     9    0.04    0.06    0.15    0.42 ^ clkbuf_2_0__f_clk/X (sky130_fd_sc_hd__clkbuf_16)
                                         clknet_2_0__leaf_clk (net)
                  0.06    0.00    0.42 ^ _361_/CLK (sky130_fd_sc_hd__dfrtp_4)
    13    0.07    0.14    0.60    1.03 v _361_/Q (sky130_fd_sc_hd__dfrtp_4)
                                         decoder.digit[3] (net)
                  0.14    0.01    1.04 v _165_/A (sky130_fd_sc_hd__nor2_1)
     2    0.02    0.37    0.36    1.40 ^ _165_/Y (sky130_fd_sc_hd__nor2_1)
                                         _066_ (net)
                  0.37    0.00    1.40 ^ _166_/B (sky130_fd_sc_hd__nand2_1)
     3    0.03    0.21    0.28    1.68 v _166_/Y (sky130_fd_sc_hd__nand2_1)
                                         _067_ (net)
                  0.21    0.00    1.68 v _167_/B (sky130_fd_sc_hd__nor2_1)
     3    0.02    0.36    0.37    2.06 ^ _167_/Y (sky130_fd_sc_hd__nor2_1)
                                         _068_ (net)
                  0.36    0.00    2.06 ^ _287_/B1 (sky130_fd_sc_hd__a2111o_1)
     4    0.03    0.30    0.37    2.43 ^ _287_/X (sky130_fd_sc_hd__a2111o_1)
                                         net5 (net)
                  0.30    0.00    2.43 ^ _370_/A (sky130_fd_sc_hd__buf_1)
     2    0.03    0.30    0.32    2.75 ^ _370_/X (sky130_fd_sc_hd__buf_1)
                                         net2 (net)
                  0.30    0.00    2.76 ^ output2/A (sky130_fd_sc_hd__buf_2)
     1    0.03    0.17    0.29    3.04 ^ output2/X (sky130_fd_sc_hd__buf_2)
                                         seg[0] (net)
                  0.17    0.00    3.04 ^ seg[0] (out)
                                  3.04   data arrival time

                         10.00   10.00   clock clk (rise edge)
                          0.00   10.00   clock network delay (propagated)
                         -0.25    9.75   clock uncertainty
                          0.00    9.75   clock reconvergence pessimism
                         -2.00    7.75   output external delay
                                  7.75   data required time
-----------------------------------------------------------------------------
                                  7.75   data required time
                                 -3.04   data arrival time
-----------------------------------------------------------------------------
                                  4.71   slack (MET)




===========================================================================
report_checks --slack_max -0.01
============================================================================
======================= Fastest Corner ===================================

No paths found.

======================= Slowest Corner ===================================

No paths found.

======================= Typical Corner ===================================

No paths found.


===========================================================================
 report_check_types -max_slew -max_cap -max_fanout -violators
============================================================================
======================= Fastest Corner ===================================

max fanout

Pin                                   Limit Fanout  Slack
---------------------------------------------------------
_189_/X                                  10     20    -10 (VIOLATED)
_202_/X                                  10     20    -10 (VIOLATED)
_245_/X                                  10     20    -10 (VIOLATED)
_295_/X                                  10     20    -10 (VIOLATED)
_306_/X                                  10     20    -10 (VIOLATED)
_317_/X                                  10     20    -10 (VIOLATED)
_187_/X                                  10     18     -8 (VIOLATED)
_358_/Q                                  10     16     -6 (VIOLATED)
_177_/X                                  10     14     -4 (VIOLATED)
_330_/Q                                  10     14     -4 (VIOLATED)
_347_/Q                                  10     14     -4 (VIOLATED)
_359_/Q                                  10     14     -4 (VIOLATED)
_361_/Q                                  10     13     -3 (VIOLATED)
_221_/X                                  10     12     -2 (VIOLATED)
_331_/Q                                  10     12     -2 (VIOLATED)
_340_/Q                                  10     12     -2 (VIOLATED)
_346_/Q                                  10     12     -2 (VIOLATED)
_348_/Q                                  10     12     -2 (VIOLATED)
_360_/Q                                  10     12     -2 (VIOLATED)


max slew violations count Fastest: 0
max fanout violations count Fastest: 19
max cap violations count Fastest: 0
======================= Slowest Corner ===================================

max slew

Pin                                    Limit    Slew   Slack
------------------------------------------------------------
_354_/D                                 0.75    1.04   -0.29 (VIOLATED)
_278_/Y                                 0.75    1.04   -0.29 (VIOLATED)
ANTENNA__345__D/DIODE                   0.75    1.01   -0.26 (VIOLATED)
_345_/D                                 0.75    1.01   -0.26 (VIOLATED)
_246_/Y                                 0.75    1.01   -0.26 (VIOLATED)
_341_/D                                 0.75    0.94   -0.19 (VIOLATED)
_229_/Y                                 0.75    0.94   -0.19 (VIOLATED)
_339_/D                                 0.75    0.94   -0.19 (VIOLATED)
_222_/Y                                 0.75    0.94   -0.19 (VIOLATED)
_286_/C                                 0.75    0.77   -0.02 (VIOLATED)
ANTENNA__286__C/DIODE                   0.75    0.77   -0.02 (VIOLATED)
_288_/B                                 0.75    0.77   -0.02 (VIOLATED)
ANTENNA__288__B/DIODE                   0.75    0.77   -0.02 (VIOLATED)
_294_/A2                                0.75    0.77   -0.02 (VIOLATED)
ANTENNA__294__A2/DIODE                  0.75    0.77   -0.02 (VIOLATED)
_289_/A2                                0.75    0.77   -0.02 (VIOLATED)
ANTENNA__289__A2/DIODE                  0.75    0.77   -0.02 (VIOLATED)
_285_/Y                                 0.75    0.77   -0.02 (VIOLATED)

max fanout

Pin                                   Limit Fanout  Slack
---------------------------------------------------------
_189_/X                                  10     20    -10 (VIOLATED)
_202_/X                                  10     20    -10 (VIOLATED)
_245_/X                                  10     20    -10 (VIOLATED)
_295_/X                                  10     20    -10 (VIOLATED)
_306_/X                                  10     20    -10 (VIOLATED)
_317_/X                                  10     20    -10 (VIOLATED)
_187_/X                                  10     18     -8 (VIOLATED)
_358_/Q                                  10     16     -6 (VIOLATED)
_177_/X                                  10     14     -4 (VIOLATED)
_330_/Q                                  10     14     -4 (VIOLATED)
_347_/Q                                  10     14     -4 (VIOLATED)
_359_/Q                                  10     14     -4 (VIOLATED)
_361_/Q                                  10     13     -3 (VIOLATED)
_221_/X                                  10     12     -2 (VIOLATED)
_331_/Q                                  10     12     -2 (VIOLATED)
_340_/Q                                  10     12     -2 (VIOLATED)
_346_/Q                                  10     12     -2 (VIOLATED)
_348_/Q                                  10     12     -2 (VIOLATED)
_360_/Q                                  10     12     -2 (VIOLATED)


max slew violations count Slowest: 18
max fanout violations count Slowest: 19
max cap violations count Slowest: 0
======================= Typical Corner ===================================

max fanout

Pin                                   Limit Fanout  Slack
---------------------------------------------------------
_189_/X                                  10     20    -10 (VIOLATED)
_202_/X                                  10     20    -10 (VIOLATED)
_245_/X                                  10     20    -10 (VIOLATED)
_295_/X                                  10     20    -10 (VIOLATED)
_306_/X                                  10     20    -10 (VIOLATED)
_317_/X                                  10     20    -10 (VIOLATED)
_187_/X                                  10     18     -8 (VIOLATED)
_358_/Q                                  10     16     -6 (VIOLATED)
_177_/X                                  10     14     -4 (VIOLATED)
_330_/Q                                  10     14     -4 (VIOLATED)
_347_/Q                                  10     14     -4 (VIOLATED)
_359_/Q                                  10     14     -4 (VIOLATED)
_361_/Q                                  10     13     -3 (VIOLATED)
_221_/X                                  10     12     -2 (VIOLATED)
_331_/Q                                  10     12     -2 (VIOLATED)
_340_/Q                                  10     12     -2 (VIOLATED)
_346_/Q                                  10     12     -2 (VIOLATED)
_348_/Q                                  10     12     -2 (VIOLATED)
_360_/Q                                  10     12     -2 (VIOLATED)


max slew violations count Typical: 0
max fanout violations count Typical: 19
max cap violations count Typical: 0

===========================================================================
report_parasitic_annotation -report_unannotated
============================================================================
Found 11 unannotated drivers.
 ZeroToFiveCounter_10/LO
 ZeroToFiveCounter_11/LO
 ZeroToFiveCounter_12/LO
 ZeroToFiveCounter_13/LO
 ZeroToFiveCounter_14/LO
 ZeroToFiveCounter_15/LO
 ZeroToFiveCounter_16/LO
 ZeroToFiveCounter_9/HI
 clkload0/X
 clkload1/Y
 clkload2/Y
Found 0 partially unannotated drivers.

===========================================================================
max slew violation count 18
max fanout violation count 19
max cap violation count 0
============================================================================

===========================================================================
check_setup -verbose -unconstrained_endpoints -multiple_clock -no_clock -no_input_delay -loops -generated_clocks
===========================================================================
Warning: There are 8 unconstrained endpoints.
  an[0]
  an[1]
  an[2]
  an[3]
  an[4]
  an[5]
  an[6]
  an[7]
