OpenROAD b16bda7e82721d10566ff7e2b68f1ff0be9f9e38 
Features included (+) or not (-): +Charts +GPU +GUI +Python
This program is licensed under the BSD-3 license. See the LICENSE file for details.
Components of this program may be licensed under more restrictive licenses which must be honored.
define_corners Typical
read_liberty -corner Typical /home/pinarizmir/.volare/sky130A/libs.ref/sky130_fd_sc_hd/lib/sky130_fd_sc_hd__tt_025C_1v80.lib
Using 1e-12 for capacitance...
Using 1e+03 for resistance...
Using 1e-09 for time...
Using 1e+00 for voltage...
Using 1e-03 for current...
Using 1e-09 for power...
Using 1e-06 for distance...
[INFO]: Reading ODB at '/openlane/designs/project2/runs/RUN_2025.04.21_19.44.13/tmp/routing/18-global.odb'…
Reading design constraints file at '/openlane/scripts/base.sdc'…
[INFO]: Setting output delay to: 2.0
[INFO]: Setting input delay to: 2.0
[WARNING STA-0366] port '__VIRTUAL_CLK__' not found.
[INFO]: Setting load to: 0.033442
[INFO]: Setting clock uncertainty to: 0.25
[INFO]: Setting clock transition to: 0.15
[WARNING STA-0419] transition time can not be specified for virtual clocks.
[INFO]: Setting timing derate to: 5.0 %
[INFO]: Propagating all clocks
[WARNING STA-0450] virtual clock __VIRTUAL_CLK__ can not be propagated.
min_report

===========================================================================
report_checks -path_delay min (Hold)
============================================================================
======================= Typical Corner ===================================

Startpoint: opcode[0] (input port clocked by __VIRTUAL_CLK__)
Endpoint: out[5] (output port clocked by __VIRTUAL_CLK__)
Path Group: __VIRTUAL_CLK__
Path Type: min

Fanout     Cap    Slew   Delay    Time   Description
-----------------------------------------------------------------------------
                  0.00    0.00    0.00   clock __VIRTUAL_CLK__ (rise edge)
                          0.00    0.00   clock network delay (ideal)
                          2.00    2.00 v input external delay
     1    0.00    0.01    0.00    2.00 v opcode[0] (in)
                                         opcode[0] (net)
                  0.01    0.00    2.00 v input17/A (sky130_fd_sc_hd__buf_4)
     8    0.02    0.05    0.13    2.14 v input17/X (sky130_fd_sc_hd__buf_4)
                                         net17 (net)
                  0.05    0.00    2.14 v _242_/B (sky130_fd_sc_hd__nand3b_4)
     8    0.02    0.08    0.10    2.23 ^ _242_/Y (sky130_fd_sc_hd__nand3b_4)
                                         _173_ (net)
                  0.08    0.00    2.23 ^ _391_/A2 (sky130_fd_sc_hd__o211ai_2)
     1    0.00    0.04    0.07    2.30 v _391_/Y (sky130_fd_sc_hd__o211ai_2)
                                         net25 (net)
                  0.04    0.00    2.30 v output25/A (sky130_fd_sc_hd__buf_4)
     1    0.03    0.06    0.16    2.46 v output25/X (sky130_fd_sc_hd__buf_4)
                                         out[5] (net)
                  0.06    0.00    2.46 v out[5] (out)
                                  2.46   data arrival time

                  0.00    0.00    0.00   clock __VIRTUAL_CLK__ (rise edge)
                          0.00    0.00   clock network delay (ideal)
                          0.25    0.25   clock uncertainty
                          0.00    0.25   clock reconvergence pessimism
                         -2.00   -1.75   output external delay
                                 -1.75   data required time
-----------------------------------------------------------------------------
                                 -1.75   data required time
                                 -2.46   data arrival time
-----------------------------------------------------------------------------
                                  4.21   slack (MET)


Startpoint: opcode[1] (input port clocked by __VIRTUAL_CLK__)
Endpoint: out[6] (output port clocked by __VIRTUAL_CLK__)
Path Group: __VIRTUAL_CLK__
Path Type: min

Fanout     Cap    Slew   Delay    Time   Description
-----------------------------------------------------------------------------
                  0.00    0.00    0.00   clock __VIRTUAL_CLK__ (rise edge)
                          0.00    0.00   clock network delay (ideal)
                          2.00    2.00 ^ input external delay
     1    0.00    0.02    0.01    2.01 ^ opcode[1] (in)
                                         opcode[1] (net)
                  0.02    0.00    2.01 ^ input18/A (sky130_fd_sc_hd__clkbuf_4)
    10    0.02    0.09    0.15    2.16 ^ input18/X (sky130_fd_sc_hd__clkbuf_4)
                                         net18 (net)
                  0.09    0.00    2.16 ^ _398_/B1 (sky130_fd_sc_hd__a311o_1)
     1    0.00    0.07    0.12    2.28 ^ _398_/X (sky130_fd_sc_hd__a311o_1)
                                         _089_ (net)
                  0.07    0.00    2.28 ^ _433_/A2 (sky130_fd_sc_hd__o21ai_2)
     1    0.00    0.02    0.04    2.33 v _433_/Y (sky130_fd_sc_hd__o21ai_2)
                                         net26 (net)
                  0.02    0.00    2.33 v output26/A (sky130_fd_sc_hd__buf_4)
     1    0.03    0.06    0.15    2.48 v output26/X (sky130_fd_sc_hd__buf_4)
                                         out[6] (net)
                  0.06    0.00    2.48 v out[6] (out)
                                  2.48   data arrival time

                  0.00    0.00    0.00   clock __VIRTUAL_CLK__ (rise edge)
                          0.00    0.00   clock network delay (ideal)
                          0.25    0.25   clock uncertainty
                          0.00    0.25   clock reconvergence pessimism
                         -2.00   -1.75   output external delay
                                 -1.75   data required time
-----------------------------------------------------------------------------
                                 -1.75   data required time
                                 -2.48   data arrival time
-----------------------------------------------------------------------------
                                  4.23   slack (MET)


Startpoint: opcode[1] (input port clocked by __VIRTUAL_CLK__)
Endpoint: out[7] (output port clocked by __VIRTUAL_CLK__)
Path Group: __VIRTUAL_CLK__
Path Type: min

Fanout     Cap    Slew   Delay    Time   Description
-----------------------------------------------------------------------------
                  0.00    0.00    0.00   clock __VIRTUAL_CLK__ (rise edge)
                          0.00    0.00   clock network delay (ideal)
                          2.00    2.00 ^ input external delay
     1    0.00    0.02    0.01    2.01 ^ opcode[1] (in)
                                         opcode[1] (net)
                  0.02    0.00    2.01 ^ input18/A (sky130_fd_sc_hd__clkbuf_4)
    10    0.02    0.09    0.15    2.16 ^ input18/X (sky130_fd_sc_hd__clkbuf_4)
                                         net18 (net)
                  0.09    0.00    2.16 ^ _256_/B (sky130_fd_sc_hd__nor2_2)
     6    0.01    0.04    0.06    2.22 v _256_/Y (sky130_fd_sc_hd__nor2_2)
                                         _186_ (net)
                  0.04    0.00    2.22 v _475_/A1 (sky130_fd_sc_hd__a21o_1)
     1    0.00    0.04    0.15    2.36 v _475_/X (sky130_fd_sc_hd__a21o_1)
                                         net27 (net)
                  0.04    0.00    2.36 v output27/A (sky130_fd_sc_hd__buf_6)
     1    0.03    0.04    0.13    2.49 v output27/X (sky130_fd_sc_hd__buf_6)
                                         out[7] (net)
                  0.04    0.00    2.49 v out[7] (out)
                                  2.49   data arrival time

                  0.00    0.00    0.00   clock __VIRTUAL_CLK__ (rise edge)
                          0.00    0.00   clock network delay (ideal)
                          0.25    0.25   clock uncertainty
                          0.00    0.25   clock reconvergence pessimism
                         -2.00   -1.75   output external delay
                                 -1.75   data required time
-----------------------------------------------------------------------------
                                 -1.75   data required time
                                 -2.49   data arrival time
-----------------------------------------------------------------------------
                                  4.24   slack (MET)


Startpoint: opcode[1] (input port clocked by __VIRTUAL_CLK__)
Endpoint: out[4] (output port clocked by __VIRTUAL_CLK__)
Path Group: __VIRTUAL_CLK__
Path Type: min

Fanout     Cap    Slew   Delay    Time   Description
-----------------------------------------------------------------------------
                  0.00    0.00    0.00   clock __VIRTUAL_CLK__ (rise edge)
                          0.00    0.00   clock network delay (ideal)
                          2.00    2.00 ^ input external delay
     1    0.00    0.02    0.01    2.01 ^ opcode[1] (in)
                                         opcode[1] (net)
                  0.02    0.00    2.01 ^ input18/A (sky130_fd_sc_hd__clkbuf_4)
    10    0.02    0.09    0.15    2.16 ^ input18/X (sky130_fd_sc_hd__clkbuf_4)
                                         net18 (net)
                  0.09    0.00    2.16 ^ _256_/B (sky130_fd_sc_hd__nor2_2)
     6    0.01    0.04    0.06    2.22 v _256_/Y (sky130_fd_sc_hd__nor2_2)
                                         _186_ (net)
                  0.04    0.00    2.22 v _353_/A1 (sky130_fd_sc_hd__a31o_1)
     1    0.00    0.03    0.15    2.37 v _353_/X (sky130_fd_sc_hd__a31o_1)
                                         net24 (net)
                  0.03    0.00    2.37 v output24/A (sky130_fd_sc_hd__buf_2)
     1    0.03    0.09    0.16    2.53 v output24/X (sky130_fd_sc_hd__buf_2)
                                         out[4] (net)
                  0.09    0.00    2.53 v out[4] (out)
                                  2.53   data arrival time

                  0.00    0.00    0.00   clock __VIRTUAL_CLK__ (rise edge)
                          0.00    0.00   clock network delay (ideal)
                          0.25    0.25   clock uncertainty
                          0.00    0.25   clock reconvergence pessimism
                         -2.00   -1.75   output external delay
                                 -1.75   data required time
-----------------------------------------------------------------------------
                                 -1.75   data required time
                                 -2.53   data arrival time
-----------------------------------------------------------------------------
                                  4.28   slack (MET)


Startpoint: opcode[1] (input port clocked by __VIRTUAL_CLK__)
Endpoint: out[1] (output port clocked by __VIRTUAL_CLK__)
Path Group: __VIRTUAL_CLK__
Path Type: min

Fanout     Cap    Slew   Delay    Time   Description
-----------------------------------------------------------------------------
                  0.00    0.00    0.00   clock __VIRTUAL_CLK__ (rise edge)
                          0.00    0.00   clock network delay (ideal)
                          2.00    2.00 ^ input external delay
     1    0.00    0.02    0.01    2.01 ^ opcode[1] (in)
                                         opcode[1] (net)
                  0.02    0.00    2.01 ^ input18/A (sky130_fd_sc_hd__clkbuf_4)
    10    0.02    0.09    0.15    2.16 ^ input18/X (sky130_fd_sc_hd__clkbuf_4)
                                         net18 (net)
                  0.09    0.00    2.16 ^ _256_/B (sky130_fd_sc_hd__nor2_2)
     6    0.01    0.04    0.06    2.22 v _256_/Y (sky130_fd_sc_hd__nor2_2)
                                         _186_ (net)
                  0.04    0.00    2.22 v _270_/A2 (sky130_fd_sc_hd__a31o_1)
     2    0.00    0.03    0.19    2.40 v _270_/X (sky130_fd_sc_hd__a31o_1)
                                         net21 (net)
                  0.03    0.00    2.40 v output21/A (sky130_fd_sc_hd__buf_2)
     1    0.03    0.09    0.17    2.57 v output21/X (sky130_fd_sc_hd__buf_2)
                                         out[1] (net)
                  0.09    0.00    2.57 v out[1] (out)
                                  2.57   data arrival time

                  0.00    0.00    0.00   clock __VIRTUAL_CLK__ (rise edge)
                          0.00    0.00   clock network delay (ideal)
                          0.25    0.25   clock uncertainty
                          0.00    0.25   clock reconvergence pessimism
                         -2.00   -1.75   output external delay
                                 -1.75   data required time
-----------------------------------------------------------------------------
                                 -1.75   data required time
                                 -2.57   data arrival time
-----------------------------------------------------------------------------
                                  4.32   slack (MET)


Startpoint: opcode[1] (input port clocked by __VIRTUAL_CLK__)
Endpoint: out[2] (output port clocked by __VIRTUAL_CLK__)
Path Group: __VIRTUAL_CLK__
Path Type: min

Fanout     Cap    Slew   Delay    Time   Description
-----------------------------------------------------------------------------
                  0.00    0.00    0.00   clock __VIRTUAL_CLK__ (rise edge)
                          0.00    0.00   clock network delay (ideal)
                          2.00    2.00 ^ input external delay
     1    0.00    0.02    0.01    2.01 ^ opcode[1] (in)
                                         opcode[1] (net)
                  0.02    0.00    2.01 ^ input18/A (sky130_fd_sc_hd__clkbuf_4)
    10    0.02    0.09    0.15    2.16 ^ input18/X (sky130_fd_sc_hd__clkbuf_4)
                                         net18 (net)
                  0.09    0.00    2.16 ^ _256_/B (sky130_fd_sc_hd__nor2_2)
     6    0.01    0.04    0.06    2.22 v _256_/Y (sky130_fd_sc_hd__nor2_2)
                                         _186_ (net)
                  0.04    0.00    2.22 v _286_/B1 (sky130_fd_sc_hd__o21ai_1)
     1    0.00    0.07    0.06    2.28 ^ _286_/Y (sky130_fd_sc_hd__o21ai_1)
                                         _215_ (net)
                  0.07    0.00    2.28 ^ _291_/A2 (sky130_fd_sc_hd__o211a_1)
     1    0.00    0.04    0.12    2.40 ^ _291_/X (sky130_fd_sc_hd__o211a_1)
                                         _220_ (net)
                  0.04    0.00    2.40 ^ _292_/B1 (sky130_fd_sc_hd__o21ai_1)
     1    0.00    0.03    0.04    2.44 v _292_/Y (sky130_fd_sc_hd__o21ai_1)
                                         net22 (net)
                  0.03    0.00    2.44 v output22/A (sky130_fd_sc_hd__buf_2)
     1    0.03    0.09    0.16    2.60 v output22/X (sky130_fd_sc_hd__buf_2)
                                         out[2] (net)
                  0.09    0.00    2.60 v out[2] (out)
                                  2.60   data arrival time

                  0.00    0.00    0.00   clock __VIRTUAL_CLK__ (rise edge)
                          0.00    0.00   clock network delay (ideal)
                          0.25    0.25   clock uncertainty
                          0.00    0.25   clock reconvergence pessimism
                         -2.00   -1.75   output external delay
                                 -1.75   data required time
-----------------------------------------------------------------------------
                                 -1.75   data required time
                                 -2.60   data arrival time
-----------------------------------------------------------------------------
                                  4.35   slack (MET)


Startpoint: opcode[0] (input port clocked by __VIRTUAL_CLK__)
Endpoint: out[0] (output port clocked by __VIRTUAL_CLK__)
Path Group: __VIRTUAL_CLK__
Path Type: min

Fanout     Cap    Slew   Delay    Time   Description
-----------------------------------------------------------------------------
                  0.00    0.00    0.00   clock __VIRTUAL_CLK__ (rise edge)
                          0.00    0.00   clock network delay (ideal)
                          2.00    2.00 ^ input external delay
     1    0.00    0.02    0.01    2.01 ^ opcode[0] (in)
                                         opcode[0] (net)
                  0.02    0.00    2.01 ^ input17/A (sky130_fd_sc_hd__buf_4)
     8    0.02    0.08    0.12    2.13 ^ input17/X (sky130_fd_sc_hd__buf_4)
                                         net17 (net)
                  0.08    0.00    2.13 ^ _242_/B (sky130_fd_sc_hd__nand3b_4)
     8    0.02    0.09    0.10    2.23 v _242_/Y (sky130_fd_sc_hd__nand3b_4)
                                         _173_ (net)
                  0.09    0.00    2.23 v _243_/B (sky130_fd_sc_hd__nor2_1)
     1    0.00    0.06    0.08    2.31 ^ _243_/Y (sky130_fd_sc_hd__nor2_1)
                                         _174_ (net)
                  0.06    0.00    2.31 ^ _244_/C (sky130_fd_sc_hd__or3_1)
     1    0.00    0.03    0.09    2.39 ^ _244_/X (sky130_fd_sc_hd__or3_1)
                                         _175_ (net)
                  0.03    0.00    2.39 ^ _245_/A (sky130_fd_sc_hd__buf_1)
     1    0.00    0.03    0.07    2.46 ^ _245_/X (sky130_fd_sc_hd__buf_1)
                                         net20 (net)
                  0.03    0.00    2.46 ^ output20/A (sky130_fd_sc_hd__buf_2)
     1    0.03    0.17    0.18    2.64 ^ output20/X (sky130_fd_sc_hd__buf_2)
                                         out[0] (net)
                  0.17    0.00    2.64 ^ out[0] (out)
                                  2.64   data arrival time

                  0.00    0.00    0.00   clock __VIRTUAL_CLK__ (rise edge)
                          0.00    0.00   clock network delay (ideal)
                          0.25    0.25   clock uncertainty
                          0.00    0.25   clock reconvergence pessimism
                         -2.00   -1.75   output external delay
                                 -1.75   data required time
-----------------------------------------------------------------------------
                                 -1.75   data required time
                                 -2.64   data arrival time
-----------------------------------------------------------------------------
                                  4.39   slack (MET)


Startpoint: opcode[1] (input port clocked by __VIRTUAL_CLK__)
Endpoint: out[3] (output port clocked by __VIRTUAL_CLK__)
Path Group: __VIRTUAL_CLK__
Path Type: min

Fanout     Cap    Slew   Delay    Time   Description
-----------------------------------------------------------------------------
                  0.00    0.00    0.00   clock __VIRTUAL_CLK__ (rise edge)
                          0.00    0.00   clock network delay (ideal)
                          2.00    2.00 ^ input external delay
     1    0.00    0.02    0.01    2.01 ^ opcode[1] (in)
                                         opcode[1] (net)
                  0.02    0.00    2.01 ^ input18/A (sky130_fd_sc_hd__clkbuf_4)
    10    0.02    0.09    0.15    2.16 ^ input18/X (sky130_fd_sc_hd__clkbuf_4)
                                         net18 (net)
                  0.09    0.00    2.16 ^ _256_/B (sky130_fd_sc_hd__nor2_2)
     6    0.01    0.04    0.06    2.22 v _256_/Y (sky130_fd_sc_hd__nor2_2)
                                         _186_ (net)
                  0.04    0.00    2.22 v _315_/B1 (sky130_fd_sc_hd__o31ai_1)
     1    0.00    0.05    0.06    2.27 ^ _315_/Y (sky130_fd_sc_hd__o31ai_1)
                                         _009_ (net)
                  0.05    0.00    2.27 ^ _320_/A2 (sky130_fd_sc_hd__o21ai_1)
     1    0.00    0.03    0.05    2.32 v _320_/Y (sky130_fd_sc_hd__o21ai_1)
                                         _014_ (net)
                  0.03    0.00    2.32 v _321_/B1 (sky130_fd_sc_hd__a31o_1)
     1    0.00    0.03    0.16    2.48 v _321_/X (sky130_fd_sc_hd__a31o_1)
                                         net23 (net)
                  0.03    0.00    2.48 v output23/A (sky130_fd_sc_hd__buf_2)
     1    0.03    0.09    0.16    2.64 v output23/X (sky130_fd_sc_hd__buf_2)
                                         out[3] (net)
                  0.09    0.00    2.64 v out[3] (out)
                                  2.64   data arrival time

                  0.00    0.00    0.00   clock __VIRTUAL_CLK__ (rise edge)
                          0.00    0.00   clock network delay (ideal)
                          0.25    0.25   clock uncertainty
                          0.00    0.25   clock reconvergence pessimism
                         -2.00   -1.75   output external delay
                                 -1.75   data required time
-----------------------------------------------------------------------------
                                 -1.75   data required time
                                 -2.64   data arrival time
-----------------------------------------------------------------------------
                                  4.39   slack (MET)



worst slack corner Typical: 4.2059
min_report_end
max_report

===========================================================================
report_checks -path_delay max (Setup)
============================================================================
======================= Typical Corner ===================================

Startpoint: B[0] (input port clocked by __VIRTUAL_CLK__)
Endpoint: out[7] (output port clocked by __VIRTUAL_CLK__)
Path Group: __VIRTUAL_CLK__
Path Type: max

Fanout     Cap    Slew   Delay    Time   Description
-----------------------------------------------------------------------------
                  0.00    0.00    0.00   clock __VIRTUAL_CLK__ (rise edge)
                          0.00    0.00   clock network delay (ideal)
                          2.00    2.00 v input external delay
     1    0.01    0.02    0.01    2.01 v B[0] (in)
                                         B[0] (net)
                  0.02    0.00    2.01 v input9/A (sky130_fd_sc_hd__buf_8)
     6    0.03    0.04    0.12    2.13 v input9/X (sky130_fd_sc_hd__buf_8)
                                         net9 (net)
                  0.04    0.00    2.13 v _234_/A (sky130_fd_sc_hd__buf_12)
     5    0.03    0.03    0.13    2.27 v _234_/X (sky130_fd_sc_hd__buf_12)
                                         _165_ (net)
                  0.03    0.00    2.27 v _336_/B1 (sky130_fd_sc_hd__a22o_4)
     3    0.01    0.05    0.23    2.50 v _336_/X (sky130_fd_sc_hd__a22o_4)
                                         _029_ (net)
                  0.05    0.00    2.50 v _365_/A1 (sky130_fd_sc_hd__a21bo_4)
     2    0.01    0.05    0.23    2.72 v _365_/X (sky130_fd_sc_hd__a21bo_4)
                                         _057_ (net)
                  0.05    0.00    2.72 v _367_/B1 (sky130_fd_sc_hd__a21o_4)
     3    0.01    0.04    0.20    2.92 v _367_/X (sky130_fd_sc_hd__a21o_4)
                                         _059_ (net)
                  0.04    0.00    2.92 v _416_/A2 (sky130_fd_sc_hd__a21bo_4)
     2    0.01    0.04    0.22    3.15 v _416_/X (sky130_fd_sc_hd__a21bo_4)
                                         _107_ (net)
                  0.04    0.00    3.15 v _418_/B1 (sky130_fd_sc_hd__a21o_1)
     2    0.01    0.05    0.17    3.32 v _418_/X (sky130_fd_sc_hd__a21o_1)
                                         _109_ (net)
                  0.05    0.00    3.32 v _419_/A (sky130_fd_sc_hd__and3_4)
     3    0.01    0.04    0.17    3.49 v _419_/X (sky130_fd_sc_hd__and3_4)
                                         _110_ (net)
                  0.04    0.00    3.49 v _421_/C1 (sky130_fd_sc_hd__a211o_4)
     3    0.01    0.07    0.30    3.78 v _421_/X (sky130_fd_sc_hd__a211o_4)
                                         _112_ (net)
                  0.07    0.00    3.78 v _424_/A2 (sky130_fd_sc_hd__a21bo_4)
     2    0.00    0.03    0.22    4.01 v _424_/X (sky130_fd_sc_hd__a21bo_4)
                                         _115_ (net)
                  0.03    0.00    4.01 v _441_/A2 (sky130_fd_sc_hd__a21o_1)
     2    0.00    0.04    0.18    4.19 v _441_/X (sky130_fd_sc_hd__a21o_1)
                                         _131_ (net)
                  0.04    0.00    4.19 v _470_/A2 (sky130_fd_sc_hd__o21a_1)
     1    0.00    0.03    0.16    4.35 v _470_/X (sky130_fd_sc_hd__o21a_1)
                                         _160_ (net)
                  0.03    0.00    4.35 v _474_/A2 (sky130_fd_sc_hd__a21o_1)
     1    0.00    0.03    0.17    4.52 v _474_/X (sky130_fd_sc_hd__a21o_1)
                                         _164_ (net)
                  0.03    0.00    4.52 v _475_/B1 (sky130_fd_sc_hd__a21o_1)
     1    0.00    0.04    0.16    4.68 v _475_/X (sky130_fd_sc_hd__a21o_1)
                                         net27 (net)
                  0.04    0.00    4.68 v output27/A (sky130_fd_sc_hd__buf_6)
     1    0.03    0.04    0.14    4.82 v output27/X (sky130_fd_sc_hd__buf_6)
                                         out[7] (net)
                  0.04    0.00    4.82 v out[7] (out)
                                  4.82   data arrival time

                  0.00   10.00   10.00   clock __VIRTUAL_CLK__ (rise edge)
                          0.00   10.00   clock network delay (ideal)
                         -0.25    9.75   clock uncertainty
                          0.00    9.75   clock reconvergence pessimism
                         -2.00    7.75   output external delay
                                  7.75   data required time
-----------------------------------------------------------------------------
                                  7.75   data required time
                                 -4.82   data arrival time
-----------------------------------------------------------------------------
                                  2.93   slack (MET)


Startpoint: B[0] (input port clocked by __VIRTUAL_CLK__)
Endpoint: out[6] (output port clocked by __VIRTUAL_CLK__)
Path Group: __VIRTUAL_CLK__
Path Type: max

Fanout     Cap    Slew   Delay    Time   Description
-----------------------------------------------------------------------------
                  0.00    0.00    0.00   clock __VIRTUAL_CLK__ (rise edge)
                          0.00    0.00   clock network delay (ideal)
                          2.00    2.00 v input external delay
     1    0.01    0.02    0.01    2.01 v B[0] (in)
                                         B[0] (net)
                  0.02    0.00    2.01 v input9/A (sky130_fd_sc_hd__buf_8)
     6    0.03    0.04    0.12    2.13 v input9/X (sky130_fd_sc_hd__buf_8)
                                         net9 (net)
                  0.04    0.00    2.13 v _234_/A (sky130_fd_sc_hd__buf_12)
     5    0.03    0.03    0.13    2.27 v _234_/X (sky130_fd_sc_hd__buf_12)
                                         _165_ (net)
                  0.03    0.00    2.27 v _336_/B1 (sky130_fd_sc_hd__a22o_4)
     3    0.01    0.05    0.23    2.50 v _336_/X (sky130_fd_sc_hd__a22o_4)
                                         _029_ (net)
                  0.05    0.00    2.50 v _365_/A1 (sky130_fd_sc_hd__a21bo_4)
     2    0.01    0.05    0.23    2.72 v _365_/X (sky130_fd_sc_hd__a21bo_4)
                                         _057_ (net)
                  0.05    0.00    2.72 v _367_/B1 (sky130_fd_sc_hd__a21o_4)
     3    0.01    0.04    0.20    2.92 v _367_/X (sky130_fd_sc_hd__a21o_4)
                                         _059_ (net)
                  0.04    0.00    2.92 v _416_/A2 (sky130_fd_sc_hd__a21bo_4)
     2    0.01    0.04    0.22    3.15 v _416_/X (sky130_fd_sc_hd__a21bo_4)
                                         _107_ (net)
                  0.04    0.00    3.15 v _418_/B1 (sky130_fd_sc_hd__a21o_1)
     2    0.01    0.05    0.17    3.32 v _418_/X (sky130_fd_sc_hd__a21o_1)
                                         _109_ (net)
                  0.05    0.00    3.32 v _419_/A (sky130_fd_sc_hd__and3_4)
     3    0.01    0.04    0.17    3.49 v _419_/X (sky130_fd_sc_hd__and3_4)
                                         _110_ (net)
                  0.04    0.00    3.49 v _421_/C1 (sky130_fd_sc_hd__a211o_4)
     3    0.01    0.07    0.30    3.78 v _421_/X (sky130_fd_sc_hd__a211o_4)
                                         _112_ (net)
                  0.07    0.00    3.78 v _424_/A2 (sky130_fd_sc_hd__a21bo_4)
     2    0.00    0.03    0.22    4.01 v _424_/X (sky130_fd_sc_hd__a21bo_4)
                                         _115_ (net)
                  0.03    0.00    4.01 v _425_/B (sky130_fd_sc_hd__and2b_1)
     2    0.00    0.04    0.16    4.17 v _425_/X (sky130_fd_sc_hd__and2b_1)
                                         _116_ (net)
                  0.04    0.00    4.17 v _427_/A2 (sky130_fd_sc_hd__o21a_1)
     1    0.00    0.04    0.18    4.35 v _427_/X (sky130_fd_sc_hd__o21a_1)
                                         _118_ (net)
                  0.04    0.00    4.35 v _432_/A1 (sky130_fd_sc_hd__a21oi_2)
     1    0.00    0.10    0.12    4.47 ^ _432_/Y (sky130_fd_sc_hd__a21oi_2)
                                         _123_ (net)
                  0.10    0.00    4.47 ^ _433_/B1 (sky130_fd_sc_hd__o21ai_2)
     1    0.00    0.04    0.06    4.53 v _433_/Y (sky130_fd_sc_hd__o21ai_2)
                                         net26 (net)
                  0.04    0.00    4.53 v output26/A (sky130_fd_sc_hd__buf_4)
     1    0.03    0.06    0.17    4.70 v output26/X (sky130_fd_sc_hd__buf_4)
                                         out[6] (net)
                  0.06    0.00    4.70 v out[6] (out)
                                  4.70   data arrival time

                  0.00   10.00   10.00   clock __VIRTUAL_CLK__ (rise edge)
                          0.00   10.00   clock network delay (ideal)
                         -0.25    9.75   clock uncertainty
                          0.00    9.75   clock reconvergence pessimism
                         -2.00    7.75   output external delay
                                  7.75   data required time
-----------------------------------------------------------------------------
                                  7.75   data required time
                                 -4.70   data arrival time
-----------------------------------------------------------------------------
                                  3.05   slack (MET)


Startpoint: B[0] (input port clocked by __VIRTUAL_CLK__)
Endpoint: out[5] (output port clocked by __VIRTUAL_CLK__)
Path Group: __VIRTUAL_CLK__
Path Type: max

Fanout     Cap    Slew   Delay    Time   Description
-----------------------------------------------------------------------------
                  0.00    0.00    0.00   clock __VIRTUAL_CLK__ (rise edge)
                          0.00    0.00   clock network delay (ideal)
                          2.00    2.00 v input external delay
     1    0.01    0.02    0.01    2.01 v B[0] (in)
                                         B[0] (net)
                  0.02    0.00    2.01 v input9/A (sky130_fd_sc_hd__buf_8)
     6    0.03    0.04    0.12    2.13 v input9/X (sky130_fd_sc_hd__buf_8)
                                         net9 (net)
                  0.04    0.00    2.13 v _234_/A (sky130_fd_sc_hd__buf_12)
     5    0.03    0.03    0.13    2.27 v _234_/X (sky130_fd_sc_hd__buf_12)
                                         _165_ (net)
                  0.03    0.00    2.27 v _336_/B1 (sky130_fd_sc_hd__a22o_4)
     3    0.01    0.05    0.23    2.50 v _336_/X (sky130_fd_sc_hd__a22o_4)
                                         _029_ (net)
                  0.05    0.00    2.50 v _365_/A1 (sky130_fd_sc_hd__a21bo_4)
     2    0.01    0.05    0.23    2.72 v _365_/X (sky130_fd_sc_hd__a21bo_4)
                                         _057_ (net)
                  0.05    0.00    2.72 v _367_/B1 (sky130_fd_sc_hd__a21o_4)
     3    0.01    0.04    0.20    2.92 v _367_/X (sky130_fd_sc_hd__a21o_4)
                                         _059_ (net)
                  0.04    0.00    2.92 v _369_/A1 (sky130_fd_sc_hd__a21o_1)
     2    0.00    0.04    0.16    3.09 v _369_/X (sky130_fd_sc_hd__a21o_1)
                                         _061_ (net)
                  0.04    0.00    3.09 v _372_/A1 (sky130_fd_sc_hd__a21o_1)
     2    0.01    0.07    0.20    3.29 v _372_/X (sky130_fd_sc_hd__a21o_1)
                                         _064_ (net)
                  0.07    0.00    3.29 v _373_/A1 (sky130_fd_sc_hd__a21o_4)
     2    0.01    0.04    0.23    3.52 v _373_/X (sky130_fd_sc_hd__a21o_4)
                                         _065_ (net)
                  0.04    0.00    3.52 v _376_/A2 (sky130_fd_sc_hd__a21o_1)
     2    0.00    0.04    0.18    3.70 v _376_/X (sky130_fd_sc_hd__a21o_1)
                                         _068_ (net)
                  0.04    0.00    3.70 v _378_/B (sky130_fd_sc_hd__and4b_2)
     3    0.01    0.05    0.22    3.91 v _378_/X (sky130_fd_sc_hd__and4b_2)
                                         _070_ (net)
                  0.05    0.00    3.91 v _379_/B (sky130_fd_sc_hd__or3b_2)
     1    0.00    0.08    0.47    4.38 v _379_/X (sky130_fd_sc_hd__or3b_2)
                                         _071_ (net)
                  0.08    0.00    4.38 v _391_/B1 (sky130_fd_sc_hd__o211ai_2)
     1    0.00    0.11    0.08    4.46 ^ _391_/Y (sky130_fd_sc_hd__o211ai_2)
                                         net25 (net)
                  0.11    0.00    4.46 ^ output25/A (sky130_fd_sc_hd__buf_4)
     1    0.03    0.10    0.19    4.65 ^ output25/X (sky130_fd_sc_hd__buf_4)
                                         out[5] (net)
                  0.10    0.00    4.65 ^ out[5] (out)
                                  4.65   data arrival time

                  0.00   10.00   10.00   clock __VIRTUAL_CLK__ (rise edge)
                          0.00   10.00   clock network delay (ideal)
                         -0.25    9.75   clock uncertainty
                          0.00    9.75   clock reconvergence pessimism
                         -2.00    7.75   output external delay
                                  7.75   data required time
-----------------------------------------------------------------------------
                                  7.75   data required time
                                 -4.65   data arrival time
-----------------------------------------------------------------------------
                                  3.10   slack (MET)


Startpoint: opcode[2] (input port clocked by __VIRTUAL_CLK__)
Endpoint: out[4] (output port clocked by __VIRTUAL_CLK__)
Path Group: __VIRTUAL_CLK__
Path Type: max

Fanout     Cap    Slew   Delay    Time   Description
-----------------------------------------------------------------------------
                  0.00    0.00    0.00   clock __VIRTUAL_CLK__ (rise edge)
                          0.00    0.00   clock network delay (ideal)
                          2.00    2.00 v input external delay
     1    0.00    0.01    0.00    2.00 v opcode[2] (in)
                                         opcode[2] (net)
                  0.01    0.00    2.00 v input19/A (sky130_fd_sc_hd__clkbuf_4)
     9    0.03    0.07    0.16    2.17 v input19/X (sky130_fd_sc_hd__clkbuf_4)
                                         net19 (net)
                  0.07    0.00    2.17 v _246_/A (sky130_fd_sc_hd__or3b_4)
     1    0.00    0.07    0.41    2.58 v _246_/X (sky130_fd_sc_hd__or3b_4)
                                         _176_ (net)
                  0.07    0.00    2.58 v _247_/A (sky130_fd_sc_hd__buf_6)
     8    0.02    0.04    0.15    2.73 v _247_/X (sky130_fd_sc_hd__buf_6)
                                         _177_ (net)
                  0.04    0.00    2.73 v _250_/A (sky130_fd_sc_hd__and3_1)
     2    0.01    0.07    0.18    2.90 v _250_/X (sky130_fd_sc_hd__and3_1)
                                         _180_ (net)
                  0.07    0.00    2.90 v _252_/A1 (sky130_fd_sc_hd__o21a_1)
     3    0.01    0.05    0.21    3.12 v _252_/X (sky130_fd_sc_hd__o21a_1)
                                         _182_ (net)
                  0.05    0.00    3.12 v _284_/B1_N (sky130_fd_sc_hd__o21bai_4)
     2    0.00    0.05    0.17    3.29 v _284_/Y (sky130_fd_sc_hd__o21bai_4)
                                         _213_ (net)
                  0.05    0.00    3.29 v _285_/B (sky130_fd_sc_hd__and2_4)
     3    0.01    0.03    0.17    3.46 v _285_/X (sky130_fd_sc_hd__and2_4)
                                         _214_ (net)
                  0.03    0.00    3.46 v _314_/A2 (sky130_fd_sc_hd__o21a_2)
     3    0.01    0.06    0.23    3.69 v _314_/X (sky130_fd_sc_hd__o21a_2)
                                         _008_ (net)
                  0.06    0.00    3.69 v _329_/B (sky130_fd_sc_hd__or3_1)
     1    0.00    0.06    0.35    4.04 v _329_/X (sky130_fd_sc_hd__or3_1)
                                         _022_ (net)
                  0.06    0.00    4.04 v _353_/A2 (sky130_fd_sc_hd__a31o_1)
     1    0.00    0.03    0.21    4.25 v _353_/X (sky130_fd_sc_hd__a31o_1)
                                         net24 (net)
                  0.03    0.00    4.25 v output24/A (sky130_fd_sc_hd__buf_2)
     1    0.03    0.09    0.18    4.43 v output24/X (sky130_fd_sc_hd__buf_2)
                                         out[4] (net)
                  0.09    0.00    4.43 v out[4] (out)
                                  4.43   data arrival time

                  0.00   10.00   10.00   clock __VIRTUAL_CLK__ (rise edge)
                          0.00   10.00   clock network delay (ideal)
                         -0.25    9.75   clock uncertainty
                          0.00    9.75   clock reconvergence pessimism
                         -2.00    7.75   output external delay
                                  7.75   data required time
-----------------------------------------------------------------------------
                                  7.75   data required time
                                 -4.43   data arrival time
-----------------------------------------------------------------------------
                                  3.32   slack (MET)


Startpoint: opcode[2] (input port clocked by __VIRTUAL_CLK__)
Endpoint: out[3] (output port clocked by __VIRTUAL_CLK__)
Path Group: __VIRTUAL_CLK__
Path Type: max

Fanout     Cap    Slew   Delay    Time   Description
-----------------------------------------------------------------------------
                  0.00    0.00    0.00   clock __VIRTUAL_CLK__ (rise edge)
                          0.00    0.00   clock network delay (ideal)
                          2.00    2.00 v input external delay
     1    0.00    0.01    0.00    2.00 v opcode[2] (in)
                                         opcode[2] (net)
                  0.01    0.00    2.00 v input19/A (sky130_fd_sc_hd__clkbuf_4)
     9    0.03    0.07    0.16    2.17 v input19/X (sky130_fd_sc_hd__clkbuf_4)
                                         net19 (net)
                  0.07    0.00    2.17 v _246_/A (sky130_fd_sc_hd__or3b_4)
     1    0.00    0.07    0.41    2.58 v _246_/X (sky130_fd_sc_hd__or3b_4)
                                         _176_ (net)
                  0.07    0.00    2.58 v _247_/A (sky130_fd_sc_hd__buf_6)
     8    0.02    0.04    0.15    2.73 v _247_/X (sky130_fd_sc_hd__buf_6)
                                         _177_ (net)
                  0.04    0.00    2.73 v _250_/A (sky130_fd_sc_hd__and3_1)
     2    0.01    0.07    0.18    2.90 v _250_/X (sky130_fd_sc_hd__and3_1)
                                         _180_ (net)
                  0.07    0.00    2.90 v _252_/A1 (sky130_fd_sc_hd__o21a_1)
     3    0.01    0.05    0.21    3.12 v _252_/X (sky130_fd_sc_hd__o21a_1)
                                         _182_ (net)
                  0.05    0.00    3.12 v _284_/B1_N (sky130_fd_sc_hd__o21bai_4)
     2    0.00    0.05    0.17    3.29 v _284_/Y (sky130_fd_sc_hd__o21bai_4)
                                         _213_ (net)
                  0.05    0.00    3.29 v _285_/B (sky130_fd_sc_hd__and2_4)
     3    0.01    0.03    0.17    3.46 v _285_/X (sky130_fd_sc_hd__and2_4)
                                         _214_ (net)
                  0.03    0.00    3.46 v _314_/A2 (sky130_fd_sc_hd__o21a_2)
     3    0.01    0.06    0.23    3.69 v _314_/X (sky130_fd_sc_hd__o21a_2)
                                         _008_ (net)
                  0.06    0.00    3.69 v _320_/A1 (sky130_fd_sc_hd__o21ai_1)
     1    0.00    0.10    0.13    3.82 ^ _320_/Y (sky130_fd_sc_hd__o21ai_1)
                                         _014_ (net)
                  0.10    0.00    3.82 ^ _321_/B1 (sky130_fd_sc_hd__a31o_1)
     1    0.00    0.04    0.10    3.92 ^ _321_/X (sky130_fd_sc_hd__a31o_1)
                                         net23 (net)
                  0.04    0.00    3.92 ^ output23/A (sky130_fd_sc_hd__buf_2)
     1    0.03    0.17    0.20    4.12 ^ output23/X (sky130_fd_sc_hd__buf_2)
                                         out[3] (net)
                  0.17    0.00    4.12 ^ out[3] (out)
                                  4.12   data arrival time

                  0.00   10.00   10.00   clock __VIRTUAL_CLK__ (rise edge)
                          0.00   10.00   clock network delay (ideal)
                         -0.25    9.75   clock uncertainty
                          0.00    9.75   clock reconvergence pessimism
                         -2.00    7.75   output external delay
                                  7.75   data required time
-----------------------------------------------------------------------------
                                  7.75   data required time
                                 -4.12   data arrival time
-----------------------------------------------------------------------------
                                  3.63   slack (MET)


Startpoint: opcode[2] (input port clocked by __VIRTUAL_CLK__)
Endpoint: out[2] (output port clocked by __VIRTUAL_CLK__)
Path Group: __VIRTUAL_CLK__
Path Type: max

Fanout     Cap    Slew   Delay    Time   Description
-----------------------------------------------------------------------------
                  0.00    0.00    0.00   clock __VIRTUAL_CLK__ (rise edge)
                          0.00    0.00   clock network delay (ideal)
                          2.00    2.00 v input external delay
     1    0.00    0.01    0.00    2.00 v opcode[2] (in)
                                         opcode[2] (net)
                  0.01    0.00    2.00 v input19/A (sky130_fd_sc_hd__clkbuf_4)
     9    0.03    0.07    0.16    2.17 v input19/X (sky130_fd_sc_hd__clkbuf_4)
                                         net19 (net)
                  0.07    0.00    2.17 v _246_/A (sky130_fd_sc_hd__or3b_4)
     1    0.00    0.07    0.41    2.58 v _246_/X (sky130_fd_sc_hd__or3b_4)
                                         _176_ (net)
                  0.07    0.00    2.58 v _247_/A (sky130_fd_sc_hd__buf_6)
     8    0.02    0.04    0.15    2.73 v _247_/X (sky130_fd_sc_hd__buf_6)
                                         _177_ (net)
                  0.04    0.00    2.73 v _250_/A (sky130_fd_sc_hd__and3_1)
     2    0.01    0.07    0.18    2.90 v _250_/X (sky130_fd_sc_hd__and3_1)
                                         _180_ (net)
                  0.07    0.00    2.90 v _252_/A1 (sky130_fd_sc_hd__o21a_1)
     3    0.01    0.05    0.21    3.12 v _252_/X (sky130_fd_sc_hd__o21a_1)
                                         _182_ (net)
                  0.05    0.00    3.12 v _284_/B1_N (sky130_fd_sc_hd__o21bai_4)
     2    0.00    0.05    0.17    3.29 v _284_/Y (sky130_fd_sc_hd__o21bai_4)
                                         _213_ (net)
                  0.05    0.00    3.29 v _285_/B (sky130_fd_sc_hd__and2_4)
     3    0.01    0.03    0.17    3.46 v _285_/X (sky130_fd_sc_hd__and2_4)
                                         _214_ (net)
                  0.03    0.00    3.46 v _291_/A1 (sky130_fd_sc_hd__o211a_1)
     1    0.00    0.04    0.22    3.68 v _291_/X (sky130_fd_sc_hd__o211a_1)
                                         _220_ (net)
                  0.04    0.00    3.68 v _292_/B1 (sky130_fd_sc_hd__o21ai_1)
     1    0.00    0.08    0.06    3.73 ^ _292_/Y (sky130_fd_sc_hd__o21ai_1)
                                         net22 (net)
                  0.08    0.00    3.73 ^ output22/A (sky130_fd_sc_hd__buf_2)
     1    0.03    0.17    0.22    3.95 ^ output22/X (sky130_fd_sc_hd__buf_2)
                                         out[2] (net)
                  0.17    0.00    3.95 ^ out[2] (out)
                                  3.95   data arrival time

                  0.00   10.00   10.00   clock __VIRTUAL_CLK__ (rise edge)
                          0.00   10.00   clock network delay (ideal)
                         -0.25    9.75   clock uncertainty
                          0.00    9.75   clock reconvergence pessimism
                         -2.00    7.75   output external delay
                                  7.75   data required time
-----------------------------------------------------------------------------
                                  7.75   data required time
                                 -3.95   data arrival time
-----------------------------------------------------------------------------
                                  3.80   slack (MET)


Startpoint: opcode[2] (input port clocked by __VIRTUAL_CLK__)
Endpoint: out[1] (output port clocked by __VIRTUAL_CLK__)
Path Group: __VIRTUAL_CLK__
Path Type: max

Fanout     Cap    Slew   Delay    Time   Description
-----------------------------------------------------------------------------
                  0.00    0.00    0.00   clock __VIRTUAL_CLK__ (rise edge)
                          0.00    0.00   clock network delay (ideal)
                          2.00    2.00 v input external delay
     1    0.00    0.01    0.00    2.00 v opcode[2] (in)
                                         opcode[2] (net)
                  0.01    0.00    2.00 v input19/A (sky130_fd_sc_hd__clkbuf_4)
     9    0.03    0.07    0.16    2.17 v input19/X (sky130_fd_sc_hd__clkbuf_4)
                                         net19 (net)
                  0.07    0.00    2.17 v _246_/A (sky130_fd_sc_hd__or3b_4)
     1    0.00    0.07    0.41    2.58 v _246_/X (sky130_fd_sc_hd__or3b_4)
                                         _176_ (net)
                  0.07    0.00    2.58 v _247_/A (sky130_fd_sc_hd__buf_6)
     8    0.02    0.04    0.15    2.73 v _247_/X (sky130_fd_sc_hd__buf_6)
                                         _177_ (net)
                  0.04    0.00    2.73 v _250_/A (sky130_fd_sc_hd__and3_1)
     2    0.01    0.07    0.18    2.90 v _250_/X (sky130_fd_sc_hd__and3_1)
                                         _180_ (net)
                  0.07    0.00    2.90 v _252_/A1 (sky130_fd_sc_hd__o21a_1)
     3    0.01    0.05    0.21    3.12 v _252_/X (sky130_fd_sc_hd__o21a_1)
                                         _182_ (net)
                  0.05    0.00    3.12 v _255_/A (sky130_fd_sc_hd__or3_1)
     1    0.00    0.06    0.37    3.49 v _255_/X (sky130_fd_sc_hd__or3_1)
                                         _185_ (net)
                  0.06    0.00    3.49 v _270_/A1 (sky130_fd_sc_hd__a31o_1)
     2    0.00    0.04    0.18    3.68 v _270_/X (sky130_fd_sc_hd__a31o_1)
                                         net21 (net)
                  0.04    0.00    3.68 v output21/A (sky130_fd_sc_hd__buf_2)
     1    0.03    0.09    0.18    3.86 v output21/X (sky130_fd_sc_hd__buf_2)
                                         out[1] (net)
                  0.09    0.00    3.86 v out[1] (out)
                                  3.86   data arrival time

                  0.00   10.00   10.00   clock __VIRTUAL_CLK__ (rise edge)
                          0.00   10.00   clock network delay (ideal)
                         -0.25    9.75   clock uncertainty
                          0.00    9.75   clock reconvergence pessimism
                         -2.00    7.75   output external delay
                                  7.75   data required time
-----------------------------------------------------------------------------
                                  7.75   data required time
                                 -3.86   data arrival time
-----------------------------------------------------------------------------
                                  3.89   slack (MET)


Startpoint: opcode[2] (input port clocked by __VIRTUAL_CLK__)
Endpoint: out[0] (output port clocked by __VIRTUAL_CLK__)
Path Group: __VIRTUAL_CLK__
Path Type: max

Fanout     Cap    Slew   Delay    Time   Description
-----------------------------------------------------------------------------
                  0.00    0.00    0.00   clock __VIRTUAL_CLK__ (rise edge)
                          0.00    0.00   clock network delay (ideal)
                          2.00    2.00 ^ input external delay
     1    0.00    0.02    0.01    2.01 ^ opcode[2] (in)
                                         opcode[2] (net)
                  0.02    0.00    2.01 ^ input19/A (sky130_fd_sc_hd__clkbuf_4)
     9    0.03    0.10    0.18    2.18 ^ input19/X (sky130_fd_sc_hd__clkbuf_4)
                                         net19 (net)
                  0.10    0.00    2.18 ^ _237_/A_N (sky130_fd_sc_hd__and3b_1)
     1    0.00    0.03    0.19    2.37 v _237_/X (sky130_fd_sc_hd__and3b_1)
                                         _168_ (net)
                  0.03    0.00    2.37 v _238_/A (sky130_fd_sc_hd__clkbuf_4)
     8    0.02    0.06    0.17    2.54 v _238_/X (sky130_fd_sc_hd__clkbuf_4)
                                         _169_ (net)
                  0.06    0.00    2.54 v _240_/B1 (sky130_fd_sc_hd__o22a_1)
     1    0.00    0.03    0.18    2.72 v _240_/X (sky130_fd_sc_hd__o22a_1)
                                         _171_ (net)
                  0.03    0.00    2.72 v _244_/A (sky130_fd_sc_hd__or3_1)
     1    0.00    0.06    0.37    3.08 v _244_/X (sky130_fd_sc_hd__or3_1)
                                         _175_ (net)
                  0.06    0.00    3.08 v _245_/A (sky130_fd_sc_hd__buf_1)
     1    0.00    0.02    0.09    3.18 v _245_/X (sky130_fd_sc_hd__buf_1)
                                         net20 (net)
                  0.02    0.00    3.18 v output20/A (sky130_fd_sc_hd__buf_2)
     1    0.03    0.09    0.18    3.35 v output20/X (sky130_fd_sc_hd__buf_2)
                                         out[0] (net)
                  0.09    0.00    3.35 v out[0] (out)
                                  3.35   data arrival time

                  0.00   10.00   10.00   clock __VIRTUAL_CLK__ (rise edge)
                          0.00   10.00   clock network delay (ideal)
                         -0.25    9.75   clock uncertainty
                          0.00    9.75   clock reconvergence pessimism
                         -2.00    7.75   output external delay
                                  7.75   data required time
-----------------------------------------------------------------------------
                                  7.75   data required time
                                 -3.35   data arrival time
-----------------------------------------------------------------------------
                                  4.40   slack (MET)



worst slack corner Typical: 2.9274
max_report_end
checks_report

===========================================================================
report_checks -unconstrained
===========================================================================
======================= Typical Corner ===================================

Startpoint: B[0] (input port clocked by __VIRTUAL_CLK__)
Endpoint: out[7] (output port clocked by __VIRTUAL_CLK__)
Path Group: __VIRTUAL_CLK__
Path Type: max

Fanout     Cap    Slew   Delay    Time   Description
-----------------------------------------------------------------------------
                  0.00    0.00    0.00   clock __VIRTUAL_CLK__ (rise edge)
                          0.00    0.00   clock network delay (ideal)
                          2.00    2.00 v input external delay
     1    0.01    0.02    0.01    2.01 v B[0] (in)
                                         B[0] (net)
                  0.02    0.00    2.01 v input9/A (sky130_fd_sc_hd__buf_8)
     6    0.03    0.04    0.12    2.13 v input9/X (sky130_fd_sc_hd__buf_8)
                                         net9 (net)
                  0.04    0.00    2.13 v _234_/A (sky130_fd_sc_hd__buf_12)
     5    0.03    0.03    0.13    2.27 v _234_/X (sky130_fd_sc_hd__buf_12)
                                         _165_ (net)
                  0.03    0.00    2.27 v _336_/B1 (sky130_fd_sc_hd__a22o_4)
     3    0.01    0.05    0.23    2.50 v _336_/X (sky130_fd_sc_hd__a22o_4)
                                         _029_ (net)
                  0.05    0.00    2.50 v _365_/A1 (sky130_fd_sc_hd__a21bo_4)
     2    0.01    0.05    0.23    2.72 v _365_/X (sky130_fd_sc_hd__a21bo_4)
                                         _057_ (net)
                  0.05    0.00    2.72 v _367_/B1 (sky130_fd_sc_hd__a21o_4)
     3    0.01    0.04    0.20    2.92 v _367_/X (sky130_fd_sc_hd__a21o_4)
                                         _059_ (net)
                  0.04    0.00    2.92 v _416_/A2 (sky130_fd_sc_hd__a21bo_4)
     2    0.01    0.04    0.22    3.15 v _416_/X (sky130_fd_sc_hd__a21bo_4)
                                         _107_ (net)
                  0.04    0.00    3.15 v _418_/B1 (sky130_fd_sc_hd__a21o_1)
     2    0.01    0.05    0.17    3.32 v _418_/X (sky130_fd_sc_hd__a21o_1)
                                         _109_ (net)
                  0.05    0.00    3.32 v _419_/A (sky130_fd_sc_hd__and3_4)
     3    0.01    0.04    0.17    3.49 v _419_/X (sky130_fd_sc_hd__and3_4)
                                         _110_ (net)
                  0.04    0.00    3.49 v _421_/C1 (sky130_fd_sc_hd__a211o_4)
     3    0.01    0.07    0.30    3.78 v _421_/X (sky130_fd_sc_hd__a211o_4)
                                         _112_ (net)
                  0.07    0.00    3.78 v _424_/A2 (sky130_fd_sc_hd__a21bo_4)
     2    0.00    0.03    0.22    4.01 v _424_/X (sky130_fd_sc_hd__a21bo_4)
                                         _115_ (net)
                  0.03    0.00    4.01 v _441_/A2 (sky130_fd_sc_hd__a21o_1)
     2    0.00    0.04    0.18    4.19 v _441_/X (sky130_fd_sc_hd__a21o_1)
                                         _131_ (net)
                  0.04    0.00    4.19 v _470_/A2 (sky130_fd_sc_hd__o21a_1)
     1    0.00    0.03    0.16    4.35 v _470_/X (sky130_fd_sc_hd__o21a_1)
                                         _160_ (net)
                  0.03    0.00    4.35 v _474_/A2 (sky130_fd_sc_hd__a21o_1)
     1    0.00    0.03    0.17    4.52 v _474_/X (sky130_fd_sc_hd__a21o_1)
                                         _164_ (net)
                  0.03    0.00    4.52 v _475_/B1 (sky130_fd_sc_hd__a21o_1)
     1    0.00    0.04    0.16    4.68 v _475_/X (sky130_fd_sc_hd__a21o_1)
                                         net27 (net)
                  0.04    0.00    4.68 v output27/A (sky130_fd_sc_hd__buf_6)
     1    0.03    0.04    0.14    4.82 v output27/X (sky130_fd_sc_hd__buf_6)
                                         out[7] (net)
                  0.04    0.00    4.82 v out[7] (out)
                                  4.82   data arrival time

                  0.00   10.00   10.00   clock __VIRTUAL_CLK__ (rise edge)
                          0.00   10.00   clock network delay (ideal)
                         -0.25    9.75   clock uncertainty
                          0.00    9.75   clock reconvergence pessimism
                         -2.00    7.75   output external delay
                                  7.75   data required time
-----------------------------------------------------------------------------
                                  7.75   data required time
                                 -4.82   data arrival time
-----------------------------------------------------------------------------
                                  2.93   slack (MET)




===========================================================================
report_checks --slack_max -0.01
============================================================================
======================= Typical Corner ===================================

No paths found.


===========================================================================
 report_check_types -max_slew -max_cap -max_fanout -violators
============================================================================
======================= Typical Corner ===================================

max fanout

Pin                                   Limit Fanout  Slack
---------------------------------------------------------
_275_/X                                  10     11        (VIOLATED)


max slew violations count Typical: 0
max fanout violations count Typical: 1
max cap violations count Typical: 0

===========================================================================
report_parasitic_annotation -report_unannotated
============================================================================
Found 301 unannotated drivers.
 A[0]
 A[1]
 A[2]
 A[3]
 A[4]
 A[5]
 A[6]
 A[7]
 B[0]
 B[1]
 B[2]
 B[3]
 B[4]
 B[5]
 B[6]
 B[7]
 opcode[0]
 opcode[1]
 opcode[2]
 _234_/X
 _235_/X
 _236_/X
 _237_/X
 _238_/X
 _239_/Y
 _240_/X
 _241_/X
 _242_/Y
 _243_/Y
 _244_/X
 _245_/X
 _246_/X
 _247_/X
 _248_/X
 _249_/Y
 _250_/X
 _251_/X
 _252_/X
 _253_/Y
 _254_/X
 _255_/X
 _256_/Y
 _257_/Y
 _258_/X
 _259_/X
 _260_/X
 _261_/Y
 _262_/X
 _263_/Y
 _264_/X
 _265_/X
 _266_/X
 _267_/X
 _268_/X
 _269_/X
 _270_/X
 _271_/X
 _272_/X
 _273_/X
 _274_/X
 _275_/X
 _276_/Y
 _277_/X
 _278_/Y
 _279_/X
 _280_/Y
 _281_/X
 _282_/Y
 _283_/X
 _284_/Y
 _285_/X
 _286_/Y
 _287_/X
 _288_/Y
 _289_/Y
 _290_/X
 _291_/X
 _292_/Y
 _293_/X
 _294_/Y
 _295_/X
 _296_/X
 _297_/Y
 _298_/Y
 _299_/Y
 _300_/Y
 _301_/Y
 _302_/X
 _303_/Y
 _304_/Y
 _305_/X
 _306_/Y
 _307_/X
 _308_/X
 _309_/Y
 _310_/X
 _311_/X
 _312_/Y
 _313_/Y
 _314_/X
 _315_/Y
 _316_/Y
 _317_/X
 _318_/X
 _319_/X
 _320_/Y
 _321_/X
 _322_/X
 _323_/X
 _324_/X
 _325_/Y
 _326_/Y
 _327_/X
 _328_/X
 _329_/X
 _330_/Y
 _331_/X
 _332_/X
 _333_/Y
 _334_/X
 _335_/Y
 _336_/X
 _337_/X
 _338_/Y
 _339_/Y
 _340_/X
 _341_/Y
 _342_/Y
 _343_/Y
 _344_/X
 _345_/Y
 _346_/Y
 _347_/Y
 _348_/Y
 _349_/X
 _350_/Y
 _351_/X
 _352_/X
 _353_/X
 _354_/X
 _355_/Y
 _356_/X
 _357_/Y
 _358_/Y
 _359_/Y
 _360_/Y
 _361_/X
 _362_/X
 _363_/X
 _364_/Y
 _365_/X
 _366_/Y
 _367_/X
 _368_/Y
 _369_/X
 _370_/Y
 _371_/Y
 _372_/X
 _373_/X
 _374_/Y
 _375_/Y
 _376_/X
 _377_/Y
 _378_/X
 _379_/X
 _380_/Y
 _381_/X
 _382_/Y
 _383_/Y
 _384_/X
 _385_/X
 _386_/X
 _387_/Y
 _388_/X
 _389_/X
 _390_/Y
 _391_/Y
 _392_/X
 _393_/X
 _394_/Y
 _395_/X
 _396_/Y
 _397_/Y
 _398_/X
 _399_/X
 _400_/Y
 _401_/Y
 _402_/Y
 _403_/X
 _404_/X
 _405_/Y
 _406_/X
 _407_/Y
 _408_/X
 _409_/Y
 _410_/Y
 _411_/X
 _412_/Y
 _413_/Y
 _414_/X
 _415_/Y
 _416_/X
 _417_/Y
 _418_/X
 _419_/X
 _420_/Y
 _421_/X
 _422_/Y
 _423_/X
 _424_/X
 _425_/X
 _426_/Y
 _427_/X
 _428_/Y
 _429_/Y
 _430_/X
 _431_/X
 _432_/Y
 _433_/Y
 _434_/X
 _435_/Y
 _436_/X
 _437_/Y
 _438_/X
 _439_/Y
 _440_/Y
 _441_/X
 _442_/X
 _443_/Y
 _444_/Y
 _445_/Y
 _446_/Y
 _447_/X
 _448_/Y
 _449_/X
 _450_/Y
 _451_/X
 _452_/X
 _453_/X
 _454_/Y
 _455_/X
 _456_/X
 _457_/Y
 _458_/Y
 _459_/Y
 _460_/Y
 _461_/X
 _462_/Y
 _463_/Y
 _464_/Y
 _465_/Y
 _466_/X
 _467_/Y
 _468_/Y
 _469_/Y
 _470_/X
 _471_/Y
 _472_/X
 _473_/X
 _474_/X
 _475_/X
 clone11/X
 clone8/X
 clone9/X
 input1/X
 input10/X
 input11/X
 input12/X
 input13/X
 input14/X
 input15/X
 input16/X
 input17/X
 input18/X
 input19/X
 input2/X
 input3/X
 input4/X
 input5/X
 input6/X
 input7/X
 input8/X
 input9/X
 max_cap28/X
 output20/X
 output21/X
 output22/X
 output23/X
 output24/X
 output25/X
 output26/X
 output27/X
 rebuffer1/X
 rebuffer10/X
 rebuffer2/X
 rebuffer3/X
 rebuffer4/X
 rebuffer5/X
 rebuffer6/X
 rebuffer7/X
 rebuffer8/X
Found 0 partially unannotated drivers.

===========================================================================
max slew violation count 0
max fanout violation count 1
max cap violation count 0
============================================================================

===========================================================================
check_setup -verbose -unconstrained_endpoints -multiple_clock -no_clock -no_input_delay -loops -generated_clocks
===========================================================================
checks_report_end
power_report

===========================================================================
 report_power
============================================================================
======================= Typical Corner ===================================

Group                  Internal  Switching    Leakage      Total
                          Power      Power      Power      Power (Watts)
----------------------------------------------------------------
Sequential             0.00e+00   0.00e+00   0.00e+00   0.00e+00   0.0%
Combinational          9.46e-05   7.90e-05   1.29e-09   1.74e-04 100.0%
Clock                 -1.56e-11   0.00e+00   3.05e-10   2.89e-10   0.0%
Macro                  0.00e+00   0.00e+00   0.00e+00   0.00e+00   0.0%
Pad                    0.00e+00   0.00e+00   0.00e+00   0.00e+00   0.0%
----------------------------------------------------------------
Total                  9.46e-05   7.90e-05   1.60e-09   1.74e-04 100.0%
                          54.5%      45.5%       0.0%

power_report_end
summary_report

===========================================================================
report_tns
============================================================================
tns 0.00

===========================================================================
report_wns
============================================================================
wns 0.00

===========================================================================
report_worst_slack -max (Setup)
============================================================================
worst slack 2.93

===========================================================================
report_worst_slack -min (Hold)
============================================================================
worst slack 4.21
summary_report_end
area_report

===========================================================================
report_design_area
============================================================================
Design area 2989 u^2 26% utilization.
area_report_end
check_nonpropagated_clocks
__VIRTUAL_CLK__
check_nonpropagated_clocks_end
[WARNING] Did not save OpenROAD database!
