
===========================================================================
report_checks -path_delay max (Setup)
============================================================================
======================= Typical Corner ===================================

Startpoint: A[5] (input port clocked by __VIRTUAL_CLK__)
Endpoint: out[7] (output port clocked by __VIRTUAL_CLK__)
Path Group: __VIRTUAL_CLK__
Path Type: max

Fanout     Cap    Slew   Delay    Time   Description
-----------------------------------------------------------------------------
                  0.00    0.00    0.00   clock __VIRTUAL_CLK__ (rise edge)
                          0.00    0.00   clock network delay (ideal)
                          2.00    2.00 ^ input external delay
     1    0.00    0.02    0.01    2.01 ^ A[5] (in)
                                         A[5] (net)
                  0.02    0.00    2.01 ^ input6/A (sky130_fd_sc_hd__buf_4)
     4    0.04    0.11    0.16    2.17 ^ input6/X (sky130_fd_sc_hd__buf_4)
                                         net6 (net)
                  0.11    0.00    2.17 ^ _354_/A (sky130_fd_sc_hd__buf_12)
     5    0.03    0.05    0.13    2.30 ^ _354_/X (sky130_fd_sc_hd__buf_12)
                                         _046_ (net)
                  0.05    0.00    2.30 ^ _360_/D (sky130_fd_sc_hd__nand4_4)
     3    0.01    0.10    0.13    2.43 v _360_/Y (sky130_fd_sc_hd__nand4_4)
                                         _052_ (net)
                  0.10    0.00    2.43 v _363_/A2 (sky130_fd_sc_hd__a21o_1)
     2    0.02    0.08    0.26    2.68 v _363_/X (sky130_fd_sc_hd__a21o_1)
                                         _055_ (net)
                  0.08    0.00    2.68 v _367_/A2 (sky130_fd_sc_hd__a21o_4)
     3    0.02    0.05    0.26    2.95 v _367_/X (sky130_fd_sc_hd__a21o_4)
                                         _059_ (net)
                  0.05    0.00    2.95 v _416_/A2 (sky130_fd_sc_hd__a21bo_4)
     2    0.01    0.04    0.23    3.17 v _416_/X (sky130_fd_sc_hd__a21bo_4)
                                         _107_ (net)
                  0.04    0.00    3.17 v _418_/B1 (sky130_fd_sc_hd__a21o_1)
     2    0.02    0.08    0.21    3.38 v _418_/X (sky130_fd_sc_hd__a21o_1)
                                         _109_ (net)
                  0.08    0.00    3.38 v _419_/A (sky130_fd_sc_hd__and3_4)
     3    0.01    0.04    0.18    3.56 v _419_/X (sky130_fd_sc_hd__and3_4)
                                         _110_ (net)
                  0.04    0.00    3.56 v _421_/C1 (sky130_fd_sc_hd__a211o_4)
     3    0.01    0.06    0.28    3.84 v _421_/X (sky130_fd_sc_hd__a211o_4)
                                         _112_ (net)
                  0.06    0.00    3.84 v _424_/A2 (sky130_fd_sc_hd__a21bo_1)
     2    0.01    0.07    0.24    4.08 v _424_/X (sky130_fd_sc_hd__a21bo_1)
                                         _115_ (net)
                  0.07    0.00    4.08 v _441_/A1 (sky130_fd_sc_hd__a21o_1)
     2    0.01    0.07    0.21    4.29 v _441_/X (sky130_fd_sc_hd__a21o_1)
                                         _131_ (net)
                  0.07    0.00    4.29 v _470_/A2 (sky130_fd_sc_hd__o21a_1)
     1    0.00    0.03    0.18    4.47 v _470_/X (sky130_fd_sc_hd__o21a_1)
                                         _160_ (net)
                  0.03    0.00    4.47 v _474_/A1 (sky130_fd_sc_hd__a21o_1)
     1    0.00    0.03    0.15    4.62 v _474_/X (sky130_fd_sc_hd__a21o_1)
                                         _164_ (net)
                  0.03    0.00    4.62 v _475_/B1 (sky130_fd_sc_hd__a21o_1)
     1    0.01    0.06    0.18    4.80 v _475_/X (sky130_fd_sc_hd__a21o_1)
                                         net27 (net)
                  0.06    0.00    4.80 v output27/A (sky130_fd_sc_hd__buf_6)
     1    0.04    0.05    0.15    4.95 v output27/X (sky130_fd_sc_hd__buf_6)
                                         out[7] (net)
                  0.05    0.00    4.96 v out[7] (out)
                                  4.96   data arrival time

                  0.00   10.00   10.00   clock __VIRTUAL_CLK__ (rise edge)
                          0.00   10.00   clock network delay (ideal)
                         -0.25    9.75   clock uncertainty
                          0.00    9.75   clock reconvergence pessimism
                         -2.00    7.75   output external delay
                                  7.75   data required time
-----------------------------------------------------------------------------
                                  7.75   data required time
                                 -4.96   data arrival time
-----------------------------------------------------------------------------
                                  2.79   slack (MET)


Startpoint: A[5] (input port clocked by __VIRTUAL_CLK__)
Endpoint: out[6] (output port clocked by __VIRTUAL_CLK__)
Path Group: __VIRTUAL_CLK__
Path Type: max

Fanout     Cap    Slew   Delay    Time   Description
-----------------------------------------------------------------------------
                  0.00    0.00    0.00   clock __VIRTUAL_CLK__ (rise edge)
                          0.00    0.00   clock network delay (ideal)
                          2.00    2.00 ^ input external delay
     1    0.00    0.02    0.01    2.01 ^ A[5] (in)
                                         A[5] (net)
                  0.02    0.00    2.01 ^ input6/A (sky130_fd_sc_hd__buf_4)
     4    0.04    0.11    0.16    2.17 ^ input6/X (sky130_fd_sc_hd__buf_4)
                                         net6 (net)
                  0.11    0.00    2.17 ^ _354_/A (sky130_fd_sc_hd__buf_12)
     5    0.03    0.05    0.13    2.30 ^ _354_/X (sky130_fd_sc_hd__buf_12)
                                         _046_ (net)
                  0.05    0.00    2.30 ^ _360_/D (sky130_fd_sc_hd__nand4_4)
     3    0.01    0.10    0.13    2.43 v _360_/Y (sky130_fd_sc_hd__nand4_4)
                                         _052_ (net)
                  0.10    0.00    2.43 v _363_/A2 (sky130_fd_sc_hd__a21o_1)
     2    0.02    0.08    0.26    2.68 v _363_/X (sky130_fd_sc_hd__a21o_1)
                                         _055_ (net)
                  0.08    0.00    2.68 v _367_/A2 (sky130_fd_sc_hd__a21o_4)
     3    0.02    0.05    0.26    2.95 v _367_/X (sky130_fd_sc_hd__a21o_4)
                                         _059_ (net)
                  0.05    0.00    2.95 v _416_/A2 (sky130_fd_sc_hd__a21bo_4)
     2    0.01    0.04    0.23    3.17 v _416_/X (sky130_fd_sc_hd__a21bo_4)
                                         _107_ (net)
                  0.04    0.00    3.17 v _418_/B1 (sky130_fd_sc_hd__a21o_1)
     2    0.02    0.08    0.21    3.38 v _418_/X (sky130_fd_sc_hd__a21o_1)
                                         _109_ (net)
                  0.08    0.00    3.38 v _419_/A (sky130_fd_sc_hd__and3_4)
     3    0.01    0.04    0.18    3.56 v _419_/X (sky130_fd_sc_hd__and3_4)
                                         _110_ (net)
                  0.04    0.00    3.56 v _421_/C1 (sky130_fd_sc_hd__a211o_4)
     3    0.01    0.06    0.28    3.84 v _421_/X (sky130_fd_sc_hd__a211o_4)
                                         _112_ (net)
                  0.06    0.00    3.84 v _424_/A2 (sky130_fd_sc_hd__a21bo_1)
     2    0.01    0.07    0.24    4.08 v _424_/X (sky130_fd_sc_hd__a21bo_1)
                                         _115_ (net)
                  0.07    0.00    4.08 v _425_/B (sky130_fd_sc_hd__and2b_1)
     2    0.01    0.06    0.20    4.29 v _425_/X (sky130_fd_sc_hd__and2b_1)
                                         _116_ (net)
                  0.06    0.00    4.29 v _427_/A2 (sky130_fd_sc_hd__o21a_1)
     1    0.00    0.04    0.19    4.48 v _427_/X (sky130_fd_sc_hd__o21a_1)
                                         _118_ (net)
                  0.04    0.00    4.48 v _432_/A2 (sky130_fd_sc_hd__a21oi_2)
     1    0.00    0.08    0.13    4.61 ^ _432_/Y (sky130_fd_sc_hd__a21oi_2)
                                         _123_ (net)
                  0.08    0.00    4.61 ^ _433_/B1 (sky130_fd_sc_hd__o21ai_1)
     1    0.00    0.04    0.07    4.67 v _433_/Y (sky130_fd_sc_hd__o21ai_1)
                                         net26 (net)
                  0.04    0.00    4.67 v output26/A (sky130_fd_sc_hd__buf_4)
     1    0.03    0.06    0.18    4.85 v output26/X (sky130_fd_sc_hd__buf_4)
                                         out[6] (net)
                  0.06    0.00    4.85 v out[6] (out)
                                  4.85   data arrival time

                  0.00   10.00   10.00   clock __VIRTUAL_CLK__ (rise edge)
                          0.00   10.00   clock network delay (ideal)
                         -0.25    9.75   clock uncertainty
                          0.00    9.75   clock reconvergence pessimism
                         -2.00    7.75   output external delay
                                  7.75   data required time
-----------------------------------------------------------------------------
                                  7.75   data required time
                                 -4.85   data arrival time
-----------------------------------------------------------------------------
                                  2.90   slack (MET)


Startpoint: A[5] (input port clocked by __VIRTUAL_CLK__)
Endpoint: out[5] (output port clocked by __VIRTUAL_CLK__)
Path Group: __VIRTUAL_CLK__
Path Type: max

Fanout     Cap    Slew   Delay    Time   Description
-----------------------------------------------------------------------------
                  0.00    0.00    0.00   clock __VIRTUAL_CLK__ (rise edge)
                          0.00    0.00   clock network delay (ideal)
                          2.00    2.00 ^ input external delay
     1    0.00    0.02    0.01    2.01 ^ A[5] (in)
                                         A[5] (net)
                  0.02    0.00    2.01 ^ input6/A (sky130_fd_sc_hd__buf_4)
     4    0.04    0.11    0.16    2.17 ^ input6/X (sky130_fd_sc_hd__buf_4)
                                         net6 (net)
                  0.11    0.00    2.17 ^ _354_/A (sky130_fd_sc_hd__buf_12)
     5    0.03    0.05    0.13    2.30 ^ _354_/X (sky130_fd_sc_hd__buf_12)
                                         _046_ (net)
                  0.05    0.00    2.30 ^ _360_/D (sky130_fd_sc_hd__nand4_4)
     3    0.01    0.10    0.13    2.43 v _360_/Y (sky130_fd_sc_hd__nand4_4)
                                         _052_ (net)
                  0.10    0.00    2.43 v _363_/A2 (sky130_fd_sc_hd__a21o_1)
     2    0.02    0.08    0.26    2.68 v _363_/X (sky130_fd_sc_hd__a21o_1)
                                         _055_ (net)
                  0.08    0.00    2.68 v _367_/A2 (sky130_fd_sc_hd__a21o_4)
     3    0.02    0.05    0.26    2.95 v _367_/X (sky130_fd_sc_hd__a21o_4)
                                         _059_ (net)
                  0.05    0.00    2.95 v _369_/A1 (sky130_fd_sc_hd__a21o_1)
     2    0.01    0.05    0.18    3.13 v _369_/X (sky130_fd_sc_hd__a21o_1)
                                         _061_ (net)
                  0.05    0.00    3.13 v rebuffer2/A (sky130_fd_sc_hd__clkbuf_2)
     1    0.01    0.04    0.13    3.25 v rebuffer2/X (sky130_fd_sc_hd__clkbuf_2)
                                         net30 (net)
                  0.04    0.00    3.25 v _371_/A (sky130_fd_sc_hd__nand3_4)
     4    0.02    0.10    0.09    3.34 ^ _371_/Y (sky130_fd_sc_hd__nand3_4)
                                         _063_ (net)
                  0.10    0.00    3.34 ^ _373_/A2 (sky130_fd_sc_hd__a21o_1)
     2    0.02    0.19    0.24    3.58 ^ _373_/X (sky130_fd_sc_hd__a21o_1)
                                         _065_ (net)
                  0.19    0.00    3.59 ^ _376_/A2 (sky130_fd_sc_hd__a21o_1)
     2    0.00    0.04    0.15    3.74 ^ _376_/X (sky130_fd_sc_hd__a21o_1)
                                         _068_ (net)
                  0.04    0.00    3.74 ^ rebuffer6/A (sky130_fd_sc_hd__dlymetal6s4s_1)
     1    0.01    0.11    0.22    3.96 ^ rebuffer6/X (sky130_fd_sc_hd__dlymetal6s4s_1)
                                         net34 (net)
                  0.11    0.00    3.96 ^ _377_/B2 (sky130_fd_sc_hd__a32oi_1)
     1    0.00    0.07    0.06    4.02 v _377_/Y (sky130_fd_sc_hd__a32oi_1)
                                         _069_ (net)
                  0.07    0.00    4.02 v _379_/A (sky130_fd_sc_hd__or3b_2)
     1    0.00    0.08    0.50    4.52 v _379_/X (sky130_fd_sc_hd__or3b_2)
                                         _071_ (net)
                  0.08    0.00    4.52 v _391_/B1 (sky130_fd_sc_hd__o211ai_2)
     1    0.01    0.18    0.11    4.63 ^ _391_/Y (sky130_fd_sc_hd__o211ai_2)
                                         net25 (net)
                  0.18    0.00    4.63 ^ output25/A (sky130_fd_sc_hd__buf_4)
     1    0.03    0.10    0.21    4.84 ^ output25/X (sky130_fd_sc_hd__buf_4)
                                         out[5] (net)
                  0.10    0.00    4.84 ^ out[5] (out)
                                  4.84   data arrival time

                  0.00   10.00   10.00   clock __VIRTUAL_CLK__ (rise edge)
                          0.00   10.00   clock network delay (ideal)
                         -0.25    9.75   clock uncertainty
                          0.00    9.75   clock reconvergence pessimism
                         -2.00    7.75   output external delay
                                  7.75   data required time
-----------------------------------------------------------------------------
                                  7.75   data required time
                                 -4.84   data arrival time
-----------------------------------------------------------------------------
                                  2.91   slack (MET)


Startpoint: opcode[2] (input port clocked by __VIRTUAL_CLK__)
Endpoint: out[4] (output port clocked by __VIRTUAL_CLK__)
Path Group: __VIRTUAL_CLK__
Path Type: max

Fanout     Cap    Slew   Delay    Time   Description
-----------------------------------------------------------------------------
                  0.00    0.00    0.00   clock __VIRTUAL_CLK__ (rise edge)
                          0.00    0.00   clock network delay (ideal)
                          2.00    2.00 v input external delay
     1    0.00    0.01    0.01    2.01 v opcode[2] (in)
                                         opcode[2] (net)
                  0.01    0.00    2.01 v input19/A (sky130_fd_sc_hd__clkbuf_4)
     9    0.03    0.07    0.17    2.17 v input19/X (sky130_fd_sc_hd__clkbuf_4)
                                         net19 (net)
                  0.07    0.00    2.17 v _246_/A (sky130_fd_sc_hd__or3b_4)
     1    0.00    0.07    0.41    2.59 v _246_/X (sky130_fd_sc_hd__or3b_4)
                                         _176_ (net)
                  0.07    0.00    2.59 v _247_/A (sky130_fd_sc_hd__buf_6)
     8    0.04    0.05    0.16    2.74 v _247_/X (sky130_fd_sc_hd__buf_6)
                                         _177_ (net)
                  0.05    0.00    2.74 v _250_/A (sky130_fd_sc_hd__and3_1)
     2    0.01    0.07    0.18    2.92 v _250_/X (sky130_fd_sc_hd__and3_1)
                                         _180_ (net)
                  0.07    0.00    2.92 v _252_/A1 (sky130_fd_sc_hd__o21a_1)
     3    0.01    0.09    0.25    3.18 v _252_/X (sky130_fd_sc_hd__o21a_1)
                                         _182_ (net)
                  0.09    0.00    3.18 v _284_/B1_N (sky130_fd_sc_hd__o21bai_4)
     2    0.00    0.06    0.19    3.37 v _284_/Y (sky130_fd_sc_hd__o21bai_4)
                                         _213_ (net)
                  0.06    0.00    3.37 v _285_/B (sky130_fd_sc_hd__and2_4)
     3    0.01    0.04    0.18    3.55 v _285_/X (sky130_fd_sc_hd__and2_4)
                                         _214_ (net)
                  0.04    0.00    3.55 v _314_/A2 (sky130_fd_sc_hd__o21a_2)
     3    0.01    0.06    0.23    3.78 v _314_/X (sky130_fd_sc_hd__o21a_2)
                                         _008_ (net)
                  0.06    0.00    3.78 v _329_/B (sky130_fd_sc_hd__or3_1)
     1    0.00    0.07    0.37    4.15 v _329_/X (sky130_fd_sc_hd__or3_1)
                                         _022_ (net)
                  0.07    0.00    4.15 v _353_/A2 (sky130_fd_sc_hd__a31o_1)
     1    0.00    0.03    0.21    4.37 v _353_/X (sky130_fd_sc_hd__a31o_1)
                                         net24 (net)
                  0.03    0.00    4.37 v output24/A (sky130_fd_sc_hd__buf_2)
     1    0.03    0.09    0.18    4.55 v output24/X (sky130_fd_sc_hd__buf_2)
                                         out[4] (net)
                  0.09    0.00    4.55 v out[4] (out)
                                  4.55   data arrival time

                  0.00   10.00   10.00   clock __VIRTUAL_CLK__ (rise edge)
                          0.00   10.00   clock network delay (ideal)
                         -0.25    9.75   clock uncertainty
                          0.00    9.75   clock reconvergence pessimism
                         -2.00    7.75   output external delay
                                  7.75   data required time
-----------------------------------------------------------------------------
                                  7.75   data required time
                                 -4.55   data arrival time
-----------------------------------------------------------------------------
                                  3.20   slack (MET)


Startpoint: opcode[2] (input port clocked by __VIRTUAL_CLK__)
Endpoint: out[3] (output port clocked by __VIRTUAL_CLK__)
Path Group: __VIRTUAL_CLK__
Path Type: max

Fanout     Cap    Slew   Delay    Time   Description
-----------------------------------------------------------------------------
                  0.00    0.00    0.00   clock __VIRTUAL_CLK__ (rise edge)
                          0.00    0.00   clock network delay (ideal)
                          2.00    2.00 v input external delay
     1    0.00    0.01    0.01    2.01 v opcode[2] (in)
                                         opcode[2] (net)
                  0.01    0.00    2.01 v input19/A (sky130_fd_sc_hd__clkbuf_4)
     9    0.03    0.07    0.17    2.17 v input19/X (sky130_fd_sc_hd__clkbuf_4)
                                         net19 (net)
                  0.07    0.00    2.17 v _246_/A (sky130_fd_sc_hd__or3b_4)
     1    0.00    0.07    0.41    2.59 v _246_/X (sky130_fd_sc_hd__or3b_4)
                                         _176_ (net)
                  0.07    0.00    2.59 v _247_/A (sky130_fd_sc_hd__buf_6)
     8    0.04    0.05    0.16    2.74 v _247_/X (sky130_fd_sc_hd__buf_6)
                                         _177_ (net)
                  0.05    0.00    2.74 v _250_/A (sky130_fd_sc_hd__and3_1)
     2    0.01    0.07    0.18    2.92 v _250_/X (sky130_fd_sc_hd__and3_1)
                                         _180_ (net)
                  0.07    0.00    2.92 v _252_/A1 (sky130_fd_sc_hd__o21a_1)
     3    0.01    0.09    0.25    3.18 v _252_/X (sky130_fd_sc_hd__o21a_1)
                                         _182_ (net)
                  0.09    0.00    3.18 v _284_/B1_N (sky130_fd_sc_hd__o21bai_4)
     2    0.00    0.06    0.19    3.37 v _284_/Y (sky130_fd_sc_hd__o21bai_4)
                                         _213_ (net)
                  0.06    0.00    3.37 v _285_/B (sky130_fd_sc_hd__and2_4)
     3    0.01    0.04    0.18    3.55 v _285_/X (sky130_fd_sc_hd__and2_4)
                                         _214_ (net)
                  0.04    0.00    3.56 v _315_/A2 (sky130_fd_sc_hd__o31ai_1)
     1    0.01    0.35    0.37    3.92 ^ _315_/Y (sky130_fd_sc_hd__o31ai_1)
                                         _009_ (net)
                  0.35    0.00    3.92 ^ _320_/A2 (sky130_fd_sc_hd__o21ai_1)
     1    0.00    0.06    0.09    4.02 v _320_/Y (sky130_fd_sc_hd__o21ai_1)
                                         _014_ (net)
                  0.06    0.00    4.02 v _321_/B1 (sky130_fd_sc_hd__a31o_1)
     1    0.01    0.06    0.22    4.23 v _321_/X (sky130_fd_sc_hd__a31o_1)
                                         net23 (net)
                  0.06    0.00    4.23 v output23/A (sky130_fd_sc_hd__buf_2)
     1    0.04    0.09    0.20    4.43 v output23/X (sky130_fd_sc_hd__buf_2)
                                         out[3] (net)
                  0.09    0.00    4.44 v out[3] (out)
                                  4.44   data arrival time

                  0.00   10.00   10.00   clock __VIRTUAL_CLK__ (rise edge)
                          0.00   10.00   clock network delay (ideal)
                         -0.25    9.75   clock uncertainty
                          0.00    9.75   clock reconvergence pessimism
                         -2.00    7.75   output external delay
                                  7.75   data required time
-----------------------------------------------------------------------------
                                  7.75   data required time
                                 -4.44   data arrival time
-----------------------------------------------------------------------------
                                  3.31   slack (MET)


Startpoint: opcode[2] (input port clocked by __VIRTUAL_CLK__)
Endpoint: out[2] (output port clocked by __VIRTUAL_CLK__)
Path Group: __VIRTUAL_CLK__
Path Type: max

Fanout     Cap    Slew   Delay    Time   Description
-----------------------------------------------------------------------------
                  0.00    0.00    0.00   clock __VIRTUAL_CLK__ (rise edge)
                          0.00    0.00   clock network delay (ideal)
                          2.00    2.00 v input external delay
     1    0.00    0.01    0.01    2.01 v opcode[2] (in)
                                         opcode[2] (net)
                  0.01    0.00    2.01 v input19/A (sky130_fd_sc_hd__clkbuf_4)
     9    0.03    0.07    0.17    2.17 v input19/X (sky130_fd_sc_hd__clkbuf_4)
                                         net19 (net)
                  0.07    0.00    2.17 v _246_/A (sky130_fd_sc_hd__or3b_4)
     1    0.00    0.07    0.41    2.59 v _246_/X (sky130_fd_sc_hd__or3b_4)
                                         _176_ (net)
                  0.07    0.00    2.59 v _247_/A (sky130_fd_sc_hd__buf_6)
     8    0.04    0.05    0.16    2.74 v _247_/X (sky130_fd_sc_hd__buf_6)
                                         _177_ (net)
                  0.05    0.00    2.74 v _249_/A2 (sky130_fd_sc_hd__a21oi_1)
     2    0.02    0.37    0.35    3.10 ^ _249_/Y (sky130_fd_sc_hd__a21oi_1)
                                         _179_ (net)
                  0.37    0.00    3.10 ^ _252_/A2 (sky130_fd_sc_hd__o21a_1)
     3    0.02    0.15    0.25    3.35 ^ _252_/X (sky130_fd_sc_hd__o21a_1)
                                         _182_ (net)
                  0.15    0.00    3.35 ^ _284_/B1_N (sky130_fd_sc_hd__o21bai_4)
     2    0.01    0.10    0.15    3.50 ^ _284_/Y (sky130_fd_sc_hd__o21bai_4)
                                         _213_ (net)
                  0.10    0.00    3.50 ^ _286_/A2 (sky130_fd_sc_hd__o21ai_1)
     1    0.01    0.09    0.10    3.60 v _286_/Y (sky130_fd_sc_hd__o21ai_1)
                                         _215_ (net)
                  0.09    0.00    3.60 v _291_/A2 (sky130_fd_sc_hd__o211a_1)
     1    0.01    0.07    0.26    3.86 v _291_/X (sky130_fd_sc_hd__o211a_1)
                                         _220_ (net)
                  0.07    0.00    3.86 v _292_/B1 (sky130_fd_sc_hd__o21ai_1)
     1    0.01    0.22    0.15    4.01 ^ _292_/Y (sky130_fd_sc_hd__o21ai_1)
                                         net22 (net)
                  0.22    0.00    4.01 ^ output22/A (sky130_fd_sc_hd__buf_2)
     1    0.03    0.17    0.26    4.27 ^ output22/X (sky130_fd_sc_hd__buf_2)
                                         out[2] (net)
                  0.17    0.00    4.27 ^ out[2] (out)
                                  4.27   data arrival time

                  0.00   10.00   10.00   clock __VIRTUAL_CLK__ (rise edge)
                          0.00   10.00   clock network delay (ideal)
                         -0.25    9.75   clock uncertainty
                          0.00    9.75   clock reconvergence pessimism
                         -2.00    7.75   output external delay
                                  7.75   data required time
-----------------------------------------------------------------------------
                                  7.75   data required time
                                 -4.27   data arrival time
-----------------------------------------------------------------------------
                                  3.48   slack (MET)


Startpoint: opcode[2] (input port clocked by __VIRTUAL_CLK__)
Endpoint: out[1] (output port clocked by __VIRTUAL_CLK__)
Path Group: __VIRTUAL_CLK__
Path Type: max

Fanout     Cap    Slew   Delay    Time   Description
-----------------------------------------------------------------------------
                  0.00    0.00    0.00   clock __VIRTUAL_CLK__ (rise edge)
                          0.00    0.00   clock network delay (ideal)
                          2.00    2.00 v input external delay
     1    0.00    0.01    0.01    2.01 v opcode[2] (in)
                                         opcode[2] (net)
                  0.01    0.00    2.01 v input19/A (sky130_fd_sc_hd__clkbuf_4)
     9    0.03    0.07    0.17    2.17 v input19/X (sky130_fd_sc_hd__clkbuf_4)
                                         net19 (net)
                  0.07    0.00    2.17 v _246_/A (sky130_fd_sc_hd__or3b_4)
     1    0.00    0.07    0.41    2.59 v _246_/X (sky130_fd_sc_hd__or3b_4)
                                         _176_ (net)
                  0.07    0.00    2.59 v _247_/A (sky130_fd_sc_hd__buf_6)
     8    0.04    0.05    0.16    2.74 v _247_/X (sky130_fd_sc_hd__buf_6)
                                         _177_ (net)
                  0.05    0.00    2.74 v _249_/A2 (sky130_fd_sc_hd__a21oi_1)
     2    0.02    0.37    0.35    3.10 ^ _249_/Y (sky130_fd_sc_hd__a21oi_1)
                                         _179_ (net)
                  0.37    0.00    3.10 ^ _253_/B (sky130_fd_sc_hd__nor3_4)
     3    0.02    0.10    0.12    3.22 v _253_/Y (sky130_fd_sc_hd__nor3_4)
                                         _183_ (net)
                  0.10    0.00    3.22 v _255_/B (sky130_fd_sc_hd__or3_1)
     1    0.00    0.06    0.37    3.59 v _255_/X (sky130_fd_sc_hd__or3_1)
                                         _185_ (net)
                  0.06    0.00    3.59 v _270_/A1 (sky130_fd_sc_hd__a31o_1)
     1    0.01    0.07    0.23    3.82 v _270_/X (sky130_fd_sc_hd__a31o_1)
                                         net21 (net)
                  0.07    0.00    3.82 v output21/A (sky130_fd_sc_hd__buf_2)
     1    0.03    0.09    0.20    4.02 v output21/X (sky130_fd_sc_hd__buf_2)
                                         out[1] (net)
                  0.09    0.00    4.02 v out[1] (out)
                                  4.02   data arrival time

                  0.00   10.00   10.00   clock __VIRTUAL_CLK__ (rise edge)
                          0.00   10.00   clock network delay (ideal)
                         -0.25    9.75   clock uncertainty
                          0.00    9.75   clock reconvergence pessimism
                         -2.00    7.75   output external delay
                                  7.75   data required time
-----------------------------------------------------------------------------
                                  7.75   data required time
                                 -4.02   data arrival time
-----------------------------------------------------------------------------
                                  3.73   slack (MET)


Startpoint: opcode[2] (input port clocked by __VIRTUAL_CLK__)
Endpoint: out[0] (output port clocked by __VIRTUAL_CLK__)
Path Group: __VIRTUAL_CLK__
Path Type: max

Fanout     Cap    Slew   Delay    Time   Description
-----------------------------------------------------------------------------
                  0.00    0.00    0.00   clock __VIRTUAL_CLK__ (rise edge)
                          0.00    0.00   clock network delay (ideal)
                          2.00    2.00 ^ input external delay
     1    0.00    0.02    0.01    2.01 ^ opcode[2] (in)
                                         opcode[2] (net)
                  0.02    0.00    2.01 ^ input19/A (sky130_fd_sc_hd__clkbuf_4)
     9    0.03    0.10    0.18    2.19 ^ input19/X (sky130_fd_sc_hd__clkbuf_4)
                                         net19 (net)
                  0.10    0.00    2.19 ^ _237_/A_N (sky130_fd_sc_hd__and3b_1)
     1    0.00    0.04    0.20    2.39 v _237_/X (sky130_fd_sc_hd__and3b_1)
                                         _168_ (net)
                  0.04    0.00    2.39 v _238_/A (sky130_fd_sc_hd__clkbuf_4)
     8    0.02    0.06    0.17    2.56 v _238_/X (sky130_fd_sc_hd__clkbuf_4)
                                         _169_ (net)
                  0.06    0.00    2.56 v _240_/B1 (sky130_fd_sc_hd__o22a_1)
     1    0.00    0.03    0.18    2.74 v _240_/X (sky130_fd_sc_hd__o22a_1)
                                         _171_ (net)
                  0.03    0.00    2.74 v _244_/A (sky130_fd_sc_hd__or3_1)
     1    0.01    0.08    0.41    3.14 v _244_/X (sky130_fd_sc_hd__or3_1)
                                         _175_ (net)
                  0.08    0.00    3.14 v _245_/A (sky130_fd_sc_hd__buf_1)
     1    0.01    0.08    0.16    3.30 v _245_/X (sky130_fd_sc_hd__buf_1)
                                         net20 (net)
                  0.08    0.00    3.30 v output20/A (sky130_fd_sc_hd__buf_2)
     1    0.03    0.09    0.20    3.51 v output20/X (sky130_fd_sc_hd__buf_2)
                                         out[0] (net)
                  0.09    0.00    3.51 v out[0] (out)
                                  3.51   data arrival time

                  0.00   10.00   10.00   clock __VIRTUAL_CLK__ (rise edge)
                          0.00   10.00   clock network delay (ideal)
                         -0.25    9.75   clock uncertainty
                          0.00    9.75   clock reconvergence pessimism
                         -2.00    7.75   output external delay
                                  7.75   data required time
-----------------------------------------------------------------------------
                                  7.75   data required time
                                 -3.51   data arrival time
-----------------------------------------------------------------------------
                                  4.24   slack (MET)



worst slack corner Typical: 2.7947
