OpenSTA 2.5.0 GITDIR-NOT Copyright (c) 2024, Parallax Software, Inc.
License GPLv3: GNU GPL version 3 <http://gnu.org/licenses/gpl.html>

This is free software, and you are free to change and redistribute it
under certain conditions; type `show_copying' for details. 
This program comes with ABSOLUTELY NO WARRANTY; for details type `show_warranty'.
define_corners Typical
read_liberty -corner Typical /home/pinarizmir/.volare/sky130A/libs.ref/sky130_fd_sc_hd/lib/sky130_fd_sc_hd__tt_025C_1v80.lib
Using 1e-12 for capacitance...
Using 1e+03 for resistance...
Using 1e-09 for time...
Using 1e+00 for voltage...
Using 1e-03 for current...
Using 1e-09 for power...
Using 1e-06 for distance...
Reading netlist '/openlane/designs/project2/runs/RUN_2025.04.21_19.44.13/results/synthesis/project2.v'…
Reading design constraints file at '/openlane/scripts/base.sdc'…
[INFO]: Setting output delay to: 2.0
[INFO]: Setting input delay to: 2.0
Warning: base.sdc line 18, port '__VIRTUAL_CLK__' not found.
[INFO]: Setting load to: 0.033442
[INFO]: Setting clock uncertainty to: 0.25
[INFO]: Setting clock transition to: 0.15
Warning: base.sdc line 52, transition time can not be specified for virtual clocks.
[INFO]: Setting timing derate to: 5.0 %
min_report

===========================================================================
report_checks -path_delay min (Hold)
============================================================================
======================= Typical Corner ===================================

Startpoint: opcode[1] (input port clocked by __VIRTUAL_CLK__)
Endpoint: out[6] (output port clocked by __VIRTUAL_CLK__)
Path Group: __VIRTUAL_CLK__
Path Type: min

Fanout     Cap    Slew   Delay    Time   Description
-----------------------------------------------------------------------------
                  0.00    0.00    0.00   clock __VIRTUAL_CLK__ (rise edge)
                          0.00    0.00   clock network delay (ideal)
                          2.00    2.00 ^ input external delay
    10    0.02    0.11    0.07    2.07 ^ opcode[1] (in)
                                         opcode[1] (net)
                  0.11    0.00    2.07 ^ _398_/B1 (sky130_fd_sc_hd__a311o_2)
     1    0.00    0.04    0.12    2.19 ^ _398_/X (sky130_fd_sc_hd__a311o_2)
                                         _089_ (net)
                  0.04    0.00    2.19 ^ _433_/A2 (sky130_fd_sc_hd__o21ai_2)
     1    0.03    0.14    0.12    2.31 v _433_/Y (sky130_fd_sc_hd__o21ai_2)
                                         out[6] (net)
                  0.14    0.00    2.31 v out[6] (out)
                                  2.31   data arrival time

                  0.00    0.00    0.00   clock __VIRTUAL_CLK__ (rise edge)
                          0.00    0.00   clock network delay (ideal)
                          0.25    0.25   clock uncertainty
                          0.00    0.25   clock reconvergence pessimism
                         -2.00   -1.75   output external delay
                                 -1.75   data required time
-----------------------------------------------------------------------------
                                 -1.75   data required time
                                 -2.31   data arrival time
-----------------------------------------------------------------------------
                                  4.06   slack (MET)


Startpoint: opcode[1] (input port clocked by __VIRTUAL_CLK__)
Endpoint: out[7] (output port clocked by __VIRTUAL_CLK__)
Path Group: __VIRTUAL_CLK__
Path Type: min

Fanout     Cap    Slew   Delay    Time   Description
-----------------------------------------------------------------------------
                  0.00    0.00    0.00   clock __VIRTUAL_CLK__ (rise edge)
                          0.00    0.00   clock network delay (ideal)
                          2.00    2.00 ^ input external delay
    10    0.02    0.11    0.07    2.07 ^ opcode[1] (in)
                                         opcode[1] (net)
                  0.11    0.00    2.07 ^ _256_/B (sky130_fd_sc_hd__nor2_2)
     6    0.02    0.06    0.08    2.15 v _256_/Y (sky130_fd_sc_hd__nor2_2)
                                         _186_ (net)
                  0.06    0.00    2.15 v _475_/A1 (sky130_fd_sc_hd__a21o_2)
     1    0.03    0.10    0.25    2.40 v _475_/X (sky130_fd_sc_hd__a21o_2)
                                         out[7] (net)
                  0.10    0.00    2.40 v out[7] (out)
                                  2.40   data arrival time

                  0.00    0.00    0.00   clock __VIRTUAL_CLK__ (rise edge)
                          0.00    0.00   clock network delay (ideal)
                          0.25    0.25   clock uncertainty
                          0.00    0.25   clock reconvergence pessimism
                         -2.00   -1.75   output external delay
                                 -1.75   data required time
-----------------------------------------------------------------------------
                                 -1.75   data required time
                                 -2.40   data arrival time
-----------------------------------------------------------------------------
                                  4.15   slack (MET)


Startpoint: opcode[0] (input port clocked by __VIRTUAL_CLK__)
Endpoint: out[5] (output port clocked by __VIRTUAL_CLK__)
Path Group: __VIRTUAL_CLK__
Path Type: min

Fanout     Cap    Slew   Delay    Time   Description
-----------------------------------------------------------------------------
                  0.00    0.00    0.00   clock __VIRTUAL_CLK__ (rise edge)
                          0.00    0.00   clock network delay (ideal)
                          2.00    2.00 v input external delay
     8    0.02    0.05    0.03    2.03 v opcode[0] (in)
                                         opcode[0] (net)
                  0.05    0.00    2.03 v _242_/B (sky130_fd_sc_hd__nand3b_2)
     8    0.03    0.17    0.16    2.19 ^ _242_/Y (sky130_fd_sc_hd__nand3b_2)
                                         _173_ (net)
                  0.17    0.00    2.19 ^ _391_/A2 (sky130_fd_sc_hd__o211ai_2)
     1    0.03    0.21    0.21    2.40 v _391_/Y (sky130_fd_sc_hd__o211ai_2)
                                         out[5] (net)
                  0.21    0.00    2.40 v out[5] (out)
                                  2.40   data arrival time

                  0.00    0.00    0.00   clock __VIRTUAL_CLK__ (rise edge)
                          0.00    0.00   clock network delay (ideal)
                          0.25    0.25   clock uncertainty
                          0.00    0.25   clock reconvergence pessimism
                         -2.00   -1.75   output external delay
                                 -1.75   data required time
-----------------------------------------------------------------------------
                                 -1.75   data required time
                                 -2.40   data arrival time
-----------------------------------------------------------------------------
                                  4.15   slack (MET)


Startpoint: opcode[1] (input port clocked by __VIRTUAL_CLK__)
Endpoint: out[4] (output port clocked by __VIRTUAL_CLK__)
Path Group: __VIRTUAL_CLK__
Path Type: min

Fanout     Cap    Slew   Delay    Time   Description
-----------------------------------------------------------------------------
                  0.00    0.00    0.00   clock __VIRTUAL_CLK__ (rise edge)
                          0.00    0.00   clock network delay (ideal)
                          2.00    2.00 ^ input external delay
    10    0.02    0.11    0.07    2.07 ^ opcode[1] (in)
                                         opcode[1] (net)
                  0.11    0.00    2.07 ^ _256_/B (sky130_fd_sc_hd__nor2_2)
     6    0.02    0.06    0.08    2.15 v _256_/Y (sky130_fd_sc_hd__nor2_2)
                                         _186_ (net)
                  0.06    0.00    2.15 v _353_/A1 (sky130_fd_sc_hd__a31o_2)
     1    0.03    0.10    0.27    2.41 v _353_/X (sky130_fd_sc_hd__a31o_2)
                                         out[4] (net)
                  0.10    0.00    2.41 v out[4] (out)
                                  2.41   data arrival time

                  0.00    0.00    0.00   clock __VIRTUAL_CLK__ (rise edge)
                          0.00    0.00   clock network delay (ideal)
                          0.25    0.25   clock uncertainty
                          0.00    0.25   clock reconvergence pessimism
                         -2.00   -1.75   output external delay
                                 -1.75   data required time
-----------------------------------------------------------------------------
                                 -1.75   data required time
                                 -2.41   data arrival time
-----------------------------------------------------------------------------
                                  4.16   slack (MET)


Startpoint: opcode[1] (input port clocked by __VIRTUAL_CLK__)
Endpoint: out[2] (output port clocked by __VIRTUAL_CLK__)
Path Group: __VIRTUAL_CLK__
Path Type: min

Fanout     Cap    Slew   Delay    Time   Description
-----------------------------------------------------------------------------
                  0.00    0.00    0.00   clock __VIRTUAL_CLK__ (rise edge)
                          0.00    0.00   clock network delay (ideal)
                          2.00    2.00 v input external delay
    10    0.02    0.05    0.03    2.03 v opcode[1] (in)
                                         opcode[1] (net)
                  0.05    0.00    2.03 v _266_/B (sky130_fd_sc_hd__and3b_2)
     7    0.02    0.07    0.22    2.25 v _266_/X (sky130_fd_sc_hd__and3b_2)
                                         _196_ (net)
                  0.07    0.00    2.25 v _280_/B1 (sky130_fd_sc_hd__o21ai_2)
     1    0.00    0.05    0.06    2.31 ^ _280_/Y (sky130_fd_sc_hd__o21ai_2)
                                         _209_ (net)
                  0.05    0.00    2.31 ^ _292_/A2 (sky130_fd_sc_hd__o21ai_2)
     1    0.03    0.14    0.12    2.44 v _292_/Y (sky130_fd_sc_hd__o21ai_2)
                                         out[2] (net)
                  0.14    0.00    2.44 v out[2] (out)
                                  2.44   data arrival time

                  0.00    0.00    0.00   clock __VIRTUAL_CLK__ (rise edge)
                          0.00    0.00   clock network delay (ideal)
                          0.25    0.25   clock uncertainty
                          0.00    0.25   clock reconvergence pessimism
                         -2.00   -1.75   output external delay
                                 -1.75   data required time
-----------------------------------------------------------------------------
                                 -1.75   data required time
                                 -2.44   data arrival time
-----------------------------------------------------------------------------
                                  4.19   slack (MET)


Startpoint: opcode[1] (input port clocked by __VIRTUAL_CLK__)
Endpoint: out[1] (output port clocked by __VIRTUAL_CLK__)
Path Group: __VIRTUAL_CLK__
Path Type: min

Fanout     Cap    Slew   Delay    Time   Description
-----------------------------------------------------------------------------
                  0.00    0.00    0.00   clock __VIRTUAL_CLK__ (rise edge)
                          0.00    0.00   clock network delay (ideal)
                          2.00    2.00 ^ input external delay
    10    0.02    0.11    0.07    2.07 ^ opcode[1] (in)
                                         opcode[1] (net)
                  0.11    0.00    2.07 ^ _256_/B (sky130_fd_sc_hd__nor2_2)
     6    0.02    0.06    0.08    2.15 v _256_/Y (sky130_fd_sc_hd__nor2_2)
                                         _186_ (net)
                  0.06    0.00    2.15 v _270_/A2 (sky130_fd_sc_hd__a31o_2)
     1    0.03    0.10    0.30    2.45 v _270_/X (sky130_fd_sc_hd__a31o_2)
                                         out[1] (net)
                  0.10    0.00    2.45 v out[1] (out)
                                  2.45   data arrival time

                  0.00    0.00    0.00   clock __VIRTUAL_CLK__ (rise edge)
                          0.00    0.00   clock network delay (ideal)
                          0.25    0.25   clock uncertainty
                          0.00    0.25   clock reconvergence pessimism
                         -2.00   -1.75   output external delay
                                 -1.75   data required time
-----------------------------------------------------------------------------
                                 -1.75   data required time
                                 -2.45   data arrival time
-----------------------------------------------------------------------------
                                  4.20   slack (MET)


Startpoint: opcode[1] (input port clocked by __VIRTUAL_CLK__)
Endpoint: out[3] (output port clocked by __VIRTUAL_CLK__)
Path Group: __VIRTUAL_CLK__
Path Type: min

Fanout     Cap    Slew   Delay    Time   Description
-----------------------------------------------------------------------------
                  0.00    0.00    0.00   clock __VIRTUAL_CLK__ (rise edge)
                          0.00    0.00   clock network delay (ideal)
                          2.00    2.00 v input external delay
    10    0.02    0.05    0.03    2.03 v opcode[1] (in)
                                         opcode[1] (net)
                  0.05    0.00    2.03 v _266_/B (sky130_fd_sc_hd__and3b_2)
     7    0.02    0.07    0.22    2.25 v _266_/X (sky130_fd_sc_hd__and3b_2)
                                         _196_ (net)
                  0.07    0.00    2.25 v _321_/A1 (sky130_fd_sc_hd__a31o_2)
     1    0.03    0.10    0.27    2.52 v _321_/X (sky130_fd_sc_hd__a31o_2)
                                         out[3] (net)
                  0.10    0.00    2.52 v out[3] (out)
                                  2.52   data arrival time

                  0.00    0.00    0.00   clock __VIRTUAL_CLK__ (rise edge)
                          0.00    0.00   clock network delay (ideal)
                          0.25    0.25   clock uncertainty
                          0.00    0.25   clock reconvergence pessimism
                         -2.00   -1.75   output external delay
                                 -1.75   data required time
-----------------------------------------------------------------------------
                                 -1.75   data required time
                                 -2.52   data arrival time
-----------------------------------------------------------------------------
                                  4.27   slack (MET)


Startpoint: opcode[1] (input port clocked by __VIRTUAL_CLK__)
Endpoint: out[0] (output port clocked by __VIRTUAL_CLK__)
Path Group: __VIRTUAL_CLK__
Path Type: min

Fanout     Cap    Slew   Delay    Time   Description
-----------------------------------------------------------------------------
                  0.00    0.00    0.00   clock __VIRTUAL_CLK__ (rise edge)
                          0.00    0.00   clock network delay (ideal)
                          2.00    2.00 ^ input external delay
    10    0.02    0.11    0.07    2.07 ^ opcode[1] (in)
                                         opcode[1] (net)
                  0.11    0.00    2.07 ^ _241_/B (sky130_fd_sc_hd__and4b_2)
     1    0.00    0.05    0.20    2.27 ^ _241_/X (sky130_fd_sc_hd__and4b_2)
                                         _172_ (net)
                  0.05    0.00    2.27 ^ _244_/B (sky130_fd_sc_hd__or3_2)
     1    0.00    0.03    0.09    2.36 ^ _244_/X (sky130_fd_sc_hd__or3_2)
                                         _175_ (net)
                  0.03    0.00    2.36 ^ _245_/A (sky130_fd_sc_hd__buf_1)
     1    0.03    0.40    0.30    2.66 ^ _245_/X (sky130_fd_sc_hd__buf_1)
                                         out[0] (net)
                  0.40    0.00    2.66 ^ out[0] (out)
                                  2.66   data arrival time

                  0.00    0.00    0.00   clock __VIRTUAL_CLK__ (rise edge)
                          0.00    0.00   clock network delay (ideal)
                          0.25    0.25   clock uncertainty
                          0.00    0.25   clock reconvergence pessimism
                         -2.00   -1.75   output external delay
                                 -1.75   data required time
-----------------------------------------------------------------------------
                                 -1.75   data required time
                                 -2.66   data arrival time
-----------------------------------------------------------------------------
                                  4.41   slack (MET)



worst slack corner Typical: 4.0622
min_report_end
max_report

===========================================================================
report_checks -path_delay max (Setup)
============================================================================
======================= Typical Corner ===================================

Startpoint: A[5] (input port clocked by __VIRTUAL_CLK__)
Endpoint: out[7] (output port clocked by __VIRTUAL_CLK__)
Path Group: __VIRTUAL_CLK__
Path Type: max

Fanout     Cap    Slew   Delay    Time   Description
-----------------------------------------------------------------------------
                  0.00    0.00    0.00   clock __VIRTUAL_CLK__ (rise edge)
                          0.00    0.00   clock network delay (ideal)
                          2.00    2.00 ^ input external delay
     3    0.01    0.04    0.03    2.03 ^ A[5] (in)
                                         A[5] (net)
                  0.04    0.00    2.03 ^ _354_/A (sky130_fd_sc_hd__buf_1)
    10    0.04    0.43    0.36    2.39 ^ _354_/X (sky130_fd_sc_hd__buf_1)
                                         _046_ (net)
                  0.43    0.00    2.39 ^ _402_/C (sky130_fd_sc_hd__nand4_2)
     3    0.01    0.16    0.20    2.59 v _402_/Y (sky130_fd_sc_hd__nand4_2)
                                         _093_ (net)
                  0.16    0.00    2.59 v _404_/B1 (sky130_fd_sc_hd__a22o_2)
     2    0.01    0.05    0.27    2.87 v _404_/X (sky130_fd_sc_hd__a22o_2)
                                         _095_ (net)
                  0.05    0.00    2.87 v _408_/A1 (sky130_fd_sc_hd__a21o_2)
     2    0.01    0.04    0.21    3.07 v _408_/X (sky130_fd_sc_hd__a21o_2)
                                         _099_ (net)
                  0.04    0.00    3.07 v _414_/A2 (sky130_fd_sc_hd__a21o_2)
     2    0.01    0.04    0.23    3.30 v _414_/X (sky130_fd_sc_hd__a21o_2)
                                         _105_ (net)
                  0.04    0.00    3.30 v _418_/A1 (sky130_fd_sc_hd__a21o_2)
     2    0.01    0.04    0.20    3.50 v _418_/X (sky130_fd_sc_hd__a21o_2)
                                         _109_ (net)
                  0.04    0.00    3.50 v _419_/C (sky130_fd_sc_hd__and3_2)
     3    0.01    0.06    0.24    3.74 v _419_/X (sky130_fd_sc_hd__and3_2)
                                         _110_ (net)
                  0.06    0.00    3.74 v _421_/B1 (sky130_fd_sc_hd__a211o_2)
     3    0.01    0.07    0.36    4.10 v _421_/X (sky130_fd_sc_hd__a211o_2)
                                         _112_ (net)
                  0.07    0.00    4.10 v _424_/A1 (sky130_fd_sc_hd__a21bo_2)
     2    0.00    0.04    0.21    4.31 v _424_/X (sky130_fd_sc_hd__a21bo_2)
                                         _115_ (net)
                  0.04    0.00    4.31 v _441_/A2 (sky130_fd_sc_hd__a21o_2)
     2    0.01    0.04    0.22    4.53 v _441_/X (sky130_fd_sc_hd__a21o_2)
                                         _131_ (net)
                  0.04    0.00    4.53 v _470_/A1 (sky130_fd_sc_hd__o21a_2)
     1    0.00    0.03    0.21    4.74 v _470_/X (sky130_fd_sc_hd__o21a_2)
                                         _160_ (net)
                  0.03    0.00    4.74 v _474_/A2 (sky130_fd_sc_hd__a21o_2)
     1    0.00    0.03    0.20    4.95 v _474_/X (sky130_fd_sc_hd__a21o_2)
                                         _164_ (net)
                  0.03    0.00    4.95 v _475_/B1 (sky130_fd_sc_hd__a21o_2)
     1    0.03    0.10    0.27    5.22 v _475_/X (sky130_fd_sc_hd__a21o_2)
                                         out[7] (net)
                  0.10    0.00    5.22 v out[7] (out)
                                  5.22   data arrival time

                  0.00   10.00   10.00   clock __VIRTUAL_CLK__ (rise edge)
                          0.00   10.00   clock network delay (ideal)
                         -0.25    9.75   clock uncertainty
                          0.00    9.75   clock reconvergence pessimism
                         -2.00    7.75   output external delay
                                  7.75   data required time
-----------------------------------------------------------------------------
                                  7.75   data required time
                                 -5.22   data arrival time
-----------------------------------------------------------------------------
                                  2.53   slack (MET)


Startpoint: A[5] (input port clocked by __VIRTUAL_CLK__)
Endpoint: out[6] (output port clocked by __VIRTUAL_CLK__)
Path Group: __VIRTUAL_CLK__
Path Type: max

Fanout     Cap    Slew   Delay    Time   Description
-----------------------------------------------------------------------------
                  0.00    0.00    0.00   clock __VIRTUAL_CLK__ (rise edge)
                          0.00    0.00   clock network delay (ideal)
                          2.00    2.00 ^ input external delay
     3    0.01    0.04    0.03    2.03 ^ A[5] (in)
                                         A[5] (net)
                  0.04    0.00    2.03 ^ _354_/A (sky130_fd_sc_hd__buf_1)
    10    0.04    0.43    0.36    2.39 ^ _354_/X (sky130_fd_sc_hd__buf_1)
                                         _046_ (net)
                  0.43    0.00    2.39 ^ _402_/C (sky130_fd_sc_hd__nand4_2)
     3    0.01    0.16    0.20    2.59 v _402_/Y (sky130_fd_sc_hd__nand4_2)
                                         _093_ (net)
                  0.16    0.00    2.59 v _404_/B1 (sky130_fd_sc_hd__a22o_2)
     2    0.01    0.05    0.27    2.87 v _404_/X (sky130_fd_sc_hd__a22o_2)
                                         _095_ (net)
                  0.05    0.00    2.87 v _408_/A1 (sky130_fd_sc_hd__a21o_2)
     2    0.01    0.04    0.21    3.07 v _408_/X (sky130_fd_sc_hd__a21o_2)
                                         _099_ (net)
                  0.04    0.00    3.07 v _414_/A2 (sky130_fd_sc_hd__a21o_2)
     2    0.01    0.04    0.23    3.30 v _414_/X (sky130_fd_sc_hd__a21o_2)
                                         _105_ (net)
                  0.04    0.00    3.30 v _418_/A1 (sky130_fd_sc_hd__a21o_2)
     2    0.01    0.04    0.20    3.50 v _418_/X (sky130_fd_sc_hd__a21o_2)
                                         _109_ (net)
                  0.04    0.00    3.50 v _419_/C (sky130_fd_sc_hd__and3_2)
     3    0.01    0.06    0.24    3.74 v _419_/X (sky130_fd_sc_hd__and3_2)
                                         _110_ (net)
                  0.06    0.00    3.74 v _421_/B1 (sky130_fd_sc_hd__a211o_2)
     3    0.01    0.07    0.36    4.10 v _421_/X (sky130_fd_sc_hd__a211o_2)
                                         _112_ (net)
                  0.07    0.00    4.10 v _424_/A1 (sky130_fd_sc_hd__a21bo_2)
     2    0.00    0.04    0.21    4.31 v _424_/X (sky130_fd_sc_hd__a21bo_2)
                                         _115_ (net)
                  0.04    0.00    4.31 v _425_/B (sky130_fd_sc_hd__and2b_2)
     2    0.01    0.05    0.21    4.52 v _425_/X (sky130_fd_sc_hd__and2b_2)
                                         _116_ (net)
                  0.05    0.00    4.52 v _427_/A2 (sky130_fd_sc_hd__o21a_2)
     1    0.00    0.04    0.20    4.72 v _427_/X (sky130_fd_sc_hd__o21a_2)
                                         _118_ (net)
                  0.04    0.00    4.72 v _432_/A2 (sky130_fd_sc_hd__a21oi_2)
     1    0.00    0.10    0.14    4.86 ^ _432_/Y (sky130_fd_sc_hd__a21oi_2)
                                         _123_ (net)
                  0.10    0.00    4.86 ^ _433_/B1 (sky130_fd_sc_hd__o21ai_2)
     1    0.03    0.14    0.15    5.01 v _433_/Y (sky130_fd_sc_hd__o21ai_2)
                                         out[6] (net)
                  0.14    0.00    5.01 v out[6] (out)
                                  5.01   data arrival time

                  0.00   10.00   10.00   clock __VIRTUAL_CLK__ (rise edge)
                          0.00   10.00   clock network delay (ideal)
                         -0.25    9.75   clock uncertainty
                          0.00    9.75   clock reconvergence pessimism
                         -2.00    7.75   output external delay
                                  7.75   data required time
-----------------------------------------------------------------------------
                                  7.75   data required time
                                 -5.01   data arrival time
-----------------------------------------------------------------------------
                                  2.74   slack (MET)


Startpoint: A[5] (input port clocked by __VIRTUAL_CLK__)
Endpoint: out[5] (output port clocked by __VIRTUAL_CLK__)
Path Group: __VIRTUAL_CLK__
Path Type: max

Fanout     Cap    Slew   Delay    Time   Description
-----------------------------------------------------------------------------
                  0.00    0.00    0.00   clock __VIRTUAL_CLK__ (rise edge)
                          0.00    0.00   clock network delay (ideal)
                          2.00    2.00 ^ input external delay
     3    0.01    0.04    0.03    2.03 ^ A[5] (in)
                                         A[5] (net)
                  0.04    0.00    2.03 ^ _354_/A (sky130_fd_sc_hd__buf_1)
    10    0.04    0.43    0.36    2.39 ^ _354_/X (sky130_fd_sc_hd__buf_1)
                                         _046_ (net)
                  0.43    0.00    2.39 ^ _360_/D (sky130_fd_sc_hd__nand4_2)
     3    0.01    0.14    0.18    2.57 v _360_/Y (sky130_fd_sc_hd__nand4_2)
                                         _052_ (net)
                  0.14    0.00    2.57 v _363_/A1 (sky130_fd_sc_hd__a21o_2)
     2    0.01    0.04    0.24    2.82 v _363_/X (sky130_fd_sc_hd__a21o_2)
                                         _055_ (net)
                  0.04    0.00    2.82 v _367_/A1 (sky130_fd_sc_hd__a21o_2)
     3    0.01    0.05    0.21    3.03 v _367_/X (sky130_fd_sc_hd__a21o_2)
                                         _059_ (net)
                  0.05    0.00    3.03 v _369_/A2 (sky130_fd_sc_hd__a21o_2)
     2    0.01    0.04    0.23    3.26 v _369_/X (sky130_fd_sc_hd__a21o_2)
                                         _061_ (net)
                  0.04    0.00    3.26 v _372_/A2 (sky130_fd_sc_hd__a21o_2)
     2    0.01    0.04    0.23    3.48 v _372_/X (sky130_fd_sc_hd__a21o_2)
                                         _064_ (net)
                  0.04    0.00    3.48 v _373_/A2 (sky130_fd_sc_hd__a21o_2)
     2    0.01    0.04    0.23    3.71 v _373_/X (sky130_fd_sc_hd__a21o_2)
                                         _065_ (net)
                  0.04    0.00    3.71 v _376_/A1 (sky130_fd_sc_hd__a21o_2)
     2    0.01    0.04    0.20    3.91 v _376_/X (sky130_fd_sc_hd__a21o_2)
                                         _068_ (net)
                  0.04    0.00    3.91 v _378_/D (sky130_fd_sc_hd__and4b_2)
     4    0.01    0.06    0.27    4.18 v _378_/X (sky130_fd_sc_hd__and4b_2)
                                         _070_ (net)
                  0.06    0.00    4.18 v _379_/B (sky130_fd_sc_hd__or3b_2)
     1    0.00    0.08    0.47    4.65 v _379_/X (sky130_fd_sc_hd__or3b_2)
                                         _071_ (net)
                  0.08    0.00    4.65 v _391_/B1 (sky130_fd_sc_hd__o211ai_2)
     1    0.03    0.43    0.20    4.85 ^ _391_/Y (sky130_fd_sc_hd__o211ai_2)
                                         out[5] (net)
                  0.43    0.00    4.85 ^ out[5] (out)
                                  4.85   data arrival time

                  0.00   10.00   10.00   clock __VIRTUAL_CLK__ (rise edge)
                          0.00   10.00   clock network delay (ideal)
                         -0.25    9.75   clock uncertainty
                          0.00    9.75   clock reconvergence pessimism
                         -2.00    7.75   output external delay
                                  7.75   data required time
-----------------------------------------------------------------------------
                                  7.75   data required time
                                 -4.85   data arrival time
-----------------------------------------------------------------------------
                                  2.90   slack (MET)


Startpoint: opcode[0] (input port clocked by __VIRTUAL_CLK__)
Endpoint: out[4] (output port clocked by __VIRTUAL_CLK__)
Path Group: __VIRTUAL_CLK__
Path Type: max

Fanout     Cap    Slew   Delay    Time   Description
-----------------------------------------------------------------------------
                  0.00    0.00    0.00   clock __VIRTUAL_CLK__ (rise edge)
                          0.00    0.00   clock network delay (ideal)
                          2.00    2.00 ^ input external delay
     8    0.02    0.11    0.08    2.08 ^ opcode[0] (in)
                                         opcode[0] (net)
                  0.11    0.00    2.08 ^ _246_/C_N (sky130_fd_sc_hd__or3b_2)
     1    0.00    0.07    0.46    2.54 v _246_/X (sky130_fd_sc_hd__or3b_2)
                                         _176_ (net)
                  0.07    0.00    2.54 v _247_/A (sky130_fd_sc_hd__buf_1)
     8    0.02    0.13    0.19    2.73 v _247_/X (sky130_fd_sc_hd__buf_1)
                                         _177_ (net)
                  0.13    0.00    2.73 v _250_/C (sky130_fd_sc_hd__and3_2)
     2    0.01    0.05    0.27    2.99 v _250_/X (sky130_fd_sc_hd__and3_2)
                                         _180_ (net)
                  0.05    0.00    2.99 v _252_/A2 (sky130_fd_sc_hd__o21a_2)
     3    0.01    0.05    0.21    3.21 v _252_/X (sky130_fd_sc_hd__o21a_2)
                                         _182_ (net)
                  0.05    0.00    3.21 v _284_/B1_N (sky130_fd_sc_hd__o21bai_2)
     2    0.01    0.06    0.20    3.41 v _284_/Y (sky130_fd_sc_hd__o21bai_2)
                                         _213_ (net)
                  0.06    0.00    3.41 v _285_/B (sky130_fd_sc_hd__and2_2)
     3    0.01    0.05    0.22    3.63 v _285_/X (sky130_fd_sc_hd__and2_2)
                                         _214_ (net)
                  0.05    0.00    3.63 v _314_/A2 (sky130_fd_sc_hd__o21a_2)
     3    0.01    0.05    0.23    3.85 v _314_/X (sky130_fd_sc_hd__o21a_2)
                                         _008_ (net)
                  0.05    0.00    3.85 v _329_/B (sky130_fd_sc_hd__or3_2)
     1    0.00    0.07    0.46    4.31 v _329_/X (sky130_fd_sc_hd__or3_2)
                                         _022_ (net)
                  0.07    0.00    4.31 v _353_/A2 (sky130_fd_sc_hd__a31o_2)
     1    0.03    0.11    0.34    4.65 v _353_/X (sky130_fd_sc_hd__a31o_2)
                                         out[4] (net)
                  0.11    0.00    4.65 v out[4] (out)
                                  4.65   data arrival time

                  0.00   10.00   10.00   clock __VIRTUAL_CLK__ (rise edge)
                          0.00   10.00   clock network delay (ideal)
                         -0.25    9.75   clock uncertainty
                          0.00    9.75   clock reconvergence pessimism
                         -2.00    7.75   output external delay
                                  7.75   data required time
-----------------------------------------------------------------------------
                                  7.75   data required time
                                 -4.65   data arrival time
-----------------------------------------------------------------------------
                                  3.10   slack (MET)


Startpoint: opcode[0] (input port clocked by __VIRTUAL_CLK__)
Endpoint: out[3] (output port clocked by __VIRTUAL_CLK__)
Path Group: __VIRTUAL_CLK__
Path Type: max

Fanout     Cap    Slew   Delay    Time   Description
-----------------------------------------------------------------------------
                  0.00    0.00    0.00   clock __VIRTUAL_CLK__ (rise edge)
                          0.00    0.00   clock network delay (ideal)
                          2.00    2.00 ^ input external delay
     8    0.02    0.11    0.08    2.08 ^ opcode[0] (in)
                                         opcode[0] (net)
                  0.11    0.00    2.08 ^ _246_/C_N (sky130_fd_sc_hd__or3b_2)
     1    0.00    0.07    0.46    2.54 v _246_/X (sky130_fd_sc_hd__or3b_2)
                                         _176_ (net)
                  0.07    0.00    2.54 v _247_/A (sky130_fd_sc_hd__buf_1)
     8    0.02    0.13    0.19    2.73 v _247_/X (sky130_fd_sc_hd__buf_1)
                                         _177_ (net)
                  0.13    0.00    2.73 v _250_/C (sky130_fd_sc_hd__and3_2)
     2    0.01    0.05    0.27    2.99 v _250_/X (sky130_fd_sc_hd__and3_2)
                                         _180_ (net)
                  0.05    0.00    2.99 v _252_/A2 (sky130_fd_sc_hd__o21a_2)
     3    0.01    0.05    0.21    3.21 v _252_/X (sky130_fd_sc_hd__o21a_2)
                                         _182_ (net)
                  0.05    0.00    3.21 v _284_/B1_N (sky130_fd_sc_hd__o21bai_2)
     2    0.01    0.06    0.20    3.41 v _284_/Y (sky130_fd_sc_hd__o21bai_2)
                                         _213_ (net)
                  0.06    0.00    3.41 v _285_/B (sky130_fd_sc_hd__and2_2)
     3    0.01    0.05    0.22    3.63 v _285_/X (sky130_fd_sc_hd__and2_2)
                                         _214_ (net)
                  0.05    0.00    3.63 v _315_/A2 (sky130_fd_sc_hd__o31ai_2)
     1    0.00    0.20    0.24    3.87 ^ _315_/Y (sky130_fd_sc_hd__o31ai_2)
                                         _009_ (net)
                  0.20    0.00    3.87 ^ _320_/A2 (sky130_fd_sc_hd__o21ai_2)
     1    0.00    0.04    0.07    3.93 v _320_/Y (sky130_fd_sc_hd__o21ai_2)
                                         _014_ (net)
                  0.04    0.00    3.93 v _321_/B1 (sky130_fd_sc_hd__a31o_2)
     1    0.03    0.11    0.30    4.24 v _321_/X (sky130_fd_sc_hd__a31o_2)
                                         out[3] (net)
                  0.11    0.00    4.24 v out[3] (out)
                                  4.24   data arrival time

                  0.00   10.00   10.00   clock __VIRTUAL_CLK__ (rise edge)
                          0.00   10.00   clock network delay (ideal)
                         -0.25    9.75   clock uncertainty
                          0.00    9.75   clock reconvergence pessimism
                         -2.00    7.75   output external delay
                                  7.75   data required time
-----------------------------------------------------------------------------
                                  7.75   data required time
                                 -4.24   data arrival time
-----------------------------------------------------------------------------
                                  3.51   slack (MET)


Startpoint: opcode[0] (input port clocked by __VIRTUAL_CLK__)
Endpoint: out[2] (output port clocked by __VIRTUAL_CLK__)
Path Group: __VIRTUAL_CLK__
Path Type: max

Fanout     Cap    Slew   Delay    Time   Description
-----------------------------------------------------------------------------
                  0.00    0.00    0.00   clock __VIRTUAL_CLK__ (rise edge)
                          0.00    0.00   clock network delay (ideal)
                          2.00    2.00 ^ input external delay
     8    0.02    0.11    0.08    2.08 ^ opcode[0] (in)
                                         opcode[0] (net)
                  0.11    0.00    2.08 ^ _246_/C_N (sky130_fd_sc_hd__or3b_2)
     1    0.00    0.07    0.46    2.54 v _246_/X (sky130_fd_sc_hd__or3b_2)
                                         _176_ (net)
                  0.07    0.00    2.54 v _247_/A (sky130_fd_sc_hd__buf_1)
     8    0.02    0.13    0.19    2.73 v _247_/X (sky130_fd_sc_hd__buf_1)
                                         _177_ (net)
                  0.13    0.00    2.73 v _250_/C (sky130_fd_sc_hd__and3_2)
     2    0.01    0.05    0.27    2.99 v _250_/X (sky130_fd_sc_hd__and3_2)
                                         _180_ (net)
                  0.05    0.00    2.99 v _252_/A2 (sky130_fd_sc_hd__o21a_2)
     3    0.01    0.05    0.21    3.21 v _252_/X (sky130_fd_sc_hd__o21a_2)
                                         _182_ (net)
                  0.05    0.00    3.21 v _284_/B1_N (sky130_fd_sc_hd__o21bai_2)
     2    0.01    0.06    0.20    3.41 v _284_/Y (sky130_fd_sc_hd__o21bai_2)
                                         _213_ (net)
                  0.06    0.00    3.41 v _285_/B (sky130_fd_sc_hd__and2_2)
     3    0.01    0.05    0.22    3.63 v _285_/X (sky130_fd_sc_hd__and2_2)
                                         _214_ (net)
                  0.05    0.00    3.63 v _291_/A1 (sky130_fd_sc_hd__o211a_2)
     1    0.00    0.05    0.27    3.90 v _291_/X (sky130_fd_sc_hd__o211a_2)
                                         _220_ (net)
                  0.05    0.00    3.90 v _292_/B1 (sky130_fd_sc_hd__o21ai_2)
     1    0.03    0.40    0.17    4.07 ^ _292_/Y (sky130_fd_sc_hd__o21ai_2)
                                         out[2] (net)
                  0.40    0.00    4.07 ^ out[2] (out)
                                  4.07   data arrival time

                  0.00   10.00   10.00   clock __VIRTUAL_CLK__ (rise edge)
                          0.00   10.00   clock network delay (ideal)
                         -0.25    9.75   clock uncertainty
                          0.00    9.75   clock reconvergence pessimism
                         -2.00    7.75   output external delay
                                  7.75   data required time
-----------------------------------------------------------------------------
                                  7.75   data required time
                                 -4.07   data arrival time
-----------------------------------------------------------------------------
                                  3.68   slack (MET)


Startpoint: opcode[0] (input port clocked by __VIRTUAL_CLK__)
Endpoint: out[1] (output port clocked by __VIRTUAL_CLK__)
Path Group: __VIRTUAL_CLK__
Path Type: max

Fanout     Cap    Slew   Delay    Time   Description
-----------------------------------------------------------------------------
                  0.00    0.00    0.00   clock __VIRTUAL_CLK__ (rise edge)
                          0.00    0.00   clock network delay (ideal)
                          2.00    2.00 ^ input external delay
     8    0.02    0.11    0.08    2.08 ^ opcode[0] (in)
                                         opcode[0] (net)
                  0.11    0.00    2.08 ^ _246_/C_N (sky130_fd_sc_hd__or3b_2)
     1    0.00    0.07    0.46    2.54 v _246_/X (sky130_fd_sc_hd__or3b_2)
                                         _176_ (net)
                  0.07    0.00    2.54 v _247_/A (sky130_fd_sc_hd__buf_1)
     8    0.02    0.13    0.19    2.73 v _247_/X (sky130_fd_sc_hd__buf_1)
                                         _177_ (net)
                  0.13    0.00    2.73 v _250_/C (sky130_fd_sc_hd__and3_2)
     2    0.01    0.05    0.27    2.99 v _250_/X (sky130_fd_sc_hd__and3_2)
                                         _180_ (net)
                  0.05    0.00    2.99 v _252_/A2 (sky130_fd_sc_hd__o21a_2)
     3    0.01    0.05    0.21    3.21 v _252_/X (sky130_fd_sc_hd__o21a_2)
                                         _182_ (net)
                  0.05    0.00    3.21 v _255_/A (sky130_fd_sc_hd__or3_2)
     1    0.00    0.07    0.48    3.69 v _255_/X (sky130_fd_sc_hd__or3_2)
                                         _185_ (net)
                  0.07    0.00    3.69 v _270_/A1 (sky130_fd_sc_hd__a31o_2)
     1    0.03    0.11    0.30    3.99 v _270_/X (sky130_fd_sc_hd__a31o_2)
                                         out[1] (net)
                  0.11    0.00    3.99 v out[1] (out)
                                  3.99   data arrival time

                  0.00   10.00   10.00   clock __VIRTUAL_CLK__ (rise edge)
                          0.00   10.00   clock network delay (ideal)
                         -0.25    9.75   clock uncertainty
                          0.00    9.75   clock reconvergence pessimism
                         -2.00    7.75   output external delay
                                  7.75   data required time
-----------------------------------------------------------------------------
                                  7.75   data required time
                                 -3.99   data arrival time
-----------------------------------------------------------------------------
                                  3.76   slack (MET)


Startpoint: B[0] (input port clocked by __VIRTUAL_CLK__)
Endpoint: out[0] (output port clocked by __VIRTUAL_CLK__)
Path Group: __VIRTUAL_CLK__
Path Type: max

Fanout     Cap    Slew   Delay    Time   Description
-----------------------------------------------------------------------------
                  0.00    0.00    0.00   clock __VIRTUAL_CLK__ (rise edge)
                          0.00    0.00   clock network delay (ideal)
                          2.00    2.00 ^ input external delay
     5    0.01    0.05    0.04    2.04 ^ B[0] (in)
                                         B[0] (net)
                  0.05    0.00    2.04 ^ _234_/A (sky130_fd_sc_hd__buf_1)
    10    0.03    0.37    0.33    2.36 ^ _234_/X (sky130_fd_sc_hd__buf_1)
                                         _165_ (net)
                  0.37    0.00    2.36 ^ _235_/A (sky130_fd_sc_hd__buf_1)
    10    0.03    0.36    0.37    2.73 ^ _235_/X (sky130_fd_sc_hd__buf_1)
                                         _166_ (net)
                  0.36    0.00    2.73 ^ _239_/A1 (sky130_fd_sc_hd__a221oi_2)
     1    0.00    0.09    0.12    2.84 v _239_/Y (sky130_fd_sc_hd__a221oi_2)
                                         _170_ (net)
                  0.09    0.00    2.84 v _240_/B2 (sky130_fd_sc_hd__o22a_2)
     1    0.00    0.03    0.19    3.03 v _240_/X (sky130_fd_sc_hd__o22a_2)
                                         _171_ (net)
                  0.03    0.00    3.03 v _244_/A (sky130_fd_sc_hd__or3_2)
     1    0.00    0.07    0.48    3.51 v _244_/X (sky130_fd_sc_hd__or3_2)
                                         _175_ (net)
                  0.07    0.00    3.51 v _245_/A (sky130_fd_sc_hd__buf_1)
     1    0.03    0.19    0.24    3.75 v _245_/X (sky130_fd_sc_hd__buf_1)
                                         out[0] (net)
                  0.19    0.00    3.75 v out[0] (out)
                                  3.75   data arrival time

                  0.00   10.00   10.00   clock __VIRTUAL_CLK__ (rise edge)
                          0.00   10.00   clock network delay (ideal)
                         -0.25    9.75   clock uncertainty
                          0.00    9.75   clock reconvergence pessimism
                         -2.00    7.75   output external delay
                                  7.75   data required time
-----------------------------------------------------------------------------
                                  7.75   data required time
                                 -3.75   data arrival time
-----------------------------------------------------------------------------
                                  4.00   slack (MET)



worst slack corner Typical: 2.5334
max_report_end
checks_report

===========================================================================
report_checks -unconstrained
===========================================================================
======================= Typical Corner ===================================

Startpoint: A[5] (input port clocked by __VIRTUAL_CLK__)
Endpoint: out[7] (output port clocked by __VIRTUAL_CLK__)
Path Group: __VIRTUAL_CLK__
Path Type: max

Fanout     Cap    Slew   Delay    Time   Description
-----------------------------------------------------------------------------
                  0.00    0.00    0.00   clock __VIRTUAL_CLK__ (rise edge)
                          0.00    0.00   clock network delay (ideal)
                          2.00    2.00 ^ input external delay
     3    0.01    0.04    0.03    2.03 ^ A[5] (in)
                                         A[5] (net)
                  0.04    0.00    2.03 ^ _354_/A (sky130_fd_sc_hd__buf_1)
    10    0.04    0.43    0.36    2.39 ^ _354_/X (sky130_fd_sc_hd__buf_1)
                                         _046_ (net)
                  0.43    0.00    2.39 ^ _402_/C (sky130_fd_sc_hd__nand4_2)
     3    0.01    0.16    0.20    2.59 v _402_/Y (sky130_fd_sc_hd__nand4_2)
                                         _093_ (net)
                  0.16    0.00    2.59 v _404_/B1 (sky130_fd_sc_hd__a22o_2)
     2    0.01    0.05    0.27    2.87 v _404_/X (sky130_fd_sc_hd__a22o_2)
                                         _095_ (net)
                  0.05    0.00    2.87 v _408_/A1 (sky130_fd_sc_hd__a21o_2)
     2    0.01    0.04    0.21    3.07 v _408_/X (sky130_fd_sc_hd__a21o_2)
                                         _099_ (net)
                  0.04    0.00    3.07 v _414_/A2 (sky130_fd_sc_hd__a21o_2)
     2    0.01    0.04    0.23    3.30 v _414_/X (sky130_fd_sc_hd__a21o_2)
                                         _105_ (net)
                  0.04    0.00    3.30 v _418_/A1 (sky130_fd_sc_hd__a21o_2)
     2    0.01    0.04    0.20    3.50 v _418_/X (sky130_fd_sc_hd__a21o_2)
                                         _109_ (net)
                  0.04    0.00    3.50 v _419_/C (sky130_fd_sc_hd__and3_2)
     3    0.01    0.06    0.24    3.74 v _419_/X (sky130_fd_sc_hd__and3_2)
                                         _110_ (net)
                  0.06    0.00    3.74 v _421_/B1 (sky130_fd_sc_hd__a211o_2)
     3    0.01    0.07    0.36    4.10 v _421_/X (sky130_fd_sc_hd__a211o_2)
                                         _112_ (net)
                  0.07    0.00    4.10 v _424_/A1 (sky130_fd_sc_hd__a21bo_2)
     2    0.00    0.04    0.21    4.31 v _424_/X (sky130_fd_sc_hd__a21bo_2)
                                         _115_ (net)
                  0.04    0.00    4.31 v _441_/A2 (sky130_fd_sc_hd__a21o_2)
     2    0.01    0.04    0.22    4.53 v _441_/X (sky130_fd_sc_hd__a21o_2)
                                         _131_ (net)
                  0.04    0.00    4.53 v _470_/A1 (sky130_fd_sc_hd__o21a_2)
     1    0.00    0.03    0.21    4.74 v _470_/X (sky130_fd_sc_hd__o21a_2)
                                         _160_ (net)
                  0.03    0.00    4.74 v _474_/A2 (sky130_fd_sc_hd__a21o_2)
     1    0.00    0.03    0.20    4.95 v _474_/X (sky130_fd_sc_hd__a21o_2)
                                         _164_ (net)
                  0.03    0.00    4.95 v _475_/B1 (sky130_fd_sc_hd__a21o_2)
     1    0.03    0.10    0.27    5.22 v _475_/X (sky130_fd_sc_hd__a21o_2)
                                         out[7] (net)
                  0.10    0.00    5.22 v out[7] (out)
                                  5.22   data arrival time

                  0.00   10.00   10.00   clock __VIRTUAL_CLK__ (rise edge)
                          0.00   10.00   clock network delay (ideal)
                         -0.25    9.75   clock uncertainty
                          0.00    9.75   clock reconvergence pessimism
                         -2.00    7.75   output external delay
                                  7.75   data required time
-----------------------------------------------------------------------------
                                  7.75   data required time
                                 -5.22   data arrival time
-----------------------------------------------------------------------------
                                  2.53   slack (MET)




===========================================================================
report_checks --slack_max -0.01
============================================================================
======================= Typical Corner ===================================

No paths found.


===========================================================================
 report_check_types -max_slew -max_cap -max_fanout -violators
============================================================================
======================= Typical Corner ===================================


max slew violations count Typical: 0
max fanout violations count Typical: 0
max cap violations count Typical: 0

===========================================================================
report_parasitic_annotation -report_unannotated
============================================================================
Found 261 unannotated drivers.
 A[0]
 A[1]
 A[2]
 A[3]
 A[4]
 A[5]
 A[6]
 A[7]
 B[0]
 B[1]
 B[2]
 B[3]
 B[4]
 B[5]
 B[6]
 B[7]
 opcode[0]
 opcode[1]
 opcode[2]
 _234_/X
 _235_/X
 _236_/X
 _237_/X
 _238_/X
 _239_/Y
 _240_/X
 _241_/X
 _242_/Y
 _243_/Y
 _244_/X
 _245_/X
 _246_/X
 _247_/X
 _248_/X
 _249_/Y
 _250_/X
 _251_/X
 _252_/X
 _253_/Y
 _254_/X
 _255_/X
 _256_/Y
 _257_/Y
 _258_/X
 _259_/X
 _260_/X
 _261_/Y
 _262_/X
 _263_/Y
 _264_/X
 _265_/X
 _266_/X
 _267_/X
 _268_/X
 _269_/X
 _270_/X
 _271_/X
 _272_/X
 _273_/X
 _274_/X
 _275_/X
 _276_/Y
 _277_/X
 _278_/Y
 _279_/X
 _280_/Y
 _281_/X
 _282_/Y
 _283_/X
 _284_/Y
 _285_/X
 _286_/Y
 _287_/X
 _288_/Y
 _289_/Y
 _290_/X
 _291_/X
 _292_/Y
 _293_/X
 _294_/Y
 _295_/X
 _296_/X
 _297_/Y
 _298_/Y
 _299_/Y
 _300_/Y
 _301_/Y
 _302_/X
 _303_/Y
 _304_/Y
 _305_/X
 _306_/Y
 _307_/X
 _308_/X
 _309_/Y
 _310_/X
 _311_/X
 _312_/Y
 _313_/Y
 _314_/X
 _315_/Y
 _316_/Y
 _317_/X
 _318_/X
 _319_/X
 _320_/Y
 _321_/X
 _322_/X
 _323_/X
 _324_/X
 _325_/Y
 _326_/Y
 _327_/X
 _328_/X
 _329_/X
 _330_/Y
 _331_/X
 _332_/X
 _333_/Y
 _334_/X
 _335_/Y
 _336_/X
 _337_/X
 _338_/Y
 _339_/Y
 _340_/X
 _341_/Y
 _342_/Y
 _343_/Y
 _344_/X
 _345_/Y
 _346_/Y
 _347_/Y
 _348_/Y
 _349_/X
 _350_/Y
 _351_/X
 _352_/X
 _353_/X
 _354_/X
 _355_/Y
 _356_/X
 _357_/Y
 _358_/Y
 _359_/Y
 _360_/Y
 _361_/X
 _362_/X
 _363_/X
 _364_/Y
 _365_/X
 _366_/Y
 _367_/X
 _368_/Y
 _369_/X
 _370_/Y
 _371_/Y
 _372_/X
 _373_/X
 _374_/Y
 _375_/Y
 _376_/X
 _377_/Y
 _378_/X
 _379_/X
 _380_/Y
 _381_/X
 _382_/Y
 _383_/Y
 _384_/X
 _385_/X
 _386_/X
 _387_/Y
 _388_/X
 _389_/X
 _390_/Y
 _391_/Y
 _392_/X
 _393_/X
 _394_/Y
 _395_/X
 _396_/Y
 _397_/Y
 _398_/X
 _399_/X
 _400_/Y
 _401_/Y
 _402_/Y
 _403_/X
 _404_/X
 _405_/Y
 _406_/X
 _407_/Y
 _408_/X
 _409_/Y
 _410_/Y
 _411_/X
 _412_/Y
 _413_/Y
 _414_/X
 _415_/Y
 _416_/X
 _417_/Y
 _418_/X
 _419_/X
 _420_/Y
 _421_/X
 _422_/Y
 _423_/X
 _424_/X
 _425_/X
 _426_/Y
 _427_/X
 _428_/Y
 _429_/Y
 _430_/X
 _431_/X
 _432_/Y
 _433_/Y
 _434_/X
 _435_/Y
 _436_/X
 _437_/Y
 _438_/X
 _439_/Y
 _440_/Y
 _441_/X
 _442_/X
 _443_/Y
 _444_/Y
 _445_/Y
 _446_/Y
 _447_/X
 _448_/Y
 _449_/X
 _450_/Y
 _451_/X
 _452_/X
 _453_/X
 _454_/Y
 _455_/X
 _456_/X
 _457_/Y
 _458_/Y
 _459_/Y
 _460_/Y
 _461_/X
 _462_/Y
 _463_/Y
 _464_/Y
 _465_/Y
 _466_/X
 _467_/Y
 _468_/Y
 _469_/Y
 _470_/X
 _471_/Y
 _472_/X
 _473_/X
 _474_/X
 _475_/X
Found 0 partially unannotated drivers.

===========================================================================
max slew violation count 0
max fanout violation count 0
max cap violation count 0
============================================================================

===========================================================================
check_setup -verbose -unconstrained_endpoints -multiple_clock -no_clock -no_input_delay -loops -generated_clocks
===========================================================================
checks_report_end
power_report

===========================================================================
 report_power
============================================================================
======================= Typical Corner ===================================

Group                  Internal  Switching    Leakage      Total
                          Power      Power      Power      Power (Watts)
----------------------------------------------------------------
Sequential             0.00e+00   0.00e+00   0.00e+00   0.00e+00   0.0%
Combinational          7.20e-05   6.69e-05   9.23e-10   1.39e-04 100.0%
Clock                  0.00e+00   0.00e+00   0.00e+00   0.00e+00   0.0%
Macro                  0.00e+00   0.00e+00   0.00e+00   0.00e+00   0.0%
Pad                    0.00e+00   0.00e+00   0.00e+00   0.00e+00   0.0%
----------------------------------------------------------------
Total                  7.20e-05   6.69e-05   9.23e-10   1.39e-04 100.0%
                          51.8%      48.2%       0.0%

power_report_end
summary_report

===========================================================================
report_tns
============================================================================
tns 0.00

===========================================================================
report_wns
============================================================================
wns 0.00

===========================================================================
report_worst_slack -max (Setup)
============================================================================
worst slack 2.53

===========================================================================
report_worst_slack -min (Hold)
============================================================================
worst slack 4.06
summary_report_end
check_nonpropagated_clocks
__VIRTUAL_CLK__
check_nonpropagated_clocks_end
[WARNING] Did not save OpenROAD database!
Writing SDF to '/openlane/designs/project2/runs/RUN_2025.04.21_19.44.13/results/synthesis/project2.sdf'…
